[0.023s] Invoking command in '/home/student13/debuging/lei_github/nav_test_for_leo/build/rplidar_ros': CMAKE_PREFIX_PATH=${CMAKE_PREFIX_PATH}:/home/student13/debuging/lei_github/nav_test_for_leo/install/robot_control_system:/home/student13/debuging/lei_github/nav_test_for_leo/install/my_robot_bringup:/opt/ros/jazzy DEBUGINFOD_URLS=https://debuginfod.ubuntu.com /usr/bin/cmake --build /home/student13/debuging/lei_github/nav_test_for_leo/build/rplidar_ros -- -j12 -l12
[0.128s] [  5%] Built target rplidar_client
[0.137s] [ 52%] Built target rplidar_composition
[0.139s] [100%] Built target rplidar_node
[0.156s] Invoked command in '/home/student13/debuging/lei_github/nav_test_for_leo/build/rplidar_ros' returned '0': CMAKE_PREFIX_PATH=${CMAKE_PREFIX_PATH}:/home/student13/debuging/lei_github/nav_test_for_leo/install/robot_control_system:/home/student13/debuging/lei_github/nav_test_for_leo/install/my_robot_bringup:/opt/ros/jazzy DEBUGINFOD_URLS=https://debuginfod.ubuntu.com /usr/bin/cmake --build /home/student13/debuging/lei_github/nav_test_for_leo/build/rplidar_ros -- -j12 -l12
[0.171s] Invoking command in '/home/student13/debuging/lei_github/nav_test_for_leo/build/rplidar_ros': CMAKE_PREFIX_PATH=${CMAKE_PREFIX_PATH}:/home/student13/debuging/lei_github/nav_test_for_leo/install/robot_control_system:/home/student13/debuging/lei_github/nav_test_for_leo/install/my_robot_bringup:/opt/ros/jazzy DEBUGINFOD_URLS=https://debuginfod.ubuntu.com /usr/bin/cmake --install /home/student13/debuging/lei_github/nav_test_for_leo/build/rplidar_ros
[0.211s] -- Install configuration: ""
[0.211s] -- Up-to-date: /home/student13/debuging/lei_github/nav_test_for_leo/install/rplidar_ros/share/rplidar_ros/launch
[0.211s] -- Up-to-date: /home/student13/debuging/lei_github/nav_test_for_leo/install/rplidar_ros/share/rplidar_ros/launch/view_rplidar_a3_launch.py
[0.211s] -- Up-to-date: /home/student13/debuging/lei_github/nav_test_for_leo/install/rplidar_ros/share/rplidar_ros/launch/view_rplidar_a2m12_launch.py
[0.211s] -- Up-to-date: /home/student13/debuging/lei_github/nav_test_for_leo/install/rplidar_ros/share/rplidar_ros/launch/rplidar_t1_launch.py
[0.213s] -- Up-to-date: /home/student13/debuging/lei_github/nav_test_for_leo/install/rplidar_ros/share/rplidar_ros/launch/view_rplidar_s1_launch.py
[0.213s] -- Up-to-date: /home/student13/debuging/lei_github/nav_test_for_leo/install/rplidar_ros/share/rplidar_ros/launch/view_rplidar_a2m7_launch.py
[0.214s] -- Up-to-date: /home/student13/debuging/lei_github/nav_test_for_leo/install/rplidar_ros/share/rplidar_ros/launch/rplidar_s1_launch.py
[0.214s] -- Up-to-date: /home/student13/debuging/lei_github/nav_test_for_leo/install/rplidar_ros/share/rplidar_ros/launch/rplidar_s2e_launch.py
[0.214s] -- Up-to-date: /home/student13/debuging/lei_github/nav_test_for_leo/install/rplidar_ros/share/rplidar_ros/launch/view_rplidar_s3_launch.py
[0.214s] -- Up-to-date: /home/student13/debuging/lei_github/nav_test_for_leo/install/rplidar_ros/share/rplidar_ros/launch/view_rplidar_s2_launch.py
[0.214s] -- Up-to-date: /home/student13/debuging/lei_github/nav_test_for_leo/install/rplidar_ros/share/rplidar_ros/launch/rplidar_a3_launch.py
[0.214s] -- Up-to-date: /home/student13/debuging/lei_github/nav_test_for_leo/install/rplidar_ros/share/rplidar_ros/launch/rplidar_a1_launch.py
[0.214s] -- Up-to-date: /home/student13/debuging/lei_github/nav_test_for_leo/install/rplidar_ros/share/rplidar_ros/launch/rplidar_a2m12_launch.py
[0.215s] -- Up-to-date: /home/student13/debuging/lei_github/nav_test_for_leo/install/rplidar_ros/share/rplidar_ros/launch/rplidar_s2_launch.py
[0.215s] -- Up-to-date: /home/student13/debuging/lei_github/nav_test_for_leo/install/rplidar_ros/share/rplidar_ros/launch/rplidar_a2m7_launch.py
[0.215s] -- Up-to-date: /home/student13/debuging/lei_github/nav_test_for_leo/install/rplidar_ros/share/rplidar_ros/launch/view_rplidar_s2e_launch.py
[0.215s] -- Up-to-date: /home/student13/debuging/lei_github/nav_test_for_leo/install/rplidar_ros/share/rplidar_ros/launch/rplidar_s3_launch.py
[0.215s] -- Up-to-date: /home/student13/debuging/lei_github/nav_test_for_leo/install/rplidar_ros/share/rplidar_ros/launch/rplidar_a2m8_launch.py
[0.215s] -- Up-to-date: /home/student13/debuging/lei_github/nav_test_for_leo/install/rplidar_ros/share/rplidar_ros/launch/view_rplidar_s1_tcp_launch.py
[0.218s] -- Up-to-date: /home/student13/debuging/lei_github/nav_test_for_leo/install/rplidar_ros/share/rplidar_ros/launch/view_rplidar_t1_launch.py
[0.218s] -- Up-to-date: /home/student13/debuging/lei_github/nav_test_for_leo/install/rplidar_ros/share/rplidar_ros/launch/view_rplidar_a2m8_launch.py
[0.218s] -- Up-to-date: /home/student13/debuging/lei_github/nav_test_for_leo/install/rplidar_ros/share/rplidar_ros/launch/view_rplidar_a1_launch.py
[0.218s] -- Up-to-date: /home/student13/debuging/lei_github/nav_test_for_leo/install/rplidar_ros/share/rplidar_ros/launch/rplidar_s1_tcp_launch.py
[0.218s] -- Up-to-date: /home/student13/debuging/lei_github/nav_test_for_leo/install/rplidar_ros/share/rplidar_ros/launch/rplidar_c1_launch.py
[0.219s] -- Up-to-date: /home/student13/debuging/lei_github/nav_test_for_leo/install/rplidar_ros/share/rplidar_ros/launch/view_rplidar_c1_launch.py
[0.219s] -- Up-to-date: /home/student13/debuging/lei_github/nav_test_for_leo/install/rplidar_ros/share/rplidar_ros/rviz
[0.219s] -- Up-to-date: /home/student13/debuging/lei_github/nav_test_for_leo/install/rplidar_ros/share/rplidar_ros/rviz/rplidar_ros.rviz
[0.219s] -- Up-to-date: /home/student13/debuging/lei_github/nav_test_for_leo/install/rplidar_ros/lib/rplidar_ros/rplidar_node
[0.219s] -- Up-to-date: /home/student13/debuging/lei_github/nav_test_for_leo/install/rplidar_ros/lib/rplidar_ros/rplidar_composition
[0.220s] -- Up-to-date: /home/student13/debuging/lei_github/nav_test_for_leo/install/rplidar_ros/lib/rplidar_ros/rplidar_client
[0.220s] -- Up-to-date: /home/student13/debuging/lei_github/nav_test_for_leo/install/rplidar_ros/share/ament_index/resource_index/package_run_dependencies/rplidar_ros
[0.220s] -- Up-to-date: /home/student13/debuging/lei_github/nav_test_for_leo/install/rplidar_ros/share/ament_index/resource_index/parent_prefix_path/rplidar_ros
[0.220s] -- Up-to-date: /home/student13/debuging/lei_github/nav_test_for_leo/install/rplidar_ros/share/rplidar_ros/environment/ament_prefix_path.sh
[0.223s] -- Up-to-date: /home/student13/debuging/lei_github/nav_test_for_leo/install/rplidar_ros/share/rplidar_ros/environment/ament_prefix_path.dsv
[0.223s] -- Up-to-date: /home/student13/debuging/lei_github/nav_test_for_leo/install/rplidar_ros/share/rplidar_ros/environment/path.sh
[0.224s] -- Up-to-date: /home/student13/debuging/lei_github/nav_test_for_leo/install/rplidar_ros/share/rplidar_ros/environment/path.dsv
[0.224s] -- Up-to-date: /home/student13/debuging/lei_github/nav_test_for_leo/install/rplidar_ros/share/rplidar_ros/local_setup.bash
[0.224s] -- Up-to-date: /home/student13/debuging/lei_github/nav_test_for_leo/install/rplidar_ros/share/rplidar_ros/local_setup.sh
[0.224s] -- Up-to-date: /home/student13/debuging/lei_github/nav_test_for_leo/install/rplidar_ros/share/rplidar_ros/local_setup.zsh
[0.224s] -- Up-to-date: /home/student13/debuging/lei_github/nav_test_for_leo/install/rplidar_ros/share/rplidar_ros/local_setup.dsv
[0.224s] -- Installing: /home/student13/debuging/lei_github/nav_test_for_leo/install/rplidar_ros/share/rplidar_ros/package.dsv
[0.224s] -- Up-to-date: /home/student13/debuging/lei_github/nav_test_for_leo/install/rplidar_ros/share/ament_index/resource_index/packages/rplidar_ros
[0.225s] -- Up-to-date: /home/student13/debuging/lei_github/nav_test_for_leo/install/rplidar_ros/share/rplidar_ros/cmake/ament_cmake_export_dependencies-extras.cmake
[0.225s] -- Up-to-date: /home/student13/debuging/lei_github/nav_test_for_leo/install/rplidar_ros/share/rplidar_ros/cmake/ament_cmake_export_include_directories-extras.cmake
[0.225s] -- Up-to-date: /home/student13/debuging/lei_github/nav_test_for_leo/install/rplidar_ros/share/rplidar_ros/cmake/rplidar_rosConfig.cmake
[0.228s] -- Up-to-date: /home/student13/debuging/lei_github/nav_test_for_leo/install/rplidar_ros/share/rplidar_ros/cmake/rplidar_rosConfig-version.cmake
[0.229s] -- Up-to-date: /home/student13/debuging/lei_github/nav_test_for_leo/install/rplidar_ros/share/rplidar_ros/package.xml
[0.230s] Invoked command in '/home/student13/debuging/lei_github/nav_test_for_leo/build/rplidar_ros' returned '0': CMAKE_PREFIX_PATH=${CMAKE_PREFIX_PATH}:/home/student13/debuging/lei_github/nav_test_for_leo/install/robot_control_system:/home/student13/debuging/lei_github/nav_test_for_leo/install/my_robot_bringup:/opt/ros/jazzy DEBUGINFOD_URLS=https://debuginfod.ubuntu.com /usr/bin/cmake --install /home/student13/debuging/lei_github/nav_test_for_leo/build/rplidar_ros
