running egg_info
writing ../../build/robot_control_system/robot_control_system.egg-info/PKG-INFO
writing dependency_links to ../../build/robot_control_system/robot_control_system.egg-info/dependency_links.txt
writing entry points to ../../build/robot_control_system/robot_control_system.egg-info/entry_points.txt
writing requirements to ../../build/robot_control_system/robot_control_system.egg-info/requires.txt
writing top-level names to ../../build/robot_control_system/robot_control_system.egg-info/top_level.txt
reading manifest file '../../build/robot_control_system/robot_control_system.egg-info/SOURCES.txt'
writing manifest file '../../build/robot_control_system/robot_control_system.egg-info/SOURCES.txt'
running build
running build_py
running install
running install_lib
running install_data
running install_egg_info
removing '/home/student13/debuging/lei_github/nav_test_for_leo/install/robot_control_system/lib/python3.12/site-packages/robot_control_system-0.0.1-py3.12.egg-info' (and everything under it)
Copying ../../build/robot_control_system/robot_control_system.egg-info to /home/student13/debuging/lei_github/nav_test_for_leo/install/robot_control_system/lib/python3.12/site-packages/robot_control_system-0.0.1-py3.12.egg-info
running install_scripts
Installing camera_node script to /home/student13/debuging/lei_github/nav_test_for_leo/install/robot_control_system/lib/robot_control_system
Installing four_wheel_filter script to /home/student13/debuging/lei_github/nav_test_for_leo/install/robot_control_system/lib/robot_control_system
Installing manipulator_node script to /home/student13/debuging/lei_github/nav_test_for_leo/install/robot_control_system/lib/robot_control_system
Installing nav_node script to /home/student13/debuging/lei_github/nav_test_for_leo/install/robot_control_system/lib/robot_control_system
Installing robot_fsm script to /home/student13/debuging/lei_github/nav_test_for_leo/install/robot_control_system/lib/robot_control_system
writing list of installed files to '/home/student13/debuging/lei_github/nav_test_for_leo/build/robot_control_system/install.log'
