[0.969s] Invoking command in '/home/student13/debuging/lei_github/nav_test_for_leo/src/my_robot_bringup': DEBUGINFOD_URLS=https://debuginfod.ubuntu.com PYTHONPATH=/home/student13/debuging/lei_github/nav_test_for_leo/build/my_robot_bringup/prefix_override:/usr/lib/python3/dist-packages/colcon_core/task/python/colcon_distutils_commands:/home/student13/debuging/lei_github/nav_test_for_leo/install/my_robot_bringup/lib/python3.12/site-packages:${PYTHONPATH} /usr/bin/python3 -W ignore:setup.py install is deprecated -W ignore:easy_install command is deprecated setup.py egg_info --egg-base ../../build/my_robot_bringup build --build-base /home/student13/debuging/lei_github/nav_test_for_leo/build/my_robot_bringup/build install --record /home/student13/debuging/lei_github/nav_test_for_leo/build/my_robot_bringup/install.log --single-version-externally-managed install_data
[1.261s] running egg_info
[1.277s] writing ../../build/my_robot_bringup/my_robot_bringup.egg-info/PKG-INFO
[1.277s] writing dependency_links to ../../build/my_robot_bringup/my_robot_bringup.egg-info/dependency_links.txt
[1.277s] writing entry points to ../../build/my_robot_bringup/my_robot_bringup.egg-info/entry_points.txt
[1.277s] writing requirements to ../../build/my_robot_bringup/my_robot_bringup.egg-info/requires.txt
[1.277s] writing top-level names to ../../build/my_robot_bringup/my_robot_bringup.egg-info/top_level.txt
[1.311s] reading manifest file '../../build/my_robot_bringup/my_robot_bringup.egg-info/SOURCES.txt'
[1.312s] writing manifest file '../../build/my_robot_bringup/my_robot_bringup.egg-info/SOURCES.txt'
[1.312s] running build
[1.312s] running build_py
[1.312s] copying my_robot_bringup/reset_odometry.py -> /home/student13/debuging/lei_github/nav_test_for_leo/build/my_robot_bringup/build/lib/my_robot_bringup
[1.313s] running install
[1.317s] running install_lib
[1.343s] copying /home/student13/debuging/lei_github/nav_test_for_leo/build/my_robot_bringup/build/lib/my_robot_bringup/reset_odometry.py -> /home/student13/debuging/lei_github/nav_test_for_leo/install/my_robot_bringup/lib/python3.12/site-packages/my_robot_bringup
[1.344s] byte-compiling /home/student13/debuging/lei_github/nav_test_for_leo/install/my_robot_bringup/lib/python3.12/site-packages/my_robot_bringup/reset_odometry.py to reset_odometry.cpython-312.pyc
[1.346s] running install_data
[1.346s] running install_egg_info
[1.381s] removing '/home/student13/debuging/lei_github/nav_test_for_leo/install/my_robot_bringup/lib/python3.12/site-packages/my_robot_bringup-0.0.0-py3.12.egg-info' (and everything under it)
[1.381s] Copying ../../build/my_robot_bringup/my_robot_bringup.egg-info to /home/student13/debuging/lei_github/nav_test_for_leo/install/my_robot_bringup/lib/python3.12/site-packages/my_robot_bringup-0.0.0-py3.12.egg-info
[1.382s] running install_scripts
[1.495s] Installing four_wheel_filter script to /home/student13/debuging/lei_github/nav_test_for_leo/install/my_robot_bringup/lib/my_robot_bringup
[1.495s] Installing reset_odometry script to /home/student13/debuging/lei_github/nav_test_for_leo/install/my_robot_bringup/lib/my_robot_bringup
[1.495s] writing list of installed files to '/home/student13/debuging/lei_github/nav_test_for_leo/build/my_robot_bringup/install.log'
[1.527s] Invoked command in '/home/student13/debuging/lei_github/nav_test_for_leo/src/my_robot_bringup' returned '0': DEBUGINFOD_URLS=https://debuginfod.ubuntu.com PYTHONPATH=/home/student13/debuging/lei_github/nav_test_for_leo/build/my_robot_bringup/prefix_override:/usr/lib/python3/dist-packages/colcon_core/task/python/colcon_distutils_commands:/home/student13/debuging/lei_github/nav_test_for_leo/install/my_robot_bringup/lib/python3.12/site-packages:${PYTHONPATH} /usr/bin/python3 -W ignore:setup.py install is deprecated -W ignore:easy_install command is deprecated setup.py egg_info --egg-base ../../build/my_robot_bringup build --build-base /home/student13/debuging/lei_github/nav_test_for_leo/build/my_robot_bringup/build install --record /home/student13/debuging/lei_github/nav_test_for_leo/build/my_robot_bringup/install.log --single-version-externally-managed install_data
