--2026-03-25 16:24:10--  https://raw.githubusercontent.com/hrnr/m-explore-extra/master/map_merge/hector_maps/map00.pgm
Resolving raw.githubusercontent.com (raw.githubusercontent.com)... 185.199.110.133, 185.199.109.133, 185.199.111.133, ...
Connecting to raw.githubusercontent.com (raw.githubusercontent.com)|185.199.110.133|:443... connected.
HTTP request sent, awaiting response... 200 OK
Length: 4194362 (4.0M) [application/octet-stream]
Saving to: ‘/home/student13/debuging/lei_github/nav_test_for_leo/build/multirobot_map_merge/map00.pgm’

     0K .......... .......... .......... .......... ..........  1% 2.40M 2s
    50K .......... .......... .......... .......... ..........  2% 5.45M 1s
   100K .......... .......... .......... .......... ..........  3% 4.21M 1s
   150K .......... .......... .......... .......... ..........  4% 11.1M 1s
   200K .......... .......... .......... .......... ..........  6% 3.95M 1s
   250K .......... .......... .......... .......... ..........  7% 5.44M 1s
   300K .......... .......... .......... .......... ..........  8% 5.16M 1s
   350K .......... .......... .......... .......... ..........  9% 9.10M 1s
   400K .......... .......... .......... .......... .......... 10% 8.70M 1s
   450K .......... .......... .......... .......... .......... 12% 4.32M 1s
   500K .......... .......... .......... .......... .......... 13% 7.20M 1s
   550K .......... .......... .......... .......... .......... 14% 10.5M 1s
   600K .......... .......... .......... .......... .......... 15% 9.94M 1s
   650K .......... .......... .......... .......... .......... 17% 10.0M 1s
   700K .......... .......... .......... .......... .......... 18% 11.4M 1s
   750K .......... .......... .......... .......... .......... 19% 10.1M 1s
   800K .......... .......... .......... .......... .......... 20% 7.77M 1s
   850K .......... .......... .......... .......... .......... 21% 13.0M 0s
   900K .......... .......... .......... .......... .......... 23% 8.47M 0s
   950K .......... .......... .......... .......... .......... 24% 11.4M 0s
  1000K .......... .......... .......... .......... .......... 25% 8.94M 0s
  1050K .......... .......... .......... .......... .......... 26% 15.1M 0s
  1100K .......... .......... .......... .......... .......... 28% 9.97M 0s
  1150K .......... .......... .......... .......... .......... 29% 13.7M 0s
  1200K .......... .......... .......... .......... .......... 30% 8.39M 0s
  1250K .......... .......... .......... .......... .......... 31% 9.64M 0s
  1300K .......... .......... .......... .......... .......... 32% 11.3M 0s
  1350K .......... .......... .......... .......... .......... 34% 9.11M 0s
  1400K .......... .......... .......... .......... .......... 35% 10.5M 0s
  1450K .......... .......... .......... .......... .......... 36% 6.37M 0s
  1500K .......... .......... .......... .......... .......... 37% 12.5M 0s
  1550K .......... .......... .......... .......... .......... 39% 8.97M 0s
  1600K .......... .......... .......... .......... .......... 40% 9.33M 0s
  1650K .......... .......... .......... .......... .......... 41% 13.1M 0s
  1700K .......... .......... .......... .......... .......... 42% 9.16M 0s
  1750K .......... .......... .......... .......... .......... 43% 15.8M 0s
  1800K .......... .......... .......... .......... .......... 45% 9.03M 0s
  1850K .......... .......... .......... .......... .......... 46% 12.9M 0s
  1900K .......... .......... .......... .......... .......... 47% 9.85M 0s
  1950K .......... .......... .......... .......... .......... 48% 7.83M 0s
  2000K .......... .......... .......... .......... .......... 50% 14.1M 0s
  2050K .......... .......... .......... .......... .......... 51% 11.5M 0s
  2100K .......... .......... .......... .......... .......... 52% 3.04M 0s
  2150K .......... .......... .......... .......... .......... 53% 11.2M 0s
  2200K .......... .......... .......... .......... .......... 54% 8.56M 0s
  2250K .......... .......... .......... .......... .......... 56% 11.4M 0s
  2300K .......... .......... .......... .......... .......... 57% 8.96M 0s
  2350K .......... .......... .......... .......... .......... 58% 8.64M 0s
  2400K .......... .......... .......... .......... .......... 59% 13.1M 0s
  2450K .......... .......... .......... .......... .......... 61% 12.6M 0s
  2500K .......... .......... .......... .......... .......... 62% 9.79M 0s
  2550K .......... .......... .......... .......... .......... 63% 12.9M 0s
  2600K .......... .......... .......... .......... .......... 64% 8.73M 0s
  2650K .......... .......... .......... .......... .......... 65% 12.6M 0s
  2700K .......... .......... .......... .......... .......... 67% 8.64M 0s
  2750K .......... .......... .......... .......... .......... 68% 9.44M 0s
  2800K .......... .......... .......... .......... .......... 69% 14.0M 0s
  2850K .......... .......... .......... .......... .......... 70% 6.20M 0s
  2900K .......... .......... .......... .......... .......... 72% 9.25M 0s
  2950K .......... .......... .......... .......... .......... 73% 13.2M 0s
  3000K .......... .......... .......... .......... .......... 74% 11.2M 0s
  3050K .......... .......... .......... .......... .......... 75% 7.09M 0s
  3100K .......... .......... .......... .......... .......... 76% 8.17M 0s
  3150K .......... .......... .......... .......... .......... 78% 7.82M 0s
  3200K .......... .......... .......... .......... .......... 79% 12.4M 0s
  3250K .......... .......... .......... .......... .......... 80% 9.52M 0s
  3300K .......... .......... .......... .......... .......... 81% 13.6M 0s
  3350K .......... .......... .......... .......... .......... 83% 8.90M 0s
  3400K .......... .......... .......... .......... .......... 84% 12.2M 0s
  3450K .......... .......... .......... .......... .......... 85% 12.8M 0s
  3500K .......... .......... .......... .......... .......... 86% 8.37M 0s
  3550K .......... .......... .......... .......... .......... 87% 9.34M 0s
  3600K .......... .......... .......... .......... .......... 89% 12.0M 0s
  3650K .......... .......... .......... .......... .......... 90% 9.72M 0s
  3700K .......... .......... .......... .......... .......... 91% 3.89M 0s
  3750K .......... .......... .......... .......... .......... 92% 12.6M 0s
  3800K .......... .......... .......... .......... .......... 93% 9.03M 0s
  3850K .......... .......... .......... .......... .......... 95% 8.76M 0s
  3900K .......... .......... .......... .......... .......... 96% 9.34M 0s
  3950K .......... .......... .......... .......... .......... 97% 9.78M 0s
  4000K .......... .......... .......... .......... .......... 98% 12.3M 0s
  4050K .......... .......... .......... .......... ......    100% 14.8M=0.5s

2026-03-25 16:24:10 (8.58 MB/s) - ‘/home/student13/debuging/lei_github/nav_test_for_leo/build/multirobot_map_merge/map00.pgm’ saved [4194362/4194362]

--2026-03-25 16:24:10--  https://raw.githubusercontent.com/hrnr/m-explore-extra/master/map_merge/hector_maps/map05.pgm
Resolving raw.githubusercontent.com (raw.githubusercontent.com)... 185.199.109.133, 185.199.111.133, 185.199.110.133, ...
Connecting to raw.githubusercontent.com (raw.githubusercontent.com)|185.199.109.133|:443... connected.
HTTP request sent, awaiting response... 200 OK
Length: 4194362 (4.0M) [application/octet-stream]
Saving to: ‘/home/student13/debuging/lei_github/nav_test_for_leo/build/multirobot_map_merge/map05.pgm’

     0K .......... .......... .......... .......... ..........  1% 2.90M 1s
    50K .......... .......... .......... .......... ..........  2% 8.22M 1s
   100K .......... .......... .......... .......... ..........  3% 3.75M 1s
   150K .......... .......... .......... .......... ..........  4% 8.73M 1s
   200K .......... .......... .......... .......... ..........  6% 4.50M 1s
   250K .......... .......... .......... .......... ..........  7% 9.04M 1s
   300K .......... .......... .......... .......... ..........  8% 13.4M 1s
   350K .......... .......... .......... .......... ..........  9% 4.55M 1s
   400K .......... .......... .......... .......... .......... 10% 11.3M 1s
   450K .......... .......... .......... .......... .......... 12% 12.3M 1s
   500K .......... .......... .......... .......... .......... 13% 9.47M 1s
   550K .......... .......... .......... .......... .......... 14% 6.35M 1s
   600K .......... .......... .......... .......... .......... 15% 9.08M 1s
   650K .......... .......... .......... .......... .......... 17% 10.1M 1s
   700K .......... .......... .......... .......... .......... 18% 12.6M 0s
   750K .......... .......... .......... .......... .......... 19% 13.8M 0s
   800K .......... .......... .......... .......... .......... 20% 8.88M 0s
   850K .......... .......... .......... .......... .......... 21% 11.9M 0s
   900K .......... .......... .......... .......... .......... 23% 9.84M 0s
   950K .......... .......... .......... .......... .......... 24% 12.0M 0s
  1000K .......... .......... .......... .......... .......... 25% 9.19M 0s
  1050K .......... .......... .......... .......... .......... 26% 8.67M 0s
  1100K .......... .......... .......... .......... .......... 28% 14.2M 0s
  1150K .......... .......... .......... .......... .......... 29% 14.2M 0s
  1200K .......... .......... .......... .......... .......... 30% 9.29M 0s
  1250K .......... .......... .......... .......... .......... 31% 13.1M 0s
  1300K .......... .......... .......... .......... .......... 32% 10.4M 0s
  1350K .......... .......... .......... .......... .......... 34% 6.67M 0s
  1400K .......... .......... .......... .......... .......... 35% 4.19M 0s
  1450K .......... .......... .......... .......... .......... 36% 11.7M 0s
  1500K .......... .......... .......... .......... .......... 37% 9.90M 0s
  1550K .......... .......... .......... .......... .......... 39% 8.74M 0s
  1600K .......... .......... .......... .......... .......... 40% 16.1M 0s
  1650K .......... .......... .......... .......... .......... 41% 7.27M 0s
  1700K .......... .......... .......... .......... .......... 42% 26.4M 0s
  1750K .......... .......... .......... .......... .......... 43% 6.67M 0s
  1800K .......... .......... .......... .......... .......... 45% 7.55M 0s
  1850K .......... .......... .......... .......... .......... 46% 13.3M 0s
  1900K .......... .......... .......... .......... .......... 47% 11.6M 0s
  1950K .......... .......... .......... .......... .......... 48% 13.0M 0s
  2000K .......... .......... .......... .......... .......... 50% 9.68M 0s
  2050K .......... .......... .......... .......... .......... 51% 12.7M 0s
  2100K .......... .......... .......... .......... .......... 52% 12.4M 0s
  2150K .......... .......... .......... .......... .......... 53% 8.17M 0s
  2200K .......... .......... .......... .......... .......... 54% 11.2M 0s
  2250K .......... .......... .......... .......... .......... 56% 4.40M 0s
  2300K .......... .......... .......... .......... .......... 57% 9.93M 0s
  2350K .......... .......... .......... .......... .......... 58% 6.71M 0s
  2400K .......... .......... .......... .......... .......... 59% 12.4M 0s
  2450K .......... .......... .......... .......... .......... 61% 3.19M 0s
  2500K .......... .......... .......... .......... .......... 62%  306M 0s
  2550K .......... .......... .......... .......... .......... 63% 29.7M 0s
  2600K .......... .......... .......... .......... .......... 64% 10.4M 0s
  2650K .......... .......... .......... .......... .......... 65% 9.71M 0s
  2700K .......... .......... .......... .......... .......... 67% 25.3M 0s
  2750K .......... .......... .......... .......... .......... 68% 9.23M 0s
  2800K .......... .......... .......... .......... .......... 69% 13.2M 0s
  2850K .......... .......... .......... .......... .......... 70% 13.2M 0s
  2900K .......... .......... .......... .......... .......... 72% 8.78M 0s
  2950K .......... .......... .......... .......... .......... 73% 9.74M 0s
  3000K .......... .......... .......... .......... .......... 74% 12.9M 0s
  3050K .......... .......... .......... .......... .......... 75% 9.15M 0s
  3100K .......... .......... .......... .......... .......... 76% 12.2M 0s
  3150K .......... .......... .......... .......... .......... 78% 9.24M 0s
  3200K .......... .......... .......... .......... .......... 79% 13.7M 0s
  3250K .......... .......... .......... .......... .......... 80% 3.05M 0s
  3300K .......... .......... .......... .......... .......... 81% 7.14M 0s
  3350K .......... .......... .......... .......... .......... 83% 12.4M 0s
  3400K .......... .......... .......... .......... .......... 84% 6.52M 0s
  3450K .......... .......... .......... .......... .......... 85% 27.3M 0s
  3500K .......... .......... .......... .......... .......... 86% 8.88M 0s
  3550K .......... .......... .......... .......... .......... 87% 15.3M 0s
  3600K .......... .......... .......... .......... .......... 89% 13.5M 0s
  3650K .......... .......... .......... .......... .......... 90% 9.45M 0s
  3700K .......... .......... .......... .......... .......... 91% 8.88M 0s
  3750K .......... .......... .......... .......... .......... 92% 10.4M 0s
  3800K .......... .......... .......... .......... .......... 93% 9.18M 0s
  3850K .......... .......... .......... .......... .......... 95% 13.2M 0s
  3900K .......... .......... .......... .......... .......... 96% 9.76M 0s
  3950K .......... .......... .......... .......... .......... 97% 16.4M 0s
  4000K .......... .......... .......... .......... .......... 98% 9.10M 0s
  4050K .......... .......... .......... .......... ......    100% 17.0M=0.4s

2026-03-25 16:24:11 (8.99 MB/s) - ‘/home/student13/debuging/lei_github/nav_test_for_leo/build/multirobot_map_merge/map05.pgm’ saved [4194362/4194362]

--2026-03-25 16:24:11--  https://raw.githubusercontent.com/hrnr/m-explore-extra/master/map_merge/gmapping_maps/2011-08-09-12-22-52.pgm
Resolving raw.githubusercontent.com (raw.githubusercontent.com)... 185.199.109.133, 185.199.111.133, 185.199.110.133, ...
Connecting to raw.githubusercontent.com (raw.githubusercontent.com)|185.199.109.133|:443... connected.
HTTP request sent, awaiting response... 200 OK
Length: 16000058 (15M) [application/octet-stream]
Saving to: ‘/home/student13/debuging/lei_github/nav_test_for_leo/build/multirobot_map_merge/2011-08-09-12-22-52.pgm’

     0K .......... .......... .......... .......... ..........  0% 2.82M 5s
    50K .......... .......... .......... .......... ..........  0% 7.91M 4s
   100K .......... .......... .......... .......... ..........  0% 4.00M 4s
   150K .......... .......... .......... .......... ..........  1% 11.9M 3s
   200K .......... .......... .......... .......... ..........  1% 4.00M 3s
   250K .......... .......... .......... .......... ..........  1% 7.45M 3s
   300K .......... .......... .......... .......... ..........  2% 7.93M 3s
   350K .......... .......... .......... .......... ..........  2% 8.12M 3s
   400K .......... .......... .......... .......... ..........  2% 8.19M 3s
   450K .......... .......... .......... .......... ..........  3% 5.96M 3s
   500K .......... .......... .......... .......... ..........  3% 12.4M 2s
   550K .......... .......... .......... .......... ..........  3% 8.97M 2s
   600K .......... .......... .......... .......... ..........  4% 13.8M 2s
   650K .......... .......... .......... .......... ..........  4% 12.2M 2s
   700K .......... .......... .......... .......... ..........  4% 9.60M 2s
   750K .......... .......... .......... .......... ..........  5% 8.00M 2s
   800K .......... .......... .......... .......... ..........  5% 5.95M 2s
   850K .......... .......... .......... .......... ..........  5% 29.5M 2s
   900K .......... .......... .......... .......... ..........  6% 13.4M 2s
   950K .......... .......... .......... .......... ..........  6% 14.8M 2s
  1000K .......... .......... .......... .......... ..........  6% 9.23M 2s
  1050K .......... .......... .......... .......... ..........  7% 13.7M 2s
  1100K .......... .......... .......... .......... ..........  7% 11.0M 2s
  1150K .......... .......... .......... .......... ..........  7% 8.21M 2s
  1200K .......... .......... .......... .......... ..........  7% 9.32M 2s
  1250K .......... .......... .......... .......... ..........  8% 14.3M 2s
  1300K .......... .......... .......... .......... ..........  8% 12.0M 2s
  1350K .......... .......... .......... .......... ..........  8% 8.59M 2s
  1400K .......... .......... .......... .......... ..........  9% 13.0M 2s
  1450K .......... .......... .......... .......... ..........  9% 12.6M 2s
  1500K .......... .......... .......... .......... ..........  9% 7.35M 2s
  1550K .......... .......... .......... .......... .......... 10% 13.0M 2s
  1600K .......... .......... .......... .......... .......... 10% 11.0M 2s
  1650K .......... .......... .......... .......... .......... 10% 12.8M 2s
  1700K .......... .......... .......... .......... .......... 11% 10.3M 2s
  1750K .......... .......... .......... .......... .......... 11% 12.6M 2s
  1800K .......... .......... .......... .......... .......... 11% 10.9M 2s
  1850K .......... .......... .......... .......... .......... 12% 4.57M 2s
  1900K .......... .......... .......... .......... .......... 12% 8.18M 2s
  1950K .......... .......... .......... .......... .......... 12% 9.28M 2s
  2000K .......... .......... .......... .......... .......... 13% 12.6M 2s
  2050K .......... .......... .......... .......... .......... 13% 13.5M 2s
  2100K .......... .......... .......... .......... .......... 13% 9.26M 2s
  2150K .......... .......... .......... .......... .......... 14% 13.1M 1s
  2200K .......... .......... .......... .......... .......... 14% 13.2M 1s
  2250K .......... .......... .......... .......... .......... 14% 9.30M 1s
  2300K .......... .......... .......... .......... .......... 15% 9.61M 1s
  2350K .......... .......... .......... .......... .......... 15% 8.95M 1s
  2400K .......... .......... .......... .......... .......... 15% 8.97M 1s
  2450K .......... .......... .......... .......... .......... 15% 13.5M 1s
  2500K .......... .......... .......... .......... .......... 16% 10.4M 1s
  2550K .......... .......... .......... .......... .......... 16% 12.9M 1s
  2600K .......... .......... .......... .......... .......... 16% 10.4M 1s
  2650K .......... .......... .......... .......... .......... 17% 10.6M 1s
  2700K .......... .......... .......... .......... .......... 17% 9.36M 1s
  2750K .......... .......... .......... .......... .......... 17% 10.5M 1s
  2800K .......... .......... .......... .......... .......... 18% 8.37M 1s
  2850K .......... .......... .......... .......... .......... 18% 4.43M 1s
  2900K .......... .......... .......... .......... .......... 18% 8.12M 1s
  2950K .......... .......... .......... .......... .......... 19% 11.1M 1s
  3000K .......... .......... .......... .......... .......... 19% 9.99M 1s
  3050K .......... .......... .......... .......... .......... 19% 13.5M 1s
  3100K .......... .......... .......... .......... .......... 20% 8.71M 1s
  3150K .......... .......... .......... .......... .......... 20% 9.97M 1s
  3200K .......... .......... .......... .......... .......... 20% 12.6M 1s
  3250K .......... .......... .......... .......... .......... 21% 10.1M 1s
  3300K .......... .......... .......... .......... .......... 21% 13.3M 1s
  3350K .......... .......... .......... .......... .......... 21% 11.4M 1s
  3400K .......... .......... .......... .......... .......... 22% 10.2M 1s
  3450K .......... .......... .......... .......... .......... 22% 8.36M 1s
  3500K .......... .......... .......... .......... .......... 22% 14.1M 1s
  3550K .......... .......... .......... .......... .......... 23% 10.1M 1s
  3600K .......... .......... .......... .......... .......... 23% 11.8M 1s
  3650K .......... .......... .......... .......... .......... 23% 9.68M 1s
  3700K .......... .......... .......... .......... .......... 23% 13.8M 1s
  3750K .......... .......... .......... .......... .......... 24% 9.63M 1s
  3800K .......... .......... .......... .......... .......... 24% 3.52M 1s
  3850K .......... .......... .......... .......... .......... 24% 8.38M 1s
  3900K .......... .......... .......... .......... .......... 25% 9.42M 1s
  3950K .......... .......... .......... .......... .......... 25% 8.96M 1s
  4000K .......... .......... .......... .......... .......... 25% 13.0M 1s
  4050K .......... .......... .......... .......... .......... 26% 13.4M 1s
  4100K .......... .......... .......... .......... .......... 26% 9.27M 1s
  4150K .......... .......... .......... .......... .......... 26% 12.6M 1s
  4200K .......... .......... .......... .......... .......... 27% 7.96M 1s
  4250K .......... .......... .......... .......... .......... 27% 10.5M 1s
  4300K .......... .......... .......... .......... .......... 27% 11.2M 1s
  4350K .......... .......... .......... .......... .......... 28% 12.3M 1s
  4400K .......... .......... .......... .......... .......... 28% 11.9M 1s
  4450K .......... .......... .......... .......... .......... 28% 9.70M 1s
  4500K .......... .......... .......... .......... .......... 29% 14.3M 1s
  4550K .......... .......... .......... .......... .......... 29% 8.93M 1s
  4600K .......... .......... .......... .......... .......... 29% 11.4M 1s
  4650K .......... .......... .......... .......... .......... 30% 8.99M 1s
  4700K .......... .......... .......... .......... .......... 30% 14.8M 1s
  4750K .......... .......... .......... .......... .......... 30% 12.1M 1s
  4800K .......... .......... .......... .......... .......... 31% 8.29M 1s
  4850K .......... .......... .......... .......... .......... 31% 1.93M 1s
  4900K .......... .......... .......... .......... .......... 31%  108M 1s
  4950K .......... .......... .......... .......... .......... 31%  233M 1s
  5000K .......... .......... .......... .......... .......... 32%  182M 1s
  5050K .......... .......... .......... .......... .......... 32% 13.4M 1s
  5100K .......... .......... .......... .......... .......... 32% 25.5M 1s
  5150K .......... .......... .......... .......... .......... 33% 10.1M 1s
  5200K .......... .......... .......... .......... .......... 33% 10.2M 1s
  5250K .......... .......... .......... .......... .......... 33% 13.9M 1s
  5300K .......... .......... .......... .......... .......... 34% 9.62M 1s
  5350K .......... .......... .......... .......... .......... 34% 14.1M 1s
  5400K .......... .......... .......... .......... .......... 34% 8.00M 1s
  5450K .......... .......... .......... .......... .......... 35% 9.38M 1s
  5500K .......... .......... .......... .......... .......... 35% 14.4M 1s
  5550K .......... .......... .......... .......... .......... 35% 14.5M 1s
  5600K .......... .......... .......... .......... .......... 36% 11.2M 1s
  5650K .......... .......... .......... .......... .......... 36% 9.67M 1s
  5700K .......... .......... .......... .......... .......... 36% 11.0M 1s
  5750K .......... .......... .......... .......... .......... 37% 11.3M 1s
  5800K .......... .......... .......... .......... .......... 37% 8.17M 1s
  5850K .......... .......... .......... .......... .......... 37% 5.49M 1s
  5900K .......... .......... .......... .......... .......... 38%  210M 1s
  5950K .......... .......... .......... .......... .......... 38% 11.4M 1s
  6000K .......... .......... .......... .......... .......... 38% 14.0M 1s
  6050K .......... .......... .......... .......... .......... 39% 9.96M 1s
  6100K .......... .......... .......... .......... .......... 39% 2.88M 1s
  6150K .......... .......... .......... .......... .......... 39% 9.68M 1s
  6200K .......... .......... .......... .......... .......... 39% 8.16M 1s
  6250K .......... .......... .......... .......... .......... 40% 11.5M 1s
  6300K .......... .......... .......... .......... .......... 40% 10.4M 1s
  6350K .......... .......... .......... .......... .......... 40% 11.7M 1s
  6400K .......... .......... .......... .......... .......... 41% 8.36M 1s
  6450K .......... .......... .......... .......... .......... 41% 15.0M 1s
  6500K .......... .......... .......... .......... .......... 41% 7.66M 1s
  6550K .......... .......... .......... .......... .......... 42% 9.95M 1s
  6600K .......... .......... .......... .......... .......... 42% 11.3M 1s
  6650K .......... .......... .......... .......... .......... 42% 13.8M 1s
  6700K .......... .......... .......... .......... .......... 43% 10.2M 1s
  6750K .......... .......... .......... .......... .......... 43% 12.5M 1s
  6800K .......... .......... .......... .......... .......... 43% 13.9M 1s
  6850K .......... .......... .......... .......... .......... 44% 5.65M 1s
  6900K .......... .......... .......... .......... .......... 44% 22.9M 1s
  6950K .......... .......... .......... .......... .......... 44% 10.1M 1s
  7000K .......... .......... .......... .......... .......... 45% 13.3M 1s
  7050K .......... .......... .......... .......... .......... 45% 13.5M 1s
  7100K .......... .......... .......... .......... .......... 45% 10.7M 1s
  7150K .......... .......... .......... .......... .......... 46% 11.1M 1s
  7200K .......... .......... .......... .......... .......... 46% 4.35M 1s
  7250K .......... .......... .......... .......... .......... 46% 6.38M 1s
  7300K .......... .......... .......... .......... .......... 47% 9.47M 1s
  7350K .......... .......... .......... .......... .......... 47% 12.3M 1s
  7400K .......... .......... .......... .......... .......... 47% 8.63M 1s
  7450K .......... .......... .......... .......... .......... 47% 22.8M 1s
  7500K .......... .......... .......... .......... .......... 48% 8.41M 1s
  7550K .......... .......... .......... .......... .......... 48% 11.2M 1s
  7600K .......... .......... .......... .......... .......... 48% 10.3M 1s
  7650K .......... .......... .......... .......... .......... 49% 7.02M 1s
  7700K .......... .......... .......... .......... .......... 49% 38.1M 1s
  7750K .......... .......... .......... .......... .......... 49% 13.3M 1s
  7800K .......... .......... .......... .......... .......... 50% 11.9M 1s
  7850K .......... .......... .......... .......... .......... 50% 9.92M 1s
  7900K .......... .......... .......... .......... .......... 50% 14.4M 1s
  7950K .......... .......... .......... .......... .......... 51% 8.64M 1s
  8000K .......... .......... .......... .......... .......... 51% 8.80M 1s
  8050K .......... .......... .......... .......... .......... 51% 10.6M 1s
  8100K .......... .......... .......... .......... .......... 52% 12.0M 1s
  8150K .......... .......... .......... .......... .......... 52% 25.8M 1s
  8200K .......... .......... .......... .......... .......... 52% 10.4M 1s
  8250K .......... .......... .......... .......... .......... 53% 12.0M 1s
  8300K .......... .......... .......... .......... .......... 53% 9.66M 1s
  8350K .......... .......... .......... .......... .......... 53% 9.21M 1s
  8400K .......... .......... .......... .......... .......... 54% 14.3M 1s
  8450K .......... .......... .......... .......... .......... 54% 6.36M 1s
  8500K .......... .......... .......... .......... .......... 54% 14.2M 1s
  8550K .......... .......... .......... .......... .......... 55% 30.0M 1s
  8600K .......... .......... .......... .......... .......... 55% 6.60M 1s
  8650K .......... .......... .......... .......... .......... 55% 35.8M 1s
  8700K .......... .......... .......... .......... .......... 55% 8.94M 1s
  8750K .......... .......... .......... .......... .......... 56% 2.54M 1s
  8800K .......... .......... .......... .......... .......... 56% 31.0M 1s
  8850K .......... .......... .......... .......... .......... 56% 8.08M 1s
  8900K .......... .......... .......... .......... .......... 57% 16.6M 1s
  8950K .......... .......... .......... .......... .......... 57% 10.5M 1s
  9000K .......... .......... .......... .......... .......... 57% 17.1M 1s
  9050K .......... .......... .......... .......... .......... 58% 6.95M 1s
  9100K .......... .......... .......... .......... .......... 58% 21.2M 1s
  9150K .......... .......... .......... .......... .......... 58% 8.92M 1s
  9200K .......... .......... .......... .......... .......... 59% 6.03M 1s
  9250K .......... .......... .......... .......... .......... 59% 48.6M 1s
  9300K .......... .......... .......... .......... .......... 59% 14.5M 1s
  9350K .......... .......... .......... .......... .......... 60% 12.8M 1s
  9400K .......... .......... .......... .......... .......... 60% 8.34M 1s
  9450K .......... .......... .......... .......... .......... 60% 7.00M 1s
  9500K .......... .......... .......... .......... .......... 61% 23.4M 1s
  9550K .......... .......... .......... .......... .......... 61% 9.40M 1s
  9600K .......... .......... .......... .......... .......... 61% 13.4M 1s
  9650K .......... .......... .......... .......... .......... 62% 7.81M 1s
  9700K .......... .......... .......... .......... .......... 62% 20.5M 1s
  9750K .......... .......... .......... .......... .......... 62% 13.3M 1s
  9800K .......... .......... .......... .......... .......... 63% 7.58M 1s
  9850K .......... .......... .......... .......... .......... 63% 14.9M 1s
  9900K .......... .......... .......... .......... .......... 63% 6.90M 1s
  9950K .......... .......... .......... .......... .......... 63% 19.7M 1s
 10000K .......... .......... .......... .......... .......... 64% 10.6M 1s
 10050K .......... .......... .......... .......... .......... 64% 8.34M 1s
 10100K .......... .......... .......... .......... .......... 64% 9.74M 1s
 10150K .......... .......... .......... .......... .......... 65% 17.4M 1s
 10200K .......... .......... .......... .......... .......... 65% 9.76M 1s
 10250K .......... .......... .......... .......... .......... 65% 10.8M 1s
 10300K .......... .......... .......... .......... .......... 66% 9.90M 1s
 10350K .......... .......... .......... .......... .......... 66% 10.9M 1s
 10400K .......... .......... .......... .......... .......... 66% 15.4M 1s
 10450K .......... .......... .......... .......... .......... 67% 11.0M 1s
 10500K .......... .......... .......... .......... .......... 67% 11.4M 1s
 10550K .......... .......... .......... .......... .......... 67% 4.07M 1s
 10600K .......... .......... .......... .......... .......... 68% 7.74M 1s
 10650K .......... .......... .......... .......... .......... 68% 7.49M 0s
 10700K .......... .......... .......... .......... .......... 68% 12.4M 0s
 10750K .......... .......... .......... .......... .......... 69% 9.85M 0s
 10800K .......... .......... .......... .......... .......... 69% 6.50M 0s
 10850K .......... .......... .......... .......... .......... 69%  178M 0s
 10900K .......... .......... .......... .......... .......... 70% 6.74M 0s
 10950K .......... .......... .......... .......... .......... 70% 70.7M 0s
 11000K .......... .......... .......... .......... .......... 70% 3.34M 0s
 11050K .......... .......... .......... .......... .......... 71%  114M 0s
 11100K .......... .......... .......... .......... .......... 71%  193M 0s
 11150K .......... .......... .......... .......... .......... 71% 16.1M 0s
 11200K .......... .......... .......... .......... .......... 71% 10.0M 0s
 11250K .......... .......... .......... .......... .......... 72% 10.4M 0s
 11300K .......... .......... .......... .......... .......... 72% 14.1M 0s
 11350K .......... .......... .......... .......... .......... 72% 10.1M 0s
 11400K .......... .......... .......... .......... .......... 73% 14.0M 0s
 11450K .......... .......... .......... .......... .......... 73% 7.19M 0s
 11500K .......... .......... .......... .......... .......... 73% 16.4M 0s
 11550K .......... .......... .......... .......... .......... 74% 11.6M 0s
 11600K .......... .......... .......... .......... .......... 74% 9.11M 0s
 11650K .......... .......... .......... .......... .......... 74% 13.2M 0s
 11700K .......... .......... .......... .......... .......... 75% 15.3M 0s
 11750K .......... .......... .......... .......... .......... 75% 6.90M 0s
 11800K .......... .......... .......... .......... .......... 75% 14.3M 0s
 11850K .......... .......... .......... .......... .......... 76% 14.3M 0s
 11900K .......... .......... .......... .......... .......... 76% 10.8M 0s
 11950K .......... .......... .......... .......... .......... 76% 10.7M 0s
 12000K .......... .......... .......... .......... .......... 77% 8.70M 0s
 12050K .......... .......... .......... .......... .......... 77% 13.6M 0s
 12100K .......... .......... .......... .......... .......... 77% 7.77M 0s
 12150K .......... .......... .......... .......... .......... 78% 7.81M 0s
 12200K .......... .......... .......... .......... .......... 78% 28.2M 0s
 12250K .......... .......... .......... .......... .......... 78% 3.84M 0s
 12300K .......... .......... .......... .......... .......... 79% 5.97M 0s
 12350K .......... .......... .......... .......... .......... 79% 48.7M 0s
 12400K .......... .......... .......... .......... .......... 79% 11.3M 0s
 12450K .......... .......... .......... .......... .......... 79% 9.57M 0s
 12500K .......... .......... .......... .......... .......... 80% 13.2M 0s
 12550K .......... .......... .......... .......... .......... 80% 9.67M 0s
 12600K .......... .......... .......... .......... .......... 80% 9.49M 0s
 12650K .......... .......... .......... .......... .......... 81% 8.65M 0s
 12700K .......... .......... .......... .......... .......... 81% 12.9M 0s
 12750K .......... .......... .......... .......... .......... 81% 9.83M 0s
 12800K .......... .......... .......... .......... .......... 82% 23.2M 0s
 12850K .......... .......... .......... .......... .......... 82% 9.46M 0s
 12900K .......... .......... .......... .......... .......... 82% 11.6M 0s
 12950K .......... .......... .......... .......... .......... 83% 10.1M 0s
 13000K .......... .......... .......... .......... .......... 83% 11.9M 0s
 13050K .......... .......... .......... .......... .......... 83% 11.0M 0s
 13100K .......... .......... .......... .......... .......... 84% 13.9M 0s
 13150K .......... .......... .......... .......... .......... 84% 10.9M 0s
 13200K .......... .......... .......... .......... .......... 84% 2.57M 0s
 13250K .......... .......... .......... .......... .......... 85%  127M 0s
 13300K .......... .......... .......... .......... .......... 85%  214M 0s
 13350K .......... .......... .......... .......... .......... 85% 85.4M 0s
 13400K .......... .......... .......... .......... .......... 86% 24.8M 0s
 13450K .......... .......... .......... .......... .......... 86% 6.93M 0s
 13500K .......... .......... .......... .......... .......... 86% 25.6M 0s
 13550K .......... .......... .......... .......... .......... 87% 6.55M 0s
 13600K .......... .......... .......... .......... .......... 87% 85.6M 0s
 13650K .......... .......... .......... .......... .......... 87% 12.0M 0s
 13700K .......... .......... .......... .......... .......... 87% 18.2M 0s
 13750K .......... .......... .......... .......... .......... 88% 10.3M 0s
 13800K .......... .......... .......... .......... .......... 88% 11.0M 0s
 13850K .......... .......... .......... .......... .......... 88% 7.16M 0s
 13900K .......... .......... .......... .......... .......... 89% 3.43M 0s
 13950K .......... .......... .......... .......... .......... 89% 8.09M 0s
 14000K .......... .......... .......... .......... .......... 89% 52.9M 0s
 14050K .......... .......... .......... .......... .......... 90% 6.49M 0s
 14100K .......... .......... .......... .......... .......... 90% 13.8M 0s
 14150K .......... .......... .......... .......... .......... 90% 3.16M 0s
 14200K .......... .......... .......... .......... .......... 91%  142M 0s
 14250K .......... .......... .......... .......... .......... 91% 26.5M 0s
 14300K .......... .......... .......... .......... .......... 91% 29.7M 0s
 14350K .......... .......... .......... .......... .......... 92% 10.0M 0s
 14400K .......... .......... .......... .......... .......... 92% 12.9M 0s
 14450K .......... .......... .......... .......... .......... 92% 9.38M 0s
 14500K .......... .......... .......... .......... .......... 93% 8.25M 0s
 14550K .......... .......... .......... .......... .......... 93% 8.98M 0s
 14600K .......... .......... .......... .......... .......... 93% 59.0M 0s
 14650K .......... .......... .......... .......... .......... 94% 6.36M 0s
 14700K .......... .......... .......... .......... .......... 94% 45.9M 0s
 14750K .......... .......... .......... .......... .......... 94% 8.09M 0s
 14800K .......... .......... .......... .......... .......... 95% 14.5M 0s
 14850K .......... .......... .......... .......... .......... 95% 9.98M 0s
 14900K .......... .......... .......... .......... .......... 95% 9.69M 0s
 14950K .......... .......... .......... .......... .......... 95% 9.78M 0s
 15000K .......... .......... .......... .......... .......... 96% 10.1M 0s
 15050K .......... .......... .......... .......... .......... 96% 10.3M 0s
 15100K .......... .......... .......... .......... .......... 96% 17.9M 0s
 15150K .......... .......... .......... .......... .......... 97% 8.85M 0s
 15200K .......... .......... .......... .......... .......... 97% 13.4M 0s
 15250K .......... .......... .......... .......... .......... 97% 5.80M 0s
 15300K .......... .......... .......... .......... .......... 98% 6.31M 0s
 15350K .......... .......... .......... .......... .......... 98%  141M 0s
 15400K .......... .......... .......... .......... .......... 98% 22.0M 0s
 15450K .......... .......... .......... .......... .......... 99% 8.40M 0s
 15500K .......... .......... .......... .......... .......... 99% 9.62M 0s
 15550K .......... .......... .......... .......... .......... 99% 29.8M 0s
 15600K .......... .......... .....                           100% 7.59M=1.5s

2026-03-25 16:24:13 (9.90 MB/s) - ‘/home/student13/debuging/lei_github/nav_test_for_leo/build/multirobot_map_merge/2011-08-09-12-22-52.pgm’ saved [16000058/16000058]

--2026-03-25 16:24:13--  https://raw.githubusercontent.com/hrnr/m-explore-extra/master/map_merge/gmapping_maps/2012-01-28-11-12-01.pgm
Resolving raw.githubusercontent.com (raw.githubusercontent.com)... 185.199.110.133, 185.199.111.133, 185.199.108.133, ...
Connecting to raw.githubusercontent.com (raw.githubusercontent.com)|185.199.110.133|:443... connected.
HTTP request sent, awaiting response... 200 OK
Length: 16000058 (15M) [application/octet-stream]
Saving to: ‘/home/student13/debuging/lei_github/nav_test_for_leo/build/multirobot_map_merge/2012-01-28-11-12-01.pgm’

     0K .......... .......... .......... .......... ..........  0% 2.26M 7s
    50K .......... .......... .......... .......... ..........  0% 9.39M 4s
   100K .......... .......... .......... .......... ..........  0% 3.04M 4s
   150K .......... .......... .......... .......... ..........  1% 5.47M 4s
   200K .......... .......... .......... .......... ..........  1% 3.69M 4s
   250K .......... .......... .......... .......... ..........  1% 5.08M 4s
   300K .......... .......... .......... .......... ..........  2% 4.28M 4s
   350K .......... .......... .......... .......... ..........  2% 7.94M 4s
   400K .......... .......... .......... .......... ..........  2% 5.99M 3s
   450K .......... .......... .......... .......... ..........  3% 5.78M 3s
   500K .......... .......... .......... .......... ..........  3% 9.67M 3s
   550K .......... .......... .......... .......... ..........  3% 7.07M 3s
   600K .......... .......... .......... .......... ..........  4% 16.7M 3s
   650K .......... .......... .......... .......... ..........  4% 8.84M 3s
   700K .......... .......... .......... .......... ..........  4% 12.1M 3s
   750K .......... .......... .......... .......... ..........  5% 9.65M 3s
   800K .......... .......... .......... .......... ..........  5% 8.91M 2s
   850K .......... .......... .......... .......... ..........  5% 9.33M 2s
   900K .......... .......... .......... .......... ..........  6% 12.1M 2s
   950K .......... .......... .......... .......... ..........  6% 9.11M 2s
  1000K .......... .......... .......... .......... ..........  6% 14.0M 2s
  1050K .......... .......... .......... .......... ..........  7% 7.35M 2s
  1100K .......... .......... .......... .......... ..........  7% 18.3M 2s
  1150K .......... .......... .......... .......... ..........  7% 9.05M 2s
  1200K .......... .......... .......... .......... ..........  7% 13.7M 2s
  1250K .......... .......... .......... .......... ..........  8% 10.4M 2s
  1300K .......... .......... .......... .......... ..........  8% 9.78M 2s
  1350K .......... .......... .......... .......... ..........  8% 9.26M 2s
  1400K .......... .......... .......... .......... ..........  9% 12.2M 2s
  1450K .......... .......... .......... .......... ..........  9% 11.4M 2s
  1500K .......... .......... .......... .......... ..........  9% 7.56M 2s
  1550K .......... .......... .......... .......... .......... 10% 11.4M 2s
  1600K .......... .......... .......... .......... .......... 10% 15.3M 2s
  1650K .......... .......... .......... .......... .......... 10% 13.4M 2s
  1700K .......... .......... .......... .......... .......... 11% 9.22M 2s
  1750K .......... .......... .......... .......... .......... 11% 11.1M 2s
  1800K .......... .......... .......... .......... .......... 11% 9.33M 2s
  1850K .......... .......... .......... .......... .......... 12% 8.27M 2s
  1900K .......... .......... .......... .......... .......... 12% 12.3M 2s
  1950K .......... .......... .......... .......... .......... 12% 10.6M 2s
  2000K .......... .......... .......... .......... .......... 13% 7.62M 2s
  2050K .......... .......... .......... .......... .......... 13% 11.7M 2s
  2100K .......... .......... .......... .......... .......... 13% 8.26M 2s
  2150K .......... .......... .......... .......... .......... 14% 12.1M 2s
  2200K .......... .......... .......... .......... .......... 14% 11.5M 2s
  2250K .......... .......... .......... .......... .......... 14% 10.2M 2s
  2300K .......... .......... .......... .......... .......... 15% 8.18M 2s
  2350K .......... .......... .......... .......... .......... 15% 12.7M 2s
  2400K .......... .......... .......... .......... .......... 15% 13.9M 2s
  2450K .......... .......... .......... .......... .......... 15% 8.62M 2s
  2500K .......... .......... .......... .......... .......... 16% 14.7M 2s
  2550K .......... .......... .......... .......... .......... 16% 12.3M 2s
  2600K .......... .......... .......... .......... .......... 16% 6.68M 2s
  2650K .......... .......... .......... .......... .......... 17% 16.5M 2s
  2700K .......... .......... .......... .......... .......... 17% 18.7M 1s
  2750K .......... .......... .......... .......... .......... 17% 7.52M 1s
  2800K .......... .......... .......... .......... .......... 18% 9.74M 1s
  2850K .......... .......... .......... .......... .......... 18% 13.4M 1s
  2900K .......... .......... .......... .......... .......... 18% 9.25M 1s
  2950K .......... .......... .......... .......... .......... 19% 14.6M 1s
  3000K .......... .......... .......... .......... .......... 19% 13.6M 1s
  3050K .......... .......... .......... .......... .......... 19% 10.1M 1s
  3100K .......... .......... .......... .......... .......... 20% 13.4M 1s
  3150K .......... .......... .......... .......... .......... 20% 8.81M 1s
  3200K .......... .......... .......... .......... .......... 20% 7.28M 1s
  3250K .......... .......... .......... .......... .......... 21% 3.57M 1s
  3300K .......... .......... .......... .......... .......... 21% 8.61M 1s
  3350K .......... .......... .......... .......... .......... 21% 11.6M 1s
  3400K .......... .......... .......... .......... .......... 22% 9.55M 1s
  3450K .......... .......... .......... .......... .......... 22% 8.38M 1s
  3500K .......... .......... .......... .......... .......... 22% 13.5M 1s
  3550K .......... .......... .......... .......... .......... 23% 8.54M 1s
  3600K .......... .......... .......... .......... .......... 23% 14.0M 1s
  3650K .......... .......... .......... .......... .......... 23% 8.65M 1s
  3700K .......... .......... .......... .......... .......... 23% 13.4M 1s
  3750K .......... .......... .......... .......... .......... 24% 9.35M 1s
  3800K .......... .......... .......... .......... .......... 24% 14.5M 1s
  3850K .......... .......... .......... .......... .......... 24% 11.9M 1s
  3900K .......... .......... .......... .......... .......... 25% 9.89M 1s
  3950K .......... .......... .......... .......... .......... 25% 7.73M 1s
  4000K .......... .......... .......... .......... .......... 25% 8.68M 1s
  4050K .......... .......... .......... .......... .......... 26% 7.86M 1s
  4100K .......... .......... .......... .......... .......... 26% 9.40M 1s
  4150K .......... .......... .......... .......... .......... 26% 10.7M 1s
  4200K .......... .......... .......... .......... .......... 27% 9.33M 1s
  4250K .......... .......... .......... .......... .......... 27% 12.9M 1s
  4300K .......... .......... .......... .......... .......... 27% 9.81M 1s
  4350K .......... .......... .......... .......... .......... 28% 9.27M 1s
  4400K .......... .......... .......... .......... .......... 28% 12.7M 1s
  4450K .......... .......... .......... .......... .......... 28% 8.81M 1s
  4500K .......... .......... .......... .......... .......... 29% 13.6M 1s
  4550K .......... .......... .......... .......... .......... 29% 12.3M 1s
  4600K .......... .......... .......... .......... .......... 29% 9.93M 1s
  4650K .......... .......... .......... .......... .......... 30% 13.2M 1s
  4700K .......... .......... .......... .......... .......... 30% 8.88M 1s
  4750K .......... .......... .......... .......... .......... 30% 10.7M 1s
  4800K .......... .......... .......... .......... .......... 31% 11.2M 1s
  4850K .......... .......... .......... .......... .......... 31% 10.3M 1s
  4900K .......... .......... .......... .......... .......... 31% 10.9M 1s
  4950K .......... .......... .......... .......... .......... 31% 17.3M 1s
  5000K .......... .......... .......... .......... .......... 32% 7.09M 1s
  5050K .......... .......... .......... .......... .......... 32% 7.13M 1s
  5100K .......... .......... .......... .......... .......... 32% 6.58M 1s
  5150K .......... .......... .......... .......... .......... 33% 10.4M 1s
  5200K .......... .......... .......... .......... .......... 33% 10.9M 1s
  5250K .......... .......... .......... .......... .......... 33% 9.59M 1s
  5300K .......... .......... .......... .......... .......... 34% 12.1M 1s
  5350K .......... .......... .......... .......... .......... 34% 8.89M 1s
  5400K .......... .......... .......... .......... .......... 34% 8.86M 1s
  5450K .......... .......... .......... .......... .......... 35% 12.8M 1s
  5500K .......... .......... .......... .......... .......... 35% 8.57M 1s
  5550K .......... .......... .......... .......... .......... 35% 14.2M 1s
  5600K .......... .......... .......... .......... .......... 36% 13.2M 1s
  5650K .......... .......... .......... .......... .......... 36% 9.90M 1s
  5700K .......... .......... .......... .......... .......... 36% 11.4M 1s
  5750K .......... .......... .......... .......... .......... 37% 12.7M 1s
  5800K .......... .......... .......... .......... .......... 37% 8.62M 1s
  5850K .......... .......... .......... .......... .......... 37% 11.0M 1s
  5900K .......... .......... .......... .......... .......... 38% 12.6M 1s
  5950K .......... .......... .......... .......... .......... 38% 8.64M 1s
  6000K .......... .......... .......... .......... .......... 38% 15.3M 1s
  6050K .......... .......... .......... .......... .......... 39% 4.93M 1s
  6100K .......... .......... .......... .......... .......... 39% 11.1M 1s
  6150K .......... .......... .......... .......... .......... 39% 4.95M 1s
  6200K .......... .......... .......... .......... .......... 39% 12.1M 1s
  6250K .......... .......... .......... .......... .......... 40% 9.49M 1s
  6300K .......... .......... .......... .......... .......... 40% 13.2M 1s
  6350K .......... .......... .......... .......... .......... 40% 14.1M 1s
  6400K .......... .......... .......... .......... .......... 41% 9.50M 1s
  6450K .......... .......... .......... .......... .......... 41% 13.3M 1s
  6500K .......... .......... .......... .......... .......... 41% 13.0M 1s
  6550K .......... .......... .......... .......... .......... 42% 7.02M 1s
  6600K .......... .......... .......... .......... .......... 42% 13.1M 1s
  6650K .......... .......... .......... .......... .......... 42% 11.1M 1s
  6700K .......... .......... .......... .......... .......... 43% 12.7M 1s
  6750K .......... .......... .......... .......... .......... 43% 10.1M 1s
  6800K .......... .......... .......... .......... .......... 43% 5.45M 1s
  6850K .......... .......... .......... .......... .......... 44% 9.05M 1s
  6900K .......... .......... .......... .......... .......... 44% 12.4M 1s
  6950K .......... .......... .......... .......... .......... 44% 9.15M 1s
  7000K .......... .......... .......... .......... .......... 45% 9.17M 1s
  7050K .......... .......... .......... .......... .......... 45% 14.5M 1s
  7100K .......... .......... .......... .......... .......... 45% 11.8M 1s
  7150K .......... .......... .......... .......... .......... 46% 9.25M 1s
  7200K .......... .......... .......... .......... .......... 46% 12.5M 1s
  7250K .......... .......... .......... .......... .......... 46% 9.14M 1s
  7300K .......... .......... .......... .......... .......... 47% 13.4M 1s
  7350K .......... .......... .......... .......... .......... 47% 7.72M 1s
  7400K .......... .......... .......... .......... .......... 47% 12.9M 1s
  7450K .......... .......... .......... .......... .......... 47% 9.74M 1s
  7500K .......... .......... .......... .......... .......... 48% 13.0M 1s
  7550K .......... .......... .......... .......... .......... 48% 12.7M 1s
  7600K .......... .......... .......... .......... .......... 48% 10.1M 1s
  7650K .......... .......... .......... .......... .......... 49% 12.8M 1s
  7700K .......... .......... .......... .......... .......... 49% 10.8M 1s
  7750K .......... .......... .......... .......... .......... 49% 3.98M 1s
  7800K .......... .......... .......... .......... .......... 50% 5.26M 1s
  7850K .......... .......... .......... .......... .......... 50% 8.61M 1s
  7900K .......... .......... .......... .......... .......... 50% 13.3M 1s
  7950K .......... .......... .......... .......... .......... 51% 11.0M 1s
  8000K .......... .......... .......... .......... .......... 51% 9.64M 1s
  8050K .......... .......... .......... .......... .......... 51% 12.2M 1s
  8100K .......... .......... .......... .......... .......... 52% 9.51M 1s
  8150K .......... .......... .......... .......... .......... 52% 9.11M 1s
  8200K .......... .......... .......... .......... .......... 52% 12.2M 1s
  8250K .......... .......... .......... .......... .......... 53% 10.3M 1s
  8300K .......... .......... .......... .......... .......... 53% 13.6M 1s
  8350K .......... .......... .......... .......... .......... 53% 10.1M 1s
  8400K .......... .......... .......... .......... .......... 54% 13.4M 1s
  8450K .......... .......... .......... .......... .......... 54% 14.2M 1s
  8500K .......... .......... .......... .......... .......... 54% 10.4M 1s
  8550K .......... .......... .......... .......... .......... 55% 8.90M 1s
  8600K .......... .......... .......... .......... .......... 55% 10.1M 1s
  8650K .......... .......... .......... .......... .......... 55% 11.7M 1s
  8700K .......... .......... .......... .......... .......... 55% 13.9M 1s
  8750K .......... .......... .......... .......... .......... 56% 10.1M 1s
  8800K .......... .......... .......... .......... .......... 56% 9.10M 1s
  8850K .......... .......... .......... .......... .......... 56% 4.15M 1s
  8900K .......... .......... .......... .......... .......... 57% 11.4M 1s
  8950K .......... .......... .......... .......... .......... 57% 7.62M 1s
  9000K .......... .......... .......... .......... .......... 57% 12.2M 1s
  9050K .......... .......... .......... .......... .......... 58% 8.60M 1s
  9100K .......... .......... .......... .......... .......... 58% 12.1M 1s
  9150K .......... .......... .......... .......... .......... 58% 11.0M 1s
  9200K .......... .......... .......... .......... .......... 59% 8.83M 1s
  9250K .......... .......... .......... .......... .......... 59% 9.78M 1s
  9300K .......... .......... .......... .......... .......... 59% 10.6M 1s
  9350K .......... .......... .......... .......... .......... 60% 14.0M 1s
  9400K .......... .......... .......... .......... .......... 60% 12.2M 1s
  9450K .......... .......... .......... .......... .......... 60% 8.32M 1s
  9500K .......... .......... .......... .......... .......... 61% 13.4M 1s
  9550K .......... .......... .......... .......... .......... 61% 9.01M 1s
  9600K .......... .......... .......... .......... .......... 61% 13.5M 1s
  9650K .......... .......... .......... .......... .......... 62% 9.31M 1s
  9700K .......... .......... .......... .......... .......... 62% 13.1M 1s
  9750K .......... .......... .......... .......... .......... 62% 9.38M 1s
  9800K .......... .......... .......... .......... .......... 63% 14.0M 1s
  9850K .......... .......... .......... .......... .......... 63% 11.5M 1s
  9900K .......... .......... .......... .......... .......... 63% 3.80M 1s
  9950K .......... .......... .......... .......... .......... 63% 9.23M 1s
 10000K .......... .......... .......... .......... .......... 64% 8.47M 1s
 10050K .......... .......... .......... .......... .......... 64% 8.02M 1s
 10100K .......... .......... .......... .......... .......... 64% 12.7M 1s
 10150K .......... .......... .......... .......... .......... 65% 7.91M 1s
 10200K .......... .......... .......... .......... .......... 65% 12.6M 1s
 10250K .......... .......... .......... .......... .......... 65% 9.76M 1s
 10300K .......... .......... .......... .......... .......... 66% 14.4M 1s
 10350K .......... .......... .......... .......... .......... 66% 14.2M 1s
 10400K .......... .......... .......... .......... .......... 66% 11.3M 1s
 10450K .......... .......... .......... .......... .......... 67% 9.21M 1s
 10500K .......... .......... .......... .......... .......... 67% 9.94M 1s
 10550K .......... .......... .......... .......... .......... 67% 9.52M 1s
 10600K .......... .......... .......... .......... .......... 68% 12.0M 1s
 10650K .......... .......... .......... .......... .......... 68% 11.4M 1s
 10700K .......... .......... .......... .......... .......... 68% 12.8M 1s
 10750K .......... .......... .......... .......... .......... 69% 9.46M 1s
 10800K .......... .......... .......... .......... .......... 69% 13.5M 0s
 10850K .......... .......... .......... .......... .......... 69% 8.89M 0s
 10900K .......... .......... .......... .......... .......... 70% 12.4M 0s
 10950K .......... .......... .......... .......... .......... 70% 8.83M 0s
 11000K .......... .......... .......... .......... .......... 70% 10.1M 0s
 11050K .......... .......... .......... .......... .......... 71% 13.9M 0s
 11100K .......... .......... .......... .......... .......... 71% 3.22M 0s
 11150K .......... .......... .......... .......... .......... 71% 5.10M 0s
 11200K .......... .......... .......... .......... .......... 71% 12.5M 0s
 11250K .......... .......... .......... .......... .......... 72% 6.52M 0s
 11300K .......... .......... .......... .......... .......... 72% 12.5M 0s
 11350K .......... .......... .......... .......... .......... 72% 8.93M 0s
 11400K .......... .......... .......... .......... .......... 73% 12.9M 0s
 11450K .......... .......... .......... .......... .......... 73% 10.5M 0s
 11500K .......... .......... .......... .......... .......... 73% 13.2M 0s
 11550K .......... .......... .......... .......... .......... 74% 9.80M 0s
 11600K .......... .......... .......... .......... .......... 74% 13.1M 0s
 11650K .......... .......... .......... .......... .......... 74% 8.93M 0s
 11700K .......... .......... .......... .......... .......... 75% 9.64M 0s
 11750K .......... .......... .......... .......... .......... 75% 12.9M 0s
 11800K .......... .......... .......... .......... .......... 75% 10.6M 0s
 11850K .......... .......... .......... .......... .......... 76% 14.0M 0s
 11900K .......... .......... .......... .......... .......... 76% 13.4M 0s
 11950K .......... .......... .......... .......... .......... 76% 9.50M 0s
 12000K .......... .......... .......... .......... .......... 77% 13.5M 0s
 12050K .......... .......... .......... .......... .......... 77% 8.00M 0s
 12100K .......... .......... .......... .......... .......... 77% 12.2M 0s
 12150K .......... .......... .......... .......... .......... 78% 9.06M 0s
 12200K .......... .......... .......... .......... .......... 78% 13.1M 0s
 12250K .......... .......... .......... .......... .......... 78% 2.58M 0s
 12300K .......... .......... .......... .......... .......... 79% 13.5M 0s
 12350K .......... .......... .......... .......... .......... 79% 8.29M 0s
 12400K .......... .......... .......... .......... .......... 79% 11.9M 0s
 12450K .......... .......... .......... .......... .......... 79% 7.94M 0s
 12500K .......... .......... .......... .......... .......... 80% 9.20M 0s
 12550K .......... .......... .......... .......... .......... 80% 13.5M 0s
 12600K .......... .......... .......... .......... .......... 80% 13.4M 0s
 12650K .......... .......... .......... .......... .......... 81% 8.83M 0s
 12700K .......... .......... .......... .......... .......... 81% 12.2M 0s
 12750K .......... .......... .......... .......... .......... 81% 13.7M 0s
 12800K .......... .......... .......... .......... .......... 82% 8.29M 0s
 12850K .......... .......... .......... .......... .......... 82% 11.7M 0s
 12900K .......... .......... .......... .......... .......... 82% 9.27M 0s
 12950K .......... .......... .......... .......... .......... 83% 14.0M 0s
 13000K .......... .......... .......... .......... .......... 83% 14.5M 0s
 13050K .......... .......... .......... .......... .......... 83% 9.65M 0s
 13100K .......... .......... .......... .......... .......... 84% 14.2M 0s
 13150K .......... .......... .......... .......... .......... 84% 2.37M 0s
 13200K .......... .......... .......... .......... .......... 84%  158M 0s
 13250K .......... .......... .......... .......... .......... 85%  198M 0s
 13300K .......... .......... .......... .......... .......... 85%  193M 0s
 13350K .......... .......... .......... .......... .......... 85% 10.8M 0s
 13400K .......... .......... .......... .......... .......... 86% 49.3M 0s
 13450K .......... .......... .......... .......... .......... 86% 12.5M 0s
 13500K .......... .......... .......... .......... .......... 86% 4.89M 0s
 13550K .......... .......... .......... .......... .......... 87% 5.76M 0s
 13600K .......... .......... .......... .......... .......... 87% 7.31M 0s
 13650K .......... .......... .......... .......... .......... 87% 11.3M 0s
 13700K .......... .......... .......... .......... .......... 87% 9.21M 0s
 13750K .......... .......... .......... .......... .......... 88% 13.8M 0s
 13800K .......... .......... .......... .......... .......... 88% 8.21M 0s
 13850K .......... .......... .......... .......... .......... 88% 13.0M 0s
 13900K .......... .......... .......... .......... .......... 89% 12.2M 0s
 13950K .......... .......... .......... .......... .......... 89% 9.46M 0s
 14000K .......... .......... .......... .......... .......... 89% 9.29M 0s
 14050K .......... .......... .......... .......... .......... 90% 13.7M 0s
 14100K .......... .......... .......... .......... .......... 90% 9.44M 0s
 14150K .......... .......... .......... .......... .......... 90% 11.2M 0s
 14200K .......... .......... .......... .......... .......... 91% 10.4M 0s
 14250K .......... .......... .......... .......... .......... 91% 13.8M 0s
 14300K .......... .......... .......... .......... .......... 91% 11.8M 0s
 14350K .......... .......... .......... .......... .......... 92% 9.48M 0s
 14400K .......... .......... .......... .......... .......... 92% 9.44M 0s
 14450K .......... .......... .......... .......... .......... 92% 13.3M 0s
 14500K .......... .......... .......... .......... .......... 93% 9.78M 0s
 14550K .......... .......... .......... .......... .......... 93% 16.7M 0s
 14600K .......... .......... .......... .......... .......... 93% 9.17M 0s
 14650K .......... .......... .......... .......... .......... 94% 14.0M 0s
 14700K .......... .......... .......... .......... .......... 94% 9.83M 0s
 14750K .......... .......... .......... .......... .......... 94% 13.0M 0s
 14800K .......... .......... .......... .......... .......... 95% 8.87M 0s
 14850K .......... .......... .......... .......... .......... 95% 8.89M 0s
 14900K .......... .......... .......... .......... .......... 95% 14.4M 0s
 14950K .......... .......... .......... .......... .......... 95% 10.0M 0s
 15000K .......... .......... .......... .......... .......... 96% 14.7M 0s
 15050K .......... .......... .......... .......... .......... 96% 11.8M 0s
 15100K .......... .......... .......... .......... .......... 96% 6.08M 0s
 15150K .......... .......... .......... .......... .......... 97% 8.63M 0s
 15200K .......... .......... .......... .......... .......... 97% 6.98M 0s
 15250K .......... .......... .......... .......... .......... 97% 8.86M 0s
 15300K .......... .......... .......... .......... .......... 98% 12.3M 0s
 15350K .......... .......... .......... .......... .......... 98% 9.53M 0s
 15400K .......... .......... .......... .......... .......... 98% 13.1M 0s
 15450K .......... .......... .......... .......... .......... 99% 11.9M 0s
 15500K .......... .......... .......... .......... .......... 99% 6.93M 0s
 15550K .......... .......... .......... .......... .......... 99% 12.4M 0s
 15600K .......... .......... .....                           100% 46.5M=1.6s

2026-03-25 16:24:15 (9.53 MB/s) - ‘/home/student13/debuging/lei_github/nav_test_for_leo/build/multirobot_map_merge/2012-01-28-11-12-01.pgm’ saved [16000058/16000058]

