[0.022s] Invoking command in '/home/student13/debuging/lei_github/nav_test_for_leo/build/multirobot_map_merge': CMAKE_PREFIX_PATH=${CMAKE_PREFIX_PATH}:/opt/ros/jazzy DEBUGINFOD_URLS=https://debuginfod.ubuntu.com /usr/bin/cmake /home/student13/debuging/lei_github/nav_test_for_leo/src/m-explore-ros2/map_merge -DCMAKE_INSTALL_PREFIX=/home/student13/debuging/lei_github/nav_test_for_leo/install/multirobot_map_merge
[0.097s] -- The C compiler identification is GNU 13.3.0
[0.172s] -- The CXX compiler identification is GNU 13.3.0
[0.190s] -- Detecting C compiler ABI info
[0.303s] -- Detecting C compiler ABI info - done
[0.311s] -- Check for working C compiler: /usr/bin/cc - skipped
[0.311s] -- Detecting C compile features
[0.311s] -- Detecting C compile features - done
[0.337s] -- Detecting CXX compiler ABI info
[0.463s] -- Detecting CXX compiler ABI info - done
[0.479s] -- Check for working CXX compiler: /usr/bin/c++ - skipped
[0.480s] -- Detecting CXX compile features
[0.480s] -- Detecting CXX compile features - done
[0.486s] -- Found ament_cmake: 2.5.5 (/opt/ros/jazzy/share/ament_cmake/cmake)
[0.667s] -- Found Python3: /usr/bin/python3 (found version "3.12.3") found components: Interpreter 
[0.819s] -- Found rclcpp: 28.1.16 (/opt/ros/jazzy/share/rclcpp/cmake)
[0.881s] -- Found rosidl_generator_c: 4.6.7 (/opt/ros/jazzy/share/rosidl_generator_c/cmake)
[0.895s] -- Found rosidl_generator_cpp: 4.6.7 (/opt/ros/jazzy/share/rosidl_generator_cpp/cmake)
[0.911s] -- Using all available rosidl_typesupport_c: rosidl_typesupport_fastrtps_c;rosidl_typesupport_introspection_c
[0.939s] -- Using all available rosidl_typesupport_cpp: rosidl_typesupport_fastrtps_cpp;rosidl_typesupport_introspection_cpp
[1.012s] -- Found rmw_implementation_cmake: 7.3.3 (/opt/ros/jazzy/share/rmw_implementation_cmake/cmake)
[1.017s] -- Found rmw_fastrtps_cpp: 8.4.3 (/opt/ros/jazzy/share/rmw_fastrtps_cpp/cmake)
[1.137s] -- Found OpenSSL: /usr/lib/x86_64-linux-gnu/libcrypto.so (found version "3.0.13")  
[1.176s] -- Found FastRTPS: /opt/ros/jazzy/include (Required is at least version "2.13") 
[1.209s] -- Using RMW implementation 'rmw_fastrtps_cpp' as default
[1.356s] -- Found geometry_msgs: 5.3.6 (/opt/ros/jazzy/share/geometry_msgs/cmake)
[1.427s] -- Found image_geometry: 4.1.0 (/opt/ros/jazzy/share/image_geometry/cmake)
[1.506s] -- Found map_msgs: 2.4.1 (/opt/ros/jazzy/share/map_msgs/cmake)
[1.639s] -- Found tf2_geometry_msgs: 0.36.19 (/opt/ros/jazzy/share/tf2_geometry_msgs/cmake)
[1.670s] -- Found eigen3_cmake_module: 0.3.0 (/opt/ros/jazzy/share/eigen3_cmake_module/cmake)
[1.672s] -- Found Eigen3: TRUE (found version "3.4.0") 
[1.672s] -- Ensuring Eigen3 include directory is part of orocos-kdl CMake target
[2.092s] -- Found Boost: /usr/lib/x86_64-linux-gnu/cmake/Boost-1.83.0/BoostConfig.cmake (found version "1.83.0") found components: thread 
[2.097s] -- Found OpenCV: /usr (found version "4.6.0") 
[2.108s] -- Found ament_lint_auto: 0.17.4 (/opt/ros/jazzy/share/ament_lint_auto/cmake)
[2.256s] -- Found ament_cmake_gtest: 2.5.5 (/opt/ros/jazzy/share/ament_cmake_gtest/cmake)
[2.265s] --2026-03-25 16:24:10--  https://raw.githubusercontent.com/hrnr/m-explore-extra/master/map_merge/hector_maps/map00.pgm
[2.295s] Resolving raw.githubusercontent.com (raw.githubusercontent.com)... 185.199.110.133, 185.199.109.133, 185.199.111.133, ...
[2.308s] Connecting to raw.githubusercontent.com (raw.githubusercontent.com)|185.199.110.133|:443... connected.
[2.474s] HTTP request sent, awaiting response... 200 OK
[2.474s] Length: 4194362 (4.0M) [application/octet-stream]
[2.474s] Saving to: ‘/home/student13/debuging/lei_github/nav_test_for_leo/build/multirobot_map_merge/map00.pgm’
[2.475s] 
[2.495s]      0K .......... .......... .......... .......... ..........  1% 2.40M 2s
[2.504s]     50K .......... .......... .......... .......... ..........  2% 5.45M 1s
[2.515s]    100K .......... .......... .......... .......... ..........  3% 4.21M 1s
[2.520s]    150K .......... .......... .......... .......... ..........  4% 11.1M 1s
[2.532s]    200K .......... .......... .......... .......... ..........  6% 3.95M 1s
[2.541s]    250K .......... .......... .......... .......... ..........  7% 5.44M 1s
[2.550s]    300K .......... .......... .......... .......... ..........  8% 5.16M 1s
[2.556s]    350K .......... .......... .......... .......... ..........  9% 9.10M 1s
[2.561s]    400K .......... .......... .......... .......... .......... 10% 8.70M 1s
[2.573s]    450K .......... .......... .......... .......... .......... 12% 4.32M 1s
[2.579s]    500K .......... .......... .......... .......... .......... 13% 7.20M 1s
[2.584s]    550K .......... .......... .......... .......... .......... 14% 10.5M 1s
[2.589s]    600K .......... .......... .......... .......... .......... 15% 9.94M 1s
[2.594s]    650K .......... .......... .......... .......... .......... 17% 10.0M 1s
[2.598s]    700K .......... .......... .......... .......... .......... 18% 11.4M 1s
[2.603s]    750K .......... .......... .......... .......... .......... 19% 10.1M 1s
[2.609s]    800K .......... .......... .......... .......... .......... 20% 7.77M 1s
[2.613s]    850K .......... .......... .......... .......... .......... 21% 13.0M 0s
[2.619s]    900K .......... .......... .......... .......... .......... 23% 8.47M 0s
[2.623s]    950K .......... .......... .......... .......... .......... 24% 11.4M 0s
[2.628s]   1000K .......... .......... .......... .......... .......... 25% 8.94M 0s
[2.632s]   1050K .......... .......... .......... .......... .......... 26% 15.1M 0s
[2.637s]   1100K .......... .......... .......... .......... .......... 28% 9.97M 0s
[2.642s]   1150K .......... .......... .......... .......... .......... 29% 13.7M 0s
[2.646s]   1200K .......... .......... .......... .......... .......... 30% 8.39M 0s
[2.651s]   1250K .......... .......... .......... .......... .......... 31% 9.64M 0s
[2.655s]   1300K .......... .......... .......... .......... .......... 32% 11.3M 0s
[2.661s]   1350K .......... .......... .......... .......... .......... 34% 9.11M 0s
[2.665s]   1400K .......... .......... .......... .......... .......... 35% 10.5M 0s
[2.673s]   1450K .......... .......... .......... .......... .......... 36% 6.37M 0s
[2.677s]   1500K .......... .......... .......... .......... .......... 37% 12.5M 0s
[2.682s]   1550K .......... .......... .......... .......... .......... 39% 8.97M 0s
[2.688s]   1600K .......... .......... .......... .......... .......... 40% 9.33M 0s
[2.691s]   1650K .......... .......... .......... .......... .......... 41% 13.1M 0s
[2.697s]   1700K .......... .......... .......... .......... .......... 42% 9.16M 0s
[2.700s]   1750K .......... .......... .......... .......... .......... 43% 15.8M 0s
[2.705s]   1800K .......... .......... .......... .......... .......... 45% 9.03M 0s
[2.709s]   1850K .......... .......... .......... .......... .......... 46% 12.9M 0s
[2.714s]   1900K .......... .......... .......... .......... .......... 47% 9.85M 0s
[2.720s]   1950K .......... .......... .......... .......... .......... 48% 7.83M 0s
[2.724s]   2000K .......... .......... .......... .......... .......... 50% 14.1M 0s
[2.728s]   2050K .......... .......... .......... .......... .......... 51% 11.5M 0s
[2.744s]   2100K .......... .......... .......... .......... .......... 52% 3.04M 0s
[2.748s]   2150K .......... .......... .......... .......... .......... 53% 11.2M 0s
[2.754s]   2200K .......... .......... .......... .......... .......... 54% 8.56M 0s
[2.758s]   2250K .......... .......... .......... .......... .......... 56% 11.4M 0s
[2.764s]   2300K .......... .......... .......... .......... .......... 57% 8.96M 0s
[2.769s]   2350K .......... .......... .......... .......... .......... 58% 8.64M 0s
[2.773s]   2400K .......... .......... .......... .......... .......... 59% 13.1M 0s
[2.777s]   2450K .......... .......... .......... .......... .......... 61% 12.6M 0s
[2.782s]   2500K .......... .......... .......... .......... .......... 62% 9.79M 0s
[2.786s]   2550K .......... .......... .......... .......... .......... 63% 12.9M 0s
[2.791s]   2600K .......... .......... .......... .......... .......... 64% 8.73M 0s
[2.796s]   2650K .......... .......... .......... .......... .......... 65% 12.6M 0s
[2.801s]   2700K .......... .......... .......... .......... .......... 67% 8.64M 0s
[2.806s]   2750K .......... .......... .......... .......... .......... 68% 9.44M 0s
[2.809s]   2800K .......... .......... .......... .......... .......... 69% 14.0M 0s
[2.818s]   2850K .......... .......... .......... .......... .......... 70% 6.20M 0s
[2.823s]   2900K .......... .......... .......... .......... .......... 72% 9.25M 0s
[2.826s]   2950K .......... .......... .......... .......... .......... 73% 13.2M 0s
[2.831s]   3000K .......... .......... .......... .......... .......... 74% 11.2M 0s
[2.838s]   3050K .......... .......... .......... .......... .......... 75% 7.09M 0s
[2.843s]   3100K .......... .......... .......... .......... .......... 76% 8.17M 0s
[2.850s]   3150K .......... .......... .......... .......... .......... 78% 7.82M 0s
[2.854s]   3200K .......... .......... .......... .......... .......... 79% 12.4M 0s
[2.859s]   3250K .......... .......... .......... .......... .......... 80% 9.52M 0s
[2.863s]   3300K .......... .......... .......... .......... .......... 81% 13.6M 0s
[2.868s]   3350K .......... .......... .......... .......... .......... 83% 8.90M 0s
[2.872s]   3400K .......... .......... .......... .......... .......... 84% 12.2M 0s
[2.876s]   3450K .......... .......... .......... .......... .......... 85% 12.8M 0s
[2.882s]   3500K .......... .......... .......... .......... .......... 86% 8.37M 0s
[2.887s]   3550K .......... .......... .......... .......... .......... 87% 9.34M 0s
[2.891s]   3600K .......... .......... .......... .......... .......... 89% 12.0M 0s
[2.896s]   3650K .......... .......... .......... .......... .......... 90% 9.72M 0s
[2.909s]   3700K .......... .......... .......... .......... .......... 91% 3.89M 0s
[2.912s]   3750K .......... .......... .......... .......... .......... 92% 12.6M 0s
[2.918s]   3800K .......... .......... .......... .......... .......... 93% 9.03M 0s
[2.923s]   3850K .......... .......... .......... .......... .......... 95% 8.76M 0s
[2.929s]   3900K .......... .......... .......... .......... .......... 96% 9.34M 0s
[2.934s]   3950K .......... .......... .......... .......... .......... 97% 9.78M 0s
[2.938s]   4000K .......... .......... .......... .......... .......... 98% 12.3M 0s
[2.941s]   4050K .......... .......... .......... .......... ......    100% 14.8M=0.5s
[2.941s] 
[2.941s] 2026-03-25 16:24:10 (8.58 MB/s) - ‘/home/student13/debuging/lei_github/nav_test_for_leo/build/multirobot_map_merge/map00.pgm’ saved [4194362/4194362]
[2.941s] 
[2.942s] Checking MD5 sum of /home/student13/debuging/lei_github/nav_test_for_leo/build/multirobot_map_merge/map00.pgm
[2.953s] /home/student13/debuging/lei_github/nav_test_for_leo/build/multirobot_map_merge/map00.pgm: OK
[2.958s] --2026-03-25 16:24:10--  https://raw.githubusercontent.com/hrnr/m-explore-extra/master/map_merge/hector_maps/map05.pgm
[2.981s] Resolving raw.githubusercontent.com (raw.githubusercontent.com)... 185.199.109.133, 185.199.111.133, 185.199.110.133, ...
[2.991s] Connecting to raw.githubusercontent.com (raw.githubusercontent.com)|185.199.109.133|:443... connected.
[3.128s] HTTP request sent, awaiting response... 200 OK
[3.128s] Length: 4194362 (4.0M) [application/octet-stream]
[3.128s] Saving to: ‘/home/student13/debuging/lei_github/nav_test_for_leo/build/multirobot_map_merge/map05.pgm’
[3.129s] 
[3.145s]      0K .......... .......... .......... .......... ..........  1% 2.90M 1s
[3.151s]     50K .......... .......... .......... .......... ..........  2% 8.22M 1s
[3.164s]    100K .......... .......... .......... .......... ..........  3% 3.75M 1s
[3.169s]    150K .......... .......... .......... .......... ..........  4% 8.73M 1s
[3.180s]    200K .......... .......... .......... .......... ..........  6% 4.50M 1s
[3.186s]    250K .......... .......... .......... .......... ..........  7% 9.04M 1s
[3.191s]    300K .......... .......... .......... .......... ..........  8% 13.4M 1s
[3.200s]    350K .......... .......... .......... .......... ..........  9% 4.55M 1s
[3.204s]    400K .......... .......... .......... .......... .......... 10% 11.3M 1s
[3.208s]    450K .......... .......... .......... .......... .......... 12% 12.3M 1s
[3.213s]    500K .......... .......... .......... .......... .......... 13% 9.47M 1s
[3.223s]    550K .......... .......... .......... .......... .......... 14% 6.35M 1s
[3.227s]    600K .......... .......... .......... .......... .......... 15% 9.08M 1s
[3.231s]    650K .......... .......... .......... .......... .......... 17% 10.1M 1s
[3.235s]    700K .......... .......... .......... .......... .......... 18% 12.6M 0s
[3.239s]    750K .......... .......... .......... .......... .......... 19% 13.8M 0s
[3.244s]    800K .......... .......... .......... .......... .......... 20% 8.88M 0s
[3.248s]    850K .......... .......... .......... .......... .......... 21% 11.9M 0s
[3.253s]    900K .......... .......... .......... .......... .......... 23% 9.84M 0s
[3.259s]    950K .......... .......... .......... .......... .......... 24% 12.0M 0s
[3.263s]   1000K .......... .......... .......... .......... .......... 25% 9.19M 0s
[3.269s]   1050K .......... .......... .......... .......... .......... 26% 8.67M 0s
[3.272s]   1100K .......... .......... .......... .......... .......... 28% 14.2M 0s
[3.275s]   1150K .......... .......... .......... .......... .......... 29% 14.2M 0s
[3.280s]   1200K .......... .......... .......... .......... .......... 30% 9.29M 0s
[3.284s]   1250K .......... .......... .......... .......... .......... 31% 13.1M 0s
[3.289s]   1300K .......... .......... .......... .......... .......... 32% 10.4M 0s
[3.299s]   1350K .......... .......... .......... .......... .......... 34% 6.67M 0s
[3.308s]   1400K .......... .......... .......... .......... .......... 35% 4.19M 0s
[3.312s]   1450K .......... .......... .......... .......... .......... 36% 11.7M 0s
[3.320s]   1500K .......... .......... .......... .......... .......... 37% 9.90M 0s
[3.323s]   1550K .......... .......... .......... .......... .......... 39% 8.74M 0s
[3.327s]   1600K .......... .......... .......... .......... .......... 40% 16.1M 0s
[3.333s]   1650K .......... .......... .......... .......... .......... 41% 7.27M 0s
[3.334s]   1700K .......... .......... .......... .......... .......... 42% 26.4M 0s
[3.342s]   1750K .......... .......... .......... .......... .......... 43% 6.67M 0s
[3.348s]   1800K .......... .......... .......... .......... .......... 45% 7.55M 0s
[3.352s]   1850K .......... .......... .......... .......... .......... 46% 13.3M 0s
[3.357s]   1900K .......... .......... .......... .......... .......... 47% 11.6M 0s
[3.360s]   1950K .......... .......... .......... .......... .......... 48% 13.0M 0s
[3.365s]   2000K .......... .......... .......... .......... .......... 50% 9.68M 0s
[3.368s]   2050K .......... .......... .......... .......... .......... 51% 12.7M 0s
[3.372s]   2100K .......... .......... .......... .......... .......... 52% 12.4M 0s
[3.378s]   2150K .......... .......... .......... .......... .......... 53% 8.17M 0s
[3.383s]   2200K .......... .......... .......... .......... .......... 54% 11.2M 0s
[3.394s]   2250K .......... .......... .......... .......... .......... 56% 4.40M 0s
[3.399s]   2300K .......... .......... .......... .......... .......... 57% 9.93M 0s
[3.406s]   2350K .......... .......... .......... .......... .......... 58% 6.71M 0s
[3.410s]   2400K .......... .......... .......... .......... .......... 59% 12.4M 0s
[3.426s]   2450K .......... .......... .......... .......... .......... 61% 3.19M 0s
[3.426s]   2500K .......... .......... .......... .......... .......... 62%  306M 0s
[3.427s]   2550K .......... .......... .......... .......... .......... 63% 29.7M 0s
[3.434s]   2600K .......... .......... .......... .......... .......... 64% 10.4M 0s
[3.437s]   2650K .......... .......... .......... .......... .......... 65% 9.71M 0s
[3.439s]   2700K .......... .......... .......... .......... .......... 67% 25.3M 0s
[3.444s]   2750K .......... .......... .......... .......... .......... 68% 9.23M 0s
[3.448s]   2800K .......... .......... .......... .......... .......... 69% 13.2M 0s
[3.451s]   2850K .......... .......... .......... .......... .......... 70% 13.2M 0s
[3.457s]   2900K .......... .......... .......... .......... .......... 72% 8.78M 0s
[3.462s]   2950K .......... .......... .......... .......... .......... 73% 9.74M 0s
[3.466s]   3000K .......... .......... .......... .......... .......... 74% 12.9M 0s
[3.471s]   3050K .......... .......... .......... .......... .......... 75% 9.15M 0s
[3.475s]   3100K .......... .......... .......... .......... .......... 76% 12.2M 0s
[3.480s]   3150K .......... .......... .......... .......... .......... 78% 9.24M 0s
[3.484s]   3200K .......... .......... .......... .......... .......... 79% 13.7M 0s
[3.500s]   3250K .......... .......... .......... .......... .......... 80% 3.05M 0s
[3.507s]   3300K .......... .......... .......... .......... .......... 81% 7.14M 0s
[3.511s]   3350K .......... .......... .......... .......... .......... 83% 12.4M 0s
[3.519s]   3400K .......... .......... .......... .......... .......... 84% 6.52M 0s
[3.521s]   3450K .......... .......... .......... .......... .......... 85% 27.3M 0s
[3.526s]   3500K .......... .......... .......... .......... .......... 86% 8.88M 0s
[3.532s]   3550K .......... .......... .......... .......... .......... 87% 15.3M 0s
[3.535s]   3600K .......... .......... .......... .......... .......... 89% 13.5M 0s
[3.537s]   3650K .......... .......... .......... .......... .......... 90% 9.45M 0s
[3.543s]   3700K .......... .......... .......... .......... .......... 91% 8.88M 0s
[3.548s]   3750K .......... .......... .......... .......... .......... 92% 10.4M 0s
[3.553s]   3800K .......... .......... .......... .......... .......... 93% 9.18M 0s
[3.557s]   3850K .......... .......... .......... .......... .......... 95% 13.2M 0s
[3.562s]   3900K .......... .......... .......... .......... .......... 96% 9.76M 0s
[3.565s]   3950K .......... .......... .......... .......... .......... 97% 16.4M 0s
[3.570s]   4000K .......... .......... .......... .......... .......... 98% 9.10M 0s
[3.573s]   4050K .......... .......... .......... .......... ......    100% 17.0M=0.4s
[3.573s] 
[3.573s] 2026-03-25 16:24:11 (8.99 MB/s) - ‘/home/student13/debuging/lei_github/nav_test_for_leo/build/multirobot_map_merge/map05.pgm’ saved [4194362/4194362]
[3.573s] 
[3.574s] Checking MD5 sum of /home/student13/debuging/lei_github/nav_test_for_leo/build/multirobot_map_merge/map05.pgm
[3.587s] /home/student13/debuging/lei_github/nav_test_for_leo/build/multirobot_map_merge/map05.pgm: OK
[3.594s] --2026-03-25 16:24:11--  https://raw.githubusercontent.com/hrnr/m-explore-extra/master/map_merge/gmapping_maps/2011-08-09-12-22-52.pgm
[3.638s] Resolving raw.githubusercontent.com (raw.githubusercontent.com)... 185.199.109.133, 185.199.111.133, 185.199.110.133, ...
[3.648s] Connecting to raw.githubusercontent.com (raw.githubusercontent.com)|185.199.109.133|:443... connected.
[3.804s] HTTP request sent, awaiting response... 200 OK
[3.804s] Length: 16000058 (15M) [application/octet-stream]
[3.804s] Saving to: ‘/home/student13/debuging/lei_github/nav_test_for_leo/build/multirobot_map_merge/2011-08-09-12-22-52.pgm’
[3.805s] 
[3.821s]      0K .......... .......... .......... .......... ..........  0% 2.82M 5s
[3.828s]     50K .......... .......... .......... .......... ..........  0% 7.91M 4s
[3.844s]    100K .......... .......... .......... .......... ..........  0% 4.00M 4s
[3.844s]    150K .......... .......... .......... .......... ..........  1% 11.9M 3s
[3.856s]    200K .......... .......... .......... .......... ..........  1% 4.00M 3s
[3.862s]    250K .......... .......... .......... .......... ..........  1% 7.45M 3s
[3.871s]    300K .......... .......... .......... .......... ..........  2% 7.93M 3s
[3.874s]    350K .......... .......... .......... .......... ..........  2% 8.12M 3s
[3.880s]    400K .......... .......... .......... .......... ..........  2% 8.19M 3s
[3.889s]    450K .......... .......... .......... .......... ..........  3% 5.96M 3s
[3.892s]    500K .......... .......... .......... .......... ..........  3% 12.4M 2s
[3.898s]    550K .......... .......... .......... .......... ..........  3% 8.97M 2s
[3.902s]    600K .......... .......... .......... .......... ..........  4% 13.8M 2s
[3.906s]    650K .......... .......... .......... .......... ..........  4% 12.2M 2s
[3.911s]    700K .......... .......... .......... .......... ..........  4% 9.60M 2s
[3.924s]    750K .......... .......... .......... .......... ..........  5% 8.00M 2s
[3.927s]    800K .......... .......... .......... .......... ..........  5% 5.95M 2s
[3.927s]    850K .......... .......... .......... .......... ..........  5% 29.5M 2s
[3.931s]    900K .......... .......... .......... .......... ..........  6% 13.4M 2s
[3.935s]    950K .......... .......... .......... .......... ..........  6% 14.8M 2s
[3.939s]   1000K .......... .......... .......... .......... ..........  6% 9.23M 2s
[3.944s]   1050K .......... .......... .......... .......... ..........  7% 13.7M 2s
[3.947s]   1100K .......... .......... .......... .......... ..........  7% 11.0M 2s
[3.953s]   1150K .......... .......... .......... .......... ..........  7% 8.21M 2s
[3.958s]   1200K .......... .......... .......... .......... ..........  7% 9.32M 2s
[3.962s]   1250K .......... .......... .......... .......... ..........  8% 14.3M 2s
[3.966s]   1300K .......... .......... .......... .......... ..........  8% 12.0M 2s
[3.971s]   1350K .......... .......... .......... .......... ..........  8% 8.59M 2s
[3.975s]   1400K .......... .......... .......... .......... ..........  9% 13.0M 2s
[3.979s]   1450K .......... .......... .......... .......... ..........  9% 12.6M 2s
[3.985s]   1500K .......... .......... .......... .......... ..........  9% 7.35M 2s
[3.989s]   1550K .......... .......... .......... .......... .......... 10% 13.0M 2s
[3.994s]   1600K .......... .......... .......... .......... .......... 10% 11.0M 2s
[3.998s]   1650K .......... .......... .......... .......... .......... 10% 12.8M 2s
[4.002s]   1700K .......... .......... .......... .......... .......... 11% 10.3M 2s
[4.006s]   1750K .......... .......... .......... .......... .......... 11% 12.6M 2s
[4.011s]   1800K .......... .......... .......... .......... .......... 11% 10.9M 2s
[4.022s]   1850K .......... .......... .......... .......... .......... 12% 4.57M 2s
[4.030s]   1900K .......... .......... .......... .......... .......... 12% 8.18M 2s
[4.033s]   1950K .......... .......... .......... .......... .......... 12% 9.28M 2s
[4.037s]   2000K .......... .......... .......... .......... .......... 13% 12.6M 2s
[4.041s]   2050K .......... .......... .......... .......... .......... 13% 13.5M 2s
[4.045s]   2100K .......... .......... .......... .......... .......... 13% 9.26M 2s
[4.049s]   2150K .......... .......... .......... .......... .......... 14% 13.1M 1s
[4.053s]   2200K .......... .......... .......... .......... .......... 14% 13.2M 1s
[4.058s]   2250K .......... .......... .......... .......... .......... 14% 9.30M 1s
[4.063s]   2300K .......... .......... .......... .......... .......... 15% 9.61M 1s
[4.069s]   2350K .......... .......... .......... .......... .......... 15% 8.95M 1s
[4.074s]   2400K .......... .......... .......... .......... .......... 15% 8.97M 1s
[4.078s]   2450K .......... .......... .......... .......... .......... 15% 13.5M 1s
[4.082s]   2500K .......... .......... .......... .......... .......... 16% 10.4M 1s
[4.086s]   2550K .......... .......... .......... .......... .......... 16% 12.9M 1s
[4.091s]   2600K .......... .......... .......... .......... .......... 16% 10.4M 1s
[4.096s]   2650K .......... .......... .......... .......... .......... 17% 10.6M 1s
[4.101s]   2700K .......... .......... .......... .......... .......... 17% 9.36M 1s
[4.108s]   2750K .......... .......... .......... .......... .......... 17% 10.5M 1s
[4.113s]   2800K .......... .......... .......... .......... .......... 18% 8.37M 1s
[4.124s]   2850K .......... .......... .......... .......... .......... 18% 4.43M 1s
[4.129s]   2900K .......... .......... .......... .......... .......... 18% 8.12M 1s
[4.133s]   2950K .......... .......... .......... .......... .......... 19% 11.1M 1s
[4.138s]   3000K .......... .......... .......... .......... .......... 19% 9.99M 1s
[4.143s]   3050K .......... .......... .......... .......... .......... 19% 13.5M 1s
[4.147s]   3100K .......... .......... .......... .......... .......... 20% 8.71M 1s
[4.152s]   3150K .......... .......... .......... .......... .......... 20% 9.97M 1s
[4.155s]   3200K .......... .......... .......... .......... .......... 20% 12.6M 1s
[4.160s]   3250K .......... .......... .......... .......... .......... 21% 10.1M 1s
[4.164s]   3300K .......... .......... .......... .......... .......... 21% 13.3M 1s
[4.168s]   3350K .......... .......... .......... .......... .......... 21% 11.4M 1s
[4.175s]   3400K .......... .......... .......... .......... .......... 22% 10.2M 1s
[4.179s]   3450K .......... .......... .......... .......... .......... 22% 8.36M 1s
[4.183s]   3500K .......... .......... .......... .......... .......... 22% 14.1M 1s
[4.189s]   3550K .......... .......... .......... .......... .......... 23% 10.1M 1s
[4.191s]   3600K .......... .......... .......... .......... .......... 23% 11.8M 1s
[4.196s]   3650K .......... .......... .......... .......... .......... 23% 9.68M 1s
[4.200s]   3700K .......... .......... .......... .......... .......... 23% 13.8M 1s
[4.205s]   3750K .......... .......... .......... .......... .......... 24% 9.63M 1s
[4.219s]   3800K .......... .......... .......... .......... .......... 24% 3.52M 1s
[4.225s]   3850K .......... .......... .......... .......... .......... 24% 8.38M 1s
[4.230s]   3900K .......... .......... .......... .......... .......... 25% 9.42M 1s
[4.235s]   3950K .......... .......... .......... .......... .......... 25% 8.96M 1s
[4.239s]   4000K .......... .......... .......... .......... .......... 25% 13.0M 1s
[4.243s]   4050K .......... .......... .......... .......... .......... 26% 13.4M 1s
[4.248s]   4100K .......... .......... .......... .......... .......... 26% 9.27M 1s
[4.253s]   4150K .......... .......... .......... .......... .......... 26% 12.6M 1s
[4.258s]   4200K .......... .......... .......... .......... .......... 27% 7.96M 1s
[4.262s]   4250K .......... .......... .......... .......... .......... 27% 10.5M 1s
[4.267s]   4300K .......... .......... .......... .......... .......... 27% 11.2M 1s
[4.271s]   4350K .......... .......... .......... .......... .......... 28% 12.3M 1s
[4.275s]   4400K .......... .......... .......... .......... .......... 28% 11.9M 1s
[4.280s]   4450K .......... .......... .......... .......... .......... 28% 9.70M 1s
[4.283s]   4500K .......... .......... .......... .......... .......... 29% 14.3M 1s
[4.289s]   4550K .......... .......... .......... .......... .......... 29% 8.93M 1s
[4.293s]   4600K .......... .......... .......... .......... .......... 29% 11.4M 1s
[4.302s]   4650K .......... .......... .......... .......... .......... 30% 8.99M 1s
[4.302s]   4700K .......... .......... .......... .......... .......... 30% 14.8M 1s
[4.309s]   4750K .......... .......... .......... .......... .......... 30% 12.1M 1s
[4.312s]   4800K .......... .......... .......... .......... .......... 31% 8.29M 1s
[4.337s]   4850K .......... .......... .......... .......... .......... 31% 1.93M 1s
[4.340s]   4900K .......... .......... .......... .......... .......... 31%  108M 1s
[4.340s]   4950K .......... .......... .......... .......... .......... 31%  233M 1s
[4.341s]   5000K .......... .......... .......... .......... .......... 32%  182M 1s
[4.342s]   5050K .......... .......... .......... .......... .......... 32% 13.4M 1s
[4.347s]   5100K .......... .......... .......... .......... .......... 32% 25.5M 1s
[4.349s]   5150K .......... .......... .......... .......... .......... 33% 10.1M 1s
[4.354s]   5200K .......... .......... .......... .......... .......... 33% 10.2M 1s
[4.357s]   5250K .......... .......... .......... .......... .......... 33% 13.9M 1s
[4.362s]   5300K .......... .......... .......... .......... .......... 34% 9.62M 1s
[4.369s]   5350K .......... .......... .......... .......... .......... 34% 14.1M 1s
[4.373s]   5400K .......... .......... .......... .......... .......... 34% 8.00M 1s
[4.377s]   5450K .......... .......... .......... .......... .......... 35% 9.38M 1s
[4.380s]   5500K .......... .......... .......... .......... .......... 35% 14.4M 1s
[4.384s]   5550K .......... .......... .......... .......... .......... 35% 14.5M 1s
[4.389s]   5600K .......... .......... .......... .......... .......... 36% 11.2M 1s
[4.393s]   5650K .......... .......... .......... .......... .......... 36% 9.67M 1s
[4.398s]   5700K .......... .......... .......... .......... .......... 36% 11.0M 1s
[4.402s]   5750K .......... .......... .......... .......... .......... 37% 11.3M 1s
[4.410s]   5800K .......... .......... .......... .......... .......... 37% 8.17M 1s
[4.422s]   5850K .......... .......... .......... .......... .......... 37% 5.49M 1s
[4.423s]   5900K .......... .......... .......... .......... .......... 38%  210M 1s
[4.424s]   5950K .......... .......... .......... .......... .......... 38% 11.4M 1s
[4.426s]   6000K .......... .......... .......... .......... .......... 38% 14.0M 1s
[4.429s]   6050K .......... .......... .......... .......... .......... 39% 9.96M 1s
[4.451s]   6100K .......... .......... .......... .......... .......... 39% 2.88M 1s
[4.454s]   6150K .......... .......... .......... .......... .......... 39% 9.68M 1s
[4.459s]   6200K .......... .......... .......... .......... .......... 39% 8.16M 1s
[4.462s]   6250K .......... .......... .......... .......... .......... 40% 11.5M 1s
[4.466s]   6300K .......... .......... .......... .......... .......... 40% 10.4M 1s
[4.471s]   6350K .......... .......... .......... .......... .......... 40% 11.7M 1s
[4.477s]   6400K .......... .......... .......... .......... .......... 41% 8.36M 1s
[4.518s]   6450K .......... .......... .......... .......... .......... 41% 15.0M 1s
[4.518s]   6500K .......... .......... .......... .......... .......... 41% 7.66M 1s
[4.518s]   6550K .......... .......... .......... .......... .......... 42% 9.95M 1s
[4.519s]   6600K .......... .......... .......... .......... .......... 42% 11.3M 1s
[4.519s]   6650K .......... .......... .......... .......... .......... 42% 13.8M 1s
[4.519s]   6700K .......... .......... .......... .......... .......... 43% 10.2M 1s
[4.519s]   6750K .......... .......... .......... .......... .......... 43% 12.5M 1s
[4.519s]   6800K .......... .......... .......... .......... .......... 43% 13.9M 1s
[4.523s]   6850K .......... .......... .......... .......... .......... 44% 5.65M 1s
[4.523s]   6900K .......... .......... .......... .......... .......... 44% 22.9M 1s
[4.529s]   6950K .......... .......... .......... .......... .......... 44% 10.1M 1s
[4.531s]   7000K .......... .......... .......... .......... .......... 45% 13.3M 1s
[4.534s]   7050K .......... .......... .......... .......... .......... 45% 13.5M 1s
[4.542s]   7100K .......... .......... .......... .......... .......... 45% 10.7M 1s
[4.544s]   7150K .......... .......... .......... .......... .......... 46% 11.1M 1s
[4.555s]   7200K .......... .......... .......... .......... .......... 46% 4.35M 1s
[4.562s]   7250K .......... .......... .......... .......... .......... 46% 6.38M 1s
[4.567s]   7300K .......... .......... .......... .......... .......... 47% 9.47M 1s
[4.573s]   7350K .......... .......... .......... .......... .......... 47% 12.3M 1s
[4.577s]   7400K .......... .......... .......... .......... .......... 47% 8.63M 1s
[4.579s]   7450K .......... .......... .......... .......... .......... 47% 22.8M 1s
[4.584s]   7500K .......... .......... .......... .......... .......... 48% 8.41M 1s
[4.589s]   7550K .......... .......... .......... .......... .......... 48% 11.2M 1s
[4.594s]   7600K .......... .......... .......... .......... .......... 48% 10.3M 1s
[4.601s]   7650K .......... .......... .......... .......... .......... 49% 7.02M 1s
[4.604s]   7700K .......... .......... .......... .......... .......... 49% 38.1M 1s
[4.608s]   7750K .......... .......... .......... .......... .......... 49% 13.3M 1s
[4.610s]   7800K .......... .......... .......... .......... .......... 50% 11.9M 1s
[4.615s]   7850K .......... .......... .......... .......... .......... 50% 9.92M 1s
[4.619s]   7900K .......... .......... .......... .......... .......... 50% 14.4M 1s
[4.625s]   7950K .......... .......... .......... .......... .......... 51% 8.64M 1s
[4.640s]   8000K .......... .......... .......... .......... .......... 51% 8.80M 1s
[4.640s]   8050K .......... .......... .......... .......... .......... 51% 10.6M 1s
[4.640s]   8100K .......... .......... .......... .......... .......... 52% 12.0M 1s
[4.641s]   8150K .......... .......... .......... .......... .......... 52% 25.8M 1s
[4.648s]   8200K .......... .......... .......... .......... .......... 52% 10.4M 1s
[4.651s]   8250K .......... .......... .......... .......... .......... 53% 12.0M 1s
[4.654s]   8300K .......... .......... .......... .......... .......... 53% 9.66M 1s
[4.660s]   8350K .......... .......... .......... .......... .......... 53% 9.21M 1s
[4.663s]   8400K .......... .......... .......... .......... .......... 54% 14.3M 1s
[4.670s]   8450K .......... .......... .......... .......... .......... 54% 6.36M 1s
[4.674s]   8500K .......... .......... .......... .......... .......... 54% 14.2M 1s
[4.675s]   8550K .......... .......... .......... .......... .......... 55% 30.0M 1s
[4.682s]   8600K .......... .......... .......... .......... .......... 55% 6.60M 1s
[4.684s]   8650K .......... .......... .......... .......... .......... 55% 35.8M 1s
[4.689s]   8700K .......... .......... .......... .......... .......... 55% 8.94M 1s
[4.711s]   8750K .......... .......... .......... .......... .......... 56% 2.54M 1s
[4.711s]   8800K .......... .......... .......... .......... .......... 56% 31.0M 1s
[4.721s]   8850K .......... .......... .......... .......... .......... 56% 8.08M 1s
[4.721s]   8900K .......... .......... .......... .......... .......... 57% 16.6M 1s
[4.730s]   8950K .......... .......... .......... .......... .......... 57% 10.5M 1s
[4.731s]   9000K .......... .......... .......... .......... .......... 57% 17.1M 1s
[4.736s]   9050K .......... .......... .......... .......... .......... 58% 6.95M 1s
[4.736s]   9100K .......... .......... .......... .......... .......... 58% 21.2M 1s
[4.741s]   9150K .......... .......... .......... .......... .......... 58% 8.92M 1s
[4.750s]   9200K .......... .......... .......... .......... .......... 59% 6.03M 1s
[4.751s]   9250K .......... .......... .......... .......... .......... 59% 48.6M 1s
[4.756s]   9300K .......... .......... .......... .......... .......... 59% 14.5M 1s
[4.757s]   9350K .......... .......... .......... .......... .......... 60% 12.8M 1s
[4.763s]   9400K .......... .......... .......... .......... .......... 60% 8.34M 1s
[4.771s]   9450K .......... .......... .......... .......... .......... 60% 7.00M 1s
[4.773s]   9500K .......... .......... .......... .......... .......... 61% 23.4M 1s
[4.778s]   9550K .......... .......... .......... .......... .......... 61% 9.40M 1s
[4.781s]   9600K .......... .......... .......... .......... .......... 61% 13.4M 1s
[4.788s]   9650K .......... .......... .......... .......... .......... 62% 7.81M 1s
[4.790s]   9700K .......... .......... .......... .......... .......... 62% 20.5M 1s
[4.798s]   9750K .......... .......... .......... .......... .......... 62% 13.3M 1s
[4.800s]   9800K .......... .......... .......... .......... .......... 63% 7.58M 1s
[4.804s]   9850K .......... .......... .......... .......... .......... 63% 14.9M 1s
[4.811s]   9900K .......... .......... .......... .......... .......... 63% 6.90M 1s
[4.817s]   9950K .......... .......... .......... .......... .......... 63% 19.7M 1s
[4.819s]  10000K .......... .......... .......... .......... .......... 64% 10.6M 1s
[4.823s]  10050K .......... .......... .......... .......... .......... 64% 8.34M 1s
[4.828s]  10100K .......... .......... .......... .......... .......... 64% 9.74M 1s
[4.833s]  10150K .......... .......... .......... .......... .......... 65% 17.4M 1s
[4.836s]  10200K .......... .......... .......... .......... .......... 65% 9.76M 1s
[4.841s]  10250K .......... .......... .......... .......... .......... 65% 10.8M 1s
[4.846s]  10300K .......... .......... .......... .......... .......... 66% 9.90M 1s
[4.850s]  10350K .......... .......... .......... .......... .......... 66% 10.9M 1s
[4.854s]  10400K .......... .......... .......... .......... .......... 66% 15.4M 1s
[4.858s]  10450K .......... .......... .......... .......... .......... 67% 11.0M 1s
[4.863s]  10500K .......... .......... .......... .......... .......... 67% 11.4M 1s
[4.874s]  10550K .......... .......... .......... .......... .......... 67% 4.07M 1s
[4.885s]  10600K .......... .......... .......... .......... .......... 68% 7.74M 1s
[4.888s]  10650K .......... .......... .......... .......... .......... 68% 7.49M 0s
[4.891s]  10700K .......... .......... .......... .......... .......... 68% 12.4M 0s
[4.896s]  10750K .......... .......... .......... .......... .......... 69% 9.85M 0s
[4.904s]  10800K .......... .......... .......... .......... .......... 69% 6.50M 0s
[4.904s]  10850K .......... .......... .......... .......... .......... 69%  178M 0s
[4.912s]  10900K .......... .......... .......... .......... .......... 70% 6.74M 0s
[4.912s]  10950K .......... .......... .......... .......... .......... 70% 70.7M 0s
[4.931s]  11000K .......... .......... .......... .......... .......... 70% 3.34M 0s
[4.931s]  11050K .......... .......... .......... .......... .......... 71%  114M 0s
[4.932s]  11100K .......... .......... .......... .......... .......... 71%  193M 0s
[4.932s]  11150K .......... .......... .......... .......... .......... 71% 16.1M 0s
[4.936s]  11200K .......... .......... .......... .......... .......... 71% 10.0M 0s
[4.943s]  11250K .......... .......... .......... .......... .......... 72% 10.4M 0s
[4.943s]  11300K .......... .......... .......... .......... .......... 72% 14.1M 0s
[4.948s]  11350K .......... .......... .......... .......... .......... 72% 10.1M 0s
[4.953s]  11400K .......... .......... .......... .......... .......... 73% 14.0M 0s
[4.959s]  11450K .......... .......... .......... .......... .......... 73% 7.19M 0s
[4.961s]  11500K .......... .......... .......... .......... .......... 73% 16.4M 0s
[4.966s]  11550K .......... .......... .......... .......... .......... 74% 11.6M 0s
[4.972s]  11600K .......... .......... .......... .......... .......... 74% 9.11M 0s
[4.975s]  11650K .......... .......... .......... .......... .......... 74% 13.2M 0s
[4.978s]  11700K .......... .......... .......... .......... .......... 75% 15.3M 0s
[4.985s]  11750K .......... .......... .......... .......... .......... 75% 6.90M 0s
[4.988s]  11800K .......... .......... .......... .......... .......... 75% 14.3M 0s
[4.991s]  11850K .......... .......... .......... .......... .......... 76% 14.3M 0s
[4.996s]  11900K .......... .......... .......... .......... .......... 76% 10.8M 0s
[5.001s]  11950K .......... .......... .......... .......... .......... 76% 10.7M 0s
[5.015s]  12000K .......... .......... .......... .......... .......... 77% 8.70M 0s
[5.015s]  12050K .......... .......... .......... .......... .......... 77% 13.6M 0s
[5.017s]  12100K .......... .......... .......... .......... .......... 77% 7.77M 0s
[5.023s]  12150K .......... .......... .......... .......... .......... 78% 7.81M 0s
[5.024s]  12200K .......... .......... .......... .......... .......... 78% 28.2M 0s
[5.048s]  12250K .......... .......... .......... .......... .......... 78% 3.84M 0s
[5.048s]  12300K .......... .......... .......... .......... .......... 79% 5.97M 0s
[5.049s]  12350K .......... .......... .......... .......... .......... 79% 48.7M 0s
[5.050s]  12400K .......... .......... .......... .......... .......... 79% 11.3M 0s
[5.056s]  12450K .......... .......... .......... .......... .......... 79% 9.57M 0s
[5.059s]  12500K .......... .......... .......... .......... .......... 80% 13.2M 0s
[5.064s]  12550K .......... .......... .......... .......... .......... 80% 9.67M 0s
[5.069s]  12600K .......... .......... .......... .......... .......... 80% 9.49M 0s
[5.076s]  12650K .......... .......... .......... .......... .......... 81% 8.65M 0s
[5.079s]  12700K .......... .......... .......... .......... .......... 81% 12.9M 0s
[5.084s]  12750K .......... .......... .......... .......... .......... 81% 9.83M 0s
[5.085s]  12800K .......... .......... .......... .......... .......... 82% 23.2M 0s
[5.092s]  12850K .......... .......... .......... .......... .......... 82% 9.46M 0s
[5.095s]  12900K .......... .......... .......... .......... .......... 82% 11.6M 0s
[5.106s]  12950K .......... .......... .......... .......... .......... 83% 10.1M 0s
[5.106s]  13000K .......... .......... .......... .......... .......... 83% 11.9M 0s
[5.108s]  13050K .......... .......... .......... .......... .......... 83% 11.0M 0s
[5.114s]  13100K .......... .......... .......... .......... .......... 84% 13.9M 0s
[5.144s]  13150K .......... .......... .......... .......... .......... 84% 10.9M 0s
[5.146s]  13200K .......... .......... .......... .......... .......... 84% 2.57M 0s
[5.149s]  13250K .......... .......... .......... .......... .......... 85%  127M 0s
[5.149s]  13300K .......... .......... .......... .......... .......... 85%  214M 0s
[5.149s]  13350K .......... .......... .......... .......... .......... 85% 85.4M 0s
[5.150s]  13400K .......... .......... .......... .......... .......... 86% 24.8M 0s
[5.150s]  13450K .......... .......... .......... .......... .......... 86% 6.93M 0s
[5.150s]  13500K .......... .......... .......... .......... .......... 86% 25.6M 0s
[5.157s]  13550K .......... .......... .......... .......... .......... 87% 6.55M 0s
[5.159s]  13600K .......... .......... .......... .......... .......... 87% 85.6M 0s
[5.159s]  13650K .......... .......... .......... .......... .......... 87% 12.0M 0s
[5.162s]  13700K .......... .......... .......... .......... .......... 87% 18.2M 0s
[5.169s]  13750K .......... .......... .......... .......... .......... 88% 10.3M 0s
[5.172s]  13800K .......... .......... .......... .......... .......... 88% 11.0M 0s
[5.178s]  13850K .......... .......... .......... .......... .......... 88% 7.16M 0s
[5.193s]  13900K .......... .......... .......... .......... .......... 89% 3.43M 0s
[5.200s]  13950K .......... .......... .......... .......... .......... 89% 8.09M 0s
[5.205s]  14000K .......... .......... .......... .......... .......... 89% 52.9M 0s
[5.207s]  14050K .......... .......... .......... .......... .......... 90% 6.49M 0s
[5.211s]  14100K .......... .......... .......... .......... .......... 90% 13.8M 0s
[5.227s]  14150K .......... .......... .......... .......... .......... 90% 3.16M 0s
[5.228s]  14200K .......... .......... .......... .......... .......... 91%  142M 0s
[5.232s]  14250K .......... .......... .......... .......... .......... 91% 26.5M 0s
[5.232s]  14300K .......... .......... .......... .......... .......... 91% 29.7M 0s
[5.235s]  14350K .......... .......... .......... .......... .......... 92% 10.0M 0s
[5.238s]  14400K .......... .......... .......... .......... .......... 92% 12.9M 0s
[5.244s]  14450K .......... .......... .......... .......... .......... 92% 9.38M 0s
[5.251s]  14500K .......... .......... .......... .......... .......... 93% 8.25M 0s
[5.256s]  14550K .......... .......... .......... .......... .......... 93% 8.98M 0s
[5.257s]  14600K .......... .......... .......... .......... .......... 93% 59.0M 0s
[5.265s]  14650K .......... .......... .......... .......... .......... 94% 6.36M 0s
[5.267s]  14700K .......... .......... .......... .......... .......... 94% 45.9M 0s
[5.271s]  14750K .......... .......... .......... .......... .......... 94% 8.09M 0s
[5.274s]  14800K .......... .......... .......... .......... .......... 95% 14.5M 0s
[5.279s]  14850K .......... .......... .......... .......... .......... 95% 9.98M 0s
[5.284s]  14900K .......... .......... .......... .......... .......... 95% 9.69M 0s
[5.289s]  14950K .......... .......... .......... .......... .......... 95% 9.78M 0s
[5.296s]  15000K .......... .......... .......... .......... .......... 96% 10.1M 0s
[5.307s]  15050K .......... .......... .......... .......... .......... 96% 10.3M 0s
[5.307s]  15100K .......... .......... .......... .......... .......... 96% 17.9M 0s
[5.307s]  15150K .......... .......... .......... .......... .......... 97% 8.85M 0s
[5.310s]  15200K .......... .......... .......... .......... .......... 97% 13.4M 0s
[5.321s]  15250K .......... .......... .......... .......... .......... 97% 5.80M 0s
[5.328s]  15300K .......... .......... .......... .......... .......... 98% 6.31M 0s
[5.328s]  15350K .......... .......... .......... .......... .......... 98%  141M 0s
[5.329s]  15400K .......... .......... .......... .......... .......... 98% 22.0M 0s
[5.340s]  15450K .......... .......... .......... .......... .......... 99% 8.40M 0s
[5.340s]  15500K .......... .......... .......... .......... .......... 99% 9.62M 0s
[5.342s]  15550K .......... .......... .......... .......... .......... 99% 29.8M 0s
[5.348s]  15600K .......... .......... .....                           100% 7.59M=1.5s
[5.348s] 
[5.348s] 2026-03-25 16:24:13 (9.90 MB/s) - ‘/home/student13/debuging/lei_github/nav_test_for_leo/build/multirobot_map_merge/2011-08-09-12-22-52.pgm’ saved [16000058/16000058]
[5.348s] 
[5.357s] Checking MD5 sum of /home/student13/debuging/lei_github/nav_test_for_leo/build/multirobot_map_merge/2011-08-09-12-22-52.pgm
[5.439s] /home/student13/debuging/lei_github/nav_test_for_leo/build/multirobot_map_merge/2011-08-09-12-22-52.pgm: OK
[5.472s] --2026-03-25 16:24:13--  https://raw.githubusercontent.com/hrnr/m-explore-extra/master/map_merge/gmapping_maps/2012-01-28-11-12-01.pgm
[5.543s] Resolving raw.githubusercontent.com (raw.githubusercontent.com)... 185.199.110.133, 185.199.111.133, 185.199.108.133, ...
[5.554s] Connecting to raw.githubusercontent.com (raw.githubusercontent.com)|185.199.110.133|:443... connected.
[5.750s] HTTP request sent, awaiting response... 200 OK
[5.751s] Length: 16000058 (15M) [application/octet-stream]
[5.751s] Saving to: ‘/home/student13/debuging/lei_github/nav_test_for_leo/build/multirobot_map_merge/2012-01-28-11-12-01.pgm’
[5.755s] 
[5.774s]      0K .......... .......... .......... .......... ..........  0% 2.26M 7s
[5.782s]     50K .......... .......... .......... .......... ..........  0% 9.39M 4s
[5.796s]    100K .......... .......... .......... .......... ..........  0% 3.04M 4s
[5.802s]    150K .......... .......... .......... .......... ..........  1% 5.47M 4s
[5.816s]    200K .......... .......... .......... .......... ..........  1% 3.69M 4s
[5.826s]    250K .......... .......... .......... .......... ..........  1% 5.08M 4s
[5.837s]    300K .......... .......... .......... .......... ..........  2% 4.28M 4s
[5.844s]    350K .......... .......... .......... .......... ..........  2% 7.94M 4s
[5.852s]    400K .......... .......... .......... .......... ..........  2% 5.99M 3s
[5.860s]    450K .......... .......... .......... .......... ..........  3% 5.78M 3s
[5.865s]    500K .......... .......... .......... .......... ..........  3% 9.67M 3s
[5.873s]    550K .......... .......... .......... .......... ..........  3% 7.07M 3s
[5.875s]    600K .......... .......... .......... .......... ..........  4% 16.7M 3s
[5.880s]    650K .......... .......... .......... .......... ..........  4% 8.84M 3s
[5.890s]    700K .......... .......... .......... .......... ..........  4% 12.1M 3s
[5.891s]    750K .......... .......... .......... .......... ..........  5% 9.65M 3s
[5.894s]    800K .......... .......... .......... .......... ..........  5% 8.91M 2s
[5.900s]    850K .......... .......... .......... .......... ..........  5% 9.33M 2s
[5.904s]    900K .......... .......... .......... .......... ..........  6% 12.1M 2s
[5.909s]    950K .......... .......... .......... .......... ..........  6% 9.11M 2s
[5.913s]   1000K .......... .......... .......... .......... ..........  6% 14.0M 2s
[5.920s]   1050K .......... .......... .......... .......... ..........  7% 7.35M 2s
[5.923s]   1100K .......... .......... .......... .......... ..........  7% 18.3M 2s
[5.927s]   1150K .......... .......... .......... .......... ..........  7% 9.05M 2s
[5.931s]   1200K .......... .......... .......... .......... ..........  7% 13.7M 2s
[5.936s]   1250K .......... .......... .......... .......... ..........  8% 10.4M 2s
[5.940s]   1300K .......... .......... .......... .......... ..........  8% 9.78M 2s
[5.946s]   1350K .......... .......... .......... .......... ..........  8% 9.26M 2s
[5.950s]   1400K .......... .......... .......... .......... ..........  9% 12.2M 2s
[5.955s]   1450K .......... .......... .......... .......... ..........  9% 11.4M 2s
[5.960s]   1500K .......... .......... .......... .......... ..........  9% 7.56M 2s
[5.966s]   1550K .......... .......... .......... .......... .......... 10% 11.4M 2s
[5.968s]   1600K .......... .......... .......... .......... .......... 10% 15.3M 2s
[5.972s]   1650K .......... .......... .......... .......... .......... 10% 13.4M 2s
[5.977s]   1700K .......... .......... .......... .......... .......... 11% 9.22M 2s
[5.981s]   1750K .......... .......... .......... .......... .......... 11% 11.1M 2s
[5.987s]   1800K .......... .......... .......... .......... .......... 11% 9.33M 2s
[5.993s]   1850K .......... .......... .......... .......... .......... 12% 8.27M 2s
[5.997s]   1900K .......... .......... .......... .......... .......... 12% 12.3M 2s
[6.001s]   1950K .......... .......... .......... .......... .......... 12% 10.6M 2s
[6.008s]   2000K .......... .......... .......... .......... .......... 13% 7.62M 2s
[6.017s]   2050K .......... .......... .......... .......... .......... 13% 11.7M 2s
[6.018s]   2100K .......... .......... .......... .......... .......... 13% 8.26M 2s
[6.022s]   2150K .......... .......... .......... .......... .......... 14% 12.1M 2s
[6.026s]   2200K .......... .......... .......... .......... .......... 14% 11.5M 2s
[6.031s]   2250K .......... .......... .......... .......... .......... 14% 10.2M 2s
[6.037s]   2300K .......... .......... .......... .......... .......... 15% 8.18M 2s
[6.041s]   2350K .......... .......... .......... .......... .......... 15% 12.7M 2s
[6.047s]   2400K .......... .......... .......... .......... .......... 15% 13.9M 2s
[6.050s]   2450K .......... .......... .......... .......... .......... 15% 8.62M 2s
[6.053s]   2500K .......... .......... .......... .......... .......... 16% 14.7M 2s
[6.064s]   2550K .......... .......... .......... .......... .......... 16% 12.3M 2s
[6.066s]   2600K .......... .......... .......... .......... .......... 16% 6.68M 2s
[6.067s]   2650K .......... .......... .......... .......... .......... 17% 16.5M 2s
[6.072s]   2700K .......... .......... .......... .......... .......... 17% 18.7M 1s
[6.076s]   2750K .......... .......... .......... .......... .......... 17% 7.52M 1s
[6.081s]   2800K .......... .......... .......... .......... .......... 18% 9.74M 1s
[6.085s]   2850K .......... .......... .......... .......... .......... 18% 13.4M 1s
[6.090s]   2900K .......... .......... .......... .......... .......... 18% 9.25M 1s
[6.094s]   2950K .......... .......... .......... .......... .......... 19% 14.6M 1s
[6.097s]   3000K .......... .......... .......... .......... .......... 19% 13.6M 1s
[6.102s]   3050K .......... .......... .......... .......... .......... 19% 10.1M 1s
[6.107s]   3100K .......... .......... .......... .......... .......... 20% 13.4M 1s
[6.111s]   3150K .......... .......... .......... .......... .......... 20% 8.81M 1s
[6.120s]   3200K .......... .......... .......... .......... .......... 20% 7.28M 1s
[6.131s]   3250K .......... .......... .......... .......... .......... 21% 3.57M 1s
[6.137s]   3300K .......... .......... .......... .......... .......... 21% 8.61M 1s
[6.141s]   3350K .......... .......... .......... .......... .......... 21% 11.6M 1s
[6.146s]   3400K .......... .......... .......... .......... .......... 22% 9.55M 1s
[6.152s]   3450K .......... .......... .......... .......... .......... 22% 8.38M 1s
[6.158s]   3500K .......... .......... .......... .......... .......... 22% 13.5M 1s
[6.162s]   3550K .......... .......... .......... .......... .......... 23% 8.54M 1s
[6.165s]   3600K .......... .......... .......... .......... .......... 23% 14.0M 1s
[6.171s]   3650K .......... .......... .......... .......... .......... 23% 8.65M 1s
[6.174s]   3700K .......... .......... .......... .......... .......... 23% 13.4M 1s
[6.180s]   3750K .......... .......... .......... .......... .......... 24% 9.35M 1s
[6.183s]   3800K .......... .......... .......... .......... .......... 24% 14.5M 1s
[6.187s]   3850K .......... .......... .......... .......... .......... 24% 11.9M 1s
[6.192s]   3900K .......... .......... .......... .......... .......... 25% 9.89M 1s
[6.198s]   3950K .......... .......... .......... .......... .......... 25% 7.73M 1s
[6.204s]   4000K .......... .......... .......... .......... .......... 25% 8.68M 1s
[6.210s]   4050K .......... .......... .......... .......... .......... 26% 7.86M 1s
[6.216s]   4100K .......... .......... .......... .......... .......... 26% 9.40M 1s
[6.220s]   4150K .......... .......... .......... .......... .......... 26% 10.7M 1s
[6.226s]   4200K .......... .......... .......... .......... .......... 27% 9.33M 1s
[6.229s]   4250K .......... .......... .......... .......... .......... 27% 12.9M 1s
[6.235s]   4300K .......... .......... .......... .......... .......... 27% 9.81M 1s
[6.239s]   4350K .......... .......... .......... .......... .......... 28% 9.27M 1s
[6.243s]   4400K .......... .......... .......... .......... .......... 28% 12.7M 1s
[6.249s]   4450K .......... .......... .......... .......... .......... 28% 8.81M 1s
[6.252s]   4500K .......... .......... .......... .......... .......... 29% 13.6M 1s
[6.256s]   4550K .......... .......... .......... .......... .......... 29% 12.3M 1s
[6.261s]   4600K .......... .......... .......... .......... .......... 29% 9.93M 1s
[6.265s]   4650K .......... .......... .......... .......... .......... 30% 13.2M 1s
[6.270s]   4700K .......... .......... .......... .......... .......... 30% 8.88M 1s
[6.275s]   4750K .......... .......... .......... .......... .......... 30% 10.7M 1s
[6.279s]   4800K .......... .......... .......... .......... .......... 31% 11.2M 1s
[6.284s]   4850K .......... .......... .......... .......... .......... 31% 10.3M 1s
[6.288s]   4900K .......... .......... .......... .......... .......... 31% 10.9M 1s
[6.292s]   4950K .......... .......... .......... .......... .......... 31% 17.3M 1s
[6.298s]   5000K .......... .......... .......... .......... .......... 32% 7.09M 1s
[6.305s]   5050K .......... .......... .......... .......... .......... 32% 7.13M 1s
[6.313s]   5100K .......... .......... .......... .......... .......... 32% 6.58M 1s
[6.321s]   5150K .......... .......... .......... .......... .......... 33% 10.4M 1s
[6.322s]   5200K .......... .......... .......... .......... .......... 33% 10.9M 1s
[6.330s]   5250K .......... .......... .......... .......... .......... 33% 9.59M 1s
[6.331s]   5300K .......... .......... .......... .......... .......... 34% 12.1M 1s
[6.337s]   5350K .......... .......... .......... .......... .......... 34% 8.89M 1s
[6.342s]   5400K .......... .......... .......... .......... .......... 34% 8.86M 1s
[6.346s]   5450K .......... .......... .......... .......... .......... 35% 12.8M 1s
[6.351s]   5500K .......... .......... .......... .......... .......... 35% 8.57M 1s
[6.355s]   5550K .......... .......... .......... .......... .......... 35% 14.2M 1s
[6.358s]   5600K .......... .......... .......... .......... .......... 36% 13.2M 1s
[6.363s]   5650K .......... .......... .......... .......... .......... 36% 9.90M 1s
[6.368s]   5700K .......... .......... .......... .......... .......... 36% 11.4M 1s
[6.373s]   5750K .......... .......... .......... .......... .......... 37% 12.7M 1s
[6.377s]   5800K .......... .......... .......... .......... .......... 37% 8.62M 1s
[6.381s]   5850K .......... .......... .......... .......... .......... 37% 11.0M 1s
[6.385s]   5900K .......... .......... .......... .......... .......... 38% 12.6M 1s
[6.391s]   5950K .......... .......... .......... .......... .......... 38% 8.64M 1s
[6.394s]   6000K .......... .......... .......... .......... .......... 38% 15.3M 1s
[6.404s]   6050K .......... .......... .......... .......... .......... 39% 4.93M 1s
[6.409s]   6100K .......... .......... .......... .......... .......... 39% 11.1M 1s
[6.419s]   6150K .......... .......... .......... .......... .......... 39% 4.95M 1s
[6.423s]   6200K .......... .......... .......... .......... .......... 39% 12.1M 1s
[6.428s]   6250K .......... .......... .......... .......... .......... 40% 9.49M 1s
[6.432s]   6300K .......... .......... .......... .......... .......... 40% 13.2M 1s
[6.435s]   6350K .......... .......... .......... .......... .......... 40% 14.1M 1s
[6.440s]   6400K .......... .......... .......... .......... .......... 41% 9.50M 1s
[6.443s]   6450K .......... .......... .......... .......... .......... 41% 13.3M 1s
[6.447s]   6500K .......... .......... .......... .......... .......... 41% 13.0M 1s
[6.454s]   6550K .......... .......... .......... .......... .......... 42% 7.02M 1s
[6.458s]   6600K .......... .......... .......... .......... .......... 42% 13.1M 1s
[6.462s]   6650K .......... .......... .......... .......... .......... 42% 11.1M 1s
[6.466s]   6700K .......... .......... .......... .......... .......... 43% 12.7M 1s
[6.471s]   6750K .......... .......... .......... .......... .......... 43% 10.1M 1s
[6.480s]   6800K .......... .......... .......... .......... .......... 43% 5.45M 1s
[6.485s]   6850K .......... .......... .......... .......... .......... 44% 9.05M 1s
[6.489s]   6900K .......... .......... .......... .......... .......... 44% 12.4M 1s
[6.494s]   6950K .......... .......... .......... .......... .......... 44% 9.15M 1s
[6.500s]   7000K .......... .......... .......... .......... .......... 45% 9.17M 1s
[6.503s]   7050K .......... .......... .......... .......... .......... 45% 14.5M 1s
[6.507s]   7100K .......... .......... .......... .......... .......... 45% 11.8M 1s
[6.513s]   7150K .......... .......... .......... .......... .......... 46% 9.25M 1s
[6.516s]   7200K .......... .......... .......... .......... .......... 46% 12.5M 1s
[6.522s]   7250K .......... .......... .......... .......... .......... 46% 9.14M 1s
[6.525s]   7300K .......... .......... .......... .......... .......... 47% 13.4M 1s
[6.532s]   7350K .......... .......... .......... .......... .......... 47% 7.72M 1s
[6.536s]   7400K .......... .......... .......... .......... .......... 47% 12.9M 1s
[6.541s]   7450K .......... .......... .......... .......... .......... 47% 9.74M 1s
[6.544s]   7500K .......... .......... .......... .......... .......... 48% 13.0M 1s
[6.548s]   7550K .......... .......... .......... .......... .......... 48% 12.7M 1s
[6.553s]   7600K .......... .......... .......... .......... .......... 48% 10.1M 1s
[6.557s]   7650K .......... .......... .......... .......... .......... 49% 12.8M 1s
[6.561s]   7700K .......... .......... .......... .......... .......... 49% 10.8M 1s
[6.574s]   7750K .......... .......... .......... .......... .......... 49% 3.98M 1s
[6.583s]   7800K .......... .......... .......... .......... .......... 50% 5.26M 1s
[6.589s]   7850K .......... .......... .......... .......... .......... 50% 8.61M 1s
[6.592s]   7900K .......... .......... .......... .......... .......... 50% 13.3M 1s
[6.597s]   7950K .......... .......... .......... .......... .......... 51% 11.0M 1s
[6.602s]   8000K .......... .......... .......... .......... .......... 51% 9.64M 1s
[6.606s]   8050K .......... .......... .......... .......... .......... 51% 12.2M 1s
[6.611s]   8100K .......... .......... .......... .......... .......... 52% 9.51M 1s
[6.616s]   8150K .......... .......... .......... .......... .......... 52% 9.11M 1s
[6.620s]   8200K .......... .......... .......... .......... .......... 52% 12.2M 1s
[6.625s]   8250K .......... .......... .......... .......... .......... 53% 10.3M 1s
[6.629s]   8300K .......... .......... .......... .......... .......... 53% 13.6M 1s
[6.633s]   8350K .......... .......... .......... .......... .......... 53% 10.1M 1s
[6.637s]   8400K .......... .......... .......... .......... .......... 54% 13.4M 1s
[6.641s]   8450K .......... .......... .......... .......... .......... 54% 14.2M 1s
[6.645s]   8500K .......... .......... .......... .......... .......... 54% 10.4M 1s
[6.651s]   8550K .......... .......... .......... .......... .......... 55% 8.90M 1s
[6.656s]   8600K .......... .......... .......... .......... .......... 55% 10.1M 1s
[6.660s]   8650K .......... .......... .......... .......... .......... 55% 11.7M 1s
[6.663s]   8700K .......... .......... .......... .......... .......... 55% 13.9M 1s
[6.668s]   8750K .......... .......... .......... .......... .......... 56% 10.1M 1s
[6.673s]   8800K .......... .......... .......... .......... .......... 56% 9.10M 1s
[6.685s]   8850K .......... .......... .......... .......... .......... 56% 4.15M 1s
[6.690s]   8900K .......... .......... .......... .......... .......... 57% 11.4M 1s
[6.696s]   8950K .......... .......... .......... .......... .......... 57% 7.62M 1s
[6.700s]   9000K .......... .......... .......... .......... .......... 57% 12.2M 1s
[6.706s]   9050K .......... .......... .......... .......... .......... 58% 8.60M 1s
[6.710s]   9100K .......... .......... .......... .......... .......... 58% 12.1M 1s
[6.714s]   9150K .......... .......... .......... .......... .......... 58% 11.0M 1s
[6.721s]   9200K .......... .......... .......... .......... .......... 59% 8.83M 1s
[6.725s]   9250K .......... .......... .......... .......... .......... 59% 9.78M 1s
[6.729s]   9300K .......... .......... .......... .......... .......... 59% 10.6M 1s
[6.733s]   9350K .......... .......... .......... .......... .......... 60% 14.0M 1s
[6.737s]   9400K .......... .......... .......... .......... .......... 60% 12.2M 1s
[6.743s]   9450K .......... .......... .......... .......... .......... 60% 8.32M 1s
[6.746s]   9500K .......... .......... .......... .......... .......... 61% 13.4M 1s
[6.752s]   9550K .......... .......... .......... .......... .......... 61% 9.01M 1s
[6.755s]   9600K .......... .......... .......... .......... .......... 61% 13.5M 1s
[6.760s]   9650K .......... .......... .......... .......... .......... 62% 9.31M 1s
[6.764s]   9700K .......... .......... .......... .......... .......... 62% 13.1M 1s
[6.769s]   9750K .......... .......... .......... .......... .......... 62% 9.38M 1s
[6.773s]   9800K .......... .......... .......... .......... .......... 63% 14.0M 1s
[6.777s]   9850K .......... .......... .......... .......... .......... 63% 11.5M 1s
[6.790s]   9900K .......... .......... .......... .......... .......... 63% 3.80M 1s
[6.795s]   9950K .......... .......... .......... .......... .......... 63% 9.23M 1s
[6.801s]  10000K .......... .......... .......... .......... .......... 64% 8.47M 1s
[6.807s]  10050K .......... .......... .......... .......... .......... 64% 8.02M 1s
[6.811s]  10100K .......... .......... .......... .......... .......... 64% 12.7M 1s
[6.817s]  10150K .......... .......... .......... .......... .......... 65% 7.91M 1s
[6.821s]  10200K .......... .......... .......... .......... .......... 65% 12.6M 1s
[6.826s]  10250K .......... .......... .......... .......... .......... 65% 9.76M 1s
[6.829s]  10300K .......... .......... .......... .......... .......... 66% 14.4M 1s
[6.833s]  10350K .......... .......... .......... .......... .......... 66% 14.2M 1s
[6.837s]  10400K .......... .......... .......... .......... .......... 66% 11.3M 1s
[6.842s]  10450K .......... .......... .......... .......... .......... 67% 9.21M 1s
[6.847s]  10500K .......... .......... .......... .......... .......... 67% 9.94M 1s
[6.852s]  10550K .......... .......... .......... .......... .......... 67% 9.52M 1s
[6.857s]  10600K .......... .......... .......... .......... .......... 68% 12.0M 1s
[6.861s]  10650K .......... .......... .......... .......... .......... 68% 11.4M 1s
[6.865s]  10700K .......... .......... .......... .......... .......... 68% 12.8M 1s
[6.870s]  10750K .......... .......... .......... .......... .......... 69% 9.46M 1s
[6.874s]  10800K .......... .......... .......... .......... .......... 69% 13.5M 0s
[6.879s]  10850K .......... .......... .......... .......... .......... 69% 8.89M 0s
[6.883s]  10900K .......... .......... .......... .......... .......... 70% 12.4M 0s
[6.889s]  10950K .......... .......... .......... .......... .......... 70% 8.83M 0s
[6.893s]  11000K .......... .......... .......... .......... .......... 70% 10.1M 0s
[6.897s]  11050K .......... .......... .......... .......... .......... 71% 13.9M 0s
[6.912s]  11100K .......... .......... .......... .......... .......... 71% 3.22M 0s
[6.922s]  11150K .......... .......... .......... .......... .......... 71% 5.10M 0s
[6.925s]  11200K .......... .......... .......... .......... .......... 71% 12.5M 0s
[6.933s]  11250K .......... .......... .......... .......... .......... 72% 6.52M 0s
[6.937s]  11300K .......... .......... .......... .......... .......... 72% 12.5M 0s
[6.942s]  11350K .......... .......... .......... .......... .......... 72% 8.93M 0s
[6.947s]  11400K .......... .......... .......... .......... .......... 73% 12.9M 0s
[6.951s]  11450K .......... .......... .......... .......... .......... 73% 10.5M 0s
[6.954s]  11500K .......... .......... .......... .......... .......... 73% 13.2M 0s
[6.959s]  11550K .......... .......... .......... .......... .......... 74% 9.80M 0s
[6.963s]  11600K .......... .......... .......... .......... .......... 74% 13.1M 0s
[6.969s]  11650K .......... .......... .......... .......... .......... 74% 8.93M 0s
[6.974s]  11700K .......... .......... .......... .......... .......... 75% 9.64M 0s
[6.977s]  11750K .......... .......... .......... .......... .......... 75% 12.9M 0s
[6.982s]  11800K .......... .......... .......... .......... .......... 75% 10.6M 0s
[6.986s]  11850K .......... .......... .......... .......... .......... 76% 14.0M 0s
[6.989s]  11900K .......... .......... .......... .......... .......... 76% 13.4M 0s
[6.994s]  11950K .......... .......... .......... .......... .......... 76% 9.50M 0s
[6.998s]  12000K .......... .......... .......... .......... .......... 77% 13.5M 0s
[7.004s]  12050K .......... .......... .......... .......... .......... 77% 8.00M 0s
[7.008s]  12100K .......... .......... .......... .......... .......... 77% 12.2M 0s
[7.014s]  12150K .......... .......... .......... .......... .......... 78% 9.06M 0s
[7.018s]  12200K .......... .......... .......... .......... .......... 78% 13.1M 0s
[7.037s]  12250K .......... .......... .......... .......... .......... 78% 2.58M 0s
[7.041s]  12300K .......... .......... .......... .......... .......... 79% 13.5M 0s
[7.047s]  12350K .......... .......... .......... .......... .......... 79% 8.29M 0s
[7.050s]  12400K .......... .......... .......... .......... .......... 79% 11.9M 0s
[7.056s]  12450K .......... .......... .......... .......... .......... 79% 7.94M 0s
[7.061s]  12500K .......... .......... .......... .......... .......... 80% 9.20M 0s
[7.065s]  12550K .......... .......... .......... .......... .......... 80% 13.5M 0s
[7.068s]  12600K .......... .......... .......... .......... .......... 80% 13.4M 0s
[7.074s]  12650K .......... .......... .......... .......... .......... 81% 8.83M 0s
[7.078s]  12700K .......... .......... .......... .......... .......... 81% 12.2M 0s
[7.083s]  12750K .......... .......... .......... .......... .......... 81% 13.7M 0s
[7.087s]  12800K .......... .......... .......... .......... .......... 82% 8.29M 0s
[7.092s]  12850K .......... .......... .......... .......... .......... 82% 11.7M 0s
[7.097s]  12900K .......... .......... .......... .......... .......... 82% 9.27M 0s
[7.100s]  12950K .......... .......... .......... .......... .......... 83% 14.0M 0s
[7.104s]  13000K .......... .......... .......... .......... .......... 83% 14.5M 0s
[7.109s]  13050K .......... .......... .......... .......... .......... 83% 9.65M 0s
[7.113s]  13100K .......... .......... .......... .......... .......... 84% 14.2M 0s
[7.134s]  13150K .......... .......... .......... .......... .......... 84% 2.37M 0s
[7.134s]  13200K .......... .......... .......... .......... .......... 84%  158M 0s
[7.137s]  13250K .......... .......... .......... .......... .......... 85%  198M 0s
[7.137s]  13300K .......... .......... .......... .......... .......... 85%  193M 0s
[7.139s]  13350K .......... .......... .......... .......... .......... 85% 10.8M 0s
[7.139s]  13400K .......... .......... .......... .......... .......... 86% 49.3M 0s
[7.143s]  13450K .......... .......... .......... .......... .......... 86% 12.5M 0s
[7.153s]  13500K .......... .......... .......... .......... .......... 86% 4.89M 0s
[7.163s]  13550K .......... .......... .......... .......... .......... 87% 5.76M 0s
[7.168s]  13600K .......... .......... .......... .......... .......... 87% 7.31M 0s
[7.172s]  13650K .......... .......... .......... .......... .......... 87% 11.3M 0s
[7.178s]  13700K .......... .......... .......... .......... .......... 87% 9.21M 0s
[7.181s]  13750K .......... .......... .......... .......... .......... 88% 13.8M 0s
[7.187s]  13800K .......... .......... .......... .......... .......... 88% 8.21M 0s
[7.191s]  13850K .......... .......... .......... .......... .......... 88% 13.0M 0s
[7.195s]  13900K .......... .......... .......... .......... .......... 89% 12.2M 0s
[7.202s]  13950K .......... .......... .......... .......... .......... 89% 9.46M 0s
[7.206s]  14000K .......... .......... .......... .......... .......... 89% 9.29M 0s
[7.209s]  14050K .......... .......... .......... .......... .......... 90% 13.7M 0s
[7.217s]  14100K .......... .......... .......... .......... .......... 90% 9.44M 0s
[7.219s]  14150K .......... .......... .......... .......... .......... 90% 11.2M 0s
[7.224s]  14200K .......... .......... .......... .......... .......... 91% 10.4M 0s
[7.228s]  14250K .......... .......... .......... .......... .......... 91% 13.8M 0s
[7.233s]  14300K .......... .......... .......... .......... .......... 91% 11.8M 0s
[7.241s]  14350K .......... .......... .......... .......... .......... 92% 9.48M 0s
[7.246s]  14400K .......... .......... .......... .......... .......... 92% 9.44M 0s
[7.247s]  14450K .......... .......... .......... .......... .......... 92% 13.3M 0s
[7.250s]  14500K .......... .......... .......... .......... .......... 93% 9.78M 0s
[7.253s]  14550K .......... .......... .......... .......... .......... 93% 16.7M 0s
[7.262s]  14600K .......... .......... .......... .......... .......... 93% 9.17M 0s
[7.267s]  14650K .......... .......... .......... .......... .......... 94% 14.0M 0s
[7.267s]  14700K .......... .......... .......... .......... .......... 94% 9.83M 0s
[7.272s]  14750K .......... .......... .......... .......... .......... 94% 13.0M 0s
[7.276s]  14800K .......... .......... .......... .......... .......... 95% 8.87M 0s
[7.282s]  14850K .......... .......... .......... .......... .......... 95% 8.89M 0s
[7.285s]  14900K .......... .......... .......... .......... .......... 95% 14.4M 0s
[7.290s]  14950K .......... .......... .......... .......... .......... 95% 10.0M 0s
[7.293s]  15000K .......... .......... .......... .......... .......... 96% 14.7M 0s
[7.300s]  15050K .......... .......... .......... .......... .......... 96% 11.8M 0s
[7.305s]  15100K .......... .......... .......... .......... .......... 96% 6.08M 0s
[7.311s]  15150K .......... .......... .......... .......... .......... 97% 8.63M 0s
[7.321s]  15200K .......... .......... .......... .......... .......... 97% 6.98M 0s
[7.335s]  15250K .......... .......... .......... .......... .......... 97% 8.86M 0s
[7.338s]  15300K .......... .......... .......... .......... .......... 98% 12.3M 0s
[7.338s]  15350K .......... .......... .......... .......... .......... 98% 9.53M 0s
[7.338s]  15400K .......... .......... .......... .......... .......... 98% 13.1M 0s
[7.342s]  15450K .......... .......... .......... .......... .......... 99% 11.9M 0s
[7.348s]  15500K .......... .......... .......... .......... .......... 99% 6.93M 0s
[7.351s]  15550K .......... .......... .......... .......... .......... 99% 12.4M 0s
[7.352s]  15600K .......... .......... .....                           100% 46.5M=1.6s
[7.352s] 
[7.352s] 2026-03-25 16:24:15 (9.53 MB/s) - ‘/home/student13/debuging/lei_github/nav_test_for_leo/build/multirobot_map_merge/2012-01-28-11-12-01.pgm’ saved [16000058/16000058]
[7.352s] 
[7.353s] Checking MD5 sum of /home/student13/debuging/lei_github/nav_test_for_leo/build/multirobot_map_merge/2012-01-28-11-12-01.pgm
[7.379s] /home/student13/debuging/lei_github/nav_test_for_leo/build/multirobot_map_merge/2012-01-28-11-12-01.pgm: OK
[7.382s] -- Found gtest sources under '/opt/ros/jazzy/src/gtest_vendor': C++ tests using 'Google Test' will be built
[7.386s] -- Found Threads: TRUE  
[7.389s] -- Added test 'cppcheck' to perform static code analysis on C / C++ code
[7.390s] -- Configured cppcheck include dirs: /home/student13/debuging/lei_github/nav_test_for_leo/src/m-explore-ros2/map_merge/include;$<BUILD_INTERFACE:/home/student13/debuging/lei_github/nav_test_for_leo/src/m-explore-ros2/map_merge/include>
[7.390s] -- Configured cppcheck exclude dirs and/or files: 
[7.390s] -- Added test 'flake8' to check Python code syntax and style conventions
[7.390s] -- Configured 'flake8' exclude dirs and/or files: 
[7.391s] -- Added test 'lint_cmake' to check CMake code style
[7.392s] -- Added test 'pep257' to check Python code against some of the docstring style conventions in PEP 257
[7.393s] -- Added test 'uncrustify' to check C / C++ code style
[7.393s] -- Configured uncrustify additional arguments: 
[7.394s] -- Added test 'xmllint' to check XML markup files
[7.395s] -- Configuring done (7.4s)
[7.487s] -- Generating done (0.1s)
[7.494s] -- Build files have been written to: /home/student13/debuging/lei_github/nav_test_for_leo/build/multirobot_map_merge
[7.597s] Invoked command in '/home/student13/debuging/lei_github/nav_test_for_leo/build/multirobot_map_merge' returned '0': CMAKE_PREFIX_PATH=${CMAKE_PREFIX_PATH}:/opt/ros/jazzy DEBUGINFOD_URLS=https://debuginfod.ubuntu.com /usr/bin/cmake /home/student13/debuging/lei_github/nav_test_for_leo/src/m-explore-ros2/map_merge -DCMAKE_INSTALL_PREFIX=/home/student13/debuging/lei_github/nav_test_for_leo/install/multirobot_map_merge
[7.598s] Invoking command in '/home/student13/debuging/lei_github/nav_test_for_leo/build/multirobot_map_merge': CMAKE_PREFIX_PATH=${CMAKE_PREFIX_PATH}:/opt/ros/jazzy DEBUGINFOD_URLS=https://debuginfod.ubuntu.com /usr/bin/cmake --build /home/student13/debuging/lei_github/nav_test_for_leo/build/multirobot_map_merge -- -j12 -l12
[7.661s] [  8%] [32mBuilding CXX object CMakeFiles/combine_grids.dir/src/combine_grids/merging_pipeline.cpp.o[0m
[7.666s] [ 16%] [32mBuilding CXX object gtest/CMakeFiles/gtest.dir/src/gtest-all.cc.o[0m
[7.666s] [ 33%] [32mBuilding CXX object CMakeFiles/combine_grids.dir/src/combine_grids/grid_warper.cpp.o[0m
[7.666s] [ 33%] [32mBuilding CXX object CMakeFiles/combine_grids.dir/src/combine_grids/grid_compositor.cpp.o[0m
[7.666s] [ 41%] [32mBuilding CXX object gtest/CMakeFiles/gtest_main.dir/src/gtest_main.cc.o[0m
[9.253s] [ 50%] [32m[1mLinking CXX static library libgtest_main.a[0m
[9.293s] [ 50%] Built target gtest_main
[12.518s] [ 58%] [32m[1mLinking CXX static library libcombine_grids.a[0m
[12.586s] [ 58%] Built target combine_grids
[12.608s] [ 66%] [32mBuilding CXX object CMakeFiles/map_merge.dir/src/map_merge.cpp.o[0m
[13.801s] [ 75%] [32m[1mLinking CXX static library libgtest.a[0m
[13.906s] [ 75%] Built target gtest
[13.947s] [ 83%] [32mBuilding CXX object CMakeFiles/test_merging_pipeline.dir/test/test_merging_pipeline.cpp.o[0m
[20.507s] [ 91%] [32m[1mLinking CXX executable test_merging_pipeline[0m
[21.422s] [ 91%] Built target test_merging_pipeline
[26.336s] [100%] [32m[1mLinking CXX executable map_merge[0m
[27.201s] [100%] Built target map_merge
[27.219s] Invoked command in '/home/student13/debuging/lei_github/nav_test_for_leo/build/multirobot_map_merge' returned '0': CMAKE_PREFIX_PATH=${CMAKE_PREFIX_PATH}:/opt/ros/jazzy DEBUGINFOD_URLS=https://debuginfod.ubuntu.com /usr/bin/cmake --build /home/student13/debuging/lei_github/nav_test_for_leo/build/multirobot_map_merge -- -j12 -l12
[27.221s] Invoking command in '/home/student13/debuging/lei_github/nav_test_for_leo/build/multirobot_map_merge': CMAKE_PREFIX_PATH=${CMAKE_PREFIX_PATH}:/opt/ros/jazzy DEBUGINFOD_URLS=https://debuginfod.ubuntu.com /usr/bin/cmake --install /home/student13/debuging/lei_github/nav_test_for_leo/build/multirobot_map_merge
[27.233s] -- Install configuration: ""
[27.233s] -- Installing: /home/student13/debuging/lei_github/nav_test_for_leo/install/multirobot_map_merge/include/map_merge/
[27.234s] -- Installing: /home/student13/debuging/lei_github/nav_test_for_leo/install/multirobot_map_merge/include/map_merge//map_merge.h
[27.234s] -- Installing: /home/student13/debuging/lei_github/nav_test_for_leo/install/multirobot_map_merge/include/map_merge//ros1_names.hpp
[27.234s] -- Installing: /home/student13/debuging/lei_github/nav_test_for_leo/install/multirobot_map_merge/share/multirobot_map_merge/launch
[27.235s] -- Installing: /home/student13/debuging/lei_github/nav_test_for_leo/install/multirobot_map_merge/share/multirobot_map_merge/launch/map_merge.rviz
[27.235s] -- Installing: /home/student13/debuging/lei_github/nav_test_for_leo/install/multirobot_map_merge/share/multirobot_map_merge/launch/from_map_server.launch.py
[27.235s] -- Installing: /home/student13/debuging/lei_github/nav_test_for_leo/install/multirobot_map_merge/share/multirobot_map_merge/launch/tb3_simulation
[27.235s] -- Installing: /home/student13/debuging/lei_github/nav_test_for_leo/install/multirobot_map_merge/share/multirobot_map_merge/launch/tb3_simulation/multi_tb3_simulation_launch.py
[27.236s] -- Installing: /home/student13/debuging/lei_github/nav_test_for_leo/install/multirobot_map_merge/share/multirobot_map_merge/launch/tb3_simulation/config
[27.236s] -- Installing: /home/student13/debuging/lei_github/nav_test_for_leo/install/multirobot_map_merge/share/multirobot_map_merge/launch/tb3_simulation/config/nav2_multirobot_params_1.yaml
[27.236s] -- Installing: /home/student13/debuging/lei_github/nav_test_for_leo/install/multirobot_map_merge/share/multirobot_map_merge/launch/tb3_simulation/config/nav2_multirobot_params_2.yaml
[27.236s] -- Installing: /home/student13/debuging/lei_github/nav_test_for_leo/install/multirobot_map_merge/share/multirobot_map_merge/launch/tb3_simulation/tb3_simulation_launch.py
[27.236s] -- Installing: /home/student13/debuging/lei_github/nav_test_for_leo/install/multirobot_map_merge/share/multirobot_map_merge/launch/tb3_simulation/bringup_launch.py
[27.236s] -- Installing: /home/student13/debuging/lei_github/nav_test_for_leo/install/multirobot_map_merge/share/multirobot_map_merge/launch/tb3_simulation/worlds
[27.237s] -- Installing: /home/student13/debuging/lei_github/nav_test_for_leo/install/multirobot_map_merge/share/multirobot_map_merge/launch/tb3_simulation/worlds/world_only.model
[27.237s] -- Installing: /home/student13/debuging/lei_github/nav_test_for_leo/install/multirobot_map_merge/share/multirobot_map_merge/launch/tb3_simulation/slam_toolbox.py
[27.237s] -- Installing: /home/student13/debuging/lei_github/nav_test_for_leo/install/multirobot_map_merge/share/multirobot_map_merge/launch/map_merge.launch.py
[27.237s] -- Installing: /home/student13/debuging/lei_github/nav_test_for_leo/install/multirobot_map_merge/share/multirobot_map_merge/config
[27.237s] -- Installing: /home/student13/debuging/lei_github/nav_test_for_leo/install/multirobot_map_merge/share/multirobot_map_merge/config/params.yaml
[27.237s] -- Installing: /home/student13/debuging/lei_github/nav_test_for_leo/install/multirobot_map_merge/lib/libcombine_grids.a
[27.238s] -- Installing: /home/student13/debuging/lei_github/nav_test_for_leo/install/multirobot_map_merge/lib/multirobot_map_merge/map_merge
[27.250s] -- Set non-toolchain portion of runtime path of "/home/student13/debuging/lei_github/nav_test_for_leo/install/multirobot_map_merge/lib/multirobot_map_merge/map_merge" to ""
[27.250s] -- Installing: /home/student13/debuging/lei_github/nav_test_for_leo/install/multirobot_map_merge/share/multirobot_map_merge/environment/library_path.sh
[27.250s] -- Installing: /home/student13/debuging/lei_github/nav_test_for_leo/install/multirobot_map_merge/share/multirobot_map_merge/environment/library_path.dsv
[27.251s] -- Installing: /home/student13/debuging/lei_github/nav_test_for_leo/install/multirobot_map_merge/share/ament_index/resource_index/package_run_dependencies/multirobot_map_merge
[27.251s] -- Installing: /home/student13/debuging/lei_github/nav_test_for_leo/install/multirobot_map_merge/share/ament_index/resource_index/parent_prefix_path/multirobot_map_merge
[27.252s] -- Installing: /home/student13/debuging/lei_github/nav_test_for_leo/install/multirobot_map_merge/share/multirobot_map_merge/environment/ament_prefix_path.sh
[27.252s] -- Installing: /home/student13/debuging/lei_github/nav_test_for_leo/install/multirobot_map_merge/share/multirobot_map_merge/environment/ament_prefix_path.dsv
[27.254s] -- Installing: /home/student13/debuging/lei_github/nav_test_for_leo/install/multirobot_map_merge/share/multirobot_map_merge/environment/path.sh
[27.255s] -- Installing: /home/student13/debuging/lei_github/nav_test_for_leo/install/multirobot_map_merge/share/multirobot_map_merge/environment/path.dsv
[27.256s] -- Installing: /home/student13/debuging/lei_github/nav_test_for_leo/install/multirobot_map_merge/share/multirobot_map_merge/local_setup.bash
[27.256s] -- Installing: /home/student13/debuging/lei_github/nav_test_for_leo/install/multirobot_map_merge/share/multirobot_map_merge/local_setup.sh
[27.256s] -- Installing: /home/student13/debuging/lei_github/nav_test_for_leo/install/multirobot_map_merge/share/multirobot_map_merge/local_setup.zsh
[27.256s] -- Installing: /home/student13/debuging/lei_github/nav_test_for_leo/install/multirobot_map_merge/share/multirobot_map_merge/local_setup.dsv
[27.256s] -- Installing: /home/student13/debuging/lei_github/nav_test_for_leo/install/multirobot_map_merge/share/multirobot_map_merge/package.dsv
[27.256s] -- Installing: /home/student13/debuging/lei_github/nav_test_for_leo/install/multirobot_map_merge/share/ament_index/resource_index/packages/multirobot_map_merge
[27.257s] -- Installing: /home/student13/debuging/lei_github/nav_test_for_leo/install/multirobot_map_merge/share/multirobot_map_merge/cmake/ament_cmake_export_include_directories-extras.cmake
[27.257s] -- Installing: /home/student13/debuging/lei_github/nav_test_for_leo/install/multirobot_map_merge/share/multirobot_map_merge/cmake/ament_cmake_export_libraries-extras.cmake
[27.257s] -- Installing: /home/student13/debuging/lei_github/nav_test_for_leo/install/multirobot_map_merge/share/multirobot_map_merge/cmake/multirobot_map_mergeConfig.cmake
[27.257s] -- Installing: /home/student13/debuging/lei_github/nav_test_for_leo/install/multirobot_map_merge/share/multirobot_map_merge/cmake/multirobot_map_mergeConfig-version.cmake
[27.257s] -- Installing: /home/student13/debuging/lei_github/nav_test_for_leo/install/multirobot_map_merge/share/multirobot_map_merge/package.xml
[27.259s] Invoked command in '/home/student13/debuging/lei_github/nav_test_for_leo/build/multirobot_map_merge' returned '0': CMAKE_PREFIX_PATH=${CMAKE_PREFIX_PATH}:/opt/ros/jazzy DEBUGINFOD_URLS=https://debuginfod.ubuntu.com /usr/bin/cmake --install /home/student13/debuging/lei_github/nav_test_for_leo/build/multirobot_map_merge
