[0.032s] Invoking command in '/home/student13/debuging/lei_github/nav_test_for_leo/build/explore_lite_msgs': CMAKE_PREFIX_PATH=${CMAKE_PREFIX_PATH}:/home/student13/debuging/lei_github/nav_test_for_leo/install/robot_control_system:/home/student13/debuging/lei_github/nav_test_for_leo/install/my_robot_bringup:/opt/ros/jazzy DEBUGINFOD_URLS=https://debuginfod.ubuntu.com /usr/bin/cmake --build /home/student13/debuging/lei_github/nav_test_for_leo/build/explore_lite_msgs -- -j12 -l12
[0.103s] [  2%] Built target explore_lite_msgs__rosidl_generator_type_description
[0.139s] [  2%] Built target ament_cmake_python_copy_explore_lite_msgs
[0.170s] [  5%] Built target explore_lite_msgs__cpp
[0.252s] [ 20%] Built target explore_lite_msgs__rosidl_generator_c
[0.289s] [ 29%] Built target explore_lite_msgs__rosidl_typesupport_cpp
[0.289s] [ 38%] Built target explore_lite_msgs__rosidl_typesupport_introspection_c
[0.290s] [ 47%] Built target explore_lite_msgs__rosidl_typesupport_c
[0.300s] [ 55%] Built target explore_lite_msgs__rosidl_typesupport_fastrtps_c
[0.302s] [ 64%] Built target explore_lite_msgs__rosidl_typesupport_introspection_cpp
[0.308s] [ 73%] Built target explore_lite_msgs__rosidl_typesupport_fastrtps_cpp
[0.354s] [ 73%] Built target explore_lite_msgs
[0.390s] [ 76%] Built target explore_lite_msgs__py
[0.443s] [ 82%] Built target explore_lite_msgs__rosidl_generator_py
[0.481s] [ 88%] Built target explore_lite_msgs_s__rosidl_typesupport_c
[0.482s] [100%] Built target explore_lite_msgs_s__rosidl_typesupport_fastrtps_c
[0.482s] [100%] Built target explore_lite_msgs_s__rosidl_typesupport_introspection_c
[0.539s] running egg_info
[0.575s] writing explore_lite_msgs.egg-info/PKG-INFO
[0.575s] writing dependency_links to explore_lite_msgs.egg-info/dependency_links.txt
[0.576s] writing top-level names to explore_lite_msgs.egg-info/top_level.txt
[0.650s] reading manifest file 'explore_lite_msgs.egg-info/SOURCES.txt'
[0.650s] writing manifest file 'explore_lite_msgs.egg-info/SOURCES.txt'
[0.683s] [100%] Built target ament_cmake_python_build_explore_lite_msgs_egg
[0.696s] Invoked command in '/home/student13/debuging/lei_github/nav_test_for_leo/build/explore_lite_msgs' returned '0': CMAKE_PREFIX_PATH=${CMAKE_PREFIX_PATH}:/home/student13/debuging/lei_github/nav_test_for_leo/install/robot_control_system:/home/student13/debuging/lei_github/nav_test_for_leo/install/my_robot_bringup:/opt/ros/jazzy DEBUGINFOD_URLS=https://debuginfod.ubuntu.com /usr/bin/cmake --build /home/student13/debuging/lei_github/nav_test_for_leo/build/explore_lite_msgs -- -j12 -l12
[0.697s] Invoking command in '/home/student13/debuging/lei_github/nav_test_for_leo/build/explore_lite_msgs': CMAKE_PREFIX_PATH=${CMAKE_PREFIX_PATH}:/home/student13/debuging/lei_github/nav_test_for_leo/install/robot_control_system:/home/student13/debuging/lei_github/nav_test_for_leo/install/my_robot_bringup:/opt/ros/jazzy DEBUGINFOD_URLS=https://debuginfod.ubuntu.com /usr/bin/cmake --install /home/student13/debuging/lei_github/nav_test_for_leo/build/explore_lite_msgs
[0.712s] -- Install configuration: ""
[0.712s] -- Up-to-date: /home/student13/debuging/lei_github/nav_test_for_leo/install/explore_lite_msgs/share/ament_index/resource_index/rosidl_interfaces/explore_lite_msgs
[0.712s] -- Up-to-date: /home/student13/debuging/lei_github/nav_test_for_leo/install/explore_lite_msgs/share/explore_lite_msgs/msg/ExploreStatus.json
[0.713s] -- Up-to-date: /home/student13/debuging/lei_github/nav_test_for_leo/install/explore_lite_msgs/include/explore_lite_msgs/explore_lite_msgs
[0.713s] -- Up-to-date: /home/student13/debuging/lei_github/nav_test_for_leo/install/explore_lite_msgs/include/explore_lite_msgs/explore_lite_msgs/msg
[0.714s] -- Up-to-date: /home/student13/debuging/lei_github/nav_test_for_leo/install/explore_lite_msgs/include/explore_lite_msgs/explore_lite_msgs/msg/detail
[0.714s] -- Up-to-date: /home/student13/debuging/lei_github/nav_test_for_leo/install/explore_lite_msgs/include/explore_lite_msgs/explore_lite_msgs/msg/detail/explore_status__struct.h
[0.714s] -- Up-to-date: /home/student13/debuging/lei_github/nav_test_for_leo/install/explore_lite_msgs/include/explore_lite_msgs/explore_lite_msgs/msg/detail/explore_status__functions.h
[0.715s] -- Up-to-date: /home/student13/debuging/lei_github/nav_test_for_leo/install/explore_lite_msgs/include/explore_lite_msgs/explore_lite_msgs/msg/detail/explore_status__type_support.c
[0.715s] -- Up-to-date: /home/student13/debuging/lei_github/nav_test_for_leo/install/explore_lite_msgs/include/explore_lite_msgs/explore_lite_msgs/msg/detail/explore_status__functions.c
[0.715s] -- Up-to-date: /home/student13/debuging/lei_github/nav_test_for_leo/install/explore_lite_msgs/include/explore_lite_msgs/explore_lite_msgs/msg/detail/explore_status__type_support.h
[0.715s] -- Up-to-date: /home/student13/debuging/lei_github/nav_test_for_leo/install/explore_lite_msgs/include/explore_lite_msgs/explore_lite_msgs/msg/detail/explore_status__description.c
[0.715s] -- Up-to-date: /home/student13/debuging/lei_github/nav_test_for_leo/install/explore_lite_msgs/include/explore_lite_msgs/explore_lite_msgs/msg/explore_status.h
[0.715s] -- Up-to-date: /home/student13/debuging/lei_github/nav_test_for_leo/install/explore_lite_msgs/include/explore_lite_msgs/explore_lite_msgs/msg/rosidl_generator_c__visibility_control.h
[0.715s] -- Up-to-date: /home/student13/debuging/lei_github/nav_test_for_leo/install/explore_lite_msgs/share/explore_lite_msgs/environment/library_path.sh
[0.715s] -- Up-to-date: /home/student13/debuging/lei_github/nav_test_for_leo/install/explore_lite_msgs/share/explore_lite_msgs/environment/library_path.dsv
[0.715s] -- Up-to-date: /home/student13/debuging/lei_github/nav_test_for_leo/install/explore_lite_msgs/lib/libexplore_lite_msgs__rosidl_generator_c.so
[0.716s] -- Up-to-date: /home/student13/debuging/lei_github/nav_test_for_leo/install/explore_lite_msgs/include/explore_lite_msgs/explore_lite_msgs
[0.716s] -- Up-to-date: /home/student13/debuging/lei_github/nav_test_for_leo/install/explore_lite_msgs/include/explore_lite_msgs/explore_lite_msgs/msg
[0.716s] -- Up-to-date: /home/student13/debuging/lei_github/nav_test_for_leo/install/explore_lite_msgs/include/explore_lite_msgs/explore_lite_msgs/msg/detail
[0.716s] -- Up-to-date: /home/student13/debuging/lei_github/nav_test_for_leo/install/explore_lite_msgs/include/explore_lite_msgs/explore_lite_msgs/msg/detail/explore_status__rosidl_typesupport_fastrtps_c.h
[0.716s] -- Up-to-date: /home/student13/debuging/lei_github/nav_test_for_leo/install/explore_lite_msgs/include/explore_lite_msgs/explore_lite_msgs/msg/rosidl_typesupport_fastrtps_c__visibility_control.h
[0.716s] -- Up-to-date: /home/student13/debuging/lei_github/nav_test_for_leo/install/explore_lite_msgs/lib/libexplore_lite_msgs__rosidl_typesupport_fastrtps_c.so
[0.716s] -- Up-to-date: /home/student13/debuging/lei_github/nav_test_for_leo/install/explore_lite_msgs/include/explore_lite_msgs/explore_lite_msgs
[0.716s] -- Up-to-date: /home/student13/debuging/lei_github/nav_test_for_leo/install/explore_lite_msgs/include/explore_lite_msgs/explore_lite_msgs/msg
[0.716s] -- Up-to-date: /home/student13/debuging/lei_github/nav_test_for_leo/install/explore_lite_msgs/include/explore_lite_msgs/explore_lite_msgs/msg/detail
[0.716s] -- Up-to-date: /home/student13/debuging/lei_github/nav_test_for_leo/install/explore_lite_msgs/include/explore_lite_msgs/explore_lite_msgs/msg/detail/explore_status__rosidl_typesupport_introspection_c.h
[0.717s] -- Up-to-date: /home/student13/debuging/lei_github/nav_test_for_leo/install/explore_lite_msgs/include/explore_lite_msgs/explore_lite_msgs/msg/detail/explore_status__type_support.c
[0.717s] -- Up-to-date: /home/student13/debuging/lei_github/nav_test_for_leo/install/explore_lite_msgs/include/explore_lite_msgs/explore_lite_msgs/msg/rosidl_typesupport_introspection_c__visibility_control.h
[0.717s] -- Up-to-date: /home/student13/debuging/lei_github/nav_test_for_leo/install/explore_lite_msgs/lib/libexplore_lite_msgs__rosidl_typesupport_introspection_c.so
[0.717s] -- Up-to-date: /home/student13/debuging/lei_github/nav_test_for_leo/install/explore_lite_msgs/lib/libexplore_lite_msgs__rosidl_typesupport_c.so
[0.717s] -- Up-to-date: /home/student13/debuging/lei_github/nav_test_for_leo/install/explore_lite_msgs/include/explore_lite_msgs/explore_lite_msgs
[0.717s] -- Up-to-date: /home/student13/debuging/lei_github/nav_test_for_leo/install/explore_lite_msgs/include/explore_lite_msgs/explore_lite_msgs/msg
[0.717s] -- Up-to-date: /home/student13/debuging/lei_github/nav_test_for_leo/install/explore_lite_msgs/include/explore_lite_msgs/explore_lite_msgs/msg/detail
[0.717s] -- Up-to-date: /home/student13/debuging/lei_github/nav_test_for_leo/install/explore_lite_msgs/include/explore_lite_msgs/explore_lite_msgs/msg/detail/explore_status__traits.hpp
[0.717s] -- Up-to-date: /home/student13/debuging/lei_github/nav_test_for_leo/install/explore_lite_msgs/include/explore_lite_msgs/explore_lite_msgs/msg/detail/explore_status__struct.hpp
[0.717s] -- Up-to-date: /home/student13/debuging/lei_github/nav_test_for_leo/install/explore_lite_msgs/include/explore_lite_msgs/explore_lite_msgs/msg/detail/explore_status__type_support.hpp
[0.718s] -- Up-to-date: /home/student13/debuging/lei_github/nav_test_for_leo/install/explore_lite_msgs/include/explore_lite_msgs/explore_lite_msgs/msg/detail/explore_status__builder.hpp
[0.718s] -- Up-to-date: /home/student13/debuging/lei_github/nav_test_for_leo/install/explore_lite_msgs/include/explore_lite_msgs/explore_lite_msgs/msg/rosidl_generator_cpp__visibility_control.hpp
[0.718s] -- Up-to-date: /home/student13/debuging/lei_github/nav_test_for_leo/install/explore_lite_msgs/include/explore_lite_msgs/explore_lite_msgs/msg/explore_status.hpp
[0.718s] -- Up-to-date: /home/student13/debuging/lei_github/nav_test_for_leo/install/explore_lite_msgs/include/explore_lite_msgs/explore_lite_msgs
[0.718s] -- Up-to-date: /home/student13/debuging/lei_github/nav_test_for_leo/install/explore_lite_msgs/include/explore_lite_msgs/explore_lite_msgs/msg
[0.718s] -- Up-to-date: /home/student13/debuging/lei_github/nav_test_for_leo/install/explore_lite_msgs/include/explore_lite_msgs/explore_lite_msgs/msg/rosidl_typesupport_fastrtps_cpp__visibility_control.h
[0.718s] -- Up-to-date: /home/student13/debuging/lei_github/nav_test_for_leo/install/explore_lite_msgs/include/explore_lite_msgs/explore_lite_msgs/msg/detail
[0.718s] -- Up-to-date: /home/student13/debuging/lei_github/nav_test_for_leo/install/explore_lite_msgs/include/explore_lite_msgs/explore_lite_msgs/msg/detail/dds_fastrtps
[0.718s] -- Up-to-date: /home/student13/debuging/lei_github/nav_test_for_leo/install/explore_lite_msgs/include/explore_lite_msgs/explore_lite_msgs/msg/detail/explore_status__rosidl_typesupport_fastrtps_cpp.hpp
[0.718s] -- Up-to-date: /home/student13/debuging/lei_github/nav_test_for_leo/install/explore_lite_msgs/lib/libexplore_lite_msgs__rosidl_typesupport_fastrtps_cpp.so
[0.718s] -- Up-to-date: /home/student13/debuging/lei_github/nav_test_for_leo/install/explore_lite_msgs/include/explore_lite_msgs/explore_lite_msgs
[0.718s] -- Up-to-date: /home/student13/debuging/lei_github/nav_test_for_leo/install/explore_lite_msgs/include/explore_lite_msgs/explore_lite_msgs/msg
[0.719s] -- Up-to-date: /home/student13/debuging/lei_github/nav_test_for_leo/install/explore_lite_msgs/include/explore_lite_msgs/explore_lite_msgs/msg/detail
[0.719s] -- Up-to-date: /home/student13/debuging/lei_github/nav_test_for_leo/install/explore_lite_msgs/include/explore_lite_msgs/explore_lite_msgs/msg/detail/explore_status__type_support.cpp
[0.719s] -- Up-to-date: /home/student13/debuging/lei_github/nav_test_for_leo/install/explore_lite_msgs/include/explore_lite_msgs/explore_lite_msgs/msg/detail/explore_status__rosidl_typesupport_introspection_cpp.hpp
[0.719s] -- Up-to-date: /home/student13/debuging/lei_github/nav_test_for_leo/install/explore_lite_msgs/lib/libexplore_lite_msgs__rosidl_typesupport_introspection_cpp.so
[0.719s] -- Up-to-date: /home/student13/debuging/lei_github/nav_test_for_leo/install/explore_lite_msgs/lib/libexplore_lite_msgs__rosidl_typesupport_cpp.so
[0.719s] -- Up-to-date: /home/student13/debuging/lei_github/nav_test_for_leo/install/explore_lite_msgs/share/explore_lite_msgs/environment/pythonpath.sh
[0.719s] -- Up-to-date: /home/student13/debuging/lei_github/nav_test_for_leo/install/explore_lite_msgs/share/explore_lite_msgs/environment/pythonpath.dsv
[0.719s] -- Up-to-date: /home/student13/debuging/lei_github/nav_test_for_leo/install/explore_lite_msgs/lib/python3.12/site-packages/explore_lite_msgs-1.0.0-py3.12.egg-info
[0.719s] -- Installing: /home/student13/debuging/lei_github/nav_test_for_leo/install/explore_lite_msgs/lib/python3.12/site-packages/explore_lite_msgs-1.0.0-py3.12.egg-info/SOURCES.txt
[0.719s] -- Installing: /home/student13/debuging/lei_github/nav_test_for_leo/install/explore_lite_msgs/lib/python3.12/site-packages/explore_lite_msgs-1.0.0-py3.12.egg-info/PKG-INFO
[0.719s] -- Installing: /home/student13/debuging/lei_github/nav_test_for_leo/install/explore_lite_msgs/lib/python3.12/site-packages/explore_lite_msgs-1.0.0-py3.12.egg-info/dependency_links.txt
[0.719s] -- Installing: /home/student13/debuging/lei_github/nav_test_for_leo/install/explore_lite_msgs/lib/python3.12/site-packages/explore_lite_msgs-1.0.0-py3.12.egg-info/top_level.txt
[0.720s] -- Up-to-date: /home/student13/debuging/lei_github/nav_test_for_leo/install/explore_lite_msgs/lib/python3.12/site-packages/explore_lite_msgs
[0.720s] -- Up-to-date: /home/student13/debuging/lei_github/nav_test_for_leo/install/explore_lite_msgs/lib/python3.12/site-packages/explore_lite_msgs/_explore_lite_msgs_s.ep.rosidl_typesupport_c.c
[0.720s] -- Up-to-date: /home/student13/debuging/lei_github/nav_test_for_leo/install/explore_lite_msgs/lib/python3.12/site-packages/explore_lite_msgs/explore_lite_msgs_s__rosidl_typesupport_c.so
[0.720s] -- Up-to-date: /home/student13/debuging/lei_github/nav_test_for_leo/install/explore_lite_msgs/lib/python3.12/site-packages/explore_lite_msgs/explore_lite_msgs_s__rosidl_typesupport_introspection_c.so
[0.720s] -- Up-to-date: /home/student13/debuging/lei_github/nav_test_for_leo/install/explore_lite_msgs/lib/python3.12/site-packages/explore_lite_msgs/explore_lite_msgs_s__rosidl_typesupport_fastrtps_c.so
[0.720s] -- Up-to-date: /home/student13/debuging/lei_github/nav_test_for_leo/install/explore_lite_msgs/lib/python3.12/site-packages/explore_lite_msgs/_explore_lite_msgs_s.ep.rosidl_typesupport_introspection_c.c
[0.720s] -- Up-to-date: /home/student13/debuging/lei_github/nav_test_for_leo/install/explore_lite_msgs/lib/python3.12/site-packages/explore_lite_msgs/_explore_lite_msgs_s.ep.rosidl_typesupport_fastrtps_c.c
[0.720s] -- Up-to-date: /home/student13/debuging/lei_github/nav_test_for_leo/install/explore_lite_msgs/lib/python3.12/site-packages/explore_lite_msgs/msg
[0.721s] -- Up-to-date: /home/student13/debuging/lei_github/nav_test_for_leo/install/explore_lite_msgs/lib/python3.12/site-packages/explore_lite_msgs/msg/_explore_status_s.c
[0.721s] -- Up-to-date: /home/student13/debuging/lei_github/nav_test_for_leo/install/explore_lite_msgs/lib/python3.12/site-packages/explore_lite_msgs/msg/__init__.py
[0.721s] -- Up-to-date: /home/student13/debuging/lei_github/nav_test_for_leo/install/explore_lite_msgs/lib/python3.12/site-packages/explore_lite_msgs/msg/_explore_status.py
[0.721s] -- Up-to-date: /home/student13/debuging/lei_github/nav_test_for_leo/install/explore_lite_msgs/lib/python3.12/site-packages/explore_lite_msgs/__init__.py
[0.781s] Listing '/home/student13/debuging/lei_github/nav_test_for_leo/install/explore_lite_msgs/lib/python3.12/site-packages/explore_lite_msgs'...
[0.781s] Listing '/home/student13/debuging/lei_github/nav_test_for_leo/install/explore_lite_msgs/lib/python3.12/site-packages/explore_lite_msgs/msg'...
[0.790s] -- Up-to-date: /home/student13/debuging/lei_github/nav_test_for_leo/install/explore_lite_msgs/lib/python3.12/site-packages/explore_lite_msgs/explore_lite_msgs_s__rosidl_typesupport_fastrtps_c.so
[0.790s] -- Up-to-date: /home/student13/debuging/lei_github/nav_test_for_leo/install/explore_lite_msgs/lib/python3.12/site-packages/explore_lite_msgs/explore_lite_msgs_s__rosidl_typesupport_introspection_c.so
[0.791s] -- Up-to-date: /home/student13/debuging/lei_github/nav_test_for_leo/install/explore_lite_msgs/lib/python3.12/site-packages/explore_lite_msgs/explore_lite_msgs_s__rosidl_typesupport_c.so
[0.791s] -- Up-to-date: /home/student13/debuging/lei_github/nav_test_for_leo/install/explore_lite_msgs/lib/libexplore_lite_msgs__rosidl_generator_py.so
[0.791s] -- Up-to-date: /home/student13/debuging/lei_github/nav_test_for_leo/install/explore_lite_msgs/share/explore_lite_msgs/msg/ExploreStatus.idl
[0.792s] -- Up-to-date: /home/student13/debuging/lei_github/nav_test_for_leo/install/explore_lite_msgs/share/explore_lite_msgs/msg/ExploreStatus.msg
[0.792s] -- Up-to-date: /home/student13/debuging/lei_github/nav_test_for_leo/install/explore_lite_msgs/share/ament_index/resource_index/package_run_dependencies/explore_lite_msgs
[0.792s] -- Up-to-date: /home/student13/debuging/lei_github/nav_test_for_leo/install/explore_lite_msgs/share/ament_index/resource_index/parent_prefix_path/explore_lite_msgs
[0.792s] -- Up-to-date: /home/student13/debuging/lei_github/nav_test_for_leo/install/explore_lite_msgs/share/explore_lite_msgs/environment/ament_prefix_path.sh
[0.792s] -- Up-to-date: /home/student13/debuging/lei_github/nav_test_for_leo/install/explore_lite_msgs/share/explore_lite_msgs/environment/ament_prefix_path.dsv
[0.793s] -- Up-to-date: /home/student13/debuging/lei_github/nav_test_for_leo/install/explore_lite_msgs/share/explore_lite_msgs/environment/path.sh
[0.793s] -- Up-to-date: /home/student13/debuging/lei_github/nav_test_for_leo/install/explore_lite_msgs/share/explore_lite_msgs/environment/path.dsv
[0.793s] -- Up-to-date: /home/student13/debuging/lei_github/nav_test_for_leo/install/explore_lite_msgs/share/explore_lite_msgs/local_setup.bash
[0.793s] -- Up-to-date: /home/student13/debuging/lei_github/nav_test_for_leo/install/explore_lite_msgs/share/explore_lite_msgs/local_setup.sh
[0.793s] -- Up-to-date: /home/student13/debuging/lei_github/nav_test_for_leo/install/explore_lite_msgs/share/explore_lite_msgs/local_setup.zsh
[0.794s] -- Up-to-date: /home/student13/debuging/lei_github/nav_test_for_leo/install/explore_lite_msgs/share/explore_lite_msgs/local_setup.dsv
[0.794s] -- Installing: /home/student13/debuging/lei_github/nav_test_for_leo/install/explore_lite_msgs/share/explore_lite_msgs/package.dsv
[0.794s] -- Up-to-date: /home/student13/debuging/lei_github/nav_test_for_leo/install/explore_lite_msgs/share/ament_index/resource_index/packages/explore_lite_msgs
[0.794s] -- Up-to-date: /home/student13/debuging/lei_github/nav_test_for_leo/install/explore_lite_msgs/share/explore_lite_msgs/cmake/export_explore_lite_msgs__rosidl_generator_cExport.cmake
[0.794s] -- Up-to-date: /home/student13/debuging/lei_github/nav_test_for_leo/install/explore_lite_msgs/share/explore_lite_msgs/cmake/export_explore_lite_msgs__rosidl_generator_cExport-noconfig.cmake
[0.795s] -- Up-to-date: /home/student13/debuging/lei_github/nav_test_for_leo/install/explore_lite_msgs/share/explore_lite_msgs/cmake/export_explore_lite_msgs__rosidl_typesupport_fastrtps_cExport.cmake
[0.795s] -- Up-to-date: /home/student13/debuging/lei_github/nav_test_for_leo/install/explore_lite_msgs/share/explore_lite_msgs/cmake/export_explore_lite_msgs__rosidl_typesupport_fastrtps_cExport-noconfig.cmake
[0.795s] -- Up-to-date: /home/student13/debuging/lei_github/nav_test_for_leo/install/explore_lite_msgs/share/explore_lite_msgs/cmake/explore_lite_msgs__rosidl_typesupport_introspection_cExport.cmake
[0.795s] -- Up-to-date: /home/student13/debuging/lei_github/nav_test_for_leo/install/explore_lite_msgs/share/explore_lite_msgs/cmake/explore_lite_msgs__rosidl_typesupport_introspection_cExport-noconfig.cmake
[0.795s] -- Up-to-date: /home/student13/debuging/lei_github/nav_test_for_leo/install/explore_lite_msgs/share/explore_lite_msgs/cmake/explore_lite_msgs__rosidl_typesupport_cExport.cmake
[0.795s] -- Up-to-date: /home/student13/debuging/lei_github/nav_test_for_leo/install/explore_lite_msgs/share/explore_lite_msgs/cmake/explore_lite_msgs__rosidl_typesupport_cExport-noconfig.cmake
[0.795s] -- Up-to-date: /home/student13/debuging/lei_github/nav_test_for_leo/install/explore_lite_msgs/share/explore_lite_msgs/cmake/export_explore_lite_msgs__rosidl_generator_cppExport.cmake
[0.795s] -- Up-to-date: /home/student13/debuging/lei_github/nav_test_for_leo/install/explore_lite_msgs/share/explore_lite_msgs/cmake/export_explore_lite_msgs__rosidl_typesupport_fastrtps_cppExport.cmake
[0.795s] -- Up-to-date: /home/student13/debuging/lei_github/nav_test_for_leo/install/explore_lite_msgs/share/explore_lite_msgs/cmake/export_explore_lite_msgs__rosidl_typesupport_fastrtps_cppExport-noconfig.cmake
[0.795s] -- Up-to-date: /home/student13/debuging/lei_github/nav_test_for_leo/install/explore_lite_msgs/share/explore_lite_msgs/cmake/explore_lite_msgs__rosidl_typesupport_introspection_cppExport.cmake
[0.796s] -- Up-to-date: /home/student13/debuging/lei_github/nav_test_for_leo/install/explore_lite_msgs/share/explore_lite_msgs/cmake/explore_lite_msgs__rosidl_typesupport_introspection_cppExport-noconfig.cmake
[0.796s] -- Up-to-date: /home/student13/debuging/lei_github/nav_test_for_leo/install/explore_lite_msgs/share/explore_lite_msgs/cmake/explore_lite_msgs__rosidl_typesupport_cppExport.cmake
[0.796s] -- Up-to-date: /home/student13/debuging/lei_github/nav_test_for_leo/install/explore_lite_msgs/share/explore_lite_msgs/cmake/explore_lite_msgs__rosidl_typesupport_cppExport-noconfig.cmake
[0.796s] -- Up-to-date: /home/student13/debuging/lei_github/nav_test_for_leo/install/explore_lite_msgs/share/explore_lite_msgs/cmake/export_explore_lite_msgs__rosidl_generator_pyExport.cmake
[0.796s] -- Up-to-date: /home/student13/debuging/lei_github/nav_test_for_leo/install/explore_lite_msgs/share/explore_lite_msgs/cmake/export_explore_lite_msgs__rosidl_generator_pyExport-noconfig.cmake
[0.796s] -- Up-to-date: /home/student13/debuging/lei_github/nav_test_for_leo/install/explore_lite_msgs/share/explore_lite_msgs/cmake/rosidl_cmake-extras.cmake
[0.796s] -- Up-to-date: /home/student13/debuging/lei_github/nav_test_for_leo/install/explore_lite_msgs/share/explore_lite_msgs/cmake/ament_cmake_export_include_directories-extras.cmake
[0.796s] -- Up-to-date: /home/student13/debuging/lei_github/nav_test_for_leo/install/explore_lite_msgs/share/explore_lite_msgs/cmake/ament_cmake_export_libraries-extras.cmake
[0.796s] -- Up-to-date: /home/student13/debuging/lei_github/nav_test_for_leo/install/explore_lite_msgs/share/explore_lite_msgs/cmake/ament_cmake_export_targets-extras.cmake
[0.796s] -- Up-to-date: /home/student13/debuging/lei_github/nav_test_for_leo/install/explore_lite_msgs/share/explore_lite_msgs/cmake/rosidl_cmake_export_typesupport_targets-extras.cmake
[0.796s] -- Up-to-date: /home/student13/debuging/lei_github/nav_test_for_leo/install/explore_lite_msgs/share/explore_lite_msgs/cmake/ament_cmake_export_dependencies-extras.cmake
[0.796s] -- Up-to-date: /home/student13/debuging/lei_github/nav_test_for_leo/install/explore_lite_msgs/share/explore_lite_msgs/cmake/rosidl_cmake_export_typesupport_libraries-extras.cmake
[0.796s] -- Up-to-date: /home/student13/debuging/lei_github/nav_test_for_leo/install/explore_lite_msgs/share/explore_lite_msgs/cmake/explore_lite_msgsConfig.cmake
[0.796s] -- Up-to-date: /home/student13/debuging/lei_github/nav_test_for_leo/install/explore_lite_msgs/share/explore_lite_msgs/cmake/explore_lite_msgsConfig-version.cmake
[0.797s] -- Up-to-date: /home/student13/debuging/lei_github/nav_test_for_leo/install/explore_lite_msgs/share/explore_lite_msgs/package.xml
[0.798s] Invoked command in '/home/student13/debuging/lei_github/nav_test_for_leo/build/explore_lite_msgs' returned '0': CMAKE_PREFIX_PATH=${CMAKE_PREFIX_PATH}:/home/student13/debuging/lei_github/nav_test_for_leo/install/robot_control_system:/home/student13/debuging/lei_github/nav_test_for_leo/install/my_robot_bringup:/opt/ros/jazzy DEBUGINFOD_URLS=https://debuginfod.ubuntu.com /usr/bin/cmake --install /home/student13/debuging/lei_github/nav_test_for_leo/build/explore_lite_msgs
