[0.025s] Invoking command in '/home/student13/debuging/lei_github/nav_test_for_leo/build/my_robot_interfaces': CMAKE_PREFIX_PATH=${CMAKE_PREFIX_PATH}:/home/student13/debuging/lei_github/nav_test_for_leo/install/robot_control_system:/home/student13/debuging/lei_github/nav_test_for_leo/install/my_robot_bringup:/opt/ros/jazzy DEBUGINFOD_URLS=https://debuginfod.ubuntu.com /usr/bin/cmake --build /home/student13/debuging/lei_github/nav_test_for_leo/build/my_robot_interfaces -- -j12 -l12
[0.108s] [  2%] Built target my_robot_interfaces__rosidl_generator_type_description
[0.135s] [  2%] Built target ament_cmake_python_copy_my_robot_interfaces
[0.150s] [  4%] Built target my_robot_interfaces__cpp
[0.155s] [ 22%] Built target my_robot_interfaces__rosidl_generator_c
[0.227s] [ 31%] Built target my_robot_interfaces__rosidl_typesupport_introspection_c
[0.231s] [ 40%] Built target my_robot_interfaces__rosidl_typesupport_fastrtps_c
[0.233s] [ 50%] Built target my_robot_interfaces__rosidl_typesupport_fastrtps_cpp
[0.234s] [ 59%] Built target my_robot_interfaces__rosidl_typesupport_introspection_cpp
[0.235s] [ 77%] Built target my_robot_interfaces__rosidl_typesupport_cpp
[0.235s] [ 77%] Built target my_robot_interfaces__rosidl_typesupport_c
[0.270s] [ 77%] Built target my_robot_interfaces
[0.310s] [ 79%] Built target my_robot_interfaces__py
[0.340s] [ 86%] Built target my_robot_interfaces__rosidl_generator_py
[0.369s] [ 90%] Built target my_robot_interfaces_s__rosidl_typesupport_c
[0.372s] [ 95%] Built target my_robot_interfaces_s__rosidl_typesupport_introspection_c
[0.373s] [100%] Built target my_robot_interfaces_s__rosidl_typesupport_fastrtps_c
[0.504s] running egg_info
[0.526s] writing my_robot_interfaces.egg-info/PKG-INFO
[0.526s] writing dependency_links to my_robot_interfaces.egg-info/dependency_links.txt
[0.526s] writing top-level names to my_robot_interfaces.egg-info/top_level.txt
[0.572s] reading manifest file 'my_robot_interfaces.egg-info/SOURCES.txt'
[0.573s] writing manifest file 'my_robot_interfaces.egg-info/SOURCES.txt'
[0.605s] [100%] Built target ament_cmake_python_build_my_robot_interfaces_egg
[0.629s] Invoked command in '/home/student13/debuging/lei_github/nav_test_for_leo/build/my_robot_interfaces' returned '0': CMAKE_PREFIX_PATH=${CMAKE_PREFIX_PATH}:/home/student13/debuging/lei_github/nav_test_for_leo/install/robot_control_system:/home/student13/debuging/lei_github/nav_test_for_leo/install/my_robot_bringup:/opt/ros/jazzy DEBUGINFOD_URLS=https://debuginfod.ubuntu.com /usr/bin/cmake --build /home/student13/debuging/lei_github/nav_test_for_leo/build/my_robot_interfaces -- -j12 -l12
[0.631s] Invoking command in '/home/student13/debuging/lei_github/nav_test_for_leo/build/my_robot_interfaces': CMAKE_PREFIX_PATH=${CMAKE_PREFIX_PATH}:/home/student13/debuging/lei_github/nav_test_for_leo/install/robot_control_system:/home/student13/debuging/lei_github/nav_test_for_leo/install/my_robot_bringup:/opt/ros/jazzy DEBUGINFOD_URLS=https://debuginfod.ubuntu.com /usr/bin/cmake --install /home/student13/debuging/lei_github/nav_test_for_leo/build/my_robot_interfaces
[0.641s] -- Install configuration: ""
[0.642s] -- Up-to-date: /home/student13/debuging/lei_github/nav_test_for_leo/install/my_robot_interfaces/share/ament_index/resource_index/rosidl_interfaces/my_robot_interfaces
[0.642s] -- Up-to-date: /home/student13/debuging/lei_github/nav_test_for_leo/install/my_robot_interfaces/share/my_robot_interfaces/msg/ErrorStatus.json
[0.642s] -- Up-to-date: /home/student13/debuging/lei_github/nav_test_for_leo/install/my_robot_interfaces/share/my_robot_interfaces/msg/ObjectTarget.json
[0.642s] -- Up-to-date: /home/student13/debuging/lei_github/nav_test_for_leo/install/my_robot_interfaces/include/my_robot_interfaces/my_robot_interfaces
[0.642s] -- Up-to-date: /home/student13/debuging/lei_github/nav_test_for_leo/install/my_robot_interfaces/include/my_robot_interfaces/my_robot_interfaces/msg
[0.642s] -- Up-to-date: /home/student13/debuging/lei_github/nav_test_for_leo/install/my_robot_interfaces/include/my_robot_interfaces/my_robot_interfaces/msg/error_status.h
[0.643s] -- Up-to-date: /home/student13/debuging/lei_github/nav_test_for_leo/install/my_robot_interfaces/include/my_robot_interfaces/my_robot_interfaces/msg/detail
[0.643s] -- Up-to-date: /home/student13/debuging/lei_github/nav_test_for_leo/install/my_robot_interfaces/include/my_robot_interfaces/my_robot_interfaces/msg/detail/error_status__type_support.c
[0.643s] -- Up-to-date: /home/student13/debuging/lei_github/nav_test_for_leo/install/my_robot_interfaces/include/my_robot_interfaces/my_robot_interfaces/msg/detail/error_status__struct.h
[0.643s] -- Up-to-date: /home/student13/debuging/lei_github/nav_test_for_leo/install/my_robot_interfaces/include/my_robot_interfaces/my_robot_interfaces/msg/detail/object_target__functions.h
[0.643s] -- Up-to-date: /home/student13/debuging/lei_github/nav_test_for_leo/install/my_robot_interfaces/include/my_robot_interfaces/my_robot_interfaces/msg/detail/error_status__functions.h
[0.643s] -- Up-to-date: /home/student13/debuging/lei_github/nav_test_for_leo/install/my_robot_interfaces/include/my_robot_interfaces/my_robot_interfaces/msg/detail/object_target__description.c
[0.643s] -- Up-to-date: /home/student13/debuging/lei_github/nav_test_for_leo/install/my_robot_interfaces/include/my_robot_interfaces/my_robot_interfaces/msg/detail/object_target__functions.c
[0.644s] -- Up-to-date: /home/student13/debuging/lei_github/nav_test_for_leo/install/my_robot_interfaces/include/my_robot_interfaces/my_robot_interfaces/msg/detail/object_target__struct.h
[0.644s] -- Up-to-date: /home/student13/debuging/lei_github/nav_test_for_leo/install/my_robot_interfaces/include/my_robot_interfaces/my_robot_interfaces/msg/detail/object_target__type_support.h
[0.644s] -- Up-to-date: /home/student13/debuging/lei_github/nav_test_for_leo/install/my_robot_interfaces/include/my_robot_interfaces/my_robot_interfaces/msg/detail/error_status__type_support.h
[0.644s] -- Up-to-date: /home/student13/debuging/lei_github/nav_test_for_leo/install/my_robot_interfaces/include/my_robot_interfaces/my_robot_interfaces/msg/detail/error_status__functions.c
[0.644s] -- Up-to-date: /home/student13/debuging/lei_github/nav_test_for_leo/install/my_robot_interfaces/include/my_robot_interfaces/my_robot_interfaces/msg/detail/object_target__type_support.c
[0.644s] -- Up-to-date: /home/student13/debuging/lei_github/nav_test_for_leo/install/my_robot_interfaces/include/my_robot_interfaces/my_robot_interfaces/msg/detail/error_status__description.c
[0.644s] -- Up-to-date: /home/student13/debuging/lei_github/nav_test_for_leo/install/my_robot_interfaces/include/my_robot_interfaces/my_robot_interfaces/msg/rosidl_generator_c__visibility_control.h
[0.645s] -- Up-to-date: /home/student13/debuging/lei_github/nav_test_for_leo/install/my_robot_interfaces/include/my_robot_interfaces/my_robot_interfaces/msg/object_target.h
[0.645s] -- Up-to-date: /home/student13/debuging/lei_github/nav_test_for_leo/install/my_robot_interfaces/share/my_robot_interfaces/environment/library_path.sh
[0.645s] -- Up-to-date: /home/student13/debuging/lei_github/nav_test_for_leo/install/my_robot_interfaces/share/my_robot_interfaces/environment/library_path.dsv
[0.645s] -- Up-to-date: /home/student13/debuging/lei_github/nav_test_for_leo/install/my_robot_interfaces/lib/libmy_robot_interfaces__rosidl_generator_c.so
[0.645s] -- Up-to-date: /home/student13/debuging/lei_github/nav_test_for_leo/install/my_robot_interfaces/include/my_robot_interfaces/my_robot_interfaces
[0.645s] -- Up-to-date: /home/student13/debuging/lei_github/nav_test_for_leo/install/my_robot_interfaces/include/my_robot_interfaces/my_robot_interfaces/msg
[0.645s] -- Up-to-date: /home/student13/debuging/lei_github/nav_test_for_leo/install/my_robot_interfaces/include/my_robot_interfaces/my_robot_interfaces/msg/detail
[0.645s] -- Up-to-date: /home/student13/debuging/lei_github/nav_test_for_leo/install/my_robot_interfaces/include/my_robot_interfaces/my_robot_interfaces/msg/detail/error_status__rosidl_typesupport_fastrtps_c.h
[0.646s] -- Up-to-date: /home/student13/debuging/lei_github/nav_test_for_leo/install/my_robot_interfaces/include/my_robot_interfaces/my_robot_interfaces/msg/detail/object_target__rosidl_typesupport_fastrtps_c.h
[0.646s] -- Up-to-date: /home/student13/debuging/lei_github/nav_test_for_leo/install/my_robot_interfaces/include/my_robot_interfaces/my_robot_interfaces/msg/rosidl_typesupport_fastrtps_c__visibility_control.h
[0.646s] -- Up-to-date: /home/student13/debuging/lei_github/nav_test_for_leo/install/my_robot_interfaces/lib/libmy_robot_interfaces__rosidl_typesupport_fastrtps_c.so
[0.646s] -- Up-to-date: /home/student13/debuging/lei_github/nav_test_for_leo/install/my_robot_interfaces/include/my_robot_interfaces/my_robot_interfaces
[0.646s] -- Up-to-date: /home/student13/debuging/lei_github/nav_test_for_leo/install/my_robot_interfaces/include/my_robot_interfaces/my_robot_interfaces/msg
[0.646s] -- Up-to-date: /home/student13/debuging/lei_github/nav_test_for_leo/install/my_robot_interfaces/include/my_robot_interfaces/my_robot_interfaces/msg/detail
[0.646s] -- Up-to-date: /home/student13/debuging/lei_github/nav_test_for_leo/install/my_robot_interfaces/include/my_robot_interfaces/my_robot_interfaces/msg/detail/error_status__type_support.c
[0.646s] -- Up-to-date: /home/student13/debuging/lei_github/nav_test_for_leo/install/my_robot_interfaces/include/my_robot_interfaces/my_robot_interfaces/msg/detail/error_status__rosidl_typesupport_introspection_c.h
[0.646s] -- Up-to-date: /home/student13/debuging/lei_github/nav_test_for_leo/install/my_robot_interfaces/include/my_robot_interfaces/my_robot_interfaces/msg/detail/object_target__type_support.c
[0.647s] -- Up-to-date: /home/student13/debuging/lei_github/nav_test_for_leo/install/my_robot_interfaces/include/my_robot_interfaces/my_robot_interfaces/msg/detail/object_target__rosidl_typesupport_introspection_c.h
[0.647s] -- Up-to-date: /home/student13/debuging/lei_github/nav_test_for_leo/install/my_robot_interfaces/include/my_robot_interfaces/my_robot_interfaces/msg/rosidl_typesupport_introspection_c__visibility_control.h
[0.647s] -- Up-to-date: /home/student13/debuging/lei_github/nav_test_for_leo/install/my_robot_interfaces/lib/libmy_robot_interfaces__rosidl_typesupport_introspection_c.so
[0.647s] -- Up-to-date: /home/student13/debuging/lei_github/nav_test_for_leo/install/my_robot_interfaces/lib/libmy_robot_interfaces__rosidl_typesupport_c.so
[0.647s] -- Up-to-date: /home/student13/debuging/lei_github/nav_test_for_leo/install/my_robot_interfaces/include/my_robot_interfaces/my_robot_interfaces
[0.647s] -- Up-to-date: /home/student13/debuging/lei_github/nav_test_for_leo/install/my_robot_interfaces/include/my_robot_interfaces/my_robot_interfaces/msg
[0.647s] -- Up-to-date: /home/student13/debuging/lei_github/nav_test_for_leo/install/my_robot_interfaces/include/my_robot_interfaces/my_robot_interfaces/msg/object_target.hpp
[0.647s] -- Up-to-date: /home/student13/debuging/lei_github/nav_test_for_leo/install/my_robot_interfaces/include/my_robot_interfaces/my_robot_interfaces/msg/detail
[0.647s] -- Up-to-date: /home/student13/debuging/lei_github/nav_test_for_leo/install/my_robot_interfaces/include/my_robot_interfaces/my_robot_interfaces/msg/detail/error_status__builder.hpp
[0.648s] -- Up-to-date: /home/student13/debuging/lei_github/nav_test_for_leo/install/my_robot_interfaces/include/my_robot_interfaces/my_robot_interfaces/msg/detail/object_target__builder.hpp
[0.648s] -- Up-to-date: /home/student13/debuging/lei_github/nav_test_for_leo/install/my_robot_interfaces/include/my_robot_interfaces/my_robot_interfaces/msg/detail/error_status__struct.hpp
[0.648s] -- Up-to-date: /home/student13/debuging/lei_github/nav_test_for_leo/install/my_robot_interfaces/include/my_robot_interfaces/my_robot_interfaces/msg/detail/error_status__traits.hpp
[0.648s] -- Up-to-date: /home/student13/debuging/lei_github/nav_test_for_leo/install/my_robot_interfaces/include/my_robot_interfaces/my_robot_interfaces/msg/detail/object_target__struct.hpp
[0.648s] -- Up-to-date: /home/student13/debuging/lei_github/nav_test_for_leo/install/my_robot_interfaces/include/my_robot_interfaces/my_robot_interfaces/msg/detail/error_status__type_support.hpp
[0.648s] -- Up-to-date: /home/student13/debuging/lei_github/nav_test_for_leo/install/my_robot_interfaces/include/my_robot_interfaces/my_robot_interfaces/msg/detail/object_target__type_support.hpp
[0.648s] -- Up-to-date: /home/student13/debuging/lei_github/nav_test_for_leo/install/my_robot_interfaces/include/my_robot_interfaces/my_robot_interfaces/msg/detail/object_target__traits.hpp
[0.648s] -- Up-to-date: /home/student13/debuging/lei_github/nav_test_for_leo/install/my_robot_interfaces/include/my_robot_interfaces/my_robot_interfaces/msg/error_status.hpp
[0.648s] -- Up-to-date: /home/student13/debuging/lei_github/nav_test_for_leo/install/my_robot_interfaces/include/my_robot_interfaces/my_robot_interfaces/msg/rosidl_generator_cpp__visibility_control.hpp
[0.649s] -- Up-to-date: /home/student13/debuging/lei_github/nav_test_for_leo/install/my_robot_interfaces/include/my_robot_interfaces/my_robot_interfaces
[0.649s] -- Up-to-date: /home/student13/debuging/lei_github/nav_test_for_leo/install/my_robot_interfaces/include/my_robot_interfaces/my_robot_interfaces/msg
[0.649s] -- Up-to-date: /home/student13/debuging/lei_github/nav_test_for_leo/install/my_robot_interfaces/include/my_robot_interfaces/my_robot_interfaces/msg/rosidl_typesupport_fastrtps_cpp__visibility_control.h
[0.649s] -- Up-to-date: /home/student13/debuging/lei_github/nav_test_for_leo/install/my_robot_interfaces/include/my_robot_interfaces/my_robot_interfaces/msg/detail
[0.649s] -- Up-to-date: /home/student13/debuging/lei_github/nav_test_for_leo/install/my_robot_interfaces/include/my_robot_interfaces/my_robot_interfaces/msg/detail/dds_fastrtps
[0.649s] -- Up-to-date: /home/student13/debuging/lei_github/nav_test_for_leo/install/my_robot_interfaces/include/my_robot_interfaces/my_robot_interfaces/msg/detail/error_status__rosidl_typesupport_fastrtps_cpp.hpp
[0.649s] -- Up-to-date: /home/student13/debuging/lei_github/nav_test_for_leo/install/my_robot_interfaces/include/my_robot_interfaces/my_robot_interfaces/msg/detail/object_target__rosidl_typesupport_fastrtps_cpp.hpp
[0.649s] -- Up-to-date: /home/student13/debuging/lei_github/nav_test_for_leo/install/my_robot_interfaces/lib/libmy_robot_interfaces__rosidl_typesupport_fastrtps_cpp.so
[0.649s] -- Up-to-date: /home/student13/debuging/lei_github/nav_test_for_leo/install/my_robot_interfaces/include/my_robot_interfaces/my_robot_interfaces
[0.650s] -- Up-to-date: /home/student13/debuging/lei_github/nav_test_for_leo/install/my_robot_interfaces/include/my_robot_interfaces/my_robot_interfaces/msg
[0.650s] -- Up-to-date: /home/student13/debuging/lei_github/nav_test_for_leo/install/my_robot_interfaces/include/my_robot_interfaces/my_robot_interfaces/msg/detail
[0.650s] -- Up-to-date: /home/student13/debuging/lei_github/nav_test_for_leo/install/my_robot_interfaces/include/my_robot_interfaces/my_robot_interfaces/msg/detail/object_target__type_support.cpp
[0.650s] -- Up-to-date: /home/student13/debuging/lei_github/nav_test_for_leo/install/my_robot_interfaces/include/my_robot_interfaces/my_robot_interfaces/msg/detail/error_status__rosidl_typesupport_introspection_cpp.hpp
[0.650s] -- Up-to-date: /home/student13/debuging/lei_github/nav_test_for_leo/install/my_robot_interfaces/include/my_robot_interfaces/my_robot_interfaces/msg/detail/error_status__type_support.cpp
[0.650s] -- Up-to-date: /home/student13/debuging/lei_github/nav_test_for_leo/install/my_robot_interfaces/include/my_robot_interfaces/my_robot_interfaces/msg/detail/object_target__rosidl_typesupport_introspection_cpp.hpp
[0.650s] -- Up-to-date: /home/student13/debuging/lei_github/nav_test_for_leo/install/my_robot_interfaces/lib/libmy_robot_interfaces__rosidl_typesupport_introspection_cpp.so
[0.650s] -- Up-to-date: /home/student13/debuging/lei_github/nav_test_for_leo/install/my_robot_interfaces/lib/libmy_robot_interfaces__rosidl_typesupport_cpp.so
[0.650s] -- Up-to-date: /home/student13/debuging/lei_github/nav_test_for_leo/install/my_robot_interfaces/share/my_robot_interfaces/environment/pythonpath.sh
[0.651s] -- Up-to-date: /home/student13/debuging/lei_github/nav_test_for_leo/install/my_robot_interfaces/share/my_robot_interfaces/environment/pythonpath.dsv
[0.651s] -- Up-to-date: /home/student13/debuging/lei_github/nav_test_for_leo/install/my_robot_interfaces/lib/python3.12/site-packages/my_robot_interfaces-0.0.1-py3.12.egg-info
[0.651s] -- Installing: /home/student13/debuging/lei_github/nav_test_for_leo/install/my_robot_interfaces/lib/python3.12/site-packages/my_robot_interfaces-0.0.1-py3.12.egg-info/SOURCES.txt
[0.651s] -- Installing: /home/student13/debuging/lei_github/nav_test_for_leo/install/my_robot_interfaces/lib/python3.12/site-packages/my_robot_interfaces-0.0.1-py3.12.egg-info/PKG-INFO
[0.651s] -- Installing: /home/student13/debuging/lei_github/nav_test_for_leo/install/my_robot_interfaces/lib/python3.12/site-packages/my_robot_interfaces-0.0.1-py3.12.egg-info/dependency_links.txt
[0.651s] -- Installing: /home/student13/debuging/lei_github/nav_test_for_leo/install/my_robot_interfaces/lib/python3.12/site-packages/my_robot_interfaces-0.0.1-py3.12.egg-info/top_level.txt
[0.651s] -- Up-to-date: /home/student13/debuging/lei_github/nav_test_for_leo/install/my_robot_interfaces/lib/python3.12/site-packages/my_robot_interfaces
[0.651s] -- Up-to-date: /home/student13/debuging/lei_github/nav_test_for_leo/install/my_robot_interfaces/lib/python3.12/site-packages/my_robot_interfaces/_my_robot_interfaces_s.ep.rosidl_typesupport_fastrtps_c.c
[0.651s] -- Up-to-date: /home/student13/debuging/lei_github/nav_test_for_leo/install/my_robot_interfaces/lib/python3.12/site-packages/my_robot_interfaces/_my_robot_interfaces_s.ep.rosidl_typesupport_c.c
[0.652s] -- Up-to-date: /home/student13/debuging/lei_github/nav_test_for_leo/install/my_robot_interfaces/lib/python3.12/site-packages/my_robot_interfaces/msg
[0.652s] -- Up-to-date: /home/student13/debuging/lei_github/nav_test_for_leo/install/my_robot_interfaces/lib/python3.12/site-packages/my_robot_interfaces/msg/_error_status_s.c
[0.652s] -- Up-to-date: /home/student13/debuging/lei_github/nav_test_for_leo/install/my_robot_interfaces/lib/python3.12/site-packages/my_robot_interfaces/msg/_error_status.py
[0.652s] -- Up-to-date: /home/student13/debuging/lei_github/nav_test_for_leo/install/my_robot_interfaces/lib/python3.12/site-packages/my_robot_interfaces/msg/_object_target_s.c
[0.652s] -- Up-to-date: /home/student13/debuging/lei_github/nav_test_for_leo/install/my_robot_interfaces/lib/python3.12/site-packages/my_robot_interfaces/msg/_object_target.py
[0.652s] -- Up-to-date: /home/student13/debuging/lei_github/nav_test_for_leo/install/my_robot_interfaces/lib/python3.12/site-packages/my_robot_interfaces/msg/__init__.py
[0.652s] -- Up-to-date: /home/student13/debuging/lei_github/nav_test_for_leo/install/my_robot_interfaces/lib/python3.12/site-packages/my_robot_interfaces/my_robot_interfaces_s__rosidl_typesupport_fastrtps_c.so
[0.652s] -- Up-to-date: /home/student13/debuging/lei_github/nav_test_for_leo/install/my_robot_interfaces/lib/python3.12/site-packages/my_robot_interfaces/my_robot_interfaces_s__rosidl_typesupport_c.so
[0.652s] -- Up-to-date: /home/student13/debuging/lei_github/nav_test_for_leo/install/my_robot_interfaces/lib/python3.12/site-packages/my_robot_interfaces/_my_robot_interfaces_s.ep.rosidl_typesupport_introspection_c.c
[0.653s] -- Up-to-date: /home/student13/debuging/lei_github/nav_test_for_leo/install/my_robot_interfaces/lib/python3.12/site-packages/my_robot_interfaces/__init__.py
[0.653s] -- Up-to-date: /home/student13/debuging/lei_github/nav_test_for_leo/install/my_robot_interfaces/lib/python3.12/site-packages/my_robot_interfaces/my_robot_interfaces_s__rosidl_typesupport_introspection_c.so
[0.675s] Listing '/home/student13/debuging/lei_github/nav_test_for_leo/install/my_robot_interfaces/lib/python3.12/site-packages/my_robot_interfaces'...
[0.675s] Listing '/home/student13/debuging/lei_github/nav_test_for_leo/install/my_robot_interfaces/lib/python3.12/site-packages/my_robot_interfaces/msg'...
[0.680s] -- Up-to-date: /home/student13/debuging/lei_github/nav_test_for_leo/install/my_robot_interfaces/lib/python3.12/site-packages/my_robot_interfaces/my_robot_interfaces_s__rosidl_typesupport_fastrtps_c.so
[0.680s] -- Up-to-date: /home/student13/debuging/lei_github/nav_test_for_leo/install/my_robot_interfaces/lib/python3.12/site-packages/my_robot_interfaces/my_robot_interfaces_s__rosidl_typesupport_introspection_c.so
[0.680s] -- Up-to-date: /home/student13/debuging/lei_github/nav_test_for_leo/install/my_robot_interfaces/lib/python3.12/site-packages/my_robot_interfaces/my_robot_interfaces_s__rosidl_typesupport_c.so
[0.680s] -- Up-to-date: /home/student13/debuging/lei_github/nav_test_for_leo/install/my_robot_interfaces/lib/libmy_robot_interfaces__rosidl_generator_py.so
[0.681s] -- Up-to-date: /home/student13/debuging/lei_github/nav_test_for_leo/install/my_robot_interfaces/share/my_robot_interfaces/msg/ErrorStatus.idl
[0.681s] -- Up-to-date: /home/student13/debuging/lei_github/nav_test_for_leo/install/my_robot_interfaces/share/my_robot_interfaces/msg/ObjectTarget.idl
[0.681s] -- Up-to-date: /home/student13/debuging/lei_github/nav_test_for_leo/install/my_robot_interfaces/share/my_robot_interfaces/msg/ErrorStatus.msg
[0.681s] -- Up-to-date: /home/student13/debuging/lei_github/nav_test_for_leo/install/my_robot_interfaces/share/my_robot_interfaces/msg/ObjectTarget.msg
[0.681s] -- Up-to-date: /home/student13/debuging/lei_github/nav_test_for_leo/install/my_robot_interfaces/share/ament_index/resource_index/package_run_dependencies/my_robot_interfaces
[0.681s] -- Up-to-date: /home/student13/debuging/lei_github/nav_test_for_leo/install/my_robot_interfaces/share/ament_index/resource_index/parent_prefix_path/my_robot_interfaces
[0.681s] -- Up-to-date: /home/student13/debuging/lei_github/nav_test_for_leo/install/my_robot_interfaces/share/my_robot_interfaces/environment/ament_prefix_path.sh
[0.681s] -- Up-to-date: /home/student13/debuging/lei_github/nav_test_for_leo/install/my_robot_interfaces/share/my_robot_interfaces/environment/ament_prefix_path.dsv
[0.681s] -- Up-to-date: /home/student13/debuging/lei_github/nav_test_for_leo/install/my_robot_interfaces/share/my_robot_interfaces/environment/path.sh
[0.682s] -- Up-to-date: /home/student13/debuging/lei_github/nav_test_for_leo/install/my_robot_interfaces/share/my_robot_interfaces/environment/path.dsv
[0.682s] -- Up-to-date: /home/student13/debuging/lei_github/nav_test_for_leo/install/my_robot_interfaces/share/my_robot_interfaces/local_setup.bash
[0.682s] -- Up-to-date: /home/student13/debuging/lei_github/nav_test_for_leo/install/my_robot_interfaces/share/my_robot_interfaces/local_setup.sh
[0.682s] -- Up-to-date: /home/student13/debuging/lei_github/nav_test_for_leo/install/my_robot_interfaces/share/my_robot_interfaces/local_setup.zsh
[0.682s] -- Up-to-date: /home/student13/debuging/lei_github/nav_test_for_leo/install/my_robot_interfaces/share/my_robot_interfaces/local_setup.dsv
[0.682s] -- Installing: /home/student13/debuging/lei_github/nav_test_for_leo/install/my_robot_interfaces/share/my_robot_interfaces/package.dsv
[0.682s] -- Up-to-date: /home/student13/debuging/lei_github/nav_test_for_leo/install/my_robot_interfaces/share/ament_index/resource_index/packages/my_robot_interfaces
[0.682s] -- Up-to-date: /home/student13/debuging/lei_github/nav_test_for_leo/install/my_robot_interfaces/share/my_robot_interfaces/cmake/export_my_robot_interfaces__rosidl_generator_cExport.cmake
[0.683s] -- Up-to-date: /home/student13/debuging/lei_github/nav_test_for_leo/install/my_robot_interfaces/share/my_robot_interfaces/cmake/export_my_robot_interfaces__rosidl_generator_cExport-noconfig.cmake
[0.683s] -- Up-to-date: /home/student13/debuging/lei_github/nav_test_for_leo/install/my_robot_interfaces/share/my_robot_interfaces/cmake/export_my_robot_interfaces__rosidl_typesupport_fastrtps_cExport.cmake
[0.683s] -- Up-to-date: /home/student13/debuging/lei_github/nav_test_for_leo/install/my_robot_interfaces/share/my_robot_interfaces/cmake/export_my_robot_interfaces__rosidl_typesupport_fastrtps_cExport-noconfig.cmake
[0.683s] -- Up-to-date: /home/student13/debuging/lei_github/nav_test_for_leo/install/my_robot_interfaces/share/my_robot_interfaces/cmake/my_robot_interfaces__rosidl_typesupport_introspection_cExport.cmake
[0.683s] -- Up-to-date: /home/student13/debuging/lei_github/nav_test_for_leo/install/my_robot_interfaces/share/my_robot_interfaces/cmake/my_robot_interfaces__rosidl_typesupport_introspection_cExport-noconfig.cmake
[0.683s] -- Up-to-date: /home/student13/debuging/lei_github/nav_test_for_leo/install/my_robot_interfaces/share/my_robot_interfaces/cmake/my_robot_interfaces__rosidl_typesupport_cExport.cmake
[0.683s] -- Up-to-date: /home/student13/debuging/lei_github/nav_test_for_leo/install/my_robot_interfaces/share/my_robot_interfaces/cmake/my_robot_interfaces__rosidl_typesupport_cExport-noconfig.cmake
[0.683s] -- Up-to-date: /home/student13/debuging/lei_github/nav_test_for_leo/install/my_robot_interfaces/share/my_robot_interfaces/cmake/export_my_robot_interfaces__rosidl_generator_cppExport.cmake
[0.683s] -- Up-to-date: /home/student13/debuging/lei_github/nav_test_for_leo/install/my_robot_interfaces/share/my_robot_interfaces/cmake/export_my_robot_interfaces__rosidl_typesupport_fastrtps_cppExport.cmake
[0.684s] -- Up-to-date: /home/student13/debuging/lei_github/nav_test_for_leo/install/my_robot_interfaces/share/my_robot_interfaces/cmake/export_my_robot_interfaces__rosidl_typesupport_fastrtps_cppExport-noconfig.cmake
[0.684s] -- Up-to-date: /home/student13/debuging/lei_github/nav_test_for_leo/install/my_robot_interfaces/share/my_robot_interfaces/cmake/my_robot_interfaces__rosidl_typesupport_introspection_cppExport.cmake
[0.684s] -- Up-to-date: /home/student13/debuging/lei_github/nav_test_for_leo/install/my_robot_interfaces/share/my_robot_interfaces/cmake/my_robot_interfaces__rosidl_typesupport_introspection_cppExport-noconfig.cmake
[0.686s] -- Up-to-date: /home/student13/debuging/lei_github/nav_test_for_leo/install/my_robot_interfaces/share/my_robot_interfaces/cmake/my_robot_interfaces__rosidl_typesupport_cppExport.cmake
[0.686s] -- Up-to-date: /home/student13/debuging/lei_github/nav_test_for_leo/install/my_robot_interfaces/share/my_robot_interfaces/cmake/my_robot_interfaces__rosidl_typesupport_cppExport-noconfig.cmake
[0.687s] -- Up-to-date: /home/student13/debuging/lei_github/nav_test_for_leo/install/my_robot_interfaces/share/my_robot_interfaces/cmake/export_my_robot_interfaces__rosidl_generator_pyExport.cmake
[0.687s] -- Up-to-date: /home/student13/debuging/lei_github/nav_test_for_leo/install/my_robot_interfaces/share/my_robot_interfaces/cmake/export_my_robot_interfaces__rosidl_generator_pyExport-noconfig.cmake
[0.687s] -- Up-to-date: /home/student13/debuging/lei_github/nav_test_for_leo/install/my_robot_interfaces/share/my_robot_interfaces/cmake/rosidl_cmake-extras.cmake
[0.687s] -- Up-to-date: /home/student13/debuging/lei_github/nav_test_for_leo/install/my_robot_interfaces/share/my_robot_interfaces/cmake/ament_cmake_export_include_directories-extras.cmake
[0.687s] -- Up-to-date: /home/student13/debuging/lei_github/nav_test_for_leo/install/my_robot_interfaces/share/my_robot_interfaces/cmake/ament_cmake_export_libraries-extras.cmake
[0.688s] -- Up-to-date: /home/student13/debuging/lei_github/nav_test_for_leo/install/my_robot_interfaces/share/my_robot_interfaces/cmake/ament_cmake_export_targets-extras.cmake
[0.688s] -- Up-to-date: /home/student13/debuging/lei_github/nav_test_for_leo/install/my_robot_interfaces/share/my_robot_interfaces/cmake/rosidl_cmake_export_typesupport_targets-extras.cmake
[0.688s] -- Up-to-date: /home/student13/debuging/lei_github/nav_test_for_leo/install/my_robot_interfaces/share/my_robot_interfaces/cmake/ament_cmake_export_dependencies-extras.cmake
[0.688s] -- Up-to-date: /home/student13/debuging/lei_github/nav_test_for_leo/install/my_robot_interfaces/share/my_robot_interfaces/cmake/rosidl_cmake_export_typesupport_libraries-extras.cmake
[0.688s] -- Up-to-date: /home/student13/debuging/lei_github/nav_test_for_leo/install/my_robot_interfaces/share/my_robot_interfaces/cmake/my_robot_interfacesConfig.cmake
[0.688s] -- Up-to-date: /home/student13/debuging/lei_github/nav_test_for_leo/install/my_robot_interfaces/share/my_robot_interfaces/cmake/my_robot_interfacesConfig-version.cmake
[0.688s] -- Up-to-date: /home/student13/debuging/lei_github/nav_test_for_leo/install/my_robot_interfaces/share/my_robot_interfaces/package.xml
[0.690s] Invoked command in '/home/student13/debuging/lei_github/nav_test_for_leo/build/my_robot_interfaces' returned '0': CMAKE_PREFIX_PATH=${CMAKE_PREFIX_PATH}:/home/student13/debuging/lei_github/nav_test_for_leo/install/robot_control_system:/home/student13/debuging/lei_github/nav_test_for_leo/install/my_robot_bringup:/opt/ros/jazzy DEBUGINFOD_URLS=https://debuginfod.ubuntu.com /usr/bin/cmake --install /home/student13/debuging/lei_github/nav_test_for_leo/build/my_robot_interfaces
