/home/student13/debuging/lei_github/nav_test_for_leo/install/robot_control_system/lib/python3.12/site-packages/robot_control_system/manipulator_node.py
/home/student13/debuging/lei_github/nav_test_for_leo/install/robot_control_system/lib/python3.12/site-packages/robot_control_system/tf_sim_node.py
/home/student13/debuging/lei_github/nav_test_for_leo/install/robot_control_system/lib/python3.12/site-packages/robot_control_system/nav_node.py
/home/student13/debuging/lei_github/nav_test_for_leo/install/robot_control_system/lib/python3.12/site-packages/robot_control_system/four_wheel_filter_node.py
/home/student13/debuging/lei_github/nav_test_for_leo/install/robot_control_system/lib/python3.12/site-packages/robot_control_system/camera_node.py
/home/student13/debuging/lei_github/nav_test_for_leo/install/robot_control_system/lib/python3.12/site-packages/robot_control_system/__init__.py
/home/student13/debuging/lei_github/nav_test_for_leo/install/robot_control_system/lib/python3.12/site-packages/robot_control_system/robot_fsm.py
/home/student13/debuging/lei_github/nav_test_for_leo/install/robot_control_system/lib/python3.12/site-packages/robot_control_system/__pycache__/manipulator_node.cpython-312.pyc
/home/student13/debuging/lei_github/nav_test_for_leo/install/robot_control_system/lib/python3.12/site-packages/robot_control_system/__pycache__/tf_sim_node.cpython-312.pyc
/home/student13/debuging/lei_github/nav_test_for_leo/install/robot_control_system/lib/python3.12/site-packages/robot_control_system/__pycache__/nav_node.cpython-312.pyc
/home/student13/debuging/lei_github/nav_test_for_leo/install/robot_control_system/lib/python3.12/site-packages/robot_control_system/__pycache__/four_wheel_filter_node.cpython-312.pyc
/home/student13/debuging/lei_github/nav_test_for_leo/install/robot_control_system/lib/python3.12/site-packages/robot_control_system/__pycache__/camera_node.cpython-312.pyc
/home/student13/debuging/lei_github/nav_test_for_leo/install/robot_control_system/lib/python3.12/site-packages/robot_control_system/__pycache__/__init__.cpython-312.pyc
/home/student13/debuging/lei_github/nav_test_for_leo/install/robot_control_system/lib/python3.12/site-packages/robot_control_system/__pycache__/robot_fsm.cpython-312.pyc
/home/student13/debuging/lei_github/nav_test_for_leo/install/robot_control_system/share/ament_index/resource_index/packages/robot_control_system
/home/student13/debuging/lei_github/nav_test_for_leo/install/robot_control_system/share/robot_control_system/package.xml
/home/student13/debuging/lei_github/nav_test_for_leo/install/robot_control_system/share/robot_control_system/launch/nav2_explore.launch.py
/home/student13/debuging/lei_github/nav_test_for_leo/install/robot_control_system/share/robot_control_system/launch/system_control.launch.py
/home/student13/debuging/lei_github/nav_test_for_leo/install/robot_control_system/share/robot_control_system/best.pt
/home/student13/debuging/lei_github/nav_test_for_leo/install/robot_control_system/share/robot_control_system/config/explore_params.yaml
/home/student13/debuging/lei_github/nav_test_for_leo/install/robot_control_system/lib/python3.12/site-packages/robot_control_system-0.0.1-py3.12.egg-info/zip-safe
/home/student13/debuging/lei_github/nav_test_for_leo/install/robot_control_system/lib/python3.12/site-packages/robot_control_system-0.0.1-py3.12.egg-info/entry_points.txt
/home/student13/debuging/lei_github/nav_test_for_leo/install/robot_control_system/lib/python3.12/site-packages/robot_control_system-0.0.1-py3.12.egg-info/SOURCES.txt
/home/student13/debuging/lei_github/nav_test_for_leo/install/robot_control_system/lib/python3.12/site-packages/robot_control_system-0.0.1-py3.12.egg-info/PKG-INFO
/home/student13/debuging/lei_github/nav_test_for_leo/install/robot_control_system/lib/python3.12/site-packages/robot_control_system-0.0.1-py3.12.egg-info/requires.txt
/home/student13/debuging/lei_github/nav_test_for_leo/install/robot_control_system/lib/python3.12/site-packages/robot_control_system-0.0.1-py3.12.egg-info/dependency_links.txt
/home/student13/debuging/lei_github/nav_test_for_leo/install/robot_control_system/lib/python3.12/site-packages/robot_control_system-0.0.1-py3.12.egg-info/top_level.txt
/home/student13/debuging/lei_github/nav_test_for_leo/install/robot_control_system/lib/robot_control_system/camera_node
/home/student13/debuging/lei_github/nav_test_for_leo/install/robot_control_system/lib/robot_control_system/four_wheel_filter
/home/student13/debuging/lei_github/nav_test_for_leo/install/robot_control_system/lib/robot_control_system/manipulator_node
/home/student13/debuging/lei_github/nav_test_for_leo/install/robot_control_system/lib/robot_control_system/nav_node
/home/student13/debuging/lei_github/nav_test_for_leo/install/robot_control_system/lib/robot_control_system/robot_fsm
