running egg_info
creating ../../build/my_robot_bringup/my_robot_bringup.egg-info
writing ../../build/my_robot_bringup/my_robot_bringup.egg-info/PKG-INFO
writing dependency_links to ../../build/my_robot_bringup/my_robot_bringup.egg-info/dependency_links.txt
writing entry points to ../../build/my_robot_bringup/my_robot_bringup.egg-info/entry_points.txt
writing requirements to ../../build/my_robot_bringup/my_robot_bringup.egg-info/requires.txt
writing top-level names to ../../build/my_robot_bringup/my_robot_bringup.egg-info/top_level.txt
writing manifest file '../../build/my_robot_bringup/my_robot_bringup.egg-info/SOURCES.txt'
reading manifest file '../../build/my_robot_bringup/my_robot_bringup.egg-info/SOURCES.txt'
writing manifest file '../../build/my_robot_bringup/my_robot_bringup.egg-info/SOURCES.txt'
running build
running build_py
creating /home/student13/debuging/lei_github/nav_test_for_leo/build/my_robot_bringup/build
creating /home/student13/debuging/lei_github/nav_test_for_leo/build/my_robot_bringup/build/lib
creating /home/student13/debuging/lei_github/nav_test_for_leo/build/my_robot_bringup/build/lib/my_robot_bringup
copying my_robot_bringup/reset_odometry.py -> /home/student13/debuging/lei_github/nav_test_for_leo/build/my_robot_bringup/build/lib/my_robot_bringup
copying my_robot_bringup/four_wheel_filter_node.py -> /home/student13/debuging/lei_github/nav_test_for_leo/build/my_robot_bringup/build/lib/my_robot_bringup
copying my_robot_bringup/__init__.py -> /home/student13/debuging/lei_github/nav_test_for_leo/build/my_robot_bringup/build/lib/my_robot_bringup
running install
running install_lib
creating /home/student13/debuging/lei_github/nav_test_for_leo/install/my_robot_bringup/lib/python3.12/site-packages/my_robot_bringup
copying /home/student13/debuging/lei_github/nav_test_for_leo/build/my_robot_bringup/build/lib/my_robot_bringup/reset_odometry.py -> /home/student13/debuging/lei_github/nav_test_for_leo/install/my_robot_bringup/lib/python3.12/site-packages/my_robot_bringup
copying /home/student13/debuging/lei_github/nav_test_for_leo/build/my_robot_bringup/build/lib/my_robot_bringup/four_wheel_filter_node.py -> /home/student13/debuging/lei_github/nav_test_for_leo/install/my_robot_bringup/lib/python3.12/site-packages/my_robot_bringup
copying /home/student13/debuging/lei_github/nav_test_for_leo/build/my_robot_bringup/build/lib/my_robot_bringup/__init__.py -> /home/student13/debuging/lei_github/nav_test_for_leo/install/my_robot_bringup/lib/python3.12/site-packages/my_robot_bringup
byte-compiling /home/student13/debuging/lei_github/nav_test_for_leo/install/my_robot_bringup/lib/python3.12/site-packages/my_robot_bringup/reset_odometry.py to reset_odometry.cpython-312.pyc
byte-compiling /home/student13/debuging/lei_github/nav_test_for_leo/install/my_robot_bringup/lib/python3.12/site-packages/my_robot_bringup/four_wheel_filter_node.py to four_wheel_filter_node.cpython-312.pyc
byte-compiling /home/student13/debuging/lei_github/nav_test_for_leo/install/my_robot_bringup/lib/python3.12/site-packages/my_robot_bringup/__init__.py to __init__.cpython-312.pyc
running install_data
creating /home/student13/debuging/lei_github/nav_test_for_leo/install/my_robot_bringup/share/ament_index
creating /home/student13/debuging/lei_github/nav_test_for_leo/install/my_robot_bringup/share/ament_index/resource_index
creating /home/student13/debuging/lei_github/nav_test_for_leo/install/my_robot_bringup/share/ament_index/resource_index/packages
copying resource/my_robot_bringup -> /home/student13/debuging/lei_github/nav_test_for_leo/install/my_robot_bringup/share/ament_index/resource_index/packages
copying package.xml -> /home/student13/debuging/lei_github/nav_test_for_leo/install/my_robot_bringup/share/my_robot_bringup
creating /home/student13/debuging/lei_github/nav_test_for_leo/install/my_robot_bringup/share/my_robot_bringup/launch
copying launch/bringup_launch.py -> /home/student13/debuging/lei_github/nav_test_for_leo/install/my_robot_bringup/share/my_robot_bringup/launch
creating /home/student13/debuging/lei_github/nav_test_for_leo/install/my_robot_bringup/share/my_robot_bringup/config
copying config/mapper_params_online_async.yaml -> /home/student13/debuging/lei_github/nav_test_for_leo/install/my_robot_bringup/share/my_robot_bringup/config
copying config/nav2_real_params.yaml -> /home/student13/debuging/lei_github/nav_test_for_leo/install/my_robot_bringup/share/my_robot_bringup/config
copying config/navigate_to_pose_w_replanning_and_recovery.xml -> /home/student13/debuging/lei_github/nav_test_for_leo/install/my_robot_bringup/share/my_robot_bringup/config
creating /home/student13/debuging/lei_github/nav_test_for_leo/install/my_robot_bringup/share/my_robot_bringup/rviz
copying rviz/default.rviz -> /home/student13/debuging/lei_github/nav_test_for_leo/install/my_robot_bringup/share/my_robot_bringup/rviz
running install_egg_info
Copying ../../build/my_robot_bringup/my_robot_bringup.egg-info to /home/student13/debuging/lei_github/nav_test_for_leo/install/my_robot_bringup/lib/python3.12/site-packages/my_robot_bringup-0.0.0-py3.12.egg-info
running install_scripts
Installing four_wheel_filter script to /home/student13/debuging/lei_github/nav_test_for_leo/install/my_robot_bringup/lib/my_robot_bringup
Installing reset_odometry script to /home/student13/debuging/lei_github/nav_test_for_leo/install/my_robot_bringup/lib/my_robot_bringup
writing list of installed files to '/home/student13/debuging/lei_github/nav_test_for_leo/build/my_robot_bringup/install.log'
