[1.180s] Invoking command in '/home/student13/debuging/lei_github/nav_test_for_leo/src/my_robot_bringup': DEBUGINFOD_URLS=https://debuginfod.ubuntu.com PYTHONPATH=/home/student13/debuging/lei_github/nav_test_for_leo/build/my_robot_bringup/prefix_override:/usr/lib/python3/dist-packages/colcon_core/task/python/colcon_distutils_commands:/home/student13/debuging/lei_github/nav_test_for_leo/install/my_robot_bringup/lib/python3.12/site-packages:${PYTHONPATH} /usr/bin/python3 -W ignore:setup.py install is deprecated -W ignore:easy_install command is deprecated setup.py egg_info --egg-base ../../build/my_robot_bringup build --build-base /home/student13/debuging/lei_github/nav_test_for_leo/build/my_robot_bringup/build install --record /home/student13/debuging/lei_github/nav_test_for_leo/build/my_robot_bringup/install.log --single-version-externally-managed install_data
[1.607s] running egg_info
[1.607s] creating ../../build/my_robot_bringup/my_robot_bringup.egg-info
[1.638s] writing ../../build/my_robot_bringup/my_robot_bringup.egg-info/PKG-INFO
[1.638s] writing dependency_links to ../../build/my_robot_bringup/my_robot_bringup.egg-info/dependency_links.txt
[1.638s] writing entry points to ../../build/my_robot_bringup/my_robot_bringup.egg-info/entry_points.txt
[1.638s] writing requirements to ../../build/my_robot_bringup/my_robot_bringup.egg-info/requires.txt
[1.639s] writing top-level names to ../../build/my_robot_bringup/my_robot_bringup.egg-info/top_level.txt
[1.639s] writing manifest file '../../build/my_robot_bringup/my_robot_bringup.egg-info/SOURCES.txt'
[1.705s] reading manifest file '../../build/my_robot_bringup/my_robot_bringup.egg-info/SOURCES.txt'
[1.706s] writing manifest file '../../build/my_robot_bringup/my_robot_bringup.egg-info/SOURCES.txt'
[1.706s] running build
[1.706s] running build_py
[1.707s] creating /home/student13/debuging/lei_github/nav_test_for_leo/build/my_robot_bringup/build
[1.707s] creating /home/student13/debuging/lei_github/nav_test_for_leo/build/my_robot_bringup/build/lib
[1.707s] creating /home/student13/debuging/lei_github/nav_test_for_leo/build/my_robot_bringup/build/lib/my_robot_bringup
[1.707s] copying my_robot_bringup/reset_odometry.py -> /home/student13/debuging/lei_github/nav_test_for_leo/build/my_robot_bringup/build/lib/my_robot_bringup
[1.707s] copying my_robot_bringup/four_wheel_filter_node.py -> /home/student13/debuging/lei_github/nav_test_for_leo/build/my_robot_bringup/build/lib/my_robot_bringup
[1.708s] copying my_robot_bringup/__init__.py -> /home/student13/debuging/lei_github/nav_test_for_leo/build/my_robot_bringup/build/lib/my_robot_bringup
[1.708s] running install
[1.717s] running install_lib
[1.751s] creating /home/student13/debuging/lei_github/nav_test_for_leo/install/my_robot_bringup/lib/python3.12/site-packages/my_robot_bringup
[1.751s] copying /home/student13/debuging/lei_github/nav_test_for_leo/build/my_robot_bringup/build/lib/my_robot_bringup/reset_odometry.py -> /home/student13/debuging/lei_github/nav_test_for_leo/install/my_robot_bringup/lib/python3.12/site-packages/my_robot_bringup
[1.752s] copying /home/student13/debuging/lei_github/nav_test_for_leo/build/my_robot_bringup/build/lib/my_robot_bringup/four_wheel_filter_node.py -> /home/student13/debuging/lei_github/nav_test_for_leo/install/my_robot_bringup/lib/python3.12/site-packages/my_robot_bringup
[1.752s] copying /home/student13/debuging/lei_github/nav_test_for_leo/build/my_robot_bringup/build/lib/my_robot_bringup/__init__.py -> /home/student13/debuging/lei_github/nav_test_for_leo/install/my_robot_bringup/lib/python3.12/site-packages/my_robot_bringup
[1.752s] byte-compiling /home/student13/debuging/lei_github/nav_test_for_leo/install/my_robot_bringup/lib/python3.12/site-packages/my_robot_bringup/reset_odometry.py to reset_odometry.cpython-312.pyc
[1.753s] byte-compiling /home/student13/debuging/lei_github/nav_test_for_leo/install/my_robot_bringup/lib/python3.12/site-packages/my_robot_bringup/four_wheel_filter_node.py to four_wheel_filter_node.cpython-312.pyc
[1.755s] byte-compiling /home/student13/debuging/lei_github/nav_test_for_leo/install/my_robot_bringup/lib/python3.12/site-packages/my_robot_bringup/__init__.py to __init__.cpython-312.pyc
[1.756s] running install_data
[1.756s] creating /home/student13/debuging/lei_github/nav_test_for_leo/install/my_robot_bringup/share/ament_index
[1.756s] creating /home/student13/debuging/lei_github/nav_test_for_leo/install/my_robot_bringup/share/ament_index/resource_index
[1.756s] creating /home/student13/debuging/lei_github/nav_test_for_leo/install/my_robot_bringup/share/ament_index/resource_index/packages
[1.756s] copying resource/my_robot_bringup -> /home/student13/debuging/lei_github/nav_test_for_leo/install/my_robot_bringup/share/ament_index/resource_index/packages
[1.757s] copying package.xml -> /home/student13/debuging/lei_github/nav_test_for_leo/install/my_robot_bringup/share/my_robot_bringup
[1.757s] creating /home/student13/debuging/lei_github/nav_test_for_leo/install/my_robot_bringup/share/my_robot_bringup/launch
[1.757s] copying launch/bringup_launch.py -> /home/student13/debuging/lei_github/nav_test_for_leo/install/my_robot_bringup/share/my_robot_bringup/launch
[1.757s] creating /home/student13/debuging/lei_github/nav_test_for_leo/install/my_robot_bringup/share/my_robot_bringup/config
[1.757s] copying config/mapper_params_online_async.yaml -> /home/student13/debuging/lei_github/nav_test_for_leo/install/my_robot_bringup/share/my_robot_bringup/config
[1.757s] copying config/nav2_real_params.yaml -> /home/student13/debuging/lei_github/nav_test_for_leo/install/my_robot_bringup/share/my_robot_bringup/config
[1.757s] copying config/navigate_to_pose_w_replanning_and_recovery.xml -> /home/student13/debuging/lei_github/nav_test_for_leo/install/my_robot_bringup/share/my_robot_bringup/config
[1.758s] creating /home/student13/debuging/lei_github/nav_test_for_leo/install/my_robot_bringup/share/my_robot_bringup/rviz
[1.758s] copying rviz/default.rviz -> /home/student13/debuging/lei_github/nav_test_for_leo/install/my_robot_bringup/share/my_robot_bringup/rviz
[1.758s] running install_egg_info
[1.794s] Copying ../../build/my_robot_bringup/my_robot_bringup.egg-info to /home/student13/debuging/lei_github/nav_test_for_leo/install/my_robot_bringup/lib/python3.12/site-packages/my_robot_bringup-0.0.0-py3.12.egg-info
[1.795s] running install_scripts
[1.911s] Installing four_wheel_filter script to /home/student13/debuging/lei_github/nav_test_for_leo/install/my_robot_bringup/lib/my_robot_bringup
[1.911s] Installing reset_odometry script to /home/student13/debuging/lei_github/nav_test_for_leo/install/my_robot_bringup/lib/my_robot_bringup
[1.912s] writing list of installed files to '/home/student13/debuging/lei_github/nav_test_for_leo/build/my_robot_bringup/install.log'
[1.944s] Invoked command in '/home/student13/debuging/lei_github/nav_test_for_leo/src/my_robot_bringup' returned '0': DEBUGINFOD_URLS=https://debuginfod.ubuntu.com PYTHONPATH=/home/student13/debuging/lei_github/nav_test_for_leo/build/my_robot_bringup/prefix_override:/usr/lib/python3/dist-packages/colcon_core/task/python/colcon_distutils_commands:/home/student13/debuging/lei_github/nav_test_for_leo/install/my_robot_bringup/lib/python3.12/site-packages:${PYTHONPATH} /usr/bin/python3 -W ignore:setup.py install is deprecated -W ignore:easy_install command is deprecated setup.py egg_info --egg-base ../../build/my_robot_bringup build --build-base /home/student13/debuging/lei_github/nav_test_for_leo/build/my_robot_bringup/build install --record /home/student13/debuging/lei_github/nav_test_for_leo/build/my_robot_bringup/install.log --single-version-externally-managed install_data
