/home/student13/debuging/lei_github/nav_test_for_leo/install/my_robot_bringup/lib/python3.12/site-packages/my_robot_bringup/reset_odometry.py
/home/student13/debuging/lei_github/nav_test_for_leo/install/my_robot_bringup/lib/python3.12/site-packages/my_robot_bringup/four_wheel_filter_node.py
/home/student13/debuging/lei_github/nav_test_for_leo/install/my_robot_bringup/lib/python3.12/site-packages/my_robot_bringup/__init__.py
/home/student13/debuging/lei_github/nav_test_for_leo/install/my_robot_bringup/lib/python3.12/site-packages/my_robot_bringup/__pycache__/reset_odometry.cpython-312.pyc
/home/student13/debuging/lei_github/nav_test_for_leo/install/my_robot_bringup/lib/python3.12/site-packages/my_robot_bringup/__pycache__/four_wheel_filter_node.cpython-312.pyc
/home/student13/debuging/lei_github/nav_test_for_leo/install/my_robot_bringup/lib/python3.12/site-packages/my_robot_bringup/__pycache__/__init__.cpython-312.pyc
/home/student13/debuging/lei_github/nav_test_for_leo/install/my_robot_bringup/share/ament_index/resource_index/packages/my_robot_bringup
/home/student13/debuging/lei_github/nav_test_for_leo/install/my_robot_bringup/share/my_robot_bringup/package.xml
/home/student13/debuging/lei_github/nav_test_for_leo/install/my_robot_bringup/share/my_robot_bringup/launch/bringup_launch.py
/home/student13/debuging/lei_github/nav_test_for_leo/install/my_robot_bringup/share/my_robot_bringup/config/mapper_params_online_async.yaml
/home/student13/debuging/lei_github/nav_test_for_leo/install/my_robot_bringup/share/my_robot_bringup/config/nav2_real_params.yaml
/home/student13/debuging/lei_github/nav_test_for_leo/install/my_robot_bringup/share/my_robot_bringup/config/navigate_to_pose_w_replanning_and_recovery.xml
/home/student13/debuging/lei_github/nav_test_for_leo/install/my_robot_bringup/share/my_robot_bringup/rviz/default.rviz
/home/student13/debuging/lei_github/nav_test_for_leo/install/my_robot_bringup/lib/python3.12/site-packages/my_robot_bringup-0.0.0-py3.12.egg-info/zip-safe
/home/student13/debuging/lei_github/nav_test_for_leo/install/my_robot_bringup/lib/python3.12/site-packages/my_robot_bringup-0.0.0-py3.12.egg-info/entry_points.txt
/home/student13/debuging/lei_github/nav_test_for_leo/install/my_robot_bringup/lib/python3.12/site-packages/my_robot_bringup-0.0.0-py3.12.egg-info/SOURCES.txt
/home/student13/debuging/lei_github/nav_test_for_leo/install/my_robot_bringup/lib/python3.12/site-packages/my_robot_bringup-0.0.0-py3.12.egg-info/PKG-INFO
/home/student13/debuging/lei_github/nav_test_for_leo/install/my_robot_bringup/lib/python3.12/site-packages/my_robot_bringup-0.0.0-py3.12.egg-info/requires.txt
/home/student13/debuging/lei_github/nav_test_for_leo/install/my_robot_bringup/lib/python3.12/site-packages/my_robot_bringup-0.0.0-py3.12.egg-info/dependency_links.txt
/home/student13/debuging/lei_github/nav_test_for_leo/install/my_robot_bringup/lib/python3.12/site-packages/my_robot_bringup-0.0.0-py3.12.egg-info/top_level.txt
/home/student13/debuging/lei_github/nav_test_for_leo/install/my_robot_bringup/lib/my_robot_bringup/four_wheel_filter
/home/student13/debuging/lei_github/nav_test_for_leo/install/my_robot_bringup/lib/my_robot_bringup/reset_odometry
