[0.027s] Invoking command in '/home/student13/debuging/lei_github/nav_test_for_leo/build/multirobot_map_merge': CMAKE_PREFIX_PATH=${CMAKE_PREFIX_PATH}:/home/student13/debuging/lei_github/nav_test_for_leo/install/robot_control_system:/home/student13/debuging/lei_github/nav_test_for_leo/install/my_robot_bringup:/opt/ros/jazzy DEBUGINFOD_URLS=https://debuginfod.ubuntu.com /usr/bin/cmake --build /home/student13/debuging/lei_github/nav_test_for_leo/build/multirobot_map_merge -- -j12 -l12
[0.129s] [ 16%] Built target gtest
[0.142s] [ 33%] Built target gtest_main
[0.144s] [ 66%] Built target combine_grids
[0.214s] [ 83%] Built target test_merging_pipeline
[0.228s] [100%] Built target map_merge
[0.279s] Invoked command in '/home/student13/debuging/lei_github/nav_test_for_leo/build/multirobot_map_merge' returned '0': CMAKE_PREFIX_PATH=${CMAKE_PREFIX_PATH}:/home/student13/debuging/lei_github/nav_test_for_leo/install/robot_control_system:/home/student13/debuging/lei_github/nav_test_for_leo/install/my_robot_bringup:/opt/ros/jazzy DEBUGINFOD_URLS=https://debuginfod.ubuntu.com /usr/bin/cmake --build /home/student13/debuging/lei_github/nav_test_for_leo/build/multirobot_map_merge -- -j12 -l12
[0.280s] Invoking command in '/home/student13/debuging/lei_github/nav_test_for_leo/build/multirobot_map_merge': CMAKE_PREFIX_PATH=${CMAKE_PREFIX_PATH}:/home/student13/debuging/lei_github/nav_test_for_leo/install/robot_control_system:/home/student13/debuging/lei_github/nav_test_for_leo/install/my_robot_bringup:/opt/ros/jazzy DEBUGINFOD_URLS=https://debuginfod.ubuntu.com /usr/bin/cmake --install /home/student13/debuging/lei_github/nav_test_for_leo/build/multirobot_map_merge
[0.298s] -- Install configuration: ""
[0.298s] -- Up-to-date: /home/student13/debuging/lei_github/nav_test_for_leo/install/multirobot_map_merge/include/map_merge/
[0.299s] -- Up-to-date: /home/student13/debuging/lei_github/nav_test_for_leo/install/multirobot_map_merge/include/map_merge//map_merge.h
[0.299s] -- Up-to-date: /home/student13/debuging/lei_github/nav_test_for_leo/install/multirobot_map_merge/include/map_merge//ros1_names.hpp
[0.299s] -- Up-to-date: /home/student13/debuging/lei_github/nav_test_for_leo/install/multirobot_map_merge/share/multirobot_map_merge/launch
[0.302s] -- Up-to-date: /home/student13/debuging/lei_github/nav_test_for_leo/install/multirobot_map_merge/share/multirobot_map_merge/launch/map_merge.rviz
[0.302s] -- Up-to-date: /home/student13/debuging/lei_github/nav_test_for_leo/install/multirobot_map_merge/share/multirobot_map_merge/launch/from_map_server.launch.py
[0.302s] -- Up-to-date: /home/student13/debuging/lei_github/nav_test_for_leo/install/multirobot_map_merge/share/multirobot_map_merge/launch/tb3_simulation
[0.302s] -- Up-to-date: /home/student13/debuging/lei_github/nav_test_for_leo/install/multirobot_map_merge/share/multirobot_map_merge/launch/tb3_simulation/multi_tb3_simulation_launch.py
[0.302s] -- Up-to-date: /home/student13/debuging/lei_github/nav_test_for_leo/install/multirobot_map_merge/share/multirobot_map_merge/launch/tb3_simulation/config
[0.302s] -- Up-to-date: /home/student13/debuging/lei_github/nav_test_for_leo/install/multirobot_map_merge/share/multirobot_map_merge/launch/tb3_simulation/config/nav2_multirobot_params_1.yaml
[0.312s] -- Up-to-date: /home/student13/debuging/lei_github/nav_test_for_leo/install/multirobot_map_merge/share/multirobot_map_merge/launch/tb3_simulation/config/nav2_multirobot_params_2.yaml
[0.312s] -- Up-to-date: /home/student13/debuging/lei_github/nav_test_for_leo/install/multirobot_map_merge/share/multirobot_map_merge/launch/tb3_simulation/tb3_simulation_launch.py
[0.313s] -- Up-to-date: /home/student13/debuging/lei_github/nav_test_for_leo/install/multirobot_map_merge/share/multirobot_map_merge/launch/tb3_simulation/bringup_launch.py
[0.314s] -- Up-to-date: /home/student13/debuging/lei_github/nav_test_for_leo/install/multirobot_map_merge/share/multirobot_map_merge/launch/tb3_simulation/worlds
[0.314s] -- Up-to-date: /home/student13/debuging/lei_github/nav_test_for_leo/install/multirobot_map_merge/share/multirobot_map_merge/launch/tb3_simulation/worlds/world_only.model
[0.314s] -- Up-to-date: /home/student13/debuging/lei_github/nav_test_for_leo/install/multirobot_map_merge/share/multirobot_map_merge/launch/tb3_simulation/slam_toolbox.py
[0.315s] -- Up-to-date: /home/student13/debuging/lei_github/nav_test_for_leo/install/multirobot_map_merge/share/multirobot_map_merge/launch/map_merge.launch.py
[0.315s] -- Up-to-date: /home/student13/debuging/lei_github/nav_test_for_leo/install/multirobot_map_merge/share/multirobot_map_merge/config
[0.316s] -- Up-to-date: /home/student13/debuging/lei_github/nav_test_for_leo/install/multirobot_map_merge/share/multirobot_map_merge/config/params.yaml
[0.316s] -- Up-to-date: /home/student13/debuging/lei_github/nav_test_for_leo/install/multirobot_map_merge/lib/libcombine_grids.a
[0.316s] -- Up-to-date: /home/student13/debuging/lei_github/nav_test_for_leo/install/multirobot_map_merge/lib/multirobot_map_merge/map_merge
[0.316s] -- Up-to-date: /home/student13/debuging/lei_github/nav_test_for_leo/install/multirobot_map_merge/share/multirobot_map_merge/environment/library_path.sh
[0.317s] -- Up-to-date: /home/student13/debuging/lei_github/nav_test_for_leo/install/multirobot_map_merge/share/multirobot_map_merge/environment/library_path.dsv
[0.317s] -- Up-to-date: /home/student13/debuging/lei_github/nav_test_for_leo/install/multirobot_map_merge/share/ament_index/resource_index/package_run_dependencies/multirobot_map_merge
[0.322s] -- Up-to-date: /home/student13/debuging/lei_github/nav_test_for_leo/install/multirobot_map_merge/share/ament_index/resource_index/parent_prefix_path/multirobot_map_merge
[0.322s] -- Up-to-date: /home/student13/debuging/lei_github/nav_test_for_leo/install/multirobot_map_merge/share/multirobot_map_merge/environment/ament_prefix_path.sh
[0.322s] -- Up-to-date: /home/student13/debuging/lei_github/nav_test_for_leo/install/multirobot_map_merge/share/multirobot_map_merge/environment/ament_prefix_path.dsv
[0.323s] -- Up-to-date: /home/student13/debuging/lei_github/nav_test_for_leo/install/multirobot_map_merge/share/multirobot_map_merge/environment/path.sh
[0.323s] -- Up-to-date: /home/student13/debuging/lei_github/nav_test_for_leo/install/multirobot_map_merge/share/multirobot_map_merge/environment/path.dsv
[0.323s] -- Up-to-date: /home/student13/debuging/lei_github/nav_test_for_leo/install/multirobot_map_merge/share/multirobot_map_merge/local_setup.bash
[0.323s] -- Up-to-date: /home/student13/debuging/lei_github/nav_test_for_leo/install/multirobot_map_merge/share/multirobot_map_merge/local_setup.sh
[0.323s] -- Up-to-date: /home/student13/debuging/lei_github/nav_test_for_leo/install/multirobot_map_merge/share/multirobot_map_merge/local_setup.zsh
[0.323s] -- Up-to-date: /home/student13/debuging/lei_github/nav_test_for_leo/install/multirobot_map_merge/share/multirobot_map_merge/local_setup.dsv
[0.323s] -- Installing: /home/student13/debuging/lei_github/nav_test_for_leo/install/multirobot_map_merge/share/multirobot_map_merge/package.dsv
[0.324s] -- Up-to-date: /home/student13/debuging/lei_github/nav_test_for_leo/install/multirobot_map_merge/share/ament_index/resource_index/packages/multirobot_map_merge
[0.324s] -- Up-to-date: /home/student13/debuging/lei_github/nav_test_for_leo/install/multirobot_map_merge/share/multirobot_map_merge/cmake/ament_cmake_export_include_directories-extras.cmake
[0.324s] -- Up-to-date: /home/student13/debuging/lei_github/nav_test_for_leo/install/multirobot_map_merge/share/multirobot_map_merge/cmake/ament_cmake_export_libraries-extras.cmake
[0.324s] -- Up-to-date: /home/student13/debuging/lei_github/nav_test_for_leo/install/multirobot_map_merge/share/multirobot_map_merge/cmake/multirobot_map_mergeConfig.cmake
[0.324s] -- Up-to-date: /home/student13/debuging/lei_github/nav_test_for_leo/install/multirobot_map_merge/share/multirobot_map_merge/cmake/multirobot_map_mergeConfig-version.cmake
[0.324s] -- Up-to-date: /home/student13/debuging/lei_github/nav_test_for_leo/install/multirobot_map_merge/share/multirobot_map_merge/package.xml
[0.589s] Invoked command in '/home/student13/debuging/lei_github/nav_test_for_leo/build/multirobot_map_merge' returned '0': CMAKE_PREFIX_PATH=${CMAKE_PREFIX_PATH}:/home/student13/debuging/lei_github/nav_test_for_leo/install/robot_control_system:/home/student13/debuging/lei_github/nav_test_for_leo/install/my_robot_bringup:/opt/ros/jazzy DEBUGINFOD_URLS=https://debuginfod.ubuntu.com /usr/bin/cmake --install /home/student13/debuging/lei_github/nav_test_for_leo/build/multirobot_map_merge
