[0.532s] Invoking command in '/home/student13/debuging/lei_github/nav_test_for_leo/src/my_robot_bringup': AMENT_PREFIX_PATH=/home/student13/debuging/lei_github/nav_test_for_leo/install/rplidar_ros:${AMENT_PREFIX_PATH} CMAKE_PREFIX_PATH=/home/student13/debuging/lei_github/nav_test_for_leo/install/rplidar_ros:${CMAKE_PREFIX_PATH} DEBUGINFOD_URLS=https://debuginfod.ubuntu.com PYTHONPATH=/home/student13/debuging/lei_github/nav_test_for_leo/build/my_robot_bringup/prefix_override:/usr/lib/python3/dist-packages/colcon_core/task/python/colcon_distutils_commands:/home/student13/debuging/lei_github/nav_test_for_leo/install/my_robot_bringup/lib/python3.12/site-packages:${PYTHONPATH} /usr/bin/python3 -W ignore:setup.py install is deprecated -W ignore:easy_install command is deprecated setup.py egg_info --egg-base ../../build/my_robot_bringup build --build-base /home/student13/debuging/lei_github/nav_test_for_leo/build/my_robot_bringup/build install --record /home/student13/debuging/lei_github/nav_test_for_leo/build/my_robot_bringup/install.log --single-version-externally-managed install_data
[0.698s] running egg_info
[0.709s] writing ../../build/my_robot_bringup/my_robot_bringup.egg-info/PKG-INFO
[0.709s] writing dependency_links to ../../build/my_robot_bringup/my_robot_bringup.egg-info/dependency_links.txt
[0.709s] writing entry points to ../../build/my_robot_bringup/my_robot_bringup.egg-info/entry_points.txt
[0.710s] writing requirements to ../../build/my_robot_bringup/my_robot_bringup.egg-info/requires.txt
[0.710s] writing top-level names to ../../build/my_robot_bringup/my_robot_bringup.egg-info/top_level.txt
[0.739s] reading manifest file '../../build/my_robot_bringup/my_robot_bringup.egg-info/SOURCES.txt'
[0.742s] writing manifest file '../../build/my_robot_bringup/my_robot_bringup.egg-info/SOURCES.txt'
[0.742s] running build
[0.742s] running build_py
[0.742s] running install
[0.747s] running install_lib
[0.759s] running install_data
[0.759s] running install_egg_info
[0.772s] removing '/home/student13/debuging/lei_github/nav_test_for_leo/install/my_robot_bringup/lib/python3.12/site-packages/my_robot_bringup-0.0.0-py3.12.egg-info' (and everything under it)
[0.772s] Copying ../../build/my_robot_bringup/my_robot_bringup.egg-info to /home/student13/debuging/lei_github/nav_test_for_leo/install/my_robot_bringup/lib/python3.12/site-packages/my_robot_bringup-0.0.0-py3.12.egg-info
[0.774s] running install_scripts
[0.863s] Installing four_wheel_filter script to /home/student13/debuging/lei_github/nav_test_for_leo/install/my_robot_bringup/lib/my_robot_bringup
[0.863s] Installing reset_odometry script to /home/student13/debuging/lei_github/nav_test_for_leo/install/my_robot_bringup/lib/my_robot_bringup
[0.863s] writing list of installed files to '/home/student13/debuging/lei_github/nav_test_for_leo/build/my_robot_bringup/install.log'
[0.885s] Invoked command in '/home/student13/debuging/lei_github/nav_test_for_leo/src/my_robot_bringup' returned '0': AMENT_PREFIX_PATH=/home/student13/debuging/lei_github/nav_test_for_leo/install/rplidar_ros:${AMENT_PREFIX_PATH} CMAKE_PREFIX_PATH=/home/student13/debuging/lei_github/nav_test_for_leo/install/rplidar_ros:${CMAKE_PREFIX_PATH} DEBUGINFOD_URLS=https://debuginfod.ubuntu.com PYTHONPATH=/home/student13/debuging/lei_github/nav_test_for_leo/build/my_robot_bringup/prefix_override:/usr/lib/python3/dist-packages/colcon_core/task/python/colcon_distutils_commands:/home/student13/debuging/lei_github/nav_test_for_leo/install/my_robot_bringup/lib/python3.12/site-packages:${PYTHONPATH} /usr/bin/python3 -W ignore:setup.py install is deprecated -W ignore:easy_install command is deprecated setup.py egg_info --egg-base ../../build/my_robot_bringup build --build-base /home/student13/debuging/lei_github/nav_test_for_leo/build/my_robot_bringup/build install --record /home/student13/debuging/lei_github/nav_test_for_leo/build/my_robot_bringup/install.log --single-version-externally-managed install_data
