running egg_info
creating ../../build/robot_control_system/robot_control_system.egg-info
writing ../../build/robot_control_system/robot_control_system.egg-info/PKG-INFO
writing dependency_links to ../../build/robot_control_system/robot_control_system.egg-info/dependency_links.txt
writing entry points to ../../build/robot_control_system/robot_control_system.egg-info/entry_points.txt
writing requirements to ../../build/robot_control_system/robot_control_system.egg-info/requires.txt
writing top-level names to ../../build/robot_control_system/robot_control_system.egg-info/top_level.txt
writing manifest file '../../build/robot_control_system/robot_control_system.egg-info/SOURCES.txt'
reading manifest file '../../build/robot_control_system/robot_control_system.egg-info/SOURCES.txt'
writing manifest file '../../build/robot_control_system/robot_control_system.egg-info/SOURCES.txt'
running build
running build_py
creating /home/student13/debuging/lei_github/nav_test_for_leo/build/robot_control_system/build
creating /home/student13/debuging/lei_github/nav_test_for_leo/build/robot_control_system/build/lib
creating /home/student13/debuging/lei_github/nav_test_for_leo/build/robot_control_system/build/lib/robot_control_system
copying robot_control_system/manipulator_node.py -> /home/student13/debuging/lei_github/nav_test_for_leo/build/robot_control_system/build/lib/robot_control_system
copying robot_control_system/tf_sim_node.py -> /home/student13/debuging/lei_github/nav_test_for_leo/build/robot_control_system/build/lib/robot_control_system
copying robot_control_system/nav_node.py -> /home/student13/debuging/lei_github/nav_test_for_leo/build/robot_control_system/build/lib/robot_control_system
copying robot_control_system/four_wheel_filter_node.py -> /home/student13/debuging/lei_github/nav_test_for_leo/build/robot_control_system/build/lib/robot_control_system
copying robot_control_system/camera_node.py -> /home/student13/debuging/lei_github/nav_test_for_leo/build/robot_control_system/build/lib/robot_control_system
copying robot_control_system/__init__.py -> /home/student13/debuging/lei_github/nav_test_for_leo/build/robot_control_system/build/lib/robot_control_system
copying robot_control_system/robot_fsm.py -> /home/student13/debuging/lei_github/nav_test_for_leo/build/robot_control_system/build/lib/robot_control_system
running install
running install_lib
creating /home/student13/debuging/lei_github/nav_test_for_leo/install/robot_control_system/lib/python3.12/site-packages/robot_control_system
copying /home/student13/debuging/lei_github/nav_test_for_leo/build/robot_control_system/build/lib/robot_control_system/manipulator_node.py -> /home/student13/debuging/lei_github/nav_test_for_leo/install/robot_control_system/lib/python3.12/site-packages/robot_control_system
copying /home/student13/debuging/lei_github/nav_test_for_leo/build/robot_control_system/build/lib/robot_control_system/tf_sim_node.py -> /home/student13/debuging/lei_github/nav_test_for_leo/install/robot_control_system/lib/python3.12/site-packages/robot_control_system
copying /home/student13/debuging/lei_github/nav_test_for_leo/build/robot_control_system/build/lib/robot_control_system/nav_node.py -> /home/student13/debuging/lei_github/nav_test_for_leo/install/robot_control_system/lib/python3.12/site-packages/robot_control_system
copying /home/student13/debuging/lei_github/nav_test_for_leo/build/robot_control_system/build/lib/robot_control_system/four_wheel_filter_node.py -> /home/student13/debuging/lei_github/nav_test_for_leo/install/robot_control_system/lib/python3.12/site-packages/robot_control_system
copying /home/student13/debuging/lei_github/nav_test_for_leo/build/robot_control_system/build/lib/robot_control_system/camera_node.py -> /home/student13/debuging/lei_github/nav_test_for_leo/install/robot_control_system/lib/python3.12/site-packages/robot_control_system
copying /home/student13/debuging/lei_github/nav_test_for_leo/build/robot_control_system/build/lib/robot_control_system/__init__.py -> /home/student13/debuging/lei_github/nav_test_for_leo/install/robot_control_system/lib/python3.12/site-packages/robot_control_system
copying /home/student13/debuging/lei_github/nav_test_for_leo/build/robot_control_system/build/lib/robot_control_system/robot_fsm.py -> /home/student13/debuging/lei_github/nav_test_for_leo/install/robot_control_system/lib/python3.12/site-packages/robot_control_system
byte-compiling /home/student13/debuging/lei_github/nav_test_for_leo/install/robot_control_system/lib/python3.12/site-packages/robot_control_system/manipulator_node.py to manipulator_node.cpython-312.pyc
byte-compiling /home/student13/debuging/lei_github/nav_test_for_leo/install/robot_control_system/lib/python3.12/site-packages/robot_control_system/tf_sim_node.py to tf_sim_node.cpython-312.pyc
byte-compiling /home/student13/debuging/lei_github/nav_test_for_leo/install/robot_control_system/lib/python3.12/site-packages/robot_control_system/nav_node.py to nav_node.cpython-312.pyc
byte-compiling /home/student13/debuging/lei_github/nav_test_for_leo/install/robot_control_system/lib/python3.12/site-packages/robot_control_system/four_wheel_filter_node.py to four_wheel_filter_node.cpython-312.pyc
byte-compiling /home/student13/debuging/lei_github/nav_test_for_leo/install/robot_control_system/lib/python3.12/site-packages/robot_control_system/camera_node.py to camera_node.cpython-312.pyc
byte-compiling /home/student13/debuging/lei_github/nav_test_for_leo/install/robot_control_system/lib/python3.12/site-packages/robot_control_system/__init__.py to __init__.cpython-312.pyc
byte-compiling /home/student13/debuging/lei_github/nav_test_for_leo/install/robot_control_system/lib/python3.12/site-packages/robot_control_system/robot_fsm.py to robot_fsm.cpython-312.pyc
running install_data
creating /home/student13/debuging/lei_github/nav_test_for_leo/install/robot_control_system/share/ament_index
creating /home/student13/debuging/lei_github/nav_test_for_leo/install/robot_control_system/share/ament_index/resource_index
creating /home/student13/debuging/lei_github/nav_test_for_leo/install/robot_control_system/share/ament_index/resource_index/packages
copying resource/robot_control_system -> /home/student13/debuging/lei_github/nav_test_for_leo/install/robot_control_system/share/ament_index/resource_index/packages
copying package.xml -> /home/student13/debuging/lei_github/nav_test_for_leo/install/robot_control_system/share/robot_control_system
creating /home/student13/debuging/lei_github/nav_test_for_leo/install/robot_control_system/share/robot_control_system/launch
copying launch/nav2_explore.launch.py -> /home/student13/debuging/lei_github/nav_test_for_leo/install/robot_control_system/share/robot_control_system/launch
copying launch/system_control.launch.py -> /home/student13/debuging/lei_github/nav_test_for_leo/install/robot_control_system/share/robot_control_system/launch
copying robot_control_system/best.pt -> /home/student13/debuging/lei_github/nav_test_for_leo/install/robot_control_system/share/robot_control_system
creating /home/student13/debuging/lei_github/nav_test_for_leo/install/robot_control_system/share/robot_control_system/config
copying config/explore_params.yaml -> /home/student13/debuging/lei_github/nav_test_for_leo/install/robot_control_system/share/robot_control_system/config
running install_egg_info
Copying ../../build/robot_control_system/robot_control_system.egg-info to /home/student13/debuging/lei_github/nav_test_for_leo/install/robot_control_system/lib/python3.12/site-packages/robot_control_system-0.0.1-py3.12.egg-info
running install_scripts
Installing camera_node script to /home/student13/debuging/lei_github/nav_test_for_leo/install/robot_control_system/lib/robot_control_system
Installing four_wheel_filter script to /home/student13/debuging/lei_github/nav_test_for_leo/install/robot_control_system/lib/robot_control_system
Installing manipulator_node script to /home/student13/debuging/lei_github/nav_test_for_leo/install/robot_control_system/lib/robot_control_system
Installing nav_node script to /home/student13/debuging/lei_github/nav_test_for_leo/install/robot_control_system/lib/robot_control_system
Installing robot_fsm script to /home/student13/debuging/lei_github/nav_test_for_leo/install/robot_control_system/lib/robot_control_system
writing list of installed files to '/home/student13/debuging/lei_github/nav_test_for_leo/build/robot_control_system/install.log'
