[1.440s] Invoking command in '/home/student13/debuging/lei_github/nav_test_for_leo/src/robot_control_system': AMENT_PREFIX_PATH=/home/student13/debuging/lei_github/nav_test_for_leo/install/my_robot_interfaces:/home/student13/debuging/lei_github/nav_test_for_leo/install/explore_lite_msgs:${AMENT_PREFIX_PATH} CMAKE_PREFIX_PATH=/home/student13/debuging/lei_github/nav_test_for_leo/install/my_robot_interfaces:/home/student13/debuging/lei_github/nav_test_for_leo/install/explore_lite_msgs:${CMAKE_PREFIX_PATH} DEBUGINFOD_URLS=https://debuginfod.ubuntu.com LD_LIBRARY_PATH=/home/student13/debuging/lei_github/nav_test_for_leo/install/my_robot_interfaces/lib:/home/student13/debuging/lei_github/nav_test_for_leo/install/explore_lite_msgs/lib:${LD_LIBRARY_PATH} PYTHONPATH=/home/student13/debuging/lei_github/nav_test_for_leo/build/robot_control_system/prefix_override:/usr/lib/python3/dist-packages/colcon_core/task/python/colcon_distutils_commands:/home/student13/debuging/lei_github/nav_test_for_leo/install/robot_control_system/lib/python3.12/site-packages:/home/student13/debuging/lei_github/nav_test_for_leo/install/my_robot_interfaces/lib/python3.12/site-packages:/home/student13/debuging/lei_github/nav_test_for_leo/install/explore_lite_msgs/lib/python3.12/site-packages:${PYTHONPATH} /usr/bin/python3 -W ignore:setup.py install is deprecated -W ignore:easy_install command is deprecated setup.py egg_info --egg-base ../../build/robot_control_system build --build-base /home/student13/debuging/lei_github/nav_test_for_leo/build/robot_control_system/build install --record /home/student13/debuging/lei_github/nav_test_for_leo/build/robot_control_system/install.log --single-version-externally-managed install_data
[1.746s] running egg_info
[1.746s] creating ../../build/robot_control_system/robot_control_system.egg-info
[1.769s] writing ../../build/robot_control_system/robot_control_system.egg-info/PKG-INFO
[1.771s] writing dependency_links to ../../build/robot_control_system/robot_control_system.egg-info/dependency_links.txt
[1.771s] writing entry points to ../../build/robot_control_system/robot_control_system.egg-info/entry_points.txt
[1.771s] writing requirements to ../../build/robot_control_system/robot_control_system.egg-info/requires.txt
[1.771s] writing top-level names to ../../build/robot_control_system/robot_control_system.egg-info/top_level.txt
[1.772s] writing manifest file '../../build/robot_control_system/robot_control_system.egg-info/SOURCES.txt'
[1.813s] reading manifest file '../../build/robot_control_system/robot_control_system.egg-info/SOURCES.txt'
[1.814s] writing manifest file '../../build/robot_control_system/robot_control_system.egg-info/SOURCES.txt'
[1.814s] running build
[1.814s] running build_py
[1.814s] creating /home/student13/debuging/lei_github/nav_test_for_leo/build/robot_control_system/build
[1.814s] creating /home/student13/debuging/lei_github/nav_test_for_leo/build/robot_control_system/build/lib
[1.814s] creating /home/student13/debuging/lei_github/nav_test_for_leo/build/robot_control_system/build/lib/robot_control_system
[1.814s] copying robot_control_system/manipulator_node.py -> /home/student13/debuging/lei_github/nav_test_for_leo/build/robot_control_system/build/lib/robot_control_system
[1.814s] copying robot_control_system/tf_sim_node.py -> /home/student13/debuging/lei_github/nav_test_for_leo/build/robot_control_system/build/lib/robot_control_system
[1.814s] copying robot_control_system/nav_node.py -> /home/student13/debuging/lei_github/nav_test_for_leo/build/robot_control_system/build/lib/robot_control_system
[1.814s] copying robot_control_system/four_wheel_filter_node.py -> /home/student13/debuging/lei_github/nav_test_for_leo/build/robot_control_system/build/lib/robot_control_system
[1.814s] copying robot_control_system/camera_node.py -> /home/student13/debuging/lei_github/nav_test_for_leo/build/robot_control_system/build/lib/robot_control_system
[1.815s] copying robot_control_system/__init__.py -> /home/student13/debuging/lei_github/nav_test_for_leo/build/robot_control_system/build/lib/robot_control_system
[1.815s] copying robot_control_system/robot_fsm.py -> /home/student13/debuging/lei_github/nav_test_for_leo/build/robot_control_system/build/lib/robot_control_system
[1.815s] running install
[1.821s] running install_lib
[1.838s] creating /home/student13/debuging/lei_github/nav_test_for_leo/install/robot_control_system/lib/python3.12/site-packages/robot_control_system
[1.838s] copying /home/student13/debuging/lei_github/nav_test_for_leo/build/robot_control_system/build/lib/robot_control_system/manipulator_node.py -> /home/student13/debuging/lei_github/nav_test_for_leo/install/robot_control_system/lib/python3.12/site-packages/robot_control_system
[1.838s] copying /home/student13/debuging/lei_github/nav_test_for_leo/build/robot_control_system/build/lib/robot_control_system/tf_sim_node.py -> /home/student13/debuging/lei_github/nav_test_for_leo/install/robot_control_system/lib/python3.12/site-packages/robot_control_system
[1.838s] copying /home/student13/debuging/lei_github/nav_test_for_leo/build/robot_control_system/build/lib/robot_control_system/nav_node.py -> /home/student13/debuging/lei_github/nav_test_for_leo/install/robot_control_system/lib/python3.12/site-packages/robot_control_system
[1.839s] copying /home/student13/debuging/lei_github/nav_test_for_leo/build/robot_control_system/build/lib/robot_control_system/four_wheel_filter_node.py -> /home/student13/debuging/lei_github/nav_test_for_leo/install/robot_control_system/lib/python3.12/site-packages/robot_control_system
[1.839s] copying /home/student13/debuging/lei_github/nav_test_for_leo/build/robot_control_system/build/lib/robot_control_system/camera_node.py -> /home/student13/debuging/lei_github/nav_test_for_leo/install/robot_control_system/lib/python3.12/site-packages/robot_control_system
[1.839s] copying /home/student13/debuging/lei_github/nav_test_for_leo/build/robot_control_system/build/lib/robot_control_system/__init__.py -> /home/student13/debuging/lei_github/nav_test_for_leo/install/robot_control_system/lib/python3.12/site-packages/robot_control_system
[1.839s] copying /home/student13/debuging/lei_github/nav_test_for_leo/build/robot_control_system/build/lib/robot_control_system/robot_fsm.py -> /home/student13/debuging/lei_github/nav_test_for_leo/install/robot_control_system/lib/python3.12/site-packages/robot_control_system
[1.839s] byte-compiling /home/student13/debuging/lei_github/nav_test_for_leo/install/robot_control_system/lib/python3.12/site-packages/robot_control_system/manipulator_node.py to manipulator_node.cpython-312.pyc
[1.840s] byte-compiling /home/student13/debuging/lei_github/nav_test_for_leo/install/robot_control_system/lib/python3.12/site-packages/robot_control_system/tf_sim_node.py to tf_sim_node.cpython-312.pyc
[1.841s] byte-compiling /home/student13/debuging/lei_github/nav_test_for_leo/install/robot_control_system/lib/python3.12/site-packages/robot_control_system/nav_node.py to nav_node.cpython-312.pyc
[1.844s] byte-compiling /home/student13/debuging/lei_github/nav_test_for_leo/install/robot_control_system/lib/python3.12/site-packages/robot_control_system/four_wheel_filter_node.py to four_wheel_filter_node.cpython-312.pyc
[1.846s] byte-compiling /home/student13/debuging/lei_github/nav_test_for_leo/install/robot_control_system/lib/python3.12/site-packages/robot_control_system/camera_node.py to camera_node.cpython-312.pyc
[1.847s] byte-compiling /home/student13/debuging/lei_github/nav_test_for_leo/install/robot_control_system/lib/python3.12/site-packages/robot_control_system/__init__.py to __init__.cpython-312.pyc
[1.847s] byte-compiling /home/student13/debuging/lei_github/nav_test_for_leo/install/robot_control_system/lib/python3.12/site-packages/robot_control_system/robot_fsm.py to robot_fsm.cpython-312.pyc
[1.849s] running install_data
[1.849s] creating /home/student13/debuging/lei_github/nav_test_for_leo/install/robot_control_system/share/ament_index
[1.849s] creating /home/student13/debuging/lei_github/nav_test_for_leo/install/robot_control_system/share/ament_index/resource_index
[1.849s] creating /home/student13/debuging/lei_github/nav_test_for_leo/install/robot_control_system/share/ament_index/resource_index/packages
[1.849s] copying resource/robot_control_system -> /home/student13/debuging/lei_github/nav_test_for_leo/install/robot_control_system/share/ament_index/resource_index/packages
[1.849s] copying package.xml -> /home/student13/debuging/lei_github/nav_test_for_leo/install/robot_control_system/share/robot_control_system
[1.850s] creating /home/student13/debuging/lei_github/nav_test_for_leo/install/robot_control_system/share/robot_control_system/launch
[1.850s] copying launch/nav2_explore.launch.py -> /home/student13/debuging/lei_github/nav_test_for_leo/install/robot_control_system/share/robot_control_system/launch
[1.850s] copying launch/system_control.launch.py -> /home/student13/debuging/lei_github/nav_test_for_leo/install/robot_control_system/share/robot_control_system/launch
[1.850s] copying robot_control_system/best.pt -> /home/student13/debuging/lei_github/nav_test_for_leo/install/robot_control_system/share/robot_control_system
[1.871s] creating /home/student13/debuging/lei_github/nav_test_for_leo/install/robot_control_system/share/robot_control_system/config
[1.872s] copying config/explore_params.yaml -> /home/student13/debuging/lei_github/nav_test_for_leo/install/robot_control_system/share/robot_control_system/config
[1.872s] running install_egg_info
[1.895s] Copying ../../build/robot_control_system/robot_control_system.egg-info to /home/student13/debuging/lei_github/nav_test_for_leo/install/robot_control_system/lib/python3.12/site-packages/robot_control_system-0.0.1-py3.12.egg-info
[1.895s] running install_scripts
[2.019s] Installing camera_node script to /home/student13/debuging/lei_github/nav_test_for_leo/install/robot_control_system/lib/robot_control_system
[2.019s] Installing four_wheel_filter script to /home/student13/debuging/lei_github/nav_test_for_leo/install/robot_control_system/lib/robot_control_system
[2.019s] Installing manipulator_node script to /home/student13/debuging/lei_github/nav_test_for_leo/install/robot_control_system/lib/robot_control_system
[2.019s] Installing nav_node script to /home/student13/debuging/lei_github/nav_test_for_leo/install/robot_control_system/lib/robot_control_system
[2.019s] Installing robot_fsm script to /home/student13/debuging/lei_github/nav_test_for_leo/install/robot_control_system/lib/robot_control_system
[2.019s] writing list of installed files to '/home/student13/debuging/lei_github/nav_test_for_leo/build/robot_control_system/install.log'
[2.051s] Invoked command in '/home/student13/debuging/lei_github/nav_test_for_leo/src/robot_control_system' returned '0': AMENT_PREFIX_PATH=/home/student13/debuging/lei_github/nav_test_for_leo/install/my_robot_interfaces:/home/student13/debuging/lei_github/nav_test_for_leo/install/explore_lite_msgs:${AMENT_PREFIX_PATH} CMAKE_PREFIX_PATH=/home/student13/debuging/lei_github/nav_test_for_leo/install/my_robot_interfaces:/home/student13/debuging/lei_github/nav_test_for_leo/install/explore_lite_msgs:${CMAKE_PREFIX_PATH} DEBUGINFOD_URLS=https://debuginfod.ubuntu.com LD_LIBRARY_PATH=/home/student13/debuging/lei_github/nav_test_for_leo/install/my_robot_interfaces/lib:/home/student13/debuging/lei_github/nav_test_for_leo/install/explore_lite_msgs/lib:${LD_LIBRARY_PATH} PYTHONPATH=/home/student13/debuging/lei_github/nav_test_for_leo/build/robot_control_system/prefix_override:/usr/lib/python3/dist-packages/colcon_core/task/python/colcon_distutils_commands:/home/student13/debuging/lei_github/nav_test_for_leo/install/robot_control_system/lib/python3.12/site-packages:/home/student13/debuging/lei_github/nav_test_for_leo/install/my_robot_interfaces/lib/python3.12/site-packages:/home/student13/debuging/lei_github/nav_test_for_leo/install/explore_lite_msgs/lib/python3.12/site-packages:${PYTHONPATH} /usr/bin/python3 -W ignore:setup.py install is deprecated -W ignore:easy_install command is deprecated setup.py egg_info --egg-base ../../build/robot_control_system build --build-base /home/student13/debuging/lei_github/nav_test_for_leo/build/robot_control_system/build install --record /home/student13/debuging/lei_github/nav_test_for_leo/build/robot_control_system/install.log --single-version-externally-managed install_data
