[0.028s] Invoking command in '/home/student13/debuging/lei_github/nav_test_for_leo/build/explore_lite_msgs': CMAKE_PREFIX_PATH=${CMAKE_PREFIX_PATH}:/opt/ros/jazzy DEBUGINFOD_URLS=https://debuginfod.ubuntu.com /usr/bin/cmake /home/student13/debuging/lei_github/nav_test_for_leo/src/m-explore-ros2/explore_lite_msgs -DCMAKE_INSTALL_PREFIX=/home/student13/debuging/lei_github/nav_test_for_leo/install/explore_lite_msgs
[0.094s] -- The C compiler identification is GNU 13.3.0
[0.163s] -- The CXX compiler identification is GNU 13.3.0
[0.178s] -- Detecting C compiler ABI info
[0.286s] -- Detecting C compiler ABI info - done
[0.295s] -- Check for working C compiler: /usr/bin/cc - skipped
[0.295s] -- Detecting C compile features
[0.296s] -- Detecting C compile features - done
[0.307s] -- Detecting CXX compiler ABI info
[0.460s] -- Detecting CXX compiler ABI info - done
[0.477s] -- Check for working CXX compiler: /usr/bin/c++ - skipped
[0.477s] -- Detecting CXX compile features
[0.478s] -- Detecting CXX compile features - done
[0.487s] -- Found ament_cmake: 2.5.5 (/opt/ros/jazzy/share/ament_cmake/cmake)
[0.687s] -- Found Python3: /usr/bin/python3 (found version "3.12.3") found components: Interpreter 
[0.842s] -- Found rosidl_default_generators: 1.6.0 (/opt/ros/jazzy/share/rosidl_default_generators/cmake)
[0.855s] -- Using all available rosidl_typesupport_c: rosidl_typesupport_fastrtps_c;rosidl_typesupport_introspection_c
[0.956s] -- Using all available rosidl_typesupport_cpp: rosidl_typesupport_fastrtps_cpp;rosidl_typesupport_introspection_cpp
[1.001s] -- Found rosidl_adapter: 4.6.7 (/opt/ros/jazzy/share/rosidl_adapter/cmake)
[1.656s] -- Found ament_cmake_ros: 0.12.0 (/opt/ros/jazzy/share/ament_cmake_ros/cmake)
[2.175s] -- Using all available rosidl_typesupport_c: rosidl_typesupport_fastrtps_c;rosidl_typesupport_introspection_c
[2.721s] -- Using all available rosidl_typesupport_cpp: rosidl_typesupport_fastrtps_cpp;rosidl_typesupport_introspection_cpp
[2.726s] -- Found python_cmake_module: 0.11.1 (/opt/ros/jazzy/share/python_cmake_module/cmake)
[2.859s] -- Found PythonExtra: /usr/bin/python3  
[3.244s] -- Found Python3: /usr/bin/python3 (found version "3.12.3") found components: Interpreter Development NumPy Development.Module Development.Embed 
[3.297s] -- Configuring done (3.3s)
[3.344s] -- Generating done (0.0s)
[3.359s] -- Build files have been written to: /home/student13/debuging/lei_github/nav_test_for_leo/build/explore_lite_msgs
[3.366s] Invoked command in '/home/student13/debuging/lei_github/nav_test_for_leo/build/explore_lite_msgs' returned '0': CMAKE_PREFIX_PATH=${CMAKE_PREFIX_PATH}:/opt/ros/jazzy DEBUGINFOD_URLS=https://debuginfod.ubuntu.com /usr/bin/cmake /home/student13/debuging/lei_github/nav_test_for_leo/src/m-explore-ros2/explore_lite_msgs -DCMAKE_INSTALL_PREFIX=/home/student13/debuging/lei_github/nav_test_for_leo/install/explore_lite_msgs
[3.367s] Invoking command in '/home/student13/debuging/lei_github/nav_test_for_leo/build/explore_lite_msgs': CMAKE_PREFIX_PATH=${CMAKE_PREFIX_PATH}:/opt/ros/jazzy DEBUGINFOD_URLS=https://debuginfod.ubuntu.com /usr/bin/cmake --build /home/student13/debuging/lei_github/nav_test_for_leo/build/explore_lite_msgs -- -j12 -l12
[3.422s] [  2%] [34m[1mGenerating type hashes for ROS interfaces[0m
[3.426s] [  2%] Built target ament_cmake_python_copy_explore_lite_msgs
[3.740s] [  2%] Built target explore_lite_msgs__rosidl_generator_type_description
[3.755s] [  5%] [34m[1mGenerating C code for ROS interfaces[0m
[3.767s] [  8%] [34m[1mGenerating C++ code for ROS interfaces[0m
[3.772s] running egg_info
[3.774s] creating explore_lite_msgs.egg-info
[3.810s] writing explore_lite_msgs.egg-info/PKG-INFO
[3.810s] writing dependency_links to explore_lite_msgs.egg-info/dependency_links.txt
[3.811s] writing top-level names to explore_lite_msgs.egg-info/top_level.txt
[3.811s] writing manifest file 'explore_lite_msgs.egg-info/SOURCES.txt'
[3.927s] reading manifest file 'explore_lite_msgs.egg-info/SOURCES.txt'
[3.927s] writing manifest file 'explore_lite_msgs.egg-info/SOURCES.txt'
[3.993s] [  8%] Built target ament_cmake_python_build_explore_lite_msgs_egg
[4.086s] [  8%] Built target explore_lite_msgs__cpp
[4.190s] [ 11%] [32mBuilding C object CMakeFiles/explore_lite_msgs__rosidl_generator_c.dir/rosidl_generator_c/explore_lite_msgs/msg/detail/explore_status__functions.c.o[0m
[4.190s] [ 14%] [32mBuilding C object CMakeFiles/explore_lite_msgs__rosidl_generator_c.dir/rosidl_generator_c/explore_lite_msgs/msg/detail/explore_status__type_support.c.o[0m
[4.191s] [ 17%] [32mBuilding C object CMakeFiles/explore_lite_msgs__rosidl_generator_c.dir/rosidl_generator_c/explore_lite_msgs/msg/detail/explore_status__description.c.o[0m
[4.268s] [ 20%] [32m[1mLinking C shared library libexplore_lite_msgs__rosidl_generator_c.so[0m
[4.303s] [ 20%] Built target explore_lite_msgs__rosidl_generator_c
[4.318s] [ 29%] [34m[1mGenerating C++ type support dispatch for ROS interfaces[0m
[4.318s] [ 29%] [34m[1mGenerating C type support for eProsima Fast-RTPS[0m
[4.318s] [ 29%] [34m[1mGenerating C introspection for ROS interfaces[0m
[4.320s] [ 32%] [34m[1mGenerating C++ introspection for ROS interfaces[0m
[4.324s] [ 35%] [34m[1mGenerating C type support dispatch for ROS interfaces[0m
[4.354s] [ 38%] [34m[1mGenerating C++ type support for eProsima Fast-RTPS[0m
[5.007s] [ 41%] [32mBuilding CXX object CMakeFiles/explore_lite_msgs__rosidl_typesupport_introspection_cpp.dir/rosidl_typesupport_introspection_cpp/explore_lite_msgs/msg/detail/explore_status__type_support.cpp.o[0m
[5.008s] [ 44%] [32mBuilding C object CMakeFiles/explore_lite_msgs__rosidl_typesupport_introspection_c.dir/rosidl_typesupport_introspection_c/explore_lite_msgs/msg/detail/explore_status__type_support.c.o[0m
[5.028s] [ 47%] [32mBuilding CXX object CMakeFiles/explore_lite_msgs__rosidl_typesupport_fastrtps_c.dir/rosidl_typesupport_fastrtps_c/explore_lite_msgs/msg/detail/explore_status__type_support_c.cpp.o[0m
[5.067s] [ 50%] [32mBuilding CXX object CMakeFiles/explore_lite_msgs__rosidl_typesupport_c.dir/rosidl_typesupport_c/explore_lite_msgs/msg/explore_status__type_support.cpp.o[0m
[5.073s] [ 52%] [32mBuilding CXX object CMakeFiles/explore_lite_msgs__rosidl_typesupport_cpp.dir/rosidl_typesupport_cpp/explore_lite_msgs/msg/explore_status__type_support.cpp.o[0m
[5.125s] [ 55%] [32mBuilding CXX object CMakeFiles/explore_lite_msgs__rosidl_typesupport_fastrtps_cpp.dir/rosidl_typesupport_fastrtps_cpp/explore_lite_msgs/msg/detail/dds_fastrtps/explore_status__type_support.cpp.o[0m
[5.162s] [ 58%] [32m[1mLinking C shared library libexplore_lite_msgs__rosidl_typesupport_introspection_c.so[0m
[5.192s] [ 61%] [32m[1mLinking CXX shared library libexplore_lite_msgs__rosidl_typesupport_c.so[0m
[5.301s] [ 61%] Built target explore_lite_msgs__rosidl_typesupport_introspection_c
[5.372s] [ 61%] Built target explore_lite_msgs__rosidl_typesupport_c
[5.868s] [ 64%] [32m[1mLinking CXX shared library libexplore_lite_msgs__rosidl_typesupport_introspection_cpp.so[0m
[5.971s] [ 67%] [32m[1mLinking CXX shared library libexplore_lite_msgs__rosidl_typesupport_cpp.so[0m
[6.076s] [ 67%] Built target explore_lite_msgs__rosidl_typesupport_cpp
[6.085s] [ 67%] Built target explore_lite_msgs__rosidl_typesupport_introspection_cpp
[6.255s] [ 70%] [32m[1mLinking CXX shared library libexplore_lite_msgs__rosidl_typesupport_fastrtps_c.so[0m
[6.342s] [ 73%] [32m[1mLinking CXX shared library libexplore_lite_msgs__rosidl_typesupport_fastrtps_cpp.so[0m
[6.404s] [ 73%] Built target explore_lite_msgs__rosidl_typesupport_fastrtps_c
[6.440s] [ 73%] Built target explore_lite_msgs__rosidl_typesupport_fastrtps_cpp
[6.471s] [ 73%] Built target explore_lite_msgs
[6.493s] [ 76%] [34m[1mGenerating Python code for ROS interfaces[0m
[6.769s] [ 76%] Built target explore_lite_msgs__py
[6.795s] [ 79%] [32mBuilding C object CMakeFiles/explore_lite_msgs__rosidl_generator_py.dir/rosidl_generator_py/explore_lite_msgs/msg/_explore_status_s.c.o[0m
[6.893s] [ 82%] [32m[1mLinking C shared library libexplore_lite_msgs__rosidl_generator_py.so[0m
[6.938s] [ 82%] Built target explore_lite_msgs__rosidl_generator_py
[6.965s] [ 85%] [32mBuilding C object CMakeFiles/explore_lite_msgs_s__rosidl_typesupport_introspection_c.dir/rosidl_generator_py/explore_lite_msgs/_explore_lite_msgs_s.ep.rosidl_typesupport_introspection_c.c.o[0m
[6.969s] [ 88%] [32mBuilding C object CMakeFiles/explore_lite_msgs_s__rosidl_typesupport_fastrtps_c.dir/rosidl_generator_py/explore_lite_msgs/_explore_lite_msgs_s.ep.rosidl_typesupport_fastrtps_c.c.o[0m
[6.976s] [ 91%] [32mBuilding C object CMakeFiles/explore_lite_msgs_s__rosidl_typesupport_c.dir/rosidl_generator_py/explore_lite_msgs/_explore_lite_msgs_s.ep.rosidl_typesupport_c.c.o[0m
[7.108s] [ 94%] [32m[1mLinking C shared module rosidl_generator_py/explore_lite_msgs/explore_lite_msgs_s__rosidl_typesupport_introspection_c.so[0m
[7.136s] [ 97%] [32m[1mLinking C shared module rosidl_generator_py/explore_lite_msgs/explore_lite_msgs_s__rosidl_typesupport_fastrtps_c.so[0m
[7.154s] [100%] [32m[1mLinking C shared module rosidl_generator_py/explore_lite_msgs/explore_lite_msgs_s__rosidl_typesupport_c.so[0m
[7.171s] [100%] Built target explore_lite_msgs_s__rosidl_typesupport_introspection_c
[7.181s] [100%] Built target explore_lite_msgs_s__rosidl_typesupport_fastrtps_c
[7.198s] [100%] Built target explore_lite_msgs_s__rosidl_typesupport_c
[7.211s] Invoked command in '/home/student13/debuging/lei_github/nav_test_for_leo/build/explore_lite_msgs' returned '0': CMAKE_PREFIX_PATH=${CMAKE_PREFIX_PATH}:/opt/ros/jazzy DEBUGINFOD_URLS=https://debuginfod.ubuntu.com /usr/bin/cmake --build /home/student13/debuging/lei_github/nav_test_for_leo/build/explore_lite_msgs -- -j12 -l12
[7.228s] Invoking command in '/home/student13/debuging/lei_github/nav_test_for_leo/build/explore_lite_msgs': CMAKE_PREFIX_PATH=${CMAKE_PREFIX_PATH}:/opt/ros/jazzy DEBUGINFOD_URLS=https://debuginfod.ubuntu.com /usr/bin/cmake --install /home/student13/debuging/lei_github/nav_test_for_leo/build/explore_lite_msgs
[7.240s] -- Install configuration: ""
[7.241s] -- Installing: /home/student13/debuging/lei_github/nav_test_for_leo/install/explore_lite_msgs/share/ament_index/resource_index/rosidl_interfaces/explore_lite_msgs
[7.242s] -- Installing: /home/student13/debuging/lei_github/nav_test_for_leo/install/explore_lite_msgs/share/explore_lite_msgs/msg/ExploreStatus.json
[7.242s] -- Installing: /home/student13/debuging/lei_github/nav_test_for_leo/install/explore_lite_msgs/include/explore_lite_msgs/explore_lite_msgs
[7.243s] -- Installing: /home/student13/debuging/lei_github/nav_test_for_leo/install/explore_lite_msgs/include/explore_lite_msgs/explore_lite_msgs/msg
[7.243s] -- Installing: /home/student13/debuging/lei_github/nav_test_for_leo/install/explore_lite_msgs/include/explore_lite_msgs/explore_lite_msgs/msg/detail
[7.244s] -- Installing: /home/student13/debuging/lei_github/nav_test_for_leo/install/explore_lite_msgs/include/explore_lite_msgs/explore_lite_msgs/msg/detail/explore_status__struct.h
[7.244s] -- Installing: /home/student13/debuging/lei_github/nav_test_for_leo/install/explore_lite_msgs/include/explore_lite_msgs/explore_lite_msgs/msg/detail/explore_status__functions.h
[7.244s] -- Installing: /home/student13/debuging/lei_github/nav_test_for_leo/install/explore_lite_msgs/include/explore_lite_msgs/explore_lite_msgs/msg/detail/explore_status__type_support.c
[7.244s] -- Installing: /home/student13/debuging/lei_github/nav_test_for_leo/install/explore_lite_msgs/include/explore_lite_msgs/explore_lite_msgs/msg/detail/explore_status__functions.c
[7.245s] -- Installing: /home/student13/debuging/lei_github/nav_test_for_leo/install/explore_lite_msgs/include/explore_lite_msgs/explore_lite_msgs/msg/detail/explore_status__type_support.h
[7.245s] -- Installing: /home/student13/debuging/lei_github/nav_test_for_leo/install/explore_lite_msgs/include/explore_lite_msgs/explore_lite_msgs/msg/detail/explore_status__description.c
[7.245s] -- Installing: /home/student13/debuging/lei_github/nav_test_for_leo/install/explore_lite_msgs/include/explore_lite_msgs/explore_lite_msgs/msg/explore_status.h
[7.245s] -- Installing: /home/student13/debuging/lei_github/nav_test_for_leo/install/explore_lite_msgs/include/explore_lite_msgs/explore_lite_msgs/msg/rosidl_generator_c__visibility_control.h
[7.245s] -- Installing: /home/student13/debuging/lei_github/nav_test_for_leo/install/explore_lite_msgs/share/explore_lite_msgs/environment/library_path.sh
[7.246s] -- Installing: /home/student13/debuging/lei_github/nav_test_for_leo/install/explore_lite_msgs/share/explore_lite_msgs/environment/library_path.dsv
[7.246s] -- Installing: /home/student13/debuging/lei_github/nav_test_for_leo/install/explore_lite_msgs/lib/libexplore_lite_msgs__rosidl_generator_c.so
[7.246s] -- Set non-toolchain portion of runtime path of "/home/student13/debuging/lei_github/nav_test_for_leo/install/explore_lite_msgs/lib/libexplore_lite_msgs__rosidl_generator_c.so" to ""
[7.246s] -- Up-to-date: /home/student13/debuging/lei_github/nav_test_for_leo/install/explore_lite_msgs/include/explore_lite_msgs/explore_lite_msgs
[7.246s] -- Up-to-date: /home/student13/debuging/lei_github/nav_test_for_leo/install/explore_lite_msgs/include/explore_lite_msgs/explore_lite_msgs/msg
[7.246s] -- Up-to-date: /home/student13/debuging/lei_github/nav_test_for_leo/install/explore_lite_msgs/include/explore_lite_msgs/explore_lite_msgs/msg/detail
[7.246s] -- Installing: /home/student13/debuging/lei_github/nav_test_for_leo/install/explore_lite_msgs/include/explore_lite_msgs/explore_lite_msgs/msg/detail/explore_status__rosidl_typesupport_fastrtps_c.h
[7.247s] -- Installing: /home/student13/debuging/lei_github/nav_test_for_leo/install/explore_lite_msgs/include/explore_lite_msgs/explore_lite_msgs/msg/rosidl_typesupport_fastrtps_c__visibility_control.h
[7.247s] -- Installing: /home/student13/debuging/lei_github/nav_test_for_leo/install/explore_lite_msgs/lib/libexplore_lite_msgs__rosidl_typesupport_fastrtps_c.so
[7.247s] -- Set non-toolchain portion of runtime path of "/home/student13/debuging/lei_github/nav_test_for_leo/install/explore_lite_msgs/lib/libexplore_lite_msgs__rosidl_typesupport_fastrtps_c.so" to ""
[7.247s] -- Up-to-date: /home/student13/debuging/lei_github/nav_test_for_leo/install/explore_lite_msgs/include/explore_lite_msgs/explore_lite_msgs
[7.248s] -- Up-to-date: /home/student13/debuging/lei_github/nav_test_for_leo/install/explore_lite_msgs/include/explore_lite_msgs/explore_lite_msgs/msg
[7.248s] -- Up-to-date: /home/student13/debuging/lei_github/nav_test_for_leo/install/explore_lite_msgs/include/explore_lite_msgs/explore_lite_msgs/msg/detail
[7.248s] -- Installing: /home/student13/debuging/lei_github/nav_test_for_leo/install/explore_lite_msgs/include/explore_lite_msgs/explore_lite_msgs/msg/detail/explore_status__rosidl_typesupport_introspection_c.h
[7.248s] -- Installing: /home/student13/debuging/lei_github/nav_test_for_leo/install/explore_lite_msgs/include/explore_lite_msgs/explore_lite_msgs/msg/detail/explore_status__type_support.c
[7.248s] -- Installing: /home/student13/debuging/lei_github/nav_test_for_leo/install/explore_lite_msgs/include/explore_lite_msgs/explore_lite_msgs/msg/rosidl_typesupport_introspection_c__visibility_control.h
[7.249s] -- Installing: /home/student13/debuging/lei_github/nav_test_for_leo/install/explore_lite_msgs/lib/libexplore_lite_msgs__rosidl_typesupport_introspection_c.so
[7.249s] -- Set non-toolchain portion of runtime path of "/home/student13/debuging/lei_github/nav_test_for_leo/install/explore_lite_msgs/lib/libexplore_lite_msgs__rosidl_typesupport_introspection_c.so" to ""
[7.249s] -- Installing: /home/student13/debuging/lei_github/nav_test_for_leo/install/explore_lite_msgs/lib/libexplore_lite_msgs__rosidl_typesupport_c.so
[7.249s] -- Set non-toolchain portion of runtime path of "/home/student13/debuging/lei_github/nav_test_for_leo/install/explore_lite_msgs/lib/libexplore_lite_msgs__rosidl_typesupport_c.so" to ""
[7.249s] -- Up-to-date: /home/student13/debuging/lei_github/nav_test_for_leo/install/explore_lite_msgs/include/explore_lite_msgs/explore_lite_msgs
[7.249s] -- Up-to-date: /home/student13/debuging/lei_github/nav_test_for_leo/install/explore_lite_msgs/include/explore_lite_msgs/explore_lite_msgs/msg
[7.250s] -- Up-to-date: /home/student13/debuging/lei_github/nav_test_for_leo/install/explore_lite_msgs/include/explore_lite_msgs/explore_lite_msgs/msg/detail
[7.250s] -- Installing: /home/student13/debuging/lei_github/nav_test_for_leo/install/explore_lite_msgs/include/explore_lite_msgs/explore_lite_msgs/msg/detail/explore_status__traits.hpp
[7.250s] -- Installing: /home/student13/debuging/lei_github/nav_test_for_leo/install/explore_lite_msgs/include/explore_lite_msgs/explore_lite_msgs/msg/detail/explore_status__struct.hpp
[7.250s] -- Installing: /home/student13/debuging/lei_github/nav_test_for_leo/install/explore_lite_msgs/include/explore_lite_msgs/explore_lite_msgs/msg/detail/explore_status__type_support.hpp
[7.250s] -- Installing: /home/student13/debuging/lei_github/nav_test_for_leo/install/explore_lite_msgs/include/explore_lite_msgs/explore_lite_msgs/msg/detail/explore_status__builder.hpp
[7.250s] -- Installing: /home/student13/debuging/lei_github/nav_test_for_leo/install/explore_lite_msgs/include/explore_lite_msgs/explore_lite_msgs/msg/rosidl_generator_cpp__visibility_control.hpp
[7.250s] -- Installing: /home/student13/debuging/lei_github/nav_test_for_leo/install/explore_lite_msgs/include/explore_lite_msgs/explore_lite_msgs/msg/explore_status.hpp
[7.250s] -- Up-to-date: /home/student13/debuging/lei_github/nav_test_for_leo/install/explore_lite_msgs/include/explore_lite_msgs/explore_lite_msgs
[7.251s] -- Up-to-date: /home/student13/debuging/lei_github/nav_test_for_leo/install/explore_lite_msgs/include/explore_lite_msgs/explore_lite_msgs/msg
[7.251s] -- Installing: /home/student13/debuging/lei_github/nav_test_for_leo/install/explore_lite_msgs/include/explore_lite_msgs/explore_lite_msgs/msg/rosidl_typesupport_fastrtps_cpp__visibility_control.h
[7.251s] -- Up-to-date: /home/student13/debuging/lei_github/nav_test_for_leo/install/explore_lite_msgs/include/explore_lite_msgs/explore_lite_msgs/msg/detail
[7.251s] -- Installing: /home/student13/debuging/lei_github/nav_test_for_leo/install/explore_lite_msgs/include/explore_lite_msgs/explore_lite_msgs/msg/detail/dds_fastrtps
[7.251s] -- Installing: /home/student13/debuging/lei_github/nav_test_for_leo/install/explore_lite_msgs/include/explore_lite_msgs/explore_lite_msgs/msg/detail/explore_status__rosidl_typesupport_fastrtps_cpp.hpp
[7.251s] -- Installing: /home/student13/debuging/lei_github/nav_test_for_leo/install/explore_lite_msgs/lib/libexplore_lite_msgs__rosidl_typesupport_fastrtps_cpp.so
[7.251s] -- Set non-toolchain portion of runtime path of "/home/student13/debuging/lei_github/nav_test_for_leo/install/explore_lite_msgs/lib/libexplore_lite_msgs__rosidl_typesupport_fastrtps_cpp.so" to ""
[7.252s] -- Up-to-date: /home/student13/debuging/lei_github/nav_test_for_leo/install/explore_lite_msgs/include/explore_lite_msgs/explore_lite_msgs
[7.252s] -- Up-to-date: /home/student13/debuging/lei_github/nav_test_for_leo/install/explore_lite_msgs/include/explore_lite_msgs/explore_lite_msgs/msg
[7.252s] -- Up-to-date: /home/student13/debuging/lei_github/nav_test_for_leo/install/explore_lite_msgs/include/explore_lite_msgs/explore_lite_msgs/msg/detail
[7.253s] -- Installing: /home/student13/debuging/lei_github/nav_test_for_leo/install/explore_lite_msgs/include/explore_lite_msgs/explore_lite_msgs/msg/detail/explore_status__type_support.cpp
[7.253s] -- Installing: /home/student13/debuging/lei_github/nav_test_for_leo/install/explore_lite_msgs/include/explore_lite_msgs/explore_lite_msgs/msg/detail/explore_status__rosidl_typesupport_introspection_cpp.hpp
[7.253s] -- Installing: /home/student13/debuging/lei_github/nav_test_for_leo/install/explore_lite_msgs/lib/libexplore_lite_msgs__rosidl_typesupport_introspection_cpp.so
[7.253s] -- Set non-toolchain portion of runtime path of "/home/student13/debuging/lei_github/nav_test_for_leo/install/explore_lite_msgs/lib/libexplore_lite_msgs__rosidl_typesupport_introspection_cpp.so" to ""
[7.253s] -- Installing: /home/student13/debuging/lei_github/nav_test_for_leo/install/explore_lite_msgs/lib/libexplore_lite_msgs__rosidl_typesupport_cpp.so
[7.254s] -- Set non-toolchain portion of runtime path of "/home/student13/debuging/lei_github/nav_test_for_leo/install/explore_lite_msgs/lib/libexplore_lite_msgs__rosidl_typesupport_cpp.so" to ""
[7.254s] -- Installing: /home/student13/debuging/lei_github/nav_test_for_leo/install/explore_lite_msgs/share/explore_lite_msgs/environment/pythonpath.sh
[7.255s] -- Installing: /home/student13/debuging/lei_github/nav_test_for_leo/install/explore_lite_msgs/share/explore_lite_msgs/environment/pythonpath.dsv
[7.255s] -- Installing: /home/student13/debuging/lei_github/nav_test_for_leo/install/explore_lite_msgs/lib/python3.12/site-packages/explore_lite_msgs-1.0.0-py3.12.egg-info
[7.255s] -- Installing: /home/student13/debuging/lei_github/nav_test_for_leo/install/explore_lite_msgs/lib/python3.12/site-packages/explore_lite_msgs-1.0.0-py3.12.egg-info/SOURCES.txt
[7.255s] -- Installing: /home/student13/debuging/lei_github/nav_test_for_leo/install/explore_lite_msgs/lib/python3.12/site-packages/explore_lite_msgs-1.0.0-py3.12.egg-info/PKG-INFO
[7.255s] -- Installing: /home/student13/debuging/lei_github/nav_test_for_leo/install/explore_lite_msgs/lib/python3.12/site-packages/explore_lite_msgs-1.0.0-py3.12.egg-info/dependency_links.txt
[7.255s] -- Installing: /home/student13/debuging/lei_github/nav_test_for_leo/install/explore_lite_msgs/lib/python3.12/site-packages/explore_lite_msgs-1.0.0-py3.12.egg-info/top_level.txt
[7.256s] -- Installing: /home/student13/debuging/lei_github/nav_test_for_leo/install/explore_lite_msgs/lib/python3.12/site-packages/explore_lite_msgs
[7.256s] -- Installing: /home/student13/debuging/lei_github/nav_test_for_leo/install/explore_lite_msgs/lib/python3.12/site-packages/explore_lite_msgs/_explore_lite_msgs_s.ep.rosidl_typesupport_c.c
[7.256s] -- Installing: /home/student13/debuging/lei_github/nav_test_for_leo/install/explore_lite_msgs/lib/python3.12/site-packages/explore_lite_msgs/explore_lite_msgs_s__rosidl_typesupport_c.so
[7.256s] -- Installing: /home/student13/debuging/lei_github/nav_test_for_leo/install/explore_lite_msgs/lib/python3.12/site-packages/explore_lite_msgs/explore_lite_msgs_s__rosidl_typesupport_introspection_c.so
[7.256s] -- Installing: /home/student13/debuging/lei_github/nav_test_for_leo/install/explore_lite_msgs/lib/python3.12/site-packages/explore_lite_msgs/explore_lite_msgs_s__rosidl_typesupport_fastrtps_c.so
[7.256s] -- Installing: /home/student13/debuging/lei_github/nav_test_for_leo/install/explore_lite_msgs/lib/python3.12/site-packages/explore_lite_msgs/_explore_lite_msgs_s.ep.rosidl_typesupport_introspection_c.c
[7.256s] -- Installing: /home/student13/debuging/lei_github/nav_test_for_leo/install/explore_lite_msgs/lib/python3.12/site-packages/explore_lite_msgs/_explore_lite_msgs_s.ep.rosidl_typesupport_fastrtps_c.c
[7.256s] -- Installing: /home/student13/debuging/lei_github/nav_test_for_leo/install/explore_lite_msgs/lib/python3.12/site-packages/explore_lite_msgs/msg
[7.256s] -- Installing: /home/student13/debuging/lei_github/nav_test_for_leo/install/explore_lite_msgs/lib/python3.12/site-packages/explore_lite_msgs/msg/_explore_status_s.c
[7.257s] -- Installing: /home/student13/debuging/lei_github/nav_test_for_leo/install/explore_lite_msgs/lib/python3.12/site-packages/explore_lite_msgs/msg/__init__.py
[7.257s] -- Installing: /home/student13/debuging/lei_github/nav_test_for_leo/install/explore_lite_msgs/lib/python3.12/site-packages/explore_lite_msgs/msg/_explore_status.py
[7.257s] -- Installing: /home/student13/debuging/lei_github/nav_test_for_leo/install/explore_lite_msgs/lib/python3.12/site-packages/explore_lite_msgs/__init__.py
[7.283s] Listing '/home/student13/debuging/lei_github/nav_test_for_leo/install/explore_lite_msgs/lib/python3.12/site-packages/explore_lite_msgs'...
[7.284s] Compiling '/home/student13/debuging/lei_github/nav_test_for_leo/install/explore_lite_msgs/lib/python3.12/site-packages/explore_lite_msgs/__init__.py'...
[7.284s] Listing '/home/student13/debuging/lei_github/nav_test_for_leo/install/explore_lite_msgs/lib/python3.12/site-packages/explore_lite_msgs/msg'...
[7.284s] Compiling '/home/student13/debuging/lei_github/nav_test_for_leo/install/explore_lite_msgs/lib/python3.12/site-packages/explore_lite_msgs/msg/__init__.py'...
[7.284s] Compiling '/home/student13/debuging/lei_github/nav_test_for_leo/install/explore_lite_msgs/lib/python3.12/site-packages/explore_lite_msgs/msg/_explore_status.py'...
[7.289s] -- Installing: /home/student13/debuging/lei_github/nav_test_for_leo/install/explore_lite_msgs/lib/python3.12/site-packages/explore_lite_msgs/explore_lite_msgs_s__rosidl_typesupport_fastrtps_c.so
[7.289s] -- Set non-toolchain portion of runtime path of "/home/student13/debuging/lei_github/nav_test_for_leo/install/explore_lite_msgs/lib/python3.12/site-packages/explore_lite_msgs/explore_lite_msgs_s__rosidl_typesupport_fastrtps_c.so" to ""
[7.289s] -- Installing: /home/student13/debuging/lei_github/nav_test_for_leo/install/explore_lite_msgs/lib/python3.12/site-packages/explore_lite_msgs/explore_lite_msgs_s__rosidl_typesupport_introspection_c.so
[7.290s] -- Set non-toolchain portion of runtime path of "/home/student13/debuging/lei_github/nav_test_for_leo/install/explore_lite_msgs/lib/python3.12/site-packages/explore_lite_msgs/explore_lite_msgs_s__rosidl_typesupport_introspection_c.so" to ""
[7.290s] -- Installing: /home/student13/debuging/lei_github/nav_test_for_leo/install/explore_lite_msgs/lib/python3.12/site-packages/explore_lite_msgs/explore_lite_msgs_s__rosidl_typesupport_c.so
[7.290s] -- Set non-toolchain portion of runtime path of "/home/student13/debuging/lei_github/nav_test_for_leo/install/explore_lite_msgs/lib/python3.12/site-packages/explore_lite_msgs/explore_lite_msgs_s__rosidl_typesupport_c.so" to ""
[7.291s] -- Installing: /home/student13/debuging/lei_github/nav_test_for_leo/install/explore_lite_msgs/lib/libexplore_lite_msgs__rosidl_generator_py.so
[7.291s] -- Set non-toolchain portion of runtime path of "/home/student13/debuging/lei_github/nav_test_for_leo/install/explore_lite_msgs/lib/libexplore_lite_msgs__rosidl_generator_py.so" to ""
[7.291s] -- Installing: /home/student13/debuging/lei_github/nav_test_for_leo/install/explore_lite_msgs/share/explore_lite_msgs/msg/ExploreStatus.idl
[7.291s] -- Installing: /home/student13/debuging/lei_github/nav_test_for_leo/install/explore_lite_msgs/share/explore_lite_msgs/msg/ExploreStatus.msg
[7.291s] -- Installing: /home/student13/debuging/lei_github/nav_test_for_leo/install/explore_lite_msgs/share/ament_index/resource_index/package_run_dependencies/explore_lite_msgs
[7.291s] -- Installing: /home/student13/debuging/lei_github/nav_test_for_leo/install/explore_lite_msgs/share/ament_index/resource_index/parent_prefix_path/explore_lite_msgs
[7.291s] -- Installing: /home/student13/debuging/lei_github/nav_test_for_leo/install/explore_lite_msgs/share/explore_lite_msgs/environment/ament_prefix_path.sh
[7.292s] -- Installing: /home/student13/debuging/lei_github/nav_test_for_leo/install/explore_lite_msgs/share/explore_lite_msgs/environment/ament_prefix_path.dsv
[7.292s] -- Installing: /home/student13/debuging/lei_github/nav_test_for_leo/install/explore_lite_msgs/share/explore_lite_msgs/environment/path.sh
[7.292s] -- Installing: /home/student13/debuging/lei_github/nav_test_for_leo/install/explore_lite_msgs/share/explore_lite_msgs/environment/path.dsv
[7.292s] -- Installing: /home/student13/debuging/lei_github/nav_test_for_leo/install/explore_lite_msgs/share/explore_lite_msgs/local_setup.bash
[7.292s] -- Installing: /home/student13/debuging/lei_github/nav_test_for_leo/install/explore_lite_msgs/share/explore_lite_msgs/local_setup.sh
[7.292s] -- Installing: /home/student13/debuging/lei_github/nav_test_for_leo/install/explore_lite_msgs/share/explore_lite_msgs/local_setup.zsh
[7.292s] -- Installing: /home/student13/debuging/lei_github/nav_test_for_leo/install/explore_lite_msgs/share/explore_lite_msgs/local_setup.dsv
[7.292s] -- Installing: /home/student13/debuging/lei_github/nav_test_for_leo/install/explore_lite_msgs/share/explore_lite_msgs/package.dsv
[7.292s] -- Installing: /home/student13/debuging/lei_github/nav_test_for_leo/install/explore_lite_msgs/share/ament_index/resource_index/packages/explore_lite_msgs
[7.293s] -- Installing: /home/student13/debuging/lei_github/nav_test_for_leo/install/explore_lite_msgs/share/explore_lite_msgs/cmake/export_explore_lite_msgs__rosidl_generator_cExport.cmake
[7.293s] -- Installing: /home/student13/debuging/lei_github/nav_test_for_leo/install/explore_lite_msgs/share/explore_lite_msgs/cmake/export_explore_lite_msgs__rosidl_generator_cExport-noconfig.cmake
[7.293s] -- Installing: /home/student13/debuging/lei_github/nav_test_for_leo/install/explore_lite_msgs/share/explore_lite_msgs/cmake/export_explore_lite_msgs__rosidl_typesupport_fastrtps_cExport.cmake
[7.293s] -- Installing: /home/student13/debuging/lei_github/nav_test_for_leo/install/explore_lite_msgs/share/explore_lite_msgs/cmake/export_explore_lite_msgs__rosidl_typesupport_fastrtps_cExport-noconfig.cmake
[7.293s] -- Installing: /home/student13/debuging/lei_github/nav_test_for_leo/install/explore_lite_msgs/share/explore_lite_msgs/cmake/explore_lite_msgs__rosidl_typesupport_introspection_cExport.cmake
[7.293s] -- Installing: /home/student13/debuging/lei_github/nav_test_for_leo/install/explore_lite_msgs/share/explore_lite_msgs/cmake/explore_lite_msgs__rosidl_typesupport_introspection_cExport-noconfig.cmake
[7.293s] -- Installing: /home/student13/debuging/lei_github/nav_test_for_leo/install/explore_lite_msgs/share/explore_lite_msgs/cmake/explore_lite_msgs__rosidl_typesupport_cExport.cmake
[7.293s] -- Installing: /home/student13/debuging/lei_github/nav_test_for_leo/install/explore_lite_msgs/share/explore_lite_msgs/cmake/explore_lite_msgs__rosidl_typesupport_cExport-noconfig.cmake
[7.293s] -- Installing: /home/student13/debuging/lei_github/nav_test_for_leo/install/explore_lite_msgs/share/explore_lite_msgs/cmake/export_explore_lite_msgs__rosidl_generator_cppExport.cmake
[7.293s] -- Installing: /home/student13/debuging/lei_github/nav_test_for_leo/install/explore_lite_msgs/share/explore_lite_msgs/cmake/export_explore_lite_msgs__rosidl_typesupport_fastrtps_cppExport.cmake
[7.293s] -- Installing: /home/student13/debuging/lei_github/nav_test_for_leo/install/explore_lite_msgs/share/explore_lite_msgs/cmake/export_explore_lite_msgs__rosidl_typesupport_fastrtps_cppExport-noconfig.cmake
[7.293s] -- Installing: /home/student13/debuging/lei_github/nav_test_for_leo/install/explore_lite_msgs/share/explore_lite_msgs/cmake/explore_lite_msgs__rosidl_typesupport_introspection_cppExport.cmake
[7.293s] -- Installing: /home/student13/debuging/lei_github/nav_test_for_leo/install/explore_lite_msgs/share/explore_lite_msgs/cmake/explore_lite_msgs__rosidl_typesupport_introspection_cppExport-noconfig.cmake
[7.293s] -- Installing: /home/student13/debuging/lei_github/nav_test_for_leo/install/explore_lite_msgs/share/explore_lite_msgs/cmake/explore_lite_msgs__rosidl_typesupport_cppExport.cmake
[7.293s] -- Installing: /home/student13/debuging/lei_github/nav_test_for_leo/install/explore_lite_msgs/share/explore_lite_msgs/cmake/explore_lite_msgs__rosidl_typesupport_cppExport-noconfig.cmake
[7.293s] -- Installing: /home/student13/debuging/lei_github/nav_test_for_leo/install/explore_lite_msgs/share/explore_lite_msgs/cmake/export_explore_lite_msgs__rosidl_generator_pyExport.cmake
[7.293s] -- Installing: /home/student13/debuging/lei_github/nav_test_for_leo/install/explore_lite_msgs/share/explore_lite_msgs/cmake/export_explore_lite_msgs__rosidl_generator_pyExport-noconfig.cmake
[7.293s] -- Installing: /home/student13/debuging/lei_github/nav_test_for_leo/install/explore_lite_msgs/share/explore_lite_msgs/cmake/rosidl_cmake-extras.cmake
[7.293s] -- Installing: /home/student13/debuging/lei_github/nav_test_for_leo/install/explore_lite_msgs/share/explore_lite_msgs/cmake/ament_cmake_export_include_directories-extras.cmake
[7.293s] -- Installing: /home/student13/debuging/lei_github/nav_test_for_leo/install/explore_lite_msgs/share/explore_lite_msgs/cmake/ament_cmake_export_libraries-extras.cmake
[7.293s] -- Installing: /home/student13/debuging/lei_github/nav_test_for_leo/install/explore_lite_msgs/share/explore_lite_msgs/cmake/ament_cmake_export_targets-extras.cmake
[7.293s] -- Installing: /home/student13/debuging/lei_github/nav_test_for_leo/install/explore_lite_msgs/share/explore_lite_msgs/cmake/rosidl_cmake_export_typesupport_targets-extras.cmake
[7.294s] -- Installing: /home/student13/debuging/lei_github/nav_test_for_leo/install/explore_lite_msgs/share/explore_lite_msgs/cmake/ament_cmake_export_dependencies-extras.cmake
[7.294s] -- Installing: /home/student13/debuging/lei_github/nav_test_for_leo/install/explore_lite_msgs/share/explore_lite_msgs/cmake/rosidl_cmake_export_typesupport_libraries-extras.cmake
[7.294s] -- Installing: /home/student13/debuging/lei_github/nav_test_for_leo/install/explore_lite_msgs/share/explore_lite_msgs/cmake/explore_lite_msgsConfig.cmake
[7.294s] -- Installing: /home/student13/debuging/lei_github/nav_test_for_leo/install/explore_lite_msgs/share/explore_lite_msgs/cmake/explore_lite_msgsConfig-version.cmake
[7.294s] -- Installing: /home/student13/debuging/lei_github/nav_test_for_leo/install/explore_lite_msgs/share/explore_lite_msgs/package.xml
[7.294s] Invoked command in '/home/student13/debuging/lei_github/nav_test_for_leo/build/explore_lite_msgs' returned '0': CMAKE_PREFIX_PATH=${CMAKE_PREFIX_PATH}:/opt/ros/jazzy DEBUGINFOD_URLS=https://debuginfod.ubuntu.com /usr/bin/cmake --install /home/student13/debuging/lei_github/nav_test_for_leo/build/explore_lite_msgs
