[0.029s] Invoking command in '/home/student13/debuging/lei_github/nav_test_for_leo/build/explore_lite_msgs': CMAKE_PREFIX_PATH=${CMAKE_PREFIX_PATH}:/home/student13/debuging/lei_github/nav_test_for_leo/install/robot_control_system:/home/student13/debuging/lei_github/nav_test_for_leo/install/my_robot_bringup:/opt/ros/jazzy DEBUGINFOD_URLS=https://debuginfod.ubuntu.com /usr/bin/cmake --build /home/student13/debuging/lei_github/nav_test_for_leo/build/explore_lite_msgs -- -j12 -l12
[0.104s] [  2%] Built target explore_lite_msgs__rosidl_generator_type_description
[0.132s] [  2%] Built target ament_cmake_python_copy_explore_lite_msgs
[0.154s] [ 17%] Built target explore_lite_msgs__rosidl_generator_c
[0.156s] [ 20%] Built target explore_lite_msgs__cpp
[0.193s] [ 29%] Built target explore_lite_msgs__rosidl_typesupport_introspection_c
[0.199s] [ 38%] Built target explore_lite_msgs__rosidl_typesupport_c
[0.217s] [ 47%] Built target explore_lite_msgs__rosidl_typesupport_introspection_cpp
[0.233s] [ 55%] Built target explore_lite_msgs__rosidl_typesupport_fastrtps_cpp
[0.244s] [ 64%] Built target explore_lite_msgs__rosidl_typesupport_fastrtps_c
[0.246s] [ 73%] Built target explore_lite_msgs__rosidl_typesupport_cpp
[0.273s] [ 73%] Built target explore_lite_msgs
[0.322s] [ 76%] Built target explore_lite_msgs__py
[0.349s] [ 82%] Built target explore_lite_msgs__rosidl_generator_py
[0.388s] [ 94%] Built target explore_lite_msgs_s__rosidl_typesupport_introspection_c
[0.388s] [ 94%] Built target explore_lite_msgs_s__rosidl_typesupport_fastrtps_c
[0.412s] [100%] Built target explore_lite_msgs_s__rosidl_typesupport_c
[0.612s] running egg_info
[0.648s] writing explore_lite_msgs.egg-info/PKG-INFO
[0.649s] writing dependency_links to explore_lite_msgs.egg-info/dependency_links.txt
[0.649s] writing top-level names to explore_lite_msgs.egg-info/top_level.txt
[0.755s] reading manifest file 'explore_lite_msgs.egg-info/SOURCES.txt'
[0.756s] writing manifest file 'explore_lite_msgs.egg-info/SOURCES.txt'
[0.799s] [100%] Built target ament_cmake_python_build_explore_lite_msgs_egg
[0.818s] Invoked command in '/home/student13/debuging/lei_github/nav_test_for_leo/build/explore_lite_msgs' returned '0': CMAKE_PREFIX_PATH=${CMAKE_PREFIX_PATH}:/home/student13/debuging/lei_github/nav_test_for_leo/install/robot_control_system:/home/student13/debuging/lei_github/nav_test_for_leo/install/my_robot_bringup:/opt/ros/jazzy DEBUGINFOD_URLS=https://debuginfod.ubuntu.com /usr/bin/cmake --build /home/student13/debuging/lei_github/nav_test_for_leo/build/explore_lite_msgs -- -j12 -l12
[0.820s] Invoking command in '/home/student13/debuging/lei_github/nav_test_for_leo/build/explore_lite_msgs': CMAKE_PREFIX_PATH=${CMAKE_PREFIX_PATH}:/home/student13/debuging/lei_github/nav_test_for_leo/install/robot_control_system:/home/student13/debuging/lei_github/nav_test_for_leo/install/my_robot_bringup:/opt/ros/jazzy DEBUGINFOD_URLS=https://debuginfod.ubuntu.com /usr/bin/cmake --install /home/student13/debuging/lei_github/nav_test_for_leo/build/explore_lite_msgs
[0.828s] -- Install configuration: ""
[0.828s] -- Up-to-date: /home/student13/debuging/lei_github/nav_test_for_leo/install/explore_lite_msgs/share/ament_index/resource_index/rosidl_interfaces/explore_lite_msgs
[0.829s] -- Up-to-date: /home/student13/debuging/lei_github/nav_test_for_leo/install/explore_lite_msgs/share/explore_lite_msgs/msg/ExploreStatus.json
[0.829s] -- Up-to-date: /home/student13/debuging/lei_github/nav_test_for_leo/install/explore_lite_msgs/include/explore_lite_msgs/explore_lite_msgs
[0.829s] -- Up-to-date: /home/student13/debuging/lei_github/nav_test_for_leo/install/explore_lite_msgs/include/explore_lite_msgs/explore_lite_msgs/msg
[0.829s] -- Up-to-date: /home/student13/debuging/lei_github/nav_test_for_leo/install/explore_lite_msgs/include/explore_lite_msgs/explore_lite_msgs/msg/detail
[0.829s] -- Up-to-date: /home/student13/debuging/lei_github/nav_test_for_leo/install/explore_lite_msgs/include/explore_lite_msgs/explore_lite_msgs/msg/detail/explore_status__struct.h
[0.829s] -- Up-to-date: /home/student13/debuging/lei_github/nav_test_for_leo/install/explore_lite_msgs/include/explore_lite_msgs/explore_lite_msgs/msg/detail/explore_status__functions.h
[0.830s] -- Up-to-date: /home/student13/debuging/lei_github/nav_test_for_leo/install/explore_lite_msgs/include/explore_lite_msgs/explore_lite_msgs/msg/detail/explore_status__type_support.c
[0.830s] -- Up-to-date: /home/student13/debuging/lei_github/nav_test_for_leo/install/explore_lite_msgs/include/explore_lite_msgs/explore_lite_msgs/msg/detail/explore_status__functions.c
[0.830s] -- Up-to-date: /home/student13/debuging/lei_github/nav_test_for_leo/install/explore_lite_msgs/include/explore_lite_msgs/explore_lite_msgs/msg/detail/explore_status__type_support.h
[0.830s] -- Up-to-date: /home/student13/debuging/lei_github/nav_test_for_leo/install/explore_lite_msgs/include/explore_lite_msgs/explore_lite_msgs/msg/detail/explore_status__description.c
[0.830s] -- Up-to-date: /home/student13/debuging/lei_github/nav_test_for_leo/install/explore_lite_msgs/include/explore_lite_msgs/explore_lite_msgs/msg/explore_status.h
[0.831s] -- Up-to-date: /home/student13/debuging/lei_github/nav_test_for_leo/install/explore_lite_msgs/include/explore_lite_msgs/explore_lite_msgs/msg/rosidl_generator_c__visibility_control.h
[0.831s] -- Up-to-date: /home/student13/debuging/lei_github/nav_test_for_leo/install/explore_lite_msgs/share/explore_lite_msgs/environment/library_path.sh
[0.831s] -- Up-to-date: /home/student13/debuging/lei_github/nav_test_for_leo/install/explore_lite_msgs/share/explore_lite_msgs/environment/library_path.dsv
[0.831s] -- Up-to-date: /home/student13/debuging/lei_github/nav_test_for_leo/install/explore_lite_msgs/lib/libexplore_lite_msgs__rosidl_generator_c.so
[0.831s] -- Up-to-date: /home/student13/debuging/lei_github/nav_test_for_leo/install/explore_lite_msgs/include/explore_lite_msgs/explore_lite_msgs
[0.831s] -- Up-to-date: /home/student13/debuging/lei_github/nav_test_for_leo/install/explore_lite_msgs/include/explore_lite_msgs/explore_lite_msgs/msg
[0.831s] -- Up-to-date: /home/student13/debuging/lei_github/nav_test_for_leo/install/explore_lite_msgs/include/explore_lite_msgs/explore_lite_msgs/msg/detail
[0.831s] -- Up-to-date: /home/student13/debuging/lei_github/nav_test_for_leo/install/explore_lite_msgs/include/explore_lite_msgs/explore_lite_msgs/msg/detail/explore_status__rosidl_typesupport_fastrtps_c.h
[0.831s] -- Up-to-date: /home/student13/debuging/lei_github/nav_test_for_leo/install/explore_lite_msgs/include/explore_lite_msgs/explore_lite_msgs/msg/rosidl_typesupport_fastrtps_c__visibility_control.h
[0.832s] -- Up-to-date: /home/student13/debuging/lei_github/nav_test_for_leo/install/explore_lite_msgs/lib/libexplore_lite_msgs__rosidl_typesupport_fastrtps_c.so
[0.832s] -- Up-to-date: /home/student13/debuging/lei_github/nav_test_for_leo/install/explore_lite_msgs/include/explore_lite_msgs/explore_lite_msgs
[0.832s] -- Up-to-date: /home/student13/debuging/lei_github/nav_test_for_leo/install/explore_lite_msgs/include/explore_lite_msgs/explore_lite_msgs/msg
[0.832s] -- Up-to-date: /home/student13/debuging/lei_github/nav_test_for_leo/install/explore_lite_msgs/include/explore_lite_msgs/explore_lite_msgs/msg/detail
[0.832s] -- Up-to-date: /home/student13/debuging/lei_github/nav_test_for_leo/install/explore_lite_msgs/include/explore_lite_msgs/explore_lite_msgs/msg/detail/explore_status__rosidl_typesupport_introspection_c.h
[0.832s] -- Up-to-date: /home/student13/debuging/lei_github/nav_test_for_leo/install/explore_lite_msgs/include/explore_lite_msgs/explore_lite_msgs/msg/detail/explore_status__type_support.c
[0.832s] -- Up-to-date: /home/student13/debuging/lei_github/nav_test_for_leo/install/explore_lite_msgs/include/explore_lite_msgs/explore_lite_msgs/msg/rosidl_typesupport_introspection_c__visibility_control.h
[0.832s] -- Up-to-date: /home/student13/debuging/lei_github/nav_test_for_leo/install/explore_lite_msgs/lib/libexplore_lite_msgs__rosidl_typesupport_introspection_c.so
[0.832s] -- Up-to-date: /home/student13/debuging/lei_github/nav_test_for_leo/install/explore_lite_msgs/lib/libexplore_lite_msgs__rosidl_typesupport_c.so
[0.832s] -- Up-to-date: /home/student13/debuging/lei_github/nav_test_for_leo/install/explore_lite_msgs/include/explore_lite_msgs/explore_lite_msgs
[0.832s] -- Up-to-date: /home/student13/debuging/lei_github/nav_test_for_leo/install/explore_lite_msgs/include/explore_lite_msgs/explore_lite_msgs/msg
[0.832s] -- Up-to-date: /home/student13/debuging/lei_github/nav_test_for_leo/install/explore_lite_msgs/include/explore_lite_msgs/explore_lite_msgs/msg/detail
[0.832s] -- Up-to-date: /home/student13/debuging/lei_github/nav_test_for_leo/install/explore_lite_msgs/include/explore_lite_msgs/explore_lite_msgs/msg/detail/explore_status__traits.hpp
[0.832s] -- Up-to-date: /home/student13/debuging/lei_github/nav_test_for_leo/install/explore_lite_msgs/include/explore_lite_msgs/explore_lite_msgs/msg/detail/explore_status__struct.hpp
[0.832s] -- Up-to-date: /home/student13/debuging/lei_github/nav_test_for_leo/install/explore_lite_msgs/include/explore_lite_msgs/explore_lite_msgs/msg/detail/explore_status__type_support.hpp
[0.832s] -- Up-to-date: /home/student13/debuging/lei_github/nav_test_for_leo/install/explore_lite_msgs/include/explore_lite_msgs/explore_lite_msgs/msg/detail/explore_status__builder.hpp
[0.832s] -- Up-to-date: /home/student13/debuging/lei_github/nav_test_for_leo/install/explore_lite_msgs/include/explore_lite_msgs/explore_lite_msgs/msg/rosidl_generator_cpp__visibility_control.hpp
[0.832s] -- Up-to-date: /home/student13/debuging/lei_github/nav_test_for_leo/install/explore_lite_msgs/include/explore_lite_msgs/explore_lite_msgs/msg/explore_status.hpp
[0.833s] -- Up-to-date: /home/student13/debuging/lei_github/nav_test_for_leo/install/explore_lite_msgs/include/explore_lite_msgs/explore_lite_msgs
[0.833s] -- Up-to-date: /home/student13/debuging/lei_github/nav_test_for_leo/install/explore_lite_msgs/include/explore_lite_msgs/explore_lite_msgs/msg
[0.833s] -- Up-to-date: /home/student13/debuging/lei_github/nav_test_for_leo/install/explore_lite_msgs/include/explore_lite_msgs/explore_lite_msgs/msg/rosidl_typesupport_fastrtps_cpp__visibility_control.h
[0.833s] -- Up-to-date: /home/student13/debuging/lei_github/nav_test_for_leo/install/explore_lite_msgs/include/explore_lite_msgs/explore_lite_msgs/msg/detail
[0.833s] -- Up-to-date: /home/student13/debuging/lei_github/nav_test_for_leo/install/explore_lite_msgs/include/explore_lite_msgs/explore_lite_msgs/msg/detail/dds_fastrtps
[0.833s] -- Up-to-date: /home/student13/debuging/lei_github/nav_test_for_leo/install/explore_lite_msgs/include/explore_lite_msgs/explore_lite_msgs/msg/detail/explore_status__rosidl_typesupport_fastrtps_cpp.hpp
[0.833s] -- Up-to-date: /home/student13/debuging/lei_github/nav_test_for_leo/install/explore_lite_msgs/lib/libexplore_lite_msgs__rosidl_typesupport_fastrtps_cpp.so
[0.833s] -- Up-to-date: /home/student13/debuging/lei_github/nav_test_for_leo/install/explore_lite_msgs/include/explore_lite_msgs/explore_lite_msgs
[0.833s] -- Up-to-date: /home/student13/debuging/lei_github/nav_test_for_leo/install/explore_lite_msgs/include/explore_lite_msgs/explore_lite_msgs/msg
[0.833s] -- Up-to-date: /home/student13/debuging/lei_github/nav_test_for_leo/install/explore_lite_msgs/include/explore_lite_msgs/explore_lite_msgs/msg/detail
[0.833s] -- Up-to-date: /home/student13/debuging/lei_github/nav_test_for_leo/install/explore_lite_msgs/include/explore_lite_msgs/explore_lite_msgs/msg/detail/explore_status__type_support.cpp
[0.833s] -- Up-to-date: /home/student13/debuging/lei_github/nav_test_for_leo/install/explore_lite_msgs/include/explore_lite_msgs/explore_lite_msgs/msg/detail/explore_status__rosidl_typesupport_introspection_cpp.hpp
[0.833s] -- Up-to-date: /home/student13/debuging/lei_github/nav_test_for_leo/install/explore_lite_msgs/lib/libexplore_lite_msgs__rosidl_typesupport_introspection_cpp.so
[0.833s] -- Up-to-date: /home/student13/debuging/lei_github/nav_test_for_leo/install/explore_lite_msgs/lib/libexplore_lite_msgs__rosidl_typesupport_cpp.so
[0.833s] -- Up-to-date: /home/student13/debuging/lei_github/nav_test_for_leo/install/explore_lite_msgs/share/explore_lite_msgs/environment/pythonpath.sh
[0.833s] -- Up-to-date: /home/student13/debuging/lei_github/nav_test_for_leo/install/explore_lite_msgs/share/explore_lite_msgs/environment/pythonpath.dsv
[0.833s] -- Up-to-date: /home/student13/debuging/lei_github/nav_test_for_leo/install/explore_lite_msgs/lib/python3.12/site-packages/explore_lite_msgs-1.0.0-py3.12.egg-info
[0.833s] -- Installing: /home/student13/debuging/lei_github/nav_test_for_leo/install/explore_lite_msgs/lib/python3.12/site-packages/explore_lite_msgs-1.0.0-py3.12.egg-info/SOURCES.txt
[0.833s] -- Installing: /home/student13/debuging/lei_github/nav_test_for_leo/install/explore_lite_msgs/lib/python3.12/site-packages/explore_lite_msgs-1.0.0-py3.12.egg-info/PKG-INFO
[0.833s] -- Installing: /home/student13/debuging/lei_github/nav_test_for_leo/install/explore_lite_msgs/lib/python3.12/site-packages/explore_lite_msgs-1.0.0-py3.12.egg-info/dependency_links.txt
[0.833s] -- Installing: /home/student13/debuging/lei_github/nav_test_for_leo/install/explore_lite_msgs/lib/python3.12/site-packages/explore_lite_msgs-1.0.0-py3.12.egg-info/top_level.txt
[0.833s] -- Up-to-date: /home/student13/debuging/lei_github/nav_test_for_leo/install/explore_lite_msgs/lib/python3.12/site-packages/explore_lite_msgs
[0.834s] -- Up-to-date: /home/student13/debuging/lei_github/nav_test_for_leo/install/explore_lite_msgs/lib/python3.12/site-packages/explore_lite_msgs/_explore_lite_msgs_s.ep.rosidl_typesupport_c.c
[0.834s] -- Up-to-date: /home/student13/debuging/lei_github/nav_test_for_leo/install/explore_lite_msgs/lib/python3.12/site-packages/explore_lite_msgs/explore_lite_msgs_s__rosidl_typesupport_c.so
[0.834s] -- Up-to-date: /home/student13/debuging/lei_github/nav_test_for_leo/install/explore_lite_msgs/lib/python3.12/site-packages/explore_lite_msgs/explore_lite_msgs_s__rosidl_typesupport_introspection_c.so
[0.834s] -- Up-to-date: /home/student13/debuging/lei_github/nav_test_for_leo/install/explore_lite_msgs/lib/python3.12/site-packages/explore_lite_msgs/explore_lite_msgs_s__rosidl_typesupport_fastrtps_c.so
[0.834s] -- Up-to-date: /home/student13/debuging/lei_github/nav_test_for_leo/install/explore_lite_msgs/lib/python3.12/site-packages/explore_lite_msgs/_explore_lite_msgs_s.ep.rosidl_typesupport_introspection_c.c
[0.834s] -- Up-to-date: /home/student13/debuging/lei_github/nav_test_for_leo/install/explore_lite_msgs/lib/python3.12/site-packages/explore_lite_msgs/_explore_lite_msgs_s.ep.rosidl_typesupport_fastrtps_c.c
[0.834s] -- Up-to-date: /home/student13/debuging/lei_github/nav_test_for_leo/install/explore_lite_msgs/lib/python3.12/site-packages/explore_lite_msgs/msg
[0.834s] -- Up-to-date: /home/student13/debuging/lei_github/nav_test_for_leo/install/explore_lite_msgs/lib/python3.12/site-packages/explore_lite_msgs/msg/_explore_status_s.c
[0.834s] -- Up-to-date: /home/student13/debuging/lei_github/nav_test_for_leo/install/explore_lite_msgs/lib/python3.12/site-packages/explore_lite_msgs/msg/__init__.py
[0.834s] -- Up-to-date: /home/student13/debuging/lei_github/nav_test_for_leo/install/explore_lite_msgs/lib/python3.12/site-packages/explore_lite_msgs/msg/_explore_status.py
[0.834s] -- Up-to-date: /home/student13/debuging/lei_github/nav_test_for_leo/install/explore_lite_msgs/lib/python3.12/site-packages/explore_lite_msgs/__init__.py
[0.871s] Listing '/home/student13/debuging/lei_github/nav_test_for_leo/install/explore_lite_msgs/lib/python3.12/site-packages/explore_lite_msgs'...
[0.871s] Listing '/home/student13/debuging/lei_github/nav_test_for_leo/install/explore_lite_msgs/lib/python3.12/site-packages/explore_lite_msgs/msg'...
[0.876s] -- Up-to-date: /home/student13/debuging/lei_github/nav_test_for_leo/install/explore_lite_msgs/lib/python3.12/site-packages/explore_lite_msgs/explore_lite_msgs_s__rosidl_typesupport_fastrtps_c.so
[0.876s] -- Up-to-date: /home/student13/debuging/lei_github/nav_test_for_leo/install/explore_lite_msgs/lib/python3.12/site-packages/explore_lite_msgs/explore_lite_msgs_s__rosidl_typesupport_introspection_c.so
[0.876s] -- Up-to-date: /home/student13/debuging/lei_github/nav_test_for_leo/install/explore_lite_msgs/lib/python3.12/site-packages/explore_lite_msgs/explore_lite_msgs_s__rosidl_typesupport_c.so
[0.877s] -- Up-to-date: /home/student13/debuging/lei_github/nav_test_for_leo/install/explore_lite_msgs/lib/libexplore_lite_msgs__rosidl_generator_py.so
[0.877s] -- Up-to-date: /home/student13/debuging/lei_github/nav_test_for_leo/install/explore_lite_msgs/share/explore_lite_msgs/msg/ExploreStatus.idl
[0.877s] -- Up-to-date: /home/student13/debuging/lei_github/nav_test_for_leo/install/explore_lite_msgs/share/explore_lite_msgs/msg/ExploreStatus.msg
[0.877s] -- Up-to-date: /home/student13/debuging/lei_github/nav_test_for_leo/install/explore_lite_msgs/share/ament_index/resource_index/package_run_dependencies/explore_lite_msgs
[0.877s] -- Up-to-date: /home/student13/debuging/lei_github/nav_test_for_leo/install/explore_lite_msgs/share/ament_index/resource_index/parent_prefix_path/explore_lite_msgs
[0.877s] -- Up-to-date: /home/student13/debuging/lei_github/nav_test_for_leo/install/explore_lite_msgs/share/explore_lite_msgs/environment/ament_prefix_path.sh
[0.877s] -- Up-to-date: /home/student13/debuging/lei_github/nav_test_for_leo/install/explore_lite_msgs/share/explore_lite_msgs/environment/ament_prefix_path.dsv
[0.878s] -- Up-to-date: /home/student13/debuging/lei_github/nav_test_for_leo/install/explore_lite_msgs/share/explore_lite_msgs/environment/path.sh
[0.878s] -- Up-to-date: /home/student13/debuging/lei_github/nav_test_for_leo/install/explore_lite_msgs/share/explore_lite_msgs/environment/path.dsv
[0.878s] -- Up-to-date: /home/student13/debuging/lei_github/nav_test_for_leo/install/explore_lite_msgs/share/explore_lite_msgs/local_setup.bash
[0.878s] -- Up-to-date: /home/student13/debuging/lei_github/nav_test_for_leo/install/explore_lite_msgs/share/explore_lite_msgs/local_setup.sh
[0.878s] -- Up-to-date: /home/student13/debuging/lei_github/nav_test_for_leo/install/explore_lite_msgs/share/explore_lite_msgs/local_setup.zsh
[0.878s] -- Up-to-date: /home/student13/debuging/lei_github/nav_test_for_leo/install/explore_lite_msgs/share/explore_lite_msgs/local_setup.dsv
[0.878s] -- Installing: /home/student13/debuging/lei_github/nav_test_for_leo/install/explore_lite_msgs/share/explore_lite_msgs/package.dsv
[0.878s] -- Up-to-date: /home/student13/debuging/lei_github/nav_test_for_leo/install/explore_lite_msgs/share/ament_index/resource_index/packages/explore_lite_msgs
[0.878s] -- Up-to-date: /home/student13/debuging/lei_github/nav_test_for_leo/install/explore_lite_msgs/share/explore_lite_msgs/cmake/export_explore_lite_msgs__rosidl_generator_cExport.cmake
[0.878s] -- Up-to-date: /home/student13/debuging/lei_github/nav_test_for_leo/install/explore_lite_msgs/share/explore_lite_msgs/cmake/export_explore_lite_msgs__rosidl_generator_cExport-noconfig.cmake
[0.879s] -- Up-to-date: /home/student13/debuging/lei_github/nav_test_for_leo/install/explore_lite_msgs/share/explore_lite_msgs/cmake/export_explore_lite_msgs__rosidl_typesupport_fastrtps_cExport.cmake
[0.879s] -- Up-to-date: /home/student13/debuging/lei_github/nav_test_for_leo/install/explore_lite_msgs/share/explore_lite_msgs/cmake/export_explore_lite_msgs__rosidl_typesupport_fastrtps_cExport-noconfig.cmake
[0.879s] -- Up-to-date: /home/student13/debuging/lei_github/nav_test_for_leo/install/explore_lite_msgs/share/explore_lite_msgs/cmake/explore_lite_msgs__rosidl_typesupport_introspection_cExport.cmake
[0.879s] -- Up-to-date: /home/student13/debuging/lei_github/nav_test_for_leo/install/explore_lite_msgs/share/explore_lite_msgs/cmake/explore_lite_msgs__rosidl_typesupport_introspection_cExport-noconfig.cmake
[0.879s] -- Up-to-date: /home/student13/debuging/lei_github/nav_test_for_leo/install/explore_lite_msgs/share/explore_lite_msgs/cmake/explore_lite_msgs__rosidl_typesupport_cExport.cmake
[0.879s] -- Up-to-date: /home/student13/debuging/lei_github/nav_test_for_leo/install/explore_lite_msgs/share/explore_lite_msgs/cmake/explore_lite_msgs__rosidl_typesupport_cExport-noconfig.cmake
[0.880s] -- Up-to-date: /home/student13/debuging/lei_github/nav_test_for_leo/install/explore_lite_msgs/share/explore_lite_msgs/cmake/export_explore_lite_msgs__rosidl_generator_cppExport.cmake
[0.880s] -- Up-to-date: /home/student13/debuging/lei_github/nav_test_for_leo/install/explore_lite_msgs/share/explore_lite_msgs/cmake/export_explore_lite_msgs__rosidl_typesupport_fastrtps_cppExport.cmake
[0.880s] -- Up-to-date: /home/student13/debuging/lei_github/nav_test_for_leo/install/explore_lite_msgs/share/explore_lite_msgs/cmake/export_explore_lite_msgs__rosidl_typesupport_fastrtps_cppExport-noconfig.cmake
[0.880s] -- Up-to-date: /home/student13/debuging/lei_github/nav_test_for_leo/install/explore_lite_msgs/share/explore_lite_msgs/cmake/explore_lite_msgs__rosidl_typesupport_introspection_cppExport.cmake
[0.880s] -- Up-to-date: /home/student13/debuging/lei_github/nav_test_for_leo/install/explore_lite_msgs/share/explore_lite_msgs/cmake/explore_lite_msgs__rosidl_typesupport_introspection_cppExport-noconfig.cmake
[0.880s] -- Up-to-date: /home/student13/debuging/lei_github/nav_test_for_leo/install/explore_lite_msgs/share/explore_lite_msgs/cmake/explore_lite_msgs__rosidl_typesupport_cppExport.cmake
[0.880s] -- Up-to-date: /home/student13/debuging/lei_github/nav_test_for_leo/install/explore_lite_msgs/share/explore_lite_msgs/cmake/explore_lite_msgs__rosidl_typesupport_cppExport-noconfig.cmake
[0.880s] -- Up-to-date: /home/student13/debuging/lei_github/nav_test_for_leo/install/explore_lite_msgs/share/explore_lite_msgs/cmake/export_explore_lite_msgs__rosidl_generator_pyExport.cmake
[0.880s] -- Up-to-date: /home/student13/debuging/lei_github/nav_test_for_leo/install/explore_lite_msgs/share/explore_lite_msgs/cmake/export_explore_lite_msgs__rosidl_generator_pyExport-noconfig.cmake
[0.880s] -- Up-to-date: /home/student13/debuging/lei_github/nav_test_for_leo/install/explore_lite_msgs/share/explore_lite_msgs/cmake/rosidl_cmake-extras.cmake
[0.881s] -- Up-to-date: /home/student13/debuging/lei_github/nav_test_for_leo/install/explore_lite_msgs/share/explore_lite_msgs/cmake/ament_cmake_export_include_directories-extras.cmake
[0.881s] -- Up-to-date: /home/student13/debuging/lei_github/nav_test_for_leo/install/explore_lite_msgs/share/explore_lite_msgs/cmake/ament_cmake_export_libraries-extras.cmake
[0.881s] -- Up-to-date: /home/student13/debuging/lei_github/nav_test_for_leo/install/explore_lite_msgs/share/explore_lite_msgs/cmake/ament_cmake_export_targets-extras.cmake
[0.881s] -- Up-to-date: /home/student13/debuging/lei_github/nav_test_for_leo/install/explore_lite_msgs/share/explore_lite_msgs/cmake/rosidl_cmake_export_typesupport_targets-extras.cmake
[0.881s] -- Up-to-date: /home/student13/debuging/lei_github/nav_test_for_leo/install/explore_lite_msgs/share/explore_lite_msgs/cmake/ament_cmake_export_dependencies-extras.cmake
[0.881s] -- Up-to-date: /home/student13/debuging/lei_github/nav_test_for_leo/install/explore_lite_msgs/share/explore_lite_msgs/cmake/rosidl_cmake_export_typesupport_libraries-extras.cmake
[0.881s] -- Up-to-date: /home/student13/debuging/lei_github/nav_test_for_leo/install/explore_lite_msgs/share/explore_lite_msgs/cmake/explore_lite_msgsConfig.cmake
[0.881s] -- Up-to-date: /home/student13/debuging/lei_github/nav_test_for_leo/install/explore_lite_msgs/share/explore_lite_msgs/cmake/explore_lite_msgsConfig-version.cmake
[0.881s] -- Up-to-date: /home/student13/debuging/lei_github/nav_test_for_leo/install/explore_lite_msgs/share/explore_lite_msgs/package.xml
[0.882s] Invoked command in '/home/student13/debuging/lei_github/nav_test_for_leo/build/explore_lite_msgs' returned '0': CMAKE_PREFIX_PATH=${CMAKE_PREFIX_PATH}:/home/student13/debuging/lei_github/nav_test_for_leo/install/robot_control_system:/home/student13/debuging/lei_github/nav_test_for_leo/install/my_robot_bringup:/opt/ros/jazzy DEBUGINFOD_URLS=https://debuginfod.ubuntu.com /usr/bin/cmake --install /home/student13/debuging/lei_github/nav_test_for_leo/build/explore_lite_msgs
