[0.025s] Invoking command in '/home/student13/debuging/lei_github/nav_test_for_leo/build/explore_lite_msgs': CMAKE_PREFIX_PATH=${CMAKE_PREFIX_PATH}:/home/student13/debuging/lei_github/nav_test_for_leo/install/robot_control_system:/home/student13/debuging/lei_github/nav_test_for_leo/install/my_robot_bringup:/opt/ros/jazzy DEBUGINFOD_URLS=https://debuginfod.ubuntu.com /usr/bin/cmake --build /home/student13/debuging/lei_github/nav_test_for_leo/build/explore_lite_msgs -- -j12 -l12
[0.095s] [  2%] Built target explore_lite_msgs__rosidl_generator_type_description
[0.121s] [  2%] Built target ament_cmake_python_copy_explore_lite_msgs
[0.154s] [ 17%] Built target explore_lite_msgs__rosidl_generator_c
[0.154s] [ 20%] Built target explore_lite_msgs__cpp
[0.203s] [ 29%] Built target explore_lite_msgs__rosidl_typesupport_c
[0.220s] [ 38%] Built target explore_lite_msgs__rosidl_typesupport_introspection_c
[0.225s] [ 47%] Built target explore_lite_msgs__rosidl_typesupport_fastrtps_cpp
[0.241s] [ 55%] Built target explore_lite_msgs__rosidl_typesupport_introspection_cpp
[0.248s] [ 64%] Built target explore_lite_msgs__rosidl_typesupport_fastrtps_c
[0.258s] [ 73%] Built target explore_lite_msgs__rosidl_typesupport_cpp
[0.295s] [ 73%] Built target explore_lite_msgs
[0.331s] [ 76%] Built target explore_lite_msgs__py
[0.373s] [ 82%] Built target explore_lite_msgs__rosidl_generator_py
[0.406s] [ 88%] Built target explore_lite_msgs_s__rosidl_typesupport_introspection_c
[0.408s] [ 94%] Built target explore_lite_msgs_s__rosidl_typesupport_fastrtps_c
[0.410s] [100%] Built target explore_lite_msgs_s__rosidl_typesupport_c
[0.497s] running egg_info
[0.524s] writing explore_lite_msgs.egg-info/PKG-INFO
[0.525s] writing dependency_links to explore_lite_msgs.egg-info/dependency_links.txt
[0.528s] writing top-level names to explore_lite_msgs.egg-info/top_level.txt
[0.590s] reading manifest file 'explore_lite_msgs.egg-info/SOURCES.txt'
[0.590s] writing manifest file 'explore_lite_msgs.egg-info/SOURCES.txt'
[0.620s] [100%] Built target ament_cmake_python_build_explore_lite_msgs_egg
[0.703s] Invoked command in '/home/student13/debuging/lei_github/nav_test_for_leo/build/explore_lite_msgs' returned '0': CMAKE_PREFIX_PATH=${CMAKE_PREFIX_PATH}:/home/student13/debuging/lei_github/nav_test_for_leo/install/robot_control_system:/home/student13/debuging/lei_github/nav_test_for_leo/install/my_robot_bringup:/opt/ros/jazzy DEBUGINFOD_URLS=https://debuginfod.ubuntu.com /usr/bin/cmake --build /home/student13/debuging/lei_github/nav_test_for_leo/build/explore_lite_msgs -- -j12 -l12
[0.703s] Invoking command in '/home/student13/debuging/lei_github/nav_test_for_leo/build/explore_lite_msgs': CMAKE_PREFIX_PATH=${CMAKE_PREFIX_PATH}:/home/student13/debuging/lei_github/nav_test_for_leo/install/robot_control_system:/home/student13/debuging/lei_github/nav_test_for_leo/install/my_robot_bringup:/opt/ros/jazzy DEBUGINFOD_URLS=https://debuginfod.ubuntu.com /usr/bin/cmake --install /home/student13/debuging/lei_github/nav_test_for_leo/build/explore_lite_msgs
[0.725s] -- Install configuration: ""
[0.726s] -- Up-to-date: /home/student13/debuging/lei_github/nav_test_for_leo/install/explore_lite_msgs/share/ament_index/resource_index/rosidl_interfaces/explore_lite_msgs
[0.726s] -- Up-to-date: /home/student13/debuging/lei_github/nav_test_for_leo/install/explore_lite_msgs/share/explore_lite_msgs/msg/ExploreStatus.json
[0.727s] -- Up-to-date: /home/student13/debuging/lei_github/nav_test_for_leo/install/explore_lite_msgs/include/explore_lite_msgs/explore_lite_msgs
[0.730s] -- Up-to-date: /home/student13/debuging/lei_github/nav_test_for_leo/install/explore_lite_msgs/include/explore_lite_msgs/explore_lite_msgs/msg
[0.730s] -- Up-to-date: /home/student13/debuging/lei_github/nav_test_for_leo/install/explore_lite_msgs/include/explore_lite_msgs/explore_lite_msgs/msg/detail
[0.730s] -- Up-to-date: /home/student13/debuging/lei_github/nav_test_for_leo/install/explore_lite_msgs/include/explore_lite_msgs/explore_lite_msgs/msg/detail/explore_status__struct.h
[0.730s] -- Up-to-date: /home/student13/debuging/lei_github/nav_test_for_leo/install/explore_lite_msgs/include/explore_lite_msgs/explore_lite_msgs/msg/detail/explore_status__functions.h
[0.731s] -- Up-to-date: /home/student13/debuging/lei_github/nav_test_for_leo/install/explore_lite_msgs/include/explore_lite_msgs/explore_lite_msgs/msg/detail/explore_status__type_support.c
[0.731s] -- Up-to-date: /home/student13/debuging/lei_github/nav_test_for_leo/install/explore_lite_msgs/include/explore_lite_msgs/explore_lite_msgs/msg/detail/explore_status__functions.c
[0.731s] -- Up-to-date: /home/student13/debuging/lei_github/nav_test_for_leo/install/explore_lite_msgs/include/explore_lite_msgs/explore_lite_msgs/msg/detail/explore_status__type_support.h
[0.731s] -- Up-to-date: /home/student13/debuging/lei_github/nav_test_for_leo/install/explore_lite_msgs/include/explore_lite_msgs/explore_lite_msgs/msg/detail/explore_status__description.c
[0.732s] -- Up-to-date: /home/student13/debuging/lei_github/nav_test_for_leo/install/explore_lite_msgs/include/explore_lite_msgs/explore_lite_msgs/msg/explore_status.h
[0.732s] -- Up-to-date: /home/student13/debuging/lei_github/nav_test_for_leo/install/explore_lite_msgs/include/explore_lite_msgs/explore_lite_msgs/msg/rosidl_generator_c__visibility_control.h
[0.732s] -- Up-to-date: /home/student13/debuging/lei_github/nav_test_for_leo/install/explore_lite_msgs/share/explore_lite_msgs/environment/library_path.sh
[0.732s] -- Up-to-date: /home/student13/debuging/lei_github/nav_test_for_leo/install/explore_lite_msgs/share/explore_lite_msgs/environment/library_path.dsv
[0.732s] -- Up-to-date: /home/student13/debuging/lei_github/nav_test_for_leo/install/explore_lite_msgs/lib/libexplore_lite_msgs__rosidl_generator_c.so
[0.732s] -- Up-to-date: /home/student13/debuging/lei_github/nav_test_for_leo/install/explore_lite_msgs/include/explore_lite_msgs/explore_lite_msgs
[0.733s] -- Up-to-date: /home/student13/debuging/lei_github/nav_test_for_leo/install/explore_lite_msgs/include/explore_lite_msgs/explore_lite_msgs/msg
[0.733s] -- Up-to-date: /home/student13/debuging/lei_github/nav_test_for_leo/install/explore_lite_msgs/include/explore_lite_msgs/explore_lite_msgs/msg/detail
[0.733s] -- Up-to-date: /home/student13/debuging/lei_github/nav_test_for_leo/install/explore_lite_msgs/include/explore_lite_msgs/explore_lite_msgs/msg/detail/explore_status__rosidl_typesupport_fastrtps_c.h
[0.733s] -- Up-to-date: /home/student13/debuging/lei_github/nav_test_for_leo/install/explore_lite_msgs/include/explore_lite_msgs/explore_lite_msgs/msg/rosidl_typesupport_fastrtps_c__visibility_control.h
[0.733s] -- Up-to-date: /home/student13/debuging/lei_github/nav_test_for_leo/install/explore_lite_msgs/lib/libexplore_lite_msgs__rosidl_typesupport_fastrtps_c.so
[0.733s] -- Up-to-date: /home/student13/debuging/lei_github/nav_test_for_leo/install/explore_lite_msgs/include/explore_lite_msgs/explore_lite_msgs
[0.734s] -- Up-to-date: /home/student13/debuging/lei_github/nav_test_for_leo/install/explore_lite_msgs/include/explore_lite_msgs/explore_lite_msgs/msg
[0.734s] -- Up-to-date: /home/student13/debuging/lei_github/nav_test_for_leo/install/explore_lite_msgs/include/explore_lite_msgs/explore_lite_msgs/msg/detail
[0.734s] -- Up-to-date: /home/student13/debuging/lei_github/nav_test_for_leo/install/explore_lite_msgs/include/explore_lite_msgs/explore_lite_msgs/msg/detail/explore_status__rosidl_typesupport_introspection_c.h
[0.734s] -- Up-to-date: /home/student13/debuging/lei_github/nav_test_for_leo/install/explore_lite_msgs/include/explore_lite_msgs/explore_lite_msgs/msg/detail/explore_status__type_support.c
[0.734s] -- Up-to-date: /home/student13/debuging/lei_github/nav_test_for_leo/install/explore_lite_msgs/include/explore_lite_msgs/explore_lite_msgs/msg/rosidl_typesupport_introspection_c__visibility_control.h
[0.734s] -- Up-to-date: /home/student13/debuging/lei_github/nav_test_for_leo/install/explore_lite_msgs/lib/libexplore_lite_msgs__rosidl_typesupport_introspection_c.so
[0.734s] -- Up-to-date: /home/student13/debuging/lei_github/nav_test_for_leo/install/explore_lite_msgs/lib/libexplore_lite_msgs__rosidl_typesupport_c.so
[0.735s] -- Up-to-date: /home/student13/debuging/lei_github/nav_test_for_leo/install/explore_lite_msgs/include/explore_lite_msgs/explore_lite_msgs
[0.735s] -- Up-to-date: /home/student13/debuging/lei_github/nav_test_for_leo/install/explore_lite_msgs/include/explore_lite_msgs/explore_lite_msgs/msg
[0.735s] -- Up-to-date: /home/student13/debuging/lei_github/nav_test_for_leo/install/explore_lite_msgs/include/explore_lite_msgs/explore_lite_msgs/msg/detail
[0.735s] -- Up-to-date: /home/student13/debuging/lei_github/nav_test_for_leo/install/explore_lite_msgs/include/explore_lite_msgs/explore_lite_msgs/msg/detail/explore_status__traits.hpp
[0.735s] -- Up-to-date: /home/student13/debuging/lei_github/nav_test_for_leo/install/explore_lite_msgs/include/explore_lite_msgs/explore_lite_msgs/msg/detail/explore_status__struct.hpp
[0.735s] -- Up-to-date: /home/student13/debuging/lei_github/nav_test_for_leo/install/explore_lite_msgs/include/explore_lite_msgs/explore_lite_msgs/msg/detail/explore_status__type_support.hpp
[0.735s] -- Up-to-date: /home/student13/debuging/lei_github/nav_test_for_leo/install/explore_lite_msgs/include/explore_lite_msgs/explore_lite_msgs/msg/detail/explore_status__builder.hpp
[0.735s] -- Up-to-date: /home/student13/debuging/lei_github/nav_test_for_leo/install/explore_lite_msgs/include/explore_lite_msgs/explore_lite_msgs/msg/rosidl_generator_cpp__visibility_control.hpp
[0.736s] -- Up-to-date: /home/student13/debuging/lei_github/nav_test_for_leo/install/explore_lite_msgs/include/explore_lite_msgs/explore_lite_msgs/msg/explore_status.hpp
[0.736s] -- Up-to-date: /home/student13/debuging/lei_github/nav_test_for_leo/install/explore_lite_msgs/include/explore_lite_msgs/explore_lite_msgs
[0.739s] -- Up-to-date: /home/student13/debuging/lei_github/nav_test_for_leo/install/explore_lite_msgs/include/explore_lite_msgs/explore_lite_msgs/msg
[0.739s] -- Up-to-date: /home/student13/debuging/lei_github/nav_test_for_leo/install/explore_lite_msgs/include/explore_lite_msgs/explore_lite_msgs/msg/rosidl_typesupport_fastrtps_cpp__visibility_control.h
[0.739s] -- Up-to-date: /home/student13/debuging/lei_github/nav_test_for_leo/install/explore_lite_msgs/include/explore_lite_msgs/explore_lite_msgs/msg/detail
[0.739s] -- Up-to-date: /home/student13/debuging/lei_github/nav_test_for_leo/install/explore_lite_msgs/include/explore_lite_msgs/explore_lite_msgs/msg/detail/dds_fastrtps
[0.739s] -- Up-to-date: /home/student13/debuging/lei_github/nav_test_for_leo/install/explore_lite_msgs/include/explore_lite_msgs/explore_lite_msgs/msg/detail/explore_status__rosidl_typesupport_fastrtps_cpp.hpp
[0.740s] -- Up-to-date: /home/student13/debuging/lei_github/nav_test_for_leo/install/explore_lite_msgs/lib/libexplore_lite_msgs__rosidl_typesupport_fastrtps_cpp.so
[0.740s] -- Up-to-date: /home/student13/debuging/lei_github/nav_test_for_leo/install/explore_lite_msgs/include/explore_lite_msgs/explore_lite_msgs
[0.740s] -- Up-to-date: /home/student13/debuging/lei_github/nav_test_for_leo/install/explore_lite_msgs/include/explore_lite_msgs/explore_lite_msgs/msg
[0.740s] -- Up-to-date: /home/student13/debuging/lei_github/nav_test_for_leo/install/explore_lite_msgs/include/explore_lite_msgs/explore_lite_msgs/msg/detail
[0.740s] -- Up-to-date: /home/student13/debuging/lei_github/nav_test_for_leo/install/explore_lite_msgs/include/explore_lite_msgs/explore_lite_msgs/msg/detail/explore_status__type_support.cpp
[0.740s] -- Up-to-date: /home/student13/debuging/lei_github/nav_test_for_leo/install/explore_lite_msgs/include/explore_lite_msgs/explore_lite_msgs/msg/detail/explore_status__rosidl_typesupport_introspection_cpp.hpp
[0.740s] -- Up-to-date: /home/student13/debuging/lei_github/nav_test_for_leo/install/explore_lite_msgs/lib/libexplore_lite_msgs__rosidl_typesupport_introspection_cpp.so
[0.741s] -- Up-to-date: /home/student13/debuging/lei_github/nav_test_for_leo/install/explore_lite_msgs/lib/libexplore_lite_msgs__rosidl_typesupport_cpp.so
[0.744s] -- Up-to-date: /home/student13/debuging/lei_github/nav_test_for_leo/install/explore_lite_msgs/share/explore_lite_msgs/environment/pythonpath.sh
[0.744s] -- Up-to-date: /home/student13/debuging/lei_github/nav_test_for_leo/install/explore_lite_msgs/share/explore_lite_msgs/environment/pythonpath.dsv
[0.745s] -- Up-to-date: /home/student13/debuging/lei_github/nav_test_for_leo/install/explore_lite_msgs/lib/python3.12/site-packages/explore_lite_msgs-1.0.0-py3.12.egg-info
[0.745s] -- Installing: /home/student13/debuging/lei_github/nav_test_for_leo/install/explore_lite_msgs/lib/python3.12/site-packages/explore_lite_msgs-1.0.0-py3.12.egg-info/SOURCES.txt
[0.745s] -- Installing: /home/student13/debuging/lei_github/nav_test_for_leo/install/explore_lite_msgs/lib/python3.12/site-packages/explore_lite_msgs-1.0.0-py3.12.egg-info/PKG-INFO
[0.745s] -- Installing: /home/student13/debuging/lei_github/nav_test_for_leo/install/explore_lite_msgs/lib/python3.12/site-packages/explore_lite_msgs-1.0.0-py3.12.egg-info/dependency_links.txt
[0.745s] -- Installing: /home/student13/debuging/lei_github/nav_test_for_leo/install/explore_lite_msgs/lib/python3.12/site-packages/explore_lite_msgs-1.0.0-py3.12.egg-info/top_level.txt
[0.745s] -- Up-to-date: /home/student13/debuging/lei_github/nav_test_for_leo/install/explore_lite_msgs/lib/python3.12/site-packages/explore_lite_msgs
[0.745s] -- Up-to-date: /home/student13/debuging/lei_github/nav_test_for_leo/install/explore_lite_msgs/lib/python3.12/site-packages/explore_lite_msgs/_explore_lite_msgs_s.ep.rosidl_typesupport_c.c
[0.746s] -- Up-to-date: /home/student13/debuging/lei_github/nav_test_for_leo/install/explore_lite_msgs/lib/python3.12/site-packages/explore_lite_msgs/explore_lite_msgs_s__rosidl_typesupport_c.so
[0.746s] -- Up-to-date: /home/student13/debuging/lei_github/nav_test_for_leo/install/explore_lite_msgs/lib/python3.12/site-packages/explore_lite_msgs/explore_lite_msgs_s__rosidl_typesupport_introspection_c.so
[0.746s] -- Up-to-date: /home/student13/debuging/lei_github/nav_test_for_leo/install/explore_lite_msgs/lib/python3.12/site-packages/explore_lite_msgs/explore_lite_msgs_s__rosidl_typesupport_fastrtps_c.so
[0.746s] -- Up-to-date: /home/student13/debuging/lei_github/nav_test_for_leo/install/explore_lite_msgs/lib/python3.12/site-packages/explore_lite_msgs/_explore_lite_msgs_s.ep.rosidl_typesupport_introspection_c.c
[0.746s] -- Up-to-date: /home/student13/debuging/lei_github/nav_test_for_leo/install/explore_lite_msgs/lib/python3.12/site-packages/explore_lite_msgs/_explore_lite_msgs_s.ep.rosidl_typesupport_fastrtps_c.c
[0.746s] -- Up-to-date: /home/student13/debuging/lei_github/nav_test_for_leo/install/explore_lite_msgs/lib/python3.12/site-packages/explore_lite_msgs/msg
[0.746s] -- Up-to-date: /home/student13/debuging/lei_github/nav_test_for_leo/install/explore_lite_msgs/lib/python3.12/site-packages/explore_lite_msgs/msg/_explore_status_s.c
[0.747s] -- Up-to-date: /home/student13/debuging/lei_github/nav_test_for_leo/install/explore_lite_msgs/lib/python3.12/site-packages/explore_lite_msgs/msg/__init__.py
[0.747s] -- Up-to-date: /home/student13/debuging/lei_github/nav_test_for_leo/install/explore_lite_msgs/lib/python3.12/site-packages/explore_lite_msgs/msg/_explore_status.py
[0.747s] -- Up-to-date: /home/student13/debuging/lei_github/nav_test_for_leo/install/explore_lite_msgs/lib/python3.12/site-packages/explore_lite_msgs/__init__.py
[0.784s] Listing '/home/student13/debuging/lei_github/nav_test_for_leo/install/explore_lite_msgs/lib/python3.12/site-packages/explore_lite_msgs'...
[0.784s] Listing '/home/student13/debuging/lei_github/nav_test_for_leo/install/explore_lite_msgs/lib/python3.12/site-packages/explore_lite_msgs/msg'...
[0.789s] -- Up-to-date: /home/student13/debuging/lei_github/nav_test_for_leo/install/explore_lite_msgs/lib/python3.12/site-packages/explore_lite_msgs/explore_lite_msgs_s__rosidl_typesupport_fastrtps_c.so
[0.789s] -- Up-to-date: /home/student13/debuging/lei_github/nav_test_for_leo/install/explore_lite_msgs/lib/python3.12/site-packages/explore_lite_msgs/explore_lite_msgs_s__rosidl_typesupport_introspection_c.so
[0.790s] -- Up-to-date: /home/student13/debuging/lei_github/nav_test_for_leo/install/explore_lite_msgs/lib/python3.12/site-packages/explore_lite_msgs/explore_lite_msgs_s__rosidl_typesupport_c.so
[0.790s] -- Up-to-date: /home/student13/debuging/lei_github/nav_test_for_leo/install/explore_lite_msgs/lib/libexplore_lite_msgs__rosidl_generator_py.so
[0.790s] -- Up-to-date: /home/student13/debuging/lei_github/nav_test_for_leo/install/explore_lite_msgs/share/explore_lite_msgs/msg/ExploreStatus.idl
[0.790s] -- Up-to-date: /home/student13/debuging/lei_github/nav_test_for_leo/install/explore_lite_msgs/share/explore_lite_msgs/msg/ExploreStatus.msg
[0.790s] -- Up-to-date: /home/student13/debuging/lei_github/nav_test_for_leo/install/explore_lite_msgs/share/ament_index/resource_index/package_run_dependencies/explore_lite_msgs
[0.791s] -- Up-to-date: /home/student13/debuging/lei_github/nav_test_for_leo/install/explore_lite_msgs/share/ament_index/resource_index/parent_prefix_path/explore_lite_msgs
[0.791s] -- Up-to-date: /home/student13/debuging/lei_github/nav_test_for_leo/install/explore_lite_msgs/share/explore_lite_msgs/environment/ament_prefix_path.sh
[0.791s] -- Up-to-date: /home/student13/debuging/lei_github/nav_test_for_leo/install/explore_lite_msgs/share/explore_lite_msgs/environment/ament_prefix_path.dsv
[0.791s] -- Up-to-date: /home/student13/debuging/lei_github/nav_test_for_leo/install/explore_lite_msgs/share/explore_lite_msgs/environment/path.sh
[0.791s] -- Up-to-date: /home/student13/debuging/lei_github/nav_test_for_leo/install/explore_lite_msgs/share/explore_lite_msgs/environment/path.dsv
[0.791s] -- Up-to-date: /home/student13/debuging/lei_github/nav_test_for_leo/install/explore_lite_msgs/share/explore_lite_msgs/local_setup.bash
[0.791s] -- Up-to-date: /home/student13/debuging/lei_github/nav_test_for_leo/install/explore_lite_msgs/share/explore_lite_msgs/local_setup.sh
[0.792s] -- Up-to-date: /home/student13/debuging/lei_github/nav_test_for_leo/install/explore_lite_msgs/share/explore_lite_msgs/local_setup.zsh
[0.792s] -- Up-to-date: /home/student13/debuging/lei_github/nav_test_for_leo/install/explore_lite_msgs/share/explore_lite_msgs/local_setup.dsv
[0.792s] -- Installing: /home/student13/debuging/lei_github/nav_test_for_leo/install/explore_lite_msgs/share/explore_lite_msgs/package.dsv
[0.792s] -- Up-to-date: /home/student13/debuging/lei_github/nav_test_for_leo/install/explore_lite_msgs/share/ament_index/resource_index/packages/explore_lite_msgs
[0.792s] -- Up-to-date: /home/student13/debuging/lei_github/nav_test_for_leo/install/explore_lite_msgs/share/explore_lite_msgs/cmake/export_explore_lite_msgs__rosidl_generator_cExport.cmake
[0.792s] -- Up-to-date: /home/student13/debuging/lei_github/nav_test_for_leo/install/explore_lite_msgs/share/explore_lite_msgs/cmake/export_explore_lite_msgs__rosidl_generator_cExport-noconfig.cmake
[0.792s] -- Up-to-date: /home/student13/debuging/lei_github/nav_test_for_leo/install/explore_lite_msgs/share/explore_lite_msgs/cmake/export_explore_lite_msgs__rosidl_typesupport_fastrtps_cExport.cmake
[0.793s] -- Up-to-date: /home/student13/debuging/lei_github/nav_test_for_leo/install/explore_lite_msgs/share/explore_lite_msgs/cmake/export_explore_lite_msgs__rosidl_typesupport_fastrtps_cExport-noconfig.cmake
[0.793s] -- Up-to-date: /home/student13/debuging/lei_github/nav_test_for_leo/install/explore_lite_msgs/share/explore_lite_msgs/cmake/explore_lite_msgs__rosidl_typesupport_introspection_cExport.cmake
[0.794s] -- Up-to-date: /home/student13/debuging/lei_github/nav_test_for_leo/install/explore_lite_msgs/share/explore_lite_msgs/cmake/explore_lite_msgs__rosidl_typesupport_introspection_cExport-noconfig.cmake
[0.795s] -- Up-to-date: /home/student13/debuging/lei_github/nav_test_for_leo/install/explore_lite_msgs/share/explore_lite_msgs/cmake/explore_lite_msgs__rosidl_typesupport_cExport.cmake
[0.795s] -- Up-to-date: /home/student13/debuging/lei_github/nav_test_for_leo/install/explore_lite_msgs/share/explore_lite_msgs/cmake/explore_lite_msgs__rosidl_typesupport_cExport-noconfig.cmake
[0.795s] -- Up-to-date: /home/student13/debuging/lei_github/nav_test_for_leo/install/explore_lite_msgs/share/explore_lite_msgs/cmake/export_explore_lite_msgs__rosidl_generator_cppExport.cmake
[0.795s] -- Up-to-date: /home/student13/debuging/lei_github/nav_test_for_leo/install/explore_lite_msgs/share/explore_lite_msgs/cmake/export_explore_lite_msgs__rosidl_typesupport_fastrtps_cppExport.cmake
[0.795s] -- Up-to-date: /home/student13/debuging/lei_github/nav_test_for_leo/install/explore_lite_msgs/share/explore_lite_msgs/cmake/export_explore_lite_msgs__rosidl_typesupport_fastrtps_cppExport-noconfig.cmake
[0.796s] -- Up-to-date: /home/student13/debuging/lei_github/nav_test_for_leo/install/explore_lite_msgs/share/explore_lite_msgs/cmake/explore_lite_msgs__rosidl_typesupport_introspection_cppExport.cmake
[0.796s] -- Up-to-date: /home/student13/debuging/lei_github/nav_test_for_leo/install/explore_lite_msgs/share/explore_lite_msgs/cmake/explore_lite_msgs__rosidl_typesupport_introspection_cppExport-noconfig.cmake
[0.796s] -- Up-to-date: /home/student13/debuging/lei_github/nav_test_for_leo/install/explore_lite_msgs/share/explore_lite_msgs/cmake/explore_lite_msgs__rosidl_typesupport_cppExport.cmake
[0.797s] -- Up-to-date: /home/student13/debuging/lei_github/nav_test_for_leo/install/explore_lite_msgs/share/explore_lite_msgs/cmake/explore_lite_msgs__rosidl_typesupport_cppExport-noconfig.cmake
[0.797s] -- Up-to-date: /home/student13/debuging/lei_github/nav_test_for_leo/install/explore_lite_msgs/share/explore_lite_msgs/cmake/export_explore_lite_msgs__rosidl_generator_pyExport.cmake
[0.797s] -- Up-to-date: /home/student13/debuging/lei_github/nav_test_for_leo/install/explore_lite_msgs/share/explore_lite_msgs/cmake/export_explore_lite_msgs__rosidl_generator_pyExport-noconfig.cmake
[0.797s] -- Up-to-date: /home/student13/debuging/lei_github/nav_test_for_leo/install/explore_lite_msgs/share/explore_lite_msgs/cmake/rosidl_cmake-extras.cmake
[0.797s] -- Up-to-date: /home/student13/debuging/lei_github/nav_test_for_leo/install/explore_lite_msgs/share/explore_lite_msgs/cmake/ament_cmake_export_include_directories-extras.cmake
[0.797s] -- Up-to-date: /home/student13/debuging/lei_github/nav_test_for_leo/install/explore_lite_msgs/share/explore_lite_msgs/cmake/ament_cmake_export_libraries-extras.cmake
[0.798s] -- Up-to-date: /home/student13/debuging/lei_github/nav_test_for_leo/install/explore_lite_msgs/share/explore_lite_msgs/cmake/ament_cmake_export_targets-extras.cmake
[0.798s] -- Up-to-date: /home/student13/debuging/lei_github/nav_test_for_leo/install/explore_lite_msgs/share/explore_lite_msgs/cmake/rosidl_cmake_export_typesupport_targets-extras.cmake
[0.798s] -- Up-to-date: /home/student13/debuging/lei_github/nav_test_for_leo/install/explore_lite_msgs/share/explore_lite_msgs/cmake/ament_cmake_export_dependencies-extras.cmake
[0.798s] -- Up-to-date: /home/student13/debuging/lei_github/nav_test_for_leo/install/explore_lite_msgs/share/explore_lite_msgs/cmake/rosidl_cmake_export_typesupport_libraries-extras.cmake
[0.798s] -- Up-to-date: /home/student13/debuging/lei_github/nav_test_for_leo/install/explore_lite_msgs/share/explore_lite_msgs/cmake/explore_lite_msgsConfig.cmake
[0.798s] -- Up-to-date: /home/student13/debuging/lei_github/nav_test_for_leo/install/explore_lite_msgs/share/explore_lite_msgs/cmake/explore_lite_msgsConfig-version.cmake
[0.799s] -- Up-to-date: /home/student13/debuging/lei_github/nav_test_for_leo/install/explore_lite_msgs/share/explore_lite_msgs/package.xml
[0.799s] Invoked command in '/home/student13/debuging/lei_github/nav_test_for_leo/build/explore_lite_msgs' returned '0': CMAKE_PREFIX_PATH=${CMAKE_PREFIX_PATH}:/home/student13/debuging/lei_github/nav_test_for_leo/install/robot_control_system:/home/student13/debuging/lei_github/nav_test_for_leo/install/my_robot_bringup:/opt/ros/jazzy DEBUGINFOD_URLS=https://debuginfod.ubuntu.com /usr/bin/cmake --install /home/student13/debuging/lei_github/nav_test_for_leo/build/explore_lite_msgs
