[0.029s] Invoking command in '/home/student13/debuging/lei_github/nav_test_for_leo/build/explore_lite_msgs': CMAKE_PREFIX_PATH=${CMAKE_PREFIX_PATH}:/home/student13/debuging/lei_github/nav_test_for_leo/install/robot_control_system:/home/student13/debuging/lei_github/nav_test_for_leo/install/my_robot_bringup:/opt/ros/jazzy DEBUGINFOD_URLS=https://debuginfod.ubuntu.com /usr/bin/cmake --build /home/student13/debuging/lei_github/nav_test_for_leo/build/explore_lite_msgs -- -j12 -l12
[0.108s] [  2%] Built target explore_lite_msgs__rosidl_generator_type_description
[0.140s] [  2%] Built target ament_cmake_python_copy_explore_lite_msgs
[0.147s] [ 17%] Built target explore_lite_msgs__rosidl_generator_c
[0.157s] [ 20%] Built target explore_lite_msgs__cpp
[0.207s] [ 29%] Built target explore_lite_msgs__rosidl_typesupport_introspection_c
[0.208s] [ 38%] Built target explore_lite_msgs__rosidl_typesupport_introspection_cpp
[0.213s] [ 47%] Built target explore_lite_msgs__rosidl_typesupport_c
[0.221s] [ 55%] Built target explore_lite_msgs__rosidl_typesupport_fastrtps_c
[0.224s] [ 64%] Built target explore_lite_msgs__rosidl_typesupport_cpp
[0.241s] [ 73%] Built target explore_lite_msgs__rosidl_typesupport_fastrtps_cpp
[0.267s] [ 73%] Built target explore_lite_msgs
[0.290s] [ 76%] Built target explore_lite_msgs__py
[0.335s] [ 82%] Built target explore_lite_msgs__rosidl_generator_py
[0.365s] [ 88%] Built target explore_lite_msgs_s__rosidl_typesupport_introspection_c
[0.371s] [ 94%] Built target explore_lite_msgs_s__rosidl_typesupport_fastrtps_c
[0.376s] [100%] Built target explore_lite_msgs_s__rosidl_typesupport_c
[0.578s] running egg_info
[0.616s] writing explore_lite_msgs.egg-info/PKG-INFO
[0.616s] writing dependency_links to explore_lite_msgs.egg-info/dependency_links.txt
[0.617s] writing top-level names to explore_lite_msgs.egg-info/top_level.txt
[0.702s] reading manifest file 'explore_lite_msgs.egg-info/SOURCES.txt'
[0.703s] writing manifest file 'explore_lite_msgs.egg-info/SOURCES.txt'
[0.743s] [100%] Built target ament_cmake_python_build_explore_lite_msgs_egg
[0.758s] Invoked command in '/home/student13/debuging/lei_github/nav_test_for_leo/build/explore_lite_msgs' returned '0': CMAKE_PREFIX_PATH=${CMAKE_PREFIX_PATH}:/home/student13/debuging/lei_github/nav_test_for_leo/install/robot_control_system:/home/student13/debuging/lei_github/nav_test_for_leo/install/my_robot_bringup:/opt/ros/jazzy DEBUGINFOD_URLS=https://debuginfod.ubuntu.com /usr/bin/cmake --build /home/student13/debuging/lei_github/nav_test_for_leo/build/explore_lite_msgs -- -j12 -l12
[0.759s] Invoking command in '/home/student13/debuging/lei_github/nav_test_for_leo/build/explore_lite_msgs': CMAKE_PREFIX_PATH=${CMAKE_PREFIX_PATH}:/home/student13/debuging/lei_github/nav_test_for_leo/install/robot_control_system:/home/student13/debuging/lei_github/nav_test_for_leo/install/my_robot_bringup:/opt/ros/jazzy DEBUGINFOD_URLS=https://debuginfod.ubuntu.com /usr/bin/cmake --install /home/student13/debuging/lei_github/nav_test_for_leo/build/explore_lite_msgs
[0.769s] -- Install configuration: ""
[0.770s] -- Up-to-date: /home/student13/debuging/lei_github/nav_test_for_leo/install/explore_lite_msgs/share/ament_index/resource_index/rosidl_interfaces/explore_lite_msgs
[0.770s] -- Up-to-date: /home/student13/debuging/lei_github/nav_test_for_leo/install/explore_lite_msgs/share/explore_lite_msgs/msg/ExploreStatus.json
[0.770s] -- Up-to-date: /home/student13/debuging/lei_github/nav_test_for_leo/install/explore_lite_msgs/include/explore_lite_msgs/explore_lite_msgs
[0.770s] -- Up-to-date: /home/student13/debuging/lei_github/nav_test_for_leo/install/explore_lite_msgs/include/explore_lite_msgs/explore_lite_msgs/msg
[0.770s] -- Up-to-date: /home/student13/debuging/lei_github/nav_test_for_leo/install/explore_lite_msgs/include/explore_lite_msgs/explore_lite_msgs/msg/detail
[0.770s] -- Up-to-date: /home/student13/debuging/lei_github/nav_test_for_leo/install/explore_lite_msgs/include/explore_lite_msgs/explore_lite_msgs/msg/detail/explore_status__struct.h
[0.770s] -- Up-to-date: /home/student13/debuging/lei_github/nav_test_for_leo/install/explore_lite_msgs/include/explore_lite_msgs/explore_lite_msgs/msg/detail/explore_status__functions.h
[0.771s] -- Up-to-date: /home/student13/debuging/lei_github/nav_test_for_leo/install/explore_lite_msgs/include/explore_lite_msgs/explore_lite_msgs/msg/detail/explore_status__type_support.c
[0.771s] -- Up-to-date: /home/student13/debuging/lei_github/nav_test_for_leo/install/explore_lite_msgs/include/explore_lite_msgs/explore_lite_msgs/msg/detail/explore_status__functions.c
[0.771s] -- Up-to-date: /home/student13/debuging/lei_github/nav_test_for_leo/install/explore_lite_msgs/include/explore_lite_msgs/explore_lite_msgs/msg/detail/explore_status__type_support.h
[0.771s] -- Up-to-date: /home/student13/debuging/lei_github/nav_test_for_leo/install/explore_lite_msgs/include/explore_lite_msgs/explore_lite_msgs/msg/detail/explore_status__description.c
[0.771s] -- Up-to-date: /home/student13/debuging/lei_github/nav_test_for_leo/install/explore_lite_msgs/include/explore_lite_msgs/explore_lite_msgs/msg/explore_status.h
[0.771s] -- Up-to-date: /home/student13/debuging/lei_github/nav_test_for_leo/install/explore_lite_msgs/include/explore_lite_msgs/explore_lite_msgs/msg/rosidl_generator_c__visibility_control.h
[0.771s] -- Up-to-date: /home/student13/debuging/lei_github/nav_test_for_leo/install/explore_lite_msgs/share/explore_lite_msgs/environment/library_path.sh
[0.771s] -- Up-to-date: /home/student13/debuging/lei_github/nav_test_for_leo/install/explore_lite_msgs/share/explore_lite_msgs/environment/library_path.dsv
[0.772s] -- Up-to-date: /home/student13/debuging/lei_github/nav_test_for_leo/install/explore_lite_msgs/lib/libexplore_lite_msgs__rosidl_generator_c.so
[0.772s] -- Up-to-date: /home/student13/debuging/lei_github/nav_test_for_leo/install/explore_lite_msgs/include/explore_lite_msgs/explore_lite_msgs
[0.772s] -- Up-to-date: /home/student13/debuging/lei_github/nav_test_for_leo/install/explore_lite_msgs/include/explore_lite_msgs/explore_lite_msgs/msg
[0.772s] -- Up-to-date: /home/student13/debuging/lei_github/nav_test_for_leo/install/explore_lite_msgs/include/explore_lite_msgs/explore_lite_msgs/msg/detail
[0.772s] -- Up-to-date: /home/student13/debuging/lei_github/nav_test_for_leo/install/explore_lite_msgs/include/explore_lite_msgs/explore_lite_msgs/msg/detail/explore_status__rosidl_typesupport_fastrtps_c.h
[0.772s] -- Up-to-date: /home/student13/debuging/lei_github/nav_test_for_leo/install/explore_lite_msgs/include/explore_lite_msgs/explore_lite_msgs/msg/rosidl_typesupport_fastrtps_c__visibility_control.h
[0.772s] -- Up-to-date: /home/student13/debuging/lei_github/nav_test_for_leo/install/explore_lite_msgs/lib/libexplore_lite_msgs__rosidl_typesupport_fastrtps_c.so
[0.772s] -- Up-to-date: /home/student13/debuging/lei_github/nav_test_for_leo/install/explore_lite_msgs/include/explore_lite_msgs/explore_lite_msgs
[0.772s] -- Up-to-date: /home/student13/debuging/lei_github/nav_test_for_leo/install/explore_lite_msgs/include/explore_lite_msgs/explore_lite_msgs/msg
[0.772s] -- Up-to-date: /home/student13/debuging/lei_github/nav_test_for_leo/install/explore_lite_msgs/include/explore_lite_msgs/explore_lite_msgs/msg/detail
[0.772s] -- Up-to-date: /home/student13/debuging/lei_github/nav_test_for_leo/install/explore_lite_msgs/include/explore_lite_msgs/explore_lite_msgs/msg/detail/explore_status__rosidl_typesupport_introspection_c.h
[0.773s] -- Up-to-date: /home/student13/debuging/lei_github/nav_test_for_leo/install/explore_lite_msgs/include/explore_lite_msgs/explore_lite_msgs/msg/detail/explore_status__type_support.c
[0.773s] -- Up-to-date: /home/student13/debuging/lei_github/nav_test_for_leo/install/explore_lite_msgs/include/explore_lite_msgs/explore_lite_msgs/msg/rosidl_typesupport_introspection_c__visibility_control.h
[0.773s] -- Up-to-date: /home/student13/debuging/lei_github/nav_test_for_leo/install/explore_lite_msgs/lib/libexplore_lite_msgs__rosidl_typesupport_introspection_c.so
[0.773s] -- Up-to-date: /home/student13/debuging/lei_github/nav_test_for_leo/install/explore_lite_msgs/lib/libexplore_lite_msgs__rosidl_typesupport_c.so
[0.773s] -- Up-to-date: /home/student13/debuging/lei_github/nav_test_for_leo/install/explore_lite_msgs/include/explore_lite_msgs/explore_lite_msgs
[0.773s] -- Up-to-date: /home/student13/debuging/lei_github/nav_test_for_leo/install/explore_lite_msgs/include/explore_lite_msgs/explore_lite_msgs/msg
[0.773s] -- Up-to-date: /home/student13/debuging/lei_github/nav_test_for_leo/install/explore_lite_msgs/include/explore_lite_msgs/explore_lite_msgs/msg/detail
[0.773s] -- Up-to-date: /home/student13/debuging/lei_github/nav_test_for_leo/install/explore_lite_msgs/include/explore_lite_msgs/explore_lite_msgs/msg/detail/explore_status__traits.hpp
[0.773s] -- Up-to-date: /home/student13/debuging/lei_github/nav_test_for_leo/install/explore_lite_msgs/include/explore_lite_msgs/explore_lite_msgs/msg/detail/explore_status__struct.hpp
[0.773s] -- Up-to-date: /home/student13/debuging/lei_github/nav_test_for_leo/install/explore_lite_msgs/include/explore_lite_msgs/explore_lite_msgs/msg/detail/explore_status__type_support.hpp
[0.773s] -- Up-to-date: /home/student13/debuging/lei_github/nav_test_for_leo/install/explore_lite_msgs/include/explore_lite_msgs/explore_lite_msgs/msg/detail/explore_status__builder.hpp
[0.774s] -- Up-to-date: /home/student13/debuging/lei_github/nav_test_for_leo/install/explore_lite_msgs/include/explore_lite_msgs/explore_lite_msgs/msg/rosidl_generator_cpp__visibility_control.hpp
[0.774s] -- Up-to-date: /home/student13/debuging/lei_github/nav_test_for_leo/install/explore_lite_msgs/include/explore_lite_msgs/explore_lite_msgs/msg/explore_status.hpp
[0.774s] -- Up-to-date: /home/student13/debuging/lei_github/nav_test_for_leo/install/explore_lite_msgs/include/explore_lite_msgs/explore_lite_msgs
[0.774s] -- Up-to-date: /home/student13/debuging/lei_github/nav_test_for_leo/install/explore_lite_msgs/include/explore_lite_msgs/explore_lite_msgs/msg
[0.774s] -- Up-to-date: /home/student13/debuging/lei_github/nav_test_for_leo/install/explore_lite_msgs/include/explore_lite_msgs/explore_lite_msgs/msg/rosidl_typesupport_fastrtps_cpp__visibility_control.h
[0.774s] -- Up-to-date: /home/student13/debuging/lei_github/nav_test_for_leo/install/explore_lite_msgs/include/explore_lite_msgs/explore_lite_msgs/msg/detail
[0.774s] -- Up-to-date: /home/student13/debuging/lei_github/nav_test_for_leo/install/explore_lite_msgs/include/explore_lite_msgs/explore_lite_msgs/msg/detail/dds_fastrtps
[0.774s] -- Up-to-date: /home/student13/debuging/lei_github/nav_test_for_leo/install/explore_lite_msgs/include/explore_lite_msgs/explore_lite_msgs/msg/detail/explore_status__rosidl_typesupport_fastrtps_cpp.hpp
[0.774s] -- Up-to-date: /home/student13/debuging/lei_github/nav_test_for_leo/install/explore_lite_msgs/lib/libexplore_lite_msgs__rosidl_typesupport_fastrtps_cpp.so
[0.774s] -- Up-to-date: /home/student13/debuging/lei_github/nav_test_for_leo/install/explore_lite_msgs/include/explore_lite_msgs/explore_lite_msgs
[0.775s] -- Up-to-date: /home/student13/debuging/lei_github/nav_test_for_leo/install/explore_lite_msgs/include/explore_lite_msgs/explore_lite_msgs/msg
[0.775s] -- Up-to-date: /home/student13/debuging/lei_github/nav_test_for_leo/install/explore_lite_msgs/include/explore_lite_msgs/explore_lite_msgs/msg/detail
[0.775s] -- Up-to-date: /home/student13/debuging/lei_github/nav_test_for_leo/install/explore_lite_msgs/include/explore_lite_msgs/explore_lite_msgs/msg/detail/explore_status__type_support.cpp
[0.775s] -- Up-to-date: /home/student13/debuging/lei_github/nav_test_for_leo/install/explore_lite_msgs/include/explore_lite_msgs/explore_lite_msgs/msg/detail/explore_status__rosidl_typesupport_introspection_cpp.hpp
[0.775s] -- Up-to-date: /home/student13/debuging/lei_github/nav_test_for_leo/install/explore_lite_msgs/lib/libexplore_lite_msgs__rosidl_typesupport_introspection_cpp.so
[0.775s] -- Up-to-date: /home/student13/debuging/lei_github/nav_test_for_leo/install/explore_lite_msgs/lib/libexplore_lite_msgs__rosidl_typesupport_cpp.so
[0.775s] -- Up-to-date: /home/student13/debuging/lei_github/nav_test_for_leo/install/explore_lite_msgs/share/explore_lite_msgs/environment/pythonpath.sh
[0.775s] -- Up-to-date: /home/student13/debuging/lei_github/nav_test_for_leo/install/explore_lite_msgs/share/explore_lite_msgs/environment/pythonpath.dsv
[0.775s] -- Up-to-date: /home/student13/debuging/lei_github/nav_test_for_leo/install/explore_lite_msgs/lib/python3.12/site-packages/explore_lite_msgs-1.0.0-py3.12.egg-info
[0.775s] -- Installing: /home/student13/debuging/lei_github/nav_test_for_leo/install/explore_lite_msgs/lib/python3.12/site-packages/explore_lite_msgs-1.0.0-py3.12.egg-info/SOURCES.txt
[0.775s] -- Installing: /home/student13/debuging/lei_github/nav_test_for_leo/install/explore_lite_msgs/lib/python3.12/site-packages/explore_lite_msgs-1.0.0-py3.12.egg-info/PKG-INFO
[0.776s] -- Installing: /home/student13/debuging/lei_github/nav_test_for_leo/install/explore_lite_msgs/lib/python3.12/site-packages/explore_lite_msgs-1.0.0-py3.12.egg-info/dependency_links.txt
[0.776s] -- Installing: /home/student13/debuging/lei_github/nav_test_for_leo/install/explore_lite_msgs/lib/python3.12/site-packages/explore_lite_msgs-1.0.0-py3.12.egg-info/top_level.txt
[0.776s] -- Up-to-date: /home/student13/debuging/lei_github/nav_test_for_leo/install/explore_lite_msgs/lib/python3.12/site-packages/explore_lite_msgs
[0.776s] -- Up-to-date: /home/student13/debuging/lei_github/nav_test_for_leo/install/explore_lite_msgs/lib/python3.12/site-packages/explore_lite_msgs/_explore_lite_msgs_s.ep.rosidl_typesupport_c.c
[0.776s] -- Up-to-date: /home/student13/debuging/lei_github/nav_test_for_leo/install/explore_lite_msgs/lib/python3.12/site-packages/explore_lite_msgs/explore_lite_msgs_s__rosidl_typesupport_c.so
[0.776s] -- Up-to-date: /home/student13/debuging/lei_github/nav_test_for_leo/install/explore_lite_msgs/lib/python3.12/site-packages/explore_lite_msgs/explore_lite_msgs_s__rosidl_typesupport_introspection_c.so
[0.776s] -- Up-to-date: /home/student13/debuging/lei_github/nav_test_for_leo/install/explore_lite_msgs/lib/python3.12/site-packages/explore_lite_msgs/explore_lite_msgs_s__rosidl_typesupport_fastrtps_c.so
[0.776s] -- Up-to-date: /home/student13/debuging/lei_github/nav_test_for_leo/install/explore_lite_msgs/lib/python3.12/site-packages/explore_lite_msgs/_explore_lite_msgs_s.ep.rosidl_typesupport_introspection_c.c
[0.776s] -- Up-to-date: /home/student13/debuging/lei_github/nav_test_for_leo/install/explore_lite_msgs/lib/python3.12/site-packages/explore_lite_msgs/_explore_lite_msgs_s.ep.rosidl_typesupport_fastrtps_c.c
[0.776s] -- Up-to-date: /home/student13/debuging/lei_github/nav_test_for_leo/install/explore_lite_msgs/lib/python3.12/site-packages/explore_lite_msgs/msg
[0.776s] -- Up-to-date: /home/student13/debuging/lei_github/nav_test_for_leo/install/explore_lite_msgs/lib/python3.12/site-packages/explore_lite_msgs/msg/_explore_status_s.c
[0.777s] -- Up-to-date: /home/student13/debuging/lei_github/nav_test_for_leo/install/explore_lite_msgs/lib/python3.12/site-packages/explore_lite_msgs/msg/__init__.py
[0.777s] -- Up-to-date: /home/student13/debuging/lei_github/nav_test_for_leo/install/explore_lite_msgs/lib/python3.12/site-packages/explore_lite_msgs/msg/_explore_status.py
[0.777s] -- Up-to-date: /home/student13/debuging/lei_github/nav_test_for_leo/install/explore_lite_msgs/lib/python3.12/site-packages/explore_lite_msgs/__init__.py
[0.815s] Listing '/home/student13/debuging/lei_github/nav_test_for_leo/install/explore_lite_msgs/lib/python3.12/site-packages/explore_lite_msgs'...
[0.815s] Listing '/home/student13/debuging/lei_github/nav_test_for_leo/install/explore_lite_msgs/lib/python3.12/site-packages/explore_lite_msgs/msg'...
[0.822s] -- Up-to-date: /home/student13/debuging/lei_github/nav_test_for_leo/install/explore_lite_msgs/lib/python3.12/site-packages/explore_lite_msgs/explore_lite_msgs_s__rosidl_typesupport_fastrtps_c.so
[0.822s] -- Up-to-date: /home/student13/debuging/lei_github/nav_test_for_leo/install/explore_lite_msgs/lib/python3.12/site-packages/explore_lite_msgs/explore_lite_msgs_s__rosidl_typesupport_introspection_c.so
[0.823s] -- Up-to-date: /home/student13/debuging/lei_github/nav_test_for_leo/install/explore_lite_msgs/lib/python3.12/site-packages/explore_lite_msgs/explore_lite_msgs_s__rosidl_typesupport_c.so
[0.824s] -- Up-to-date: /home/student13/debuging/lei_github/nav_test_for_leo/install/explore_lite_msgs/lib/libexplore_lite_msgs__rosidl_generator_py.so
[0.824s] -- Up-to-date: /home/student13/debuging/lei_github/nav_test_for_leo/install/explore_lite_msgs/share/explore_lite_msgs/msg/ExploreStatus.idl
[0.824s] -- Up-to-date: /home/student13/debuging/lei_github/nav_test_for_leo/install/explore_lite_msgs/share/explore_lite_msgs/msg/ExploreStatus.msg
[0.824s] -- Up-to-date: /home/student13/debuging/lei_github/nav_test_for_leo/install/explore_lite_msgs/share/ament_index/resource_index/package_run_dependencies/explore_lite_msgs
[0.824s] -- Up-to-date: /home/student13/debuging/lei_github/nav_test_for_leo/install/explore_lite_msgs/share/ament_index/resource_index/parent_prefix_path/explore_lite_msgs
[0.824s] -- Up-to-date: /home/student13/debuging/lei_github/nav_test_for_leo/install/explore_lite_msgs/share/explore_lite_msgs/environment/ament_prefix_path.sh
[0.824s] -- Up-to-date: /home/student13/debuging/lei_github/nav_test_for_leo/install/explore_lite_msgs/share/explore_lite_msgs/environment/ament_prefix_path.dsv
[0.824s] -- Up-to-date: /home/student13/debuging/lei_github/nav_test_for_leo/install/explore_lite_msgs/share/explore_lite_msgs/environment/path.sh
[0.825s] -- Up-to-date: /home/student13/debuging/lei_github/nav_test_for_leo/install/explore_lite_msgs/share/explore_lite_msgs/environment/path.dsv
[0.825s] -- Up-to-date: /home/student13/debuging/lei_github/nav_test_for_leo/install/explore_lite_msgs/share/explore_lite_msgs/local_setup.bash
[0.825s] -- Up-to-date: /home/student13/debuging/lei_github/nav_test_for_leo/install/explore_lite_msgs/share/explore_lite_msgs/local_setup.sh
[0.825s] -- Up-to-date: /home/student13/debuging/lei_github/nav_test_for_leo/install/explore_lite_msgs/share/explore_lite_msgs/local_setup.zsh
[0.825s] -- Up-to-date: /home/student13/debuging/lei_github/nav_test_for_leo/install/explore_lite_msgs/share/explore_lite_msgs/local_setup.dsv
[0.825s] -- Installing: /home/student13/debuging/lei_github/nav_test_for_leo/install/explore_lite_msgs/share/explore_lite_msgs/package.dsv
[0.825s] -- Up-to-date: /home/student13/debuging/lei_github/nav_test_for_leo/install/explore_lite_msgs/share/ament_index/resource_index/packages/explore_lite_msgs
[0.825s] -- Up-to-date: /home/student13/debuging/lei_github/nav_test_for_leo/install/explore_lite_msgs/share/explore_lite_msgs/cmake/export_explore_lite_msgs__rosidl_generator_cExport.cmake
[0.826s] -- Up-to-date: /home/student13/debuging/lei_github/nav_test_for_leo/install/explore_lite_msgs/share/explore_lite_msgs/cmake/export_explore_lite_msgs__rosidl_generator_cExport-noconfig.cmake
[0.826s] -- Up-to-date: /home/student13/debuging/lei_github/nav_test_for_leo/install/explore_lite_msgs/share/explore_lite_msgs/cmake/export_explore_lite_msgs__rosidl_typesupport_fastrtps_cExport.cmake
[0.826s] -- Up-to-date: /home/student13/debuging/lei_github/nav_test_for_leo/install/explore_lite_msgs/share/explore_lite_msgs/cmake/export_explore_lite_msgs__rosidl_typesupport_fastrtps_cExport-noconfig.cmake
[0.827s] -- Up-to-date: /home/student13/debuging/lei_github/nav_test_for_leo/install/explore_lite_msgs/share/explore_lite_msgs/cmake/explore_lite_msgs__rosidl_typesupport_introspection_cExport.cmake
[0.827s] -- Up-to-date: /home/student13/debuging/lei_github/nav_test_for_leo/install/explore_lite_msgs/share/explore_lite_msgs/cmake/explore_lite_msgs__rosidl_typesupport_introspection_cExport-noconfig.cmake
[0.827s] -- Up-to-date: /home/student13/debuging/lei_github/nav_test_for_leo/install/explore_lite_msgs/share/explore_lite_msgs/cmake/explore_lite_msgs__rosidl_typesupport_cExport.cmake
[0.828s] -- Up-to-date: /home/student13/debuging/lei_github/nav_test_for_leo/install/explore_lite_msgs/share/explore_lite_msgs/cmake/explore_lite_msgs__rosidl_typesupport_cExport-noconfig.cmake
[0.828s] -- Up-to-date: /home/student13/debuging/lei_github/nav_test_for_leo/install/explore_lite_msgs/share/explore_lite_msgs/cmake/export_explore_lite_msgs__rosidl_generator_cppExport.cmake
[0.828s] -- Up-to-date: /home/student13/debuging/lei_github/nav_test_for_leo/install/explore_lite_msgs/share/explore_lite_msgs/cmake/export_explore_lite_msgs__rosidl_typesupport_fastrtps_cppExport.cmake
[0.829s] -- Up-to-date: /home/student13/debuging/lei_github/nav_test_for_leo/install/explore_lite_msgs/share/explore_lite_msgs/cmake/export_explore_lite_msgs__rosidl_typesupport_fastrtps_cppExport-noconfig.cmake
[0.829s] -- Up-to-date: /home/student13/debuging/lei_github/nav_test_for_leo/install/explore_lite_msgs/share/explore_lite_msgs/cmake/explore_lite_msgs__rosidl_typesupport_introspection_cppExport.cmake
[0.829s] -- Up-to-date: /home/student13/debuging/lei_github/nav_test_for_leo/install/explore_lite_msgs/share/explore_lite_msgs/cmake/explore_lite_msgs__rosidl_typesupport_introspection_cppExport-noconfig.cmake
[0.829s] -- Up-to-date: /home/student13/debuging/lei_github/nav_test_for_leo/install/explore_lite_msgs/share/explore_lite_msgs/cmake/explore_lite_msgs__rosidl_typesupport_cppExport.cmake
[0.830s] -- Up-to-date: /home/student13/debuging/lei_github/nav_test_for_leo/install/explore_lite_msgs/share/explore_lite_msgs/cmake/explore_lite_msgs__rosidl_typesupport_cppExport-noconfig.cmake
[0.830s] -- Up-to-date: /home/student13/debuging/lei_github/nav_test_for_leo/install/explore_lite_msgs/share/explore_lite_msgs/cmake/export_explore_lite_msgs__rosidl_generator_pyExport.cmake
[0.830s] -- Up-to-date: /home/student13/debuging/lei_github/nav_test_for_leo/install/explore_lite_msgs/share/explore_lite_msgs/cmake/export_explore_lite_msgs__rosidl_generator_pyExport-noconfig.cmake
[0.830s] -- Up-to-date: /home/student13/debuging/lei_github/nav_test_for_leo/install/explore_lite_msgs/share/explore_lite_msgs/cmake/rosidl_cmake-extras.cmake
[0.830s] -- Up-to-date: /home/student13/debuging/lei_github/nav_test_for_leo/install/explore_lite_msgs/share/explore_lite_msgs/cmake/ament_cmake_export_include_directories-extras.cmake
[0.830s] -- Up-to-date: /home/student13/debuging/lei_github/nav_test_for_leo/install/explore_lite_msgs/share/explore_lite_msgs/cmake/ament_cmake_export_libraries-extras.cmake
[0.830s] -- Up-to-date: /home/student13/debuging/lei_github/nav_test_for_leo/install/explore_lite_msgs/share/explore_lite_msgs/cmake/ament_cmake_export_targets-extras.cmake
[0.831s] -- Up-to-date: /home/student13/debuging/lei_github/nav_test_for_leo/install/explore_lite_msgs/share/explore_lite_msgs/cmake/rosidl_cmake_export_typesupport_targets-extras.cmake
[0.831s] -- Up-to-date: /home/student13/debuging/lei_github/nav_test_for_leo/install/explore_lite_msgs/share/explore_lite_msgs/cmake/ament_cmake_export_dependencies-extras.cmake
[0.831s] -- Up-to-date: /home/student13/debuging/lei_github/nav_test_for_leo/install/explore_lite_msgs/share/explore_lite_msgs/cmake/rosidl_cmake_export_typesupport_libraries-extras.cmake
[0.831s] -- Up-to-date: /home/student13/debuging/lei_github/nav_test_for_leo/install/explore_lite_msgs/share/explore_lite_msgs/cmake/explore_lite_msgsConfig.cmake
[0.831s] -- Up-to-date: /home/student13/debuging/lei_github/nav_test_for_leo/install/explore_lite_msgs/share/explore_lite_msgs/cmake/explore_lite_msgsConfig-version.cmake
[0.831s] -- Up-to-date: /home/student13/debuging/lei_github/nav_test_for_leo/install/explore_lite_msgs/share/explore_lite_msgs/package.xml
[0.834s] Invoked command in '/home/student13/debuging/lei_github/nav_test_for_leo/build/explore_lite_msgs' returned '0': CMAKE_PREFIX_PATH=${CMAKE_PREFIX_PATH}:/home/student13/debuging/lei_github/nav_test_for_leo/install/robot_control_system:/home/student13/debuging/lei_github/nav_test_for_leo/install/my_robot_bringup:/opt/ros/jazzy DEBUGINFOD_URLS=https://debuginfod.ubuntu.com /usr/bin/cmake --install /home/student13/debuging/lei_github/nav_test_for_leo/build/explore_lite_msgs
